[2020-06-17 22:04:58,499]--test_login.py--29--INFO:******************正在执行login模块用例******************
[2020-06-17 22:04:58,500]--test_login.py--30--INFO:正在执行第1条用例:手机号密码输入正确的已注册账号密码
[2020-06-17 22:04:58,500]--test_login.py--31--INFO:请求的数据是{'case_id': 1, 'interface': 'login', 'title': '手机号密码输入正确的已注册账号密码', 'method': 'POST', 'url': '/member/login', 'data': '{"mobile_phone":"15841177856","pwd":"12345678"}', 'headers': '{"X-Lemonban-Media-Type": "lemonban.v2"}', 'expected': '{"code": 0,"msg": "OK"}', 'actucal': "{'code': 0, 'msg': 'OK', 'data': {'id': 13217, 'leave_amount': 500015.55, 'mobile_phone': '15841177856', 'reg_name': '柠檬5d!e2', 'reg_time': '2020-06-11 22:58:56.0', 'type': 1, 'token_info': {'token_type': 'Bearer', 'expires_in': '2020-06-17 02:18:40', 'token': 'eyJhbGciOiJIUzUxMiJ9.eyJtZW1iZXJfaWQiOjEzMjE3LCJleHAiOjE1OTIzMzE1MjB9.WMnar8SosFO0jAG9p-hDgI4N6wIu8-uWnoqz1ASnHXSkDTa_GnUgopmywvPtaJ0jogDU_fktsF0dJPeGeJTNGQ'}}, 'copyright': 'Copyright 柠檬班 © 2017-2020 湖南省零檬信息技术有限公司 All Rights Reserved'}", 'test_result': 'PASS'}
[2020-06-17 22:04:58,572]--test_login.py--44--INFO:第1条用例执行结果为PASS
[2020-06-17 22:04:58,572]--test_login.py--51--INFO:*************开始回写数据***************
[2020-06-17 22:04:58,815]--test_login.py--54--INFO:正在回写实际结果actual：{'code': 0, 'msg': 'OK', 'data': {'id': 13217, 'leave_amount': 500046.45, 'mobile_phone': '15841177856', 'reg_name': '柠檬5d!e2', 'reg_time': '2020-06-11 22:58:56.0', 'type': 1, 'token_info': {'token_type': 'Bearer', 'expires_in': '2020-06-17 22:09:59', 'token': 'eyJhbGciOiJIUzUxMiJ9.eyJtZW1iZXJfaWQiOjEzMjE3LCJleHAiOjE1OTI0MDI5OTl9.Z9rZva6mpID-uzaxyB4XywjOXsZAvRNUzPl816paeaBNl79Iz-Bp3xtYyhIZCzY7Ca79uOviX1OCxuqcAgs3Sw'}}, 'copyright': 'Copyright 柠檬班 © 2017-2020 湖南省零檬信息技术有限公司 All Rights Reserved'}
[2020-06-17 22:04:59,083]--test_login.py--57--INFO:正在回写测试结果test_result：PASS
[2020-06-17 22:04:59,083]--test_login.py--58--INFO:*************结束回写数据***************
[2020-06-17 22:04:59,084]--test_login.py--29--INFO:******************正在执行login模块用例******************
[2020-06-17 22:04:59,084]--test_login.py--30--INFO:正在执行第2条用例:手机号输入未注册账号
[2020-06-17 22:04:59,084]--test_login.py--31--INFO:请求的数据是{'case_id': 2, 'interface': 'login', 'title': '手机号输入未注册账号', 'method': 'POST', 'url': '/member/login', 'data': '{"mobile_phone":"15585997460","pwd":"assff12558！"}', 'headers': '{"X-Lemonban-Media-Type": "lemonban.v2"}', 'expected': '{"code": 1001,"msg": "账号信息错误"}', 'actucal': "{'code': 1001, 'msg': '账号信息错误', 'data': None, 'copyright': 'Copyright 柠檬班 © 2017-2020 湖南省零檬信息技术有限公司 All Rights Reserved'}", 'test_result': 'PASS'}
[2020-06-17 22:04:59,240]--test_login.py--44--INFO:第2条用例执行结果为PASS
[2020-06-17 22:04:59,241]--test_login.py--51--INFO:*************开始回写数据***************
[2020-06-17 22:04:59,494]--test_login.py--54--INFO:正在回写实际结果actual：{'code': 1001, 'msg': '账号信息错误', 'data': None, 'copyright': 'Copyright 柠檬班 © 2017-2020 湖南省零檬信息技术有限公司 All Rights Reserved'}
[2020-06-17 22:04:59,712]--test_login.py--57--INFO:正在回写测试结果test_result：PASS
[2020-06-17 22:04:59,712]--test_login.py--58--INFO:*************结束回写数据***************
[2020-06-17 22:04:59,713]--test_login.py--29--INFO:******************正在执行login模块用例******************
[2020-06-17 22:04:59,714]--test_login.py--30--INFO:正在执行第3条用例:手机号输入正确的已注册号码，但密码输入错误
[2020-06-17 22:04:59,714]--test_login.py--31--INFO:请求的数据是{'case_id': 3, 'interface': 'login', 'title': '手机号输入正确的已注册号码，但密码输入错误', 'method': 'POST', 'url': '/member/login', 'data': '{"mobile_phone":"15841177856","pwd":"123456789"}', 'headers': '{"X-Lemonban-Media-Type": "lemonban.v2"}', 'expected': '{"code": 1001,"msg": "账号信息错误"}', 'actucal': "{'code': 1001, 'msg': '账号信息错误', 'data': None, 'copyright': 'Copyright 柠檬班 © 2017-2020 湖南省零檬信息技术有限公司 All Rights Reserved'}", 'test_result': 'PASS'}
[2020-06-17 22:04:59,773]--test_login.py--44--INFO:第3条用例执行结果为PASS
[2020-06-17 22:04:59,773]--test_login.py--51--INFO:*************开始回写数据***************
[2020-06-17 22:05:00,043]--test_login.py--54--INFO:正在回写实际结果actual：{'code': 1001, 'msg': '账号信息错误', 'data': None, 'copyright': 'Copyright 柠檬班 © 2017-2020 湖南省零檬信息技术有限公司 All Rights Reserved'}
[2020-06-17 22:05:00,277]--test_login.py--57--INFO:正在回写测试结果test_result：PASS
[2020-06-17 22:05:00,278]--test_login.py--58--INFO:*************结束回写数据***************
[2020-06-17 22:05:00,278]--test_login.py--29--INFO:******************正在执行login模块用例******************
[2020-06-17 22:05:00,279]--test_login.py--30--INFO:正在执行第4条用例:手机号输入为空
[2020-06-17 22:05:00,279]--test_login.py--31--INFO:请求的数据是{'case_id': 4, 'interface': 'login', 'title': '手机号输入为空', 'method': 'POST', 'url': '/member/login', 'data': '{"mobile_phone":"","pwd":"123456789"}', 'headers': '{"X-Lemonban-Media-Type": "lemonban.v2"}', 'expected': '{"code": 1,"msg": "手机号码为空"}', 'actucal': "{'code': 1, 'msg': '手机号码为空', 'data': None, 'copyright': 'Copyright 柠檬班 © 2017-2020 湖南省零檬信息技术有限公司 All Rights Reserved'}", 'test_result': 'PASS'}
[2020-06-17 22:05:00,296]--test_login.py--44--INFO:第4条用例执行结果为PASS
[2020-06-17 22:05:00,297]--test_login.py--51--INFO:*************开始回写数据***************
[2020-06-17 22:05:00,505]--test_login.py--54--INFO:正在回写实际结果actual：{'code': 1, 'msg': '手机号码为空', 'data': None, 'copyright': 'Copyright 柠檬班 © 2017-2020 湖南省零檬信息技术有限公司 All Rights Reserved'}
[2020-06-17 22:05:00,742]--test_login.py--57--INFO:正在回写测试结果test_result：PASS
[2020-06-17 22:05:00,742]--test_login.py--58--INFO:*************结束回写数据***************
[2020-06-17 22:05:00,743]--test_login.py--29--INFO:******************正在执行login模块用例******************
[2020-06-17 22:05:00,743]--test_login.py--30--INFO:正在执行第5条用例:手机号输入正确，密码输入为空
[2020-06-17 22:05:00,743]--test_login.py--31--INFO:请求的数据是{'case_id': 5, 'interface': 'login', 'title': '手机号输入正确，密码输入为空', 'method': 'POST', 'url': '/member/login', 'data': '{"mobile_phone":"15841177856","pwd":""}', 'headers': '{"X-Lemonban-Media-Type": "lemonban.v2"}', 'expected': '{"code": 1,"msg": "密码为空"}', 'actucal': "{'code': 1, 'msg': '密码为空', 'data': None, 'copyright': 'Copyright 柠檬班 © 2017-2020 湖南省零檬信息技术有限公司 All Rights Reserved'}", 'test_result': 'PASS'}
[2020-06-17 22:05:00,762]--test_login.py--44--INFO:第5条用例执行结果为PASS
[2020-06-17 22:05:00,762]--test_login.py--51--INFO:*************开始回写数据***************
[2020-06-17 22:05:00,980]--test_login.py--54--INFO:正在回写实际结果actual：{'code': 1, 'msg': '密码为空', 'data': None, 'copyright': 'Copyright 柠檬班 © 2017-2020 湖南省零檬信息技术有限公司 All Rights Reserved'}
[2020-06-17 22:05:01,215]--test_login.py--57--INFO:正在回写测试结果test_result：PASS
[2020-06-17 22:05:01,215]--test_login.py--58--INFO:*************结束回写数据***************
[2020-06-17 22:05:01,217]--test_login.py--29--INFO:******************正在执行login模块用例******************
[2020-06-17 22:05:01,217]--test_login.py--30--INFO:正在执行第6条用例:手机号输入10位
[2020-06-17 22:05:01,217]--test_login.py--31--INFO:请求的数据是{'case_id': 6, 'interface': 'login', 'title': '手机号输入10位', 'method': 'POST', 'url': '/member/login', 'data': '{"mobile_phone":"1584117785","pwd":"12345678"}', 'headers': '{"X-Lemonban-Media-Type": "lemonban.v2"}', 'expected': '{"code": 2,"msg": "无效的手机格式"}', 'actucal': "{'code': 2, 'msg': '无效的手机格式', 'data': None, 'copyright': 'Copyright 柠檬班 © 2017-2020 湖南省零檬信息技术有限公司 All Rights Reserved'}", 'test_result': 'PASS'}
[2020-06-17 22:05:01,236]--test_login.py--44--INFO:第6条用例执行结果为PASS
[2020-06-17 22:05:01,238]--test_login.py--51--INFO:*************开始回写数据***************
[2020-06-17 22:05:01,452]--test_login.py--54--INFO:正在回写实际结果actual：{'code': 2, 'msg': '无效的手机格式', 'data': None, 'copyright': 'Copyright 柠檬班 © 2017-2020 湖南省零檬信息技术有限公司 All Rights Reserved'}
[2020-06-17 22:05:01,686]--test_login.py--57--INFO:正在回写测试结果test_result：PASS
[2020-06-17 22:05:01,687]--test_login.py--58--INFO:*************结束回写数据***************
[2020-06-17 22:05:01,687]--test_login.py--29--INFO:******************正在执行login模块用例******************
[2020-06-17 22:05:01,687]--test_login.py--30--INFO:正在执行第7条用例:手机号输入12位
[2020-06-17 22:05:01,688]--test_login.py--31--INFO:请求的数据是{'case_id': 7, 'interface': 'login', 'title': '手机号输入12位', 'method': 'POST', 'url': '/member/login', 'data': '{"mobile_phone":"158411778555","pwd":"12345678"}', 'headers': '{"X-Lemonban-Media-Type": "lemonban.v2"}', 'expected': '{"code": 2,"msg": "无效的手机格式"}', 'actucal': "{'code': 2, 'msg': '无效的手机格式', 'data': None, 'copyright': 'Copyright 柠檬班 © 2017-2020 湖南省零檬信息技术有限公司 All Rights Reserved'}", 'test_result': 'PASS'}
[2020-06-17 22:05:01,707]--test_login.py--44--INFO:第7条用例执行结果为PASS
[2020-06-17 22:05:01,707]--test_login.py--51--INFO:*************开始回写数据***************
[2020-06-17 22:05:01,930]--test_login.py--54--INFO:正在回写实际结果actual：{'code': 2, 'msg': '无效的手机格式', 'data': None, 'copyright': 'Copyright 柠檬班 © 2017-2020 湖南省零檬信息技术有限公司 All Rights Reserved'}
[2020-06-17 22:05:02,162]--test_login.py--57--INFO:正在回写测试结果test_result：PASS
[2020-06-17 22:05:02,162]--test_login.py--58--INFO:*************结束回写数据***************
[2020-06-17 22:05:02,232]--test_recharge.py--48--INFO:******************正在执行recharge模块用例******************
[2020-06-17 22:05:02,232]--test_recharge.py--49--INFO:正在执行第1条用例:输入存在的账户id，金额输入1
[2020-06-17 22:05:02,232]--test_recharge.py--50--INFO:请求的数据是{'case_id': 1, 'interface': 'recharge', 'title': '输入存在的账户id，金额输入1', 'method': 'POST', 'url': '/member/recharge', 'data': '{"member_id":"13217","amount":"1"}', 'headers': '{"X-Lemonban-Media-Type": "lemonban.v2","Authorization":"Bearer eyJhbGciOiJIUzUxMiJ9.eyJtZW1iZXJfaWQiOjEzMjE3LCJleHAiOjE1OTI0MDMwMDJ9.R4_nKPwN8CvC_3Vvlo8gdyllt4SymN0fNv2C4SpbEIG2taxRGv5pvbGQwpwNq3tnLZR3-Z_Pw667XBgdBrE6Zg"}', 'yes_or_no': 'YES', 'expected': '{"code": 0,"msg": "OK"}', 'actucal': "{'code': 0, 'msg': 'OK', 'data': {'id': 13217, 'leave_amount': 500016.55, 'mobile_phone': '15841177856', 'reg_name': '柠檬5d!e2', 'reg_time': '2020-06-11 22:58:56.0', 'type': 1}, 'copyright': 'Copyright 柠檬班 © 2017-2020 湖南省零檬信息技术有限公司 All Rights Reserved'}", 'test_result': 'PASS'}
[2020-06-17 22:05:02,233]--test_recharge.py--54--INFO:======================正在查询原始金额=======================
[2020-06-17 22:05:02,247]--test_recharge.py--57--INFO:账户id为13217的账户原始金额是{'leave_amount': Decimal('500046.45')}
[2020-06-17 22:05:02,248]--test_recharge.py--62--INFO:======================正在查询原始充值流水记录条数=======================
[2020-06-17 22:05:02,266]--test_recharge.py--65--INFO:账户id为13217的原始充值流水条数为{'record_num': 47}
[2020-06-17 22:05:02,296]--test_recharge.py--81--INFO:======================正在查询充值后金额=======================
[2020-06-17 22:05:02,311]--test_recharge.py--84--INFO:账户id为13217的账户充值后的金额是{'leave_amount': Decimal('500047.45')}
[2020-06-17 22:05:02,311]--test_recharge.py--86--INFO:账户id为13217的账户原始金额与充值金额求和的金额是500047.45
[2020-06-17 22:05:02,311]--test_recharge.py--87--INFO:======================正在金额比对=======================
[2020-06-17 22:05:02,312]--test_recharge.py--90--INFO:======================正在查询充值后流水记录=======================
[2020-06-17 22:05:02,333]--test_recharge.py--93--INFO:账户id为13217的充值后流水条数为{'record_num': 48}
[2020-06-17 22:05:02,333]--test_recharge.py--94--INFO:======================正在充值流水比对=======================
[2020-06-17 22:05:02,333]--test_recharge.py--98--INFO:第1条用例执行结果为PASS
[2020-06-17 22:05:02,334]--test_recharge.py--105--INFO:*************开始回写数据***************
[2020-06-17 22:05:02,548]--test_recharge.py--109--INFO:正在回写实际结果actual：{'code': 0, 'msg': 'OK', 'data': {'id': 13217, 'leave_amount': 500047.45, 'mobile_phone': '15841177856', 'reg_name': '柠檬5d!e2', 'reg_time': '2020-06-11 22:58:56.0', 'type': 1}, 'copyright': 'Copyright 柠檬班 © 2017-2020 湖南省零檬信息技术有限公司 All Rights Reserved'}
[2020-06-17 22:05:02,805]--test_recharge.py--111--INFO:正在回写测试结果test_result：PASS
[2020-06-17 22:05:02,805]--test_recharge.py--112--INFO:*************结束回写数据***************
[2020-06-17 22:05:02,838]--test_recharge.py--48--INFO:******************正在执行recharge模块用例******************
[2020-06-17 22:05:02,838]--test_recharge.py--49--INFO:正在执行第2条用例:输入存在的账户id，金额输入500000
[2020-06-17 22:05:02,838]--test_recharge.py--50--INFO:请求的数据是{'case_id': 2, 'interface': 'recharge', 'title': '输入存在的账户id，金额输入500000', 'method': 'POST', 'url': '/member/recharge', 'data': '{"member_id":"13217","amount":"500000"}', 'headers': '{"X-Lemonban-Media-Type": "lemonban.v2","Authorization":"Bearer eyJhbGciOiJIUzUxMiJ9.eyJtZW1iZXJfaWQiOjEzMjE3LCJleHAiOjE1OTI0MDMwMDJ9.R4_nKPwN8CvC_3Vvlo8gdyllt4SymN0fNv2C4SpbEIG2taxRGv5pvbGQwpwNq3tnLZR3-Z_Pw667XBgdBrE6Zg"}', 'yes_or_no': 'YES', 'expected': '{"code": 0,"msg": "OK"}', 'actucal': "{'code': 0, 'msg': 'OK', 'data': {'id': 13217, 'leave_amount': 1000016.55, 'mobile_phone': '15841177856', 'reg_name': '柠檬5d!e2', 'reg_time': '2020-06-11 22:58:56.0', 'type': 1}, 'copyright': 'Copyright 柠檬班 © 2017-2020 湖南省零檬信息技术有限公司 All Rights Reserved'}", 'test_result': 'PASS'}
[2020-06-17 22:05:02,839]--test_recharge.py--54--INFO:======================正在查询原始金额=======================
[2020-06-17 22:05:02,854]--test_recharge.py--57--INFO:账户id为13217的账户原始金额是{'leave_amount': Decimal('500047.45')}
[2020-06-17 22:05:02,855]--test_recharge.py--62--INFO:======================正在查询原始充值流水记录条数=======================
[2020-06-17 22:05:02,873]--test_recharge.py--65--INFO:账户id为13217的原始充值流水条数为{'record_num': 48}
[2020-06-17 22:05:02,903]--test_recharge.py--81--INFO:======================正在查询充值后金额=======================
[2020-06-17 22:05:02,925]--test_recharge.py--84--INFO:账户id为13217的账户充值后的金额是{'leave_amount': Decimal('1000047.45')}
[2020-06-17 22:05:02,926]--test_recharge.py--86--INFO:账户id为13217的账户原始金额与充值金额求和的金额是1000047.45
[2020-06-17 22:05:02,926]--test_recharge.py--87--INFO:======================正在金额比对=======================
[2020-06-17 22:05:02,926]--test_recharge.py--90--INFO:======================正在查询充值后流水记录=======================
[2020-06-17 22:05:02,945]--test_recharge.py--93--INFO:账户id为13217的充值后流水条数为{'record_num': 49}
[2020-06-17 22:05:02,946]--test_recharge.py--94--INFO:======================正在充值流水比对=======================
[2020-06-17 22:05:02,946]--test_recharge.py--98--INFO:第2条用例执行结果为PASS
[2020-06-17 22:05:02,946]--test_recharge.py--105--INFO:*************开始回写数据***************
[2020-06-17 22:05:03,183]--test_recharge.py--109--INFO:正在回写实际结果actual：{'code': 0, 'msg': 'OK', 'data': {'id': 13217, 'leave_amount': 1000047.45, 'mobile_phone': '15841177856', 'reg_name': '柠檬5d!e2', 'reg_time': '2020-06-11 22:58:56.0', 'type': 1}, 'copyright': 'Copyright 柠檬班 © 2017-2020 湖南省零檬信息技术有限公司 All Rights Reserved'}
[2020-06-17 22:05:03,408]--test_recharge.py--111--INFO:正在回写测试结果test_result：PASS
[2020-06-17 22:05:03,408]--test_recharge.py--112--INFO:*************结束回写数据***************
[2020-06-17 22:05:04,556]--test_recharge.py--48--INFO:******************正在执行recharge模块用例******************
[2020-06-17 22:05:04,556]--test_recharge.py--49--INFO:正在执行第3条用例:输入存在的账户id，金额输入500001
[2020-06-17 22:05:04,557]--test_recharge.py--50--INFO:请求的数据是{'case_id': 3, 'interface': 'recharge', 'title': '输入存在的账户id，金额输入500001', 'method': 'POST', 'url': '/member/recharge', 'data': '{"member_id":"13217","amount":"500001"}', 'headers': '{"X-Lemonban-Media-Type": "lemonban.v2","Authorization":"Bearer eyJhbGciOiJIUzUxMiJ9.eyJtZW1iZXJfaWQiOjEzMjE3LCJleHAiOjE1OTI0MDMwMDJ9.R4_nKPwN8CvC_3Vvlo8gdyllt4SymN0fNv2C4SpbEIG2taxRGv5pvbGQwpwNq3tnLZR3-Z_Pw667XBgdBrE6Zg"}', 'yes_or_no': 'NO', 'expected': '{"code": 2,"msg": "余额必须大于0并且小于或者等于500000"}', 'actucal': "{'code': 2, 'msg': '余额必须大于0并且小于或者等于500000', 'data': None, 'copyright': 'Copyright 柠檬班 © 2017-2020 湖南省零檬信息技术有限公司 All Rights Reserved'}", 'test_result': 'PASS'}
[2020-06-17 22:05:04,709]--test_recharge.py--98--INFO:第3条用例执行结果为PASS
[2020-06-17 22:05:04,709]--test_recharge.py--105--INFO:*************开始回写数据***************
[2020-06-17 22:05:04,947]--test_recharge.py--109--INFO:正在回写实际结果actual：{'code': 2, 'msg': '余额必须大于0并且小于或者等于500000', 'data': None, 'copyright': 'Copyright 柠檬班 © 2017-2020 湖南省零檬信息技术有限公司 All Rights Reserved'}
[2020-06-17 22:05:05,162]--test_recharge.py--111--INFO:正在回写测试结果test_result：PASS
[2020-06-17 22:05:05,163]--test_recharge.py--112--INFO:*************结束回写数据***************
[2020-06-17 22:05:05,195]--test_recharge.py--48--INFO:******************正在执行recharge模块用例******************
[2020-06-17 22:05:05,196]--test_recharge.py--49--INFO:正在执行第4条用例:输入存在的账户id，金额输入负数
[2020-06-17 22:05:05,196]--test_recharge.py--50--INFO:请求的数据是{'case_id': 4, 'interface': 'recharge', 'title': '输入存在的账户id，金额输入负数', 'method': 'POST', 'url': '/member/recharge', 'data': '{"member_id":"13217","amount":"-50"}', 'headers': '{"X-Lemonban-Media-Type": "lemonban.v2","Authorization":"Bearer eyJhbGciOiJIUzUxMiJ9.eyJtZW1iZXJfaWQiOjEzMjE3LCJleHAiOjE1OTI0MDMwMDJ9.R4_nKPwN8CvC_3Vvlo8gdyllt4SymN0fNv2C4SpbEIG2taxRGv5pvbGQwpwNq3tnLZR3-Z_Pw667XBgdBrE6Zg"}', 'yes_or_no': 'NO', 'expected': '{"code": 2,"msg": "余额必须大于0并且小于或者等于500000"}', 'actucal': "{'code': 2, 'msg': '余额必须大于0并且小于或者等于500000', 'data': None, 'copyright': 'Copyright 柠檬班 © 2017-2020 湖南省零檬信息技术有限公司 All Rights Reserved'}", 'test_result': 'PASS'}
[2020-06-17 22:05:05,215]--test_recharge.py--98--INFO:第4条用例执行结果为PASS
[2020-06-17 22:05:05,215]--test_recharge.py--105--INFO:*************开始回写数据***************
[2020-06-17 22:05:05,457]--test_recharge.py--109--INFO:正在回写实际结果actual：{'code': 2, 'msg': '余额必须大于0并且小于或者等于500000', 'data': None, 'copyright': 'Copyright 柠檬班 © 2017-2020 湖南省零檬信息技术有限公司 All Rights Reserved'}
[2020-06-17 22:05:05,717]--test_recharge.py--111--INFO:正在回写测试结果test_result：PASS
[2020-06-17 22:05:05,717]--test_recharge.py--112--INFO:*************结束回写数据***************
[2020-06-17 22:05:05,748]--test_recharge.py--48--INFO:******************正在执行recharge模块用例******************
[2020-06-17 22:05:05,748]--test_recharge.py--49--INFO:正在执行第5条用例:输入存在的账户id，金额输入0
[2020-06-17 22:05:05,749]--test_recharge.py--50--INFO:请求的数据是{'case_id': 5, 'interface': 'recharge', 'title': '输入存在的账户id，金额输入0', 'method': 'POST', 'url': '/member/recharge', 'data': '{"member_id":"13217","amount":"0"}', 'headers': '{"X-Lemonban-Media-Type": "lemonban.v2","Authorization":"Bearer eyJhbGciOiJIUzUxMiJ9.eyJtZW1iZXJfaWQiOjEzMjE3LCJleHAiOjE1OTI0MDMwMDJ9.R4_nKPwN8CvC_3Vvlo8gdyllt4SymN0fNv2C4SpbEIG2taxRGv5pvbGQwpwNq3tnLZR3-Z_Pw667XBgdBrE6Zg"}', 'yes_or_no': 'YES', 'expected': '{"code": 0,"msg": "OK"}', 'actucal': "{'code': 0, 'msg': 'OK', 'data': {'id': 13217, 'leave_amount': 1000016.55, 'mobile_phone': '15841177856', 'reg_name': '柠檬5d!e2', 'reg_time': '2020-06-11 22:58:56.0', 'type': 1}, 'copyright': 'Copyright 柠檬班 © 2017-2020 湖南省零檬信息技术有限公司 All Rights Reserved'}", 'test_result': 'PASS'}
[2020-06-17 22:05:05,749]--test_recharge.py--54--INFO:======================正在查询原始金额=======================
[2020-06-17 22:05:05,757]--test_recharge.py--57--INFO:账户id为13217的账户原始金额是{'leave_amount': Decimal('1000047.45')}
[2020-06-17 22:05:05,758]--test_recharge.py--62--INFO:======================正在查询原始充值流水记录条数=======================
[2020-06-17 22:05:05,771]--test_recharge.py--65--INFO:账户id为13217的原始充值流水条数为{'record_num': 49}
[2020-06-17 22:05:05,797]--test_recharge.py--81--INFO:======================正在查询充值后金额=======================
[2020-06-17 22:05:05,806]--test_recharge.py--84--INFO:账户id为13217的账户充值后的金额是{'leave_amount': Decimal('1000047.45')}
[2020-06-17 22:05:05,807]--test_recharge.py--86--INFO:账户id为13217的账户原始金额与充值金额求和的金额是1000047.45
[2020-06-17 22:05:05,807]--test_recharge.py--87--INFO:======================正在金额比对=======================
[2020-06-17 22:05:05,807]--test_recharge.py--90--INFO:======================正在查询充值后流水记录=======================
[2020-06-17 22:05:05,819]--test_recharge.py--93--INFO:账户id为13217的充值后流水条数为{'record_num': 50}
[2020-06-17 22:05:05,820]--test_recharge.py--94--INFO:======================正在充值流水比对=======================
[2020-06-17 22:05:05,820]--test_recharge.py--98--INFO:第5条用例执行结果为PASS
[2020-06-17 22:05:05,820]--test_recharge.py--105--INFO:*************开始回写数据***************
[2020-06-17 22:05:06,049]--test_recharge.py--109--INFO:正在回写实际结果actual：{'code': 0, 'msg': 'OK', 'data': {'id': 13217, 'leave_amount': 1000047.45, 'mobile_phone': '15841177856', 'reg_name': '柠檬5d!e2', 'reg_time': '2020-06-11 22:58:56.0', 'type': 1}, 'copyright': 'Copyright 柠檬班 © 2017-2020 湖南省零檬信息技术有限公司 All Rights Reserved'}
[2020-06-17 22:05:06,360]--test_recharge.py--111--INFO:正在回写测试结果test_result：PASS
[2020-06-17 22:05:06,360]--test_recharge.py--112--INFO:*************结束回写数据***************
[2020-06-17 22:05:06,387]--test_recharge.py--48--INFO:******************正在执行recharge模块用例******************
[2020-06-17 22:05:06,389]--test_recharge.py--49--INFO:正在执行第6条用例:输入存在的账户id，金额输入小数位为两位
[2020-06-17 22:05:06,389]--test_recharge.py--50--INFO:请求的数据是{'case_id': 6, 'interface': 'recharge', 'title': '输入存在的账户id，金额输入小数位为两位', 'method': 'POST', 'url': '/member/recharge', 'data': '{"member_id":"13217","amount":"0.55"}', 'headers': '{"X-Lemonban-Media-Type": "lemonban.v2","Authorization":"Bearer eyJhbGciOiJIUzUxMiJ9.eyJtZW1iZXJfaWQiOjEzMjE3LCJleHAiOjE1OTI0MDMwMDJ9.R4_nKPwN8CvC_3Vvlo8gdyllt4SymN0fNv2C4SpbEIG2taxRGv5pvbGQwpwNq3tnLZR3-Z_Pw667XBgdBrE6Zg"}', 'yes_or_no': 'YES', 'expected': '{"code": 0,"msg": "OK"}', 'actucal': "{'code': 0, 'msg': 'OK', 'data': {'id': 13217, 'leave_amount': 1000017.1, 'mobile_phone': '15841177856', 'reg_name': '柠檬5d!e2', 'reg_time': '2020-06-11 22:58:56.0', 'type': 1}, 'copyright': 'Copyright 柠檬班 © 2017-2020 湖南省零檬信息技术有限公司 All Rights Reserved'}", 'test_result': 'PASS'}
[2020-06-17 22:05:06,389]--test_recharge.py--54--INFO:======================正在查询原始金额=======================
[2020-06-17 22:05:06,401]--test_recharge.py--57--INFO:账户id为13217的账户原始金额是{'leave_amount': Decimal('1000047.45')}
[2020-06-17 22:05:06,401]--test_recharge.py--62--INFO:======================正在查询原始充值流水记录条数=======================
[2020-06-17 22:05:06,415]--test_recharge.py--65--INFO:账户id为13217的原始充值流水条数为{'record_num': 50}
[2020-06-17 22:05:06,445]--test_recharge.py--81--INFO:======================正在查询充值后金额=======================
[2020-06-17 22:05:06,454]--test_recharge.py--84--INFO:账户id为13217的账户充值后的金额是{'leave_amount': Decimal('1000048.00')}
[2020-06-17 22:05:06,454]--test_recharge.py--86--INFO:账户id为13217的账户原始金额与充值金额求和的金额是1000048.00
[2020-06-17 22:05:06,454]--test_recharge.py--87--INFO:======================正在金额比对=======================
[2020-06-17 22:05:06,454]--test_recharge.py--90--INFO:======================正在查询充值后流水记录=======================
[2020-06-17 22:05:06,468]--test_recharge.py--93--INFO:账户id为13217的充值后流水条数为{'record_num': 51}
[2020-06-17 22:05:06,468]--test_recharge.py--94--INFO:======================正在充值流水比对=======================
[2020-06-17 22:05:06,470]--test_recharge.py--98--INFO:第6条用例执行结果为PASS
[2020-06-17 22:05:06,470]--test_recharge.py--105--INFO:*************开始回写数据***************
[2020-06-17 22:05:06,703]--test_recharge.py--109--INFO:正在回写实际结果actual：{'code': 0, 'msg': 'OK', 'data': {'id': 13217, 'leave_amount': 1000048.0, 'mobile_phone': '15841177856', 'reg_name': '柠檬5d!e2', 'reg_time': '2020-06-11 22:58:56.0', 'type': 1}, 'copyright': 'Copyright 柠檬班 © 2017-2020 湖南省零檬信息技术有限公司 All Rights Reserved'}
[2020-06-17 22:05:06,931]--test_recharge.py--111--INFO:正在回写测试结果test_result：PASS
[2020-06-17 22:05:06,932]--test_recharge.py--112--INFO:*************结束回写数据***************
[2020-06-17 22:05:06,966]--test_recharge.py--48--INFO:******************正在执行recharge模块用例******************
[2020-06-17 22:05:06,967]--test_recharge.py--49--INFO:正在执行第7条用例:输入存在的账户id，金额输入小数位为三位
[2020-06-17 22:05:06,967]--test_recharge.py--50--INFO:请求的数据是{'case_id': 7, 'interface': 'recharge', 'title': '输入存在的账户id，金额输入小数位为三位', 'method': 'POST', 'url': '/member/recharge', 'data': '{"member_id":"13217","amount":"5.689"}', 'headers': '{"X-Lemonban-Media-Type": "lemonban.v2","Authorization":"Bearer eyJhbGciOiJIUzUxMiJ9.eyJtZW1iZXJfaWQiOjEzMjE3LCJleHAiOjE1OTI0MDMwMDJ9.R4_nKPwN8CvC_3Vvlo8gdyllt4SymN0fNv2C4SpbEIG2taxRGv5pvbGQwpwNq3tnLZR3-Z_Pw667XBgdBrE6Zg"}', 'yes_or_no': 'NO', 'expected': '{"code": 2,"msg": "余额小数超过两位"}', 'actucal': "{'code': 2, 'msg': '余额小数超过两位', 'data': None, 'copyright': 'Copyright 柠檬班 © 2017-2020 湖南省零檬信息技术有限公司 All Rights Reserved'}", 'test_result': 'PASS'}
[2020-06-17 22:05:06,987]--test_recharge.py--98--INFO:第7条用例执行结果为PASS
[2020-06-17 22:05:06,987]--test_recharge.py--105--INFO:*************开始回写数据***************
[2020-06-17 22:05:07,222]--test_recharge.py--109--INFO:正在回写实际结果actual：{'code': 2, 'msg': '余额小数超过两位', 'data': None, 'copyright': 'Copyright 柠檬班 © 2017-2020 湖南省零檬信息技术有限公司 All Rights Reserved'}
[2020-06-17 22:05:07,435]--test_recharge.py--111--INFO:正在回写测试结果test_result：PASS
[2020-06-17 22:05:07,436]--test_recharge.py--112--INFO:*************结束回写数据***************
[2020-06-17 22:05:07,468]--test_recharge.py--48--INFO:******************正在执行recharge模块用例******************
[2020-06-17 22:05:07,468]--test_recharge.py--49--INFO:正在执行第8条用例:输入存在的账户id，金额输入非数字
[2020-06-17 22:05:07,468]--test_recharge.py--50--INFO:请求的数据是{'case_id': 8, 'interface': 'recharge', 'title': '输入存在的账户id，金额输入非数字', 'method': 'POST', 'url': '/member/recharge', 'data': '{"member_id":"13217","amount":"fdfsd"}', 'headers': '{"X-Lemonban-Media-Type": "lemonban.v2","Authorization":"Bearer eyJhbGciOiJIUzUxMiJ9.eyJtZW1iZXJfaWQiOjEzMjE3LCJleHAiOjE1OTI0MDMwMDJ9.R4_nKPwN8CvC_3Vvlo8gdyllt4SymN0fNv2C4SpbEIG2taxRGv5pvbGQwpwNq3tnLZR3-Z_Pw667XBgdBrE6Zg"}', 'yes_or_no': 'NO', 'expected': '{"code": 2,"msg": "余额必须为数值型"}', 'actucal': "{'code': 2, 'msg': '余额必须为数值型', 'data': None, 'copyright': 'Copyright 柠檬班 © 2017-2020 湖南省零檬信息技术有限公司 All Rights Reserved'}", 'test_result': 'PASS'}
[2020-06-17 22:05:07,487]--test_recharge.py--98--INFO:第8条用例执行结果为PASS
[2020-06-17 22:05:07,488]--test_recharge.py--105--INFO:*************开始回写数据***************
[2020-06-17 22:05:07,711]--test_recharge.py--109--INFO:正在回写实际结果actual：{'code': 2, 'msg': '余额必须为数值型', 'data': None, 'copyright': 'Copyright 柠檬班 © 2017-2020 湖南省零檬信息技术有限公司 All Rights Reserved'}
[2020-06-17 22:05:07,950]--test_recharge.py--111--INFO:正在回写测试结果test_result：PASS
[2020-06-17 22:05:07,950]--test_recharge.py--112--INFO:*************结束回写数据***************
[2020-06-17 22:05:07,976]--test_recharge.py--48--INFO:******************正在执行recharge模块用例******************
[2020-06-17 22:05:07,976]--test_recharge.py--49--INFO:正在执行第9条用例:输入存在的账户id，金额输入为空
[2020-06-17 22:05:07,977]--test_recharge.py--50--INFO:请求的数据是{'case_id': 9, 'interface': 'recharge', 'title': '输入存在的账户id，金额输入为空', 'method': 'POST', 'url': '/member/recharge', 'data': '{"member_id":"13217","amount":""}', 'headers': '{"X-Lemonban-Media-Type": "lemonban.v2","Authorization":"Bearer eyJhbGciOiJIUzUxMiJ9.eyJtZW1iZXJfaWQiOjEzMjE3LCJleHAiOjE1OTI0MDMwMDJ9.R4_nKPwN8CvC_3Vvlo8gdyllt4SymN0fNv2C4SpbEIG2taxRGv5pvbGQwpwNq3tnLZR3-Z_Pw667XBgdBrE6Zg"}', 'yes_or_no': 'NO', 'expected': '{"code": 1,"msg": "余额为空"}', 'actucal': "{'code': 1, 'msg': '余额为空', 'data': None, 'copyright': 'Copyright 柠檬班 © 2017-2020 湖南省零檬信息技术有限公司 All Rights Reserved'}", 'test_result': 'PASS'}
[2020-06-17 22:05:07,994]--test_recharge.py--98--INFO:第9条用例执行结果为PASS
[2020-06-17 22:05:07,995]--test_recharge.py--105--INFO:*************开始回写数据***************
[2020-06-17 22:05:08,212]--test_recharge.py--109--INFO:正在回写实际结果actual：{'code': 1, 'msg': '余额为空', 'data': None, 'copyright': 'Copyright 柠檬班 © 2017-2020 湖南省零檬信息技术有限公司 All Rights Reserved'}
[2020-06-17 22:05:08,458]--test_recharge.py--111--INFO:正在回写测试结果test_result：PASS
[2020-06-17 22:05:08,459]--test_recharge.py--112--INFO:*************结束回写数据***************
[2020-06-17 22:05:08,488]--test_recharge.py--48--INFO:******************正在执行recharge模块用例******************
[2020-06-17 22:05:08,489]--test_recharge.py--49--INFO:正在执行第10条用例:输入不存在的账户id
[2020-06-17 22:05:08,489]--test_recharge.py--50--INFO:请求的数据是{'case_id': 10, 'interface': 'recharge', 'title': '输入不存在的账户id', 'method': 'POST', 'url': '/member/recharge', 'data': '{"member_id":"8d88","amount":"58"}', 'headers': '{"X-Lemonban-Media-Type": "lemonban.v2","Authorization":"Bearer eyJhbGciOiJIUzUxMiJ9.eyJtZW1iZXJfaWQiOjEzMjE3LCJleHAiOjE1OTI0MDMwMDJ9.R4_nKPwN8CvC_3Vvlo8gdyllt4SymN0fNv2C4SpbEIG2taxRGv5pvbGQwpwNq3tnLZR3-Z_Pw667XBgdBrE6Zg"}', 'yes_or_no': 'NO', 'expected': '{"code": 2,"msg": "会员不存在"}', 'actucal': "{'code': 2, 'msg': '数字格式化异常', 'data': None, 'copyright': 'Copyright 柠檬班 © 2017-2020 湖南省零檬信息技术有限公司 All Rights Reserved'}", 'test_result': 'FAILED'}
[2020-06-17 22:05:08,510]--test_recharge.py--100--ERROR:执行接口测试出现错误，错误是False is not true
[2020-06-17 22:05:08,511]--test_recharge.py--103--ERROR:第10条用例执行结果为FAILED
[2020-06-17 22:05:08,511]--test_recharge.py--105--INFO:*************开始回写数据***************
[2020-06-17 22:05:08,786]--test_recharge.py--109--INFO:正在回写实际结果actual：{'code': 2, 'msg': '数字格式化异常', 'data': None, 'copyright': 'Copyright 柠檬班 © 2017-2020 湖南省零檬信息技术有限公司 All Rights Reserved'}
[2020-06-17 22:05:09,008]--test_recharge.py--111--INFO:正在回写测试结果test_result：FAILED
[2020-06-17 22:05:09,008]--test_recharge.py--112--INFO:*************结束回写数据***************
[2020-06-17 22:05:09,027]--test_recharge.py--48--INFO:******************正在执行recharge模块用例******************
[2020-06-17 22:05:09,028]--test_recharge.py--49--INFO:正在执行第11条用例:账户id输入为空
[2020-06-17 22:05:09,028]--test_recharge.py--50--INFO:请求的数据是{'case_id': 11, 'interface': 'recharge', 'title': '账户id输入为空', 'method': 'POST', 'url': '/member/recharge', 'data': '{"member_id":"","amount":"155"}', 'headers': '{"X-Lemonban-Media-Type": "lemonban.v2","Authorization":"Bearer eyJhbGciOiJIUzUxMiJ9.eyJtZW1iZXJfaWQiOjEzMjE3LCJleHAiOjE1OTI0MDMwMDJ9.R4_nKPwN8CvC_3Vvlo8gdyllt4SymN0fNv2C4SpbEIG2taxRGv5pvbGQwpwNq3tnLZR3-Z_Pw667XBgdBrE6Zg"}', 'yes_or_no': 'NO', 'expected': '{"code": 1,"msg": "用户id为空"}', 'actucal': "{'code': 1, 'msg': '用户id为空', 'data': None, 'copyright': 'Copyright 柠檬班 © 2017-2020 湖南省零檬信息技术有限公司 All Rights Reserved'}", 'test_result': 'PASS'}
[2020-06-17 22:05:09,047]--test_recharge.py--98--INFO:第11条用例执行结果为PASS
[2020-06-17 22:05:09,047]--test_recharge.py--105--INFO:*************开始回写数据***************
[2020-06-17 22:05:09,271]--test_recharge.py--109--INFO:正在回写实际结果actual：{'code': 1, 'msg': '用户id为空', 'data': None, 'copyright': 'Copyright 柠檬班 © 2017-2020 湖南省零檬信息技术有限公司 All Rights Reserved'}
[2020-06-17 22:05:09,493]--test_recharge.py--111--INFO:正在回写测试结果test_result：PASS
[2020-06-17 22:05:09,493]--test_recharge.py--112--INFO:*************结束回写数据***************
[2020-06-17 22:05:09,561]--test_register.py--36--INFO:******************正在执行register模块用例******************
[2020-06-17 22:05:09,561]--test_register.py--37--INFO:正在执行第1条用例:手机号输入未注册
[2020-06-17 22:05:09,561]--test_register.py--38--INFO:请求的数据是{'case_id': 1, 'interface': 'register', 'title': '手机号输入未注册', 'method': 'POST', 'url': '/member/register', 'data': "{'mobile_phone': '13324704652', 'pwd': 'assf2558！', 'type': 1, 'reg_name': '烧烤'}", 'headers': '{"X-Lemonban-Media-Type": "lemonban.v2"}', 'expected': '{"code": 0,"msg": "OK"}', 'actucal': "{'code': 0, 'msg': 'OK', 'data': {'id': 160426, 'reg_name': '烧烤', 'mobile_phone': '18364264343'}, 'copyright': 'Copyright 柠檬班 © 2017-2020 湖南省零檬信息技术有限公司 All Rights Reserved'}", 'test_result': 'PASS'}
[2020-06-17 22:05:09,613]--test_register.py--51--INFO:********************正在查询数据库********************
[2020-06-17 22:05:09,662]--test_register.py--58--INFO:第1条用例执行结果为PASS
[2020-06-17 22:05:09,663]--test_register.py--65--INFO:*************开始回写数据***************
[2020-06-17 22:05:09,913]--test_register.py--68--INFO:正在回写实际结果actual：{'code': 0, 'msg': 'OK', 'data': {'id': 161111, 'reg_name': '烧烤', 'mobile_phone': '13324704652'}, 'copyright': 'Copyright 柠檬班 © 2017-2020 湖南省零檬信息技术有限公司 All Rights Reserved'}
[2020-06-17 22:05:10,143]--test_register.py--71--INFO:正在回写测试结果test_result：PASS
[2020-06-17 22:05:10,143]--test_register.py--72--INFO:*************结束回写数据***************
[2020-06-17 22:05:11,200]--test_register.py--36--INFO:******************正在执行register模块用例******************
[2020-06-17 22:05:11,200]--test_register.py--37--INFO:正在执行第2条用例:手机号输入为空
[2020-06-17 22:05:11,201]--test_register.py--38--INFO:请求的数据是{'case_id': 2, 'interface': 'register', 'title': '手机号输入为空', 'method': 'POST', 'url': '/member/register', 'data': '{"mobile_phone":"","pwd":"assff12558！","type":1,"reg_name":"烧烤"}', 'headers': '{"X-Lemonban-Media-Type": "lemonban.v2"}', 'expected': '{"code": 1,"msg": "手机号为空"}', 'actucal': "{'code': 1, 'msg': '手机号为空', 'data': None, 'copyright': 'Copyright 柠檬班 © 2017-2020 湖南省零檬信息技术有限公司 All Rights Reserved'}", 'test_result': 'PASS'}
[2020-06-17 22:05:11,221]--test_register.py--51--INFO:********************正在查询数据库********************
[2020-06-17 22:05:11,250]--test_register.py--58--INFO:第2条用例执行结果为PASS
[2020-06-17 22:05:11,250]--test_register.py--65--INFO:*************开始回写数据***************
[2020-06-17 22:05:11,463]--test_register.py--68--INFO:正在回写实际结果actual：{'code': 1, 'msg': '手机号为空', 'data': None, 'copyright': 'Copyright 柠檬班 © 2017-2020 湖南省零檬信息技术有限公司 All Rights Reserved'}
[2020-06-17 22:05:11,692]--test_register.py--71--INFO:正在回写测试结果test_result：PASS
[2020-06-17 22:05:11,692]--test_register.py--72--INFO:*************结束回写数据***************
[2020-06-17 22:05:11,745]--test_register.py--36--INFO:******************正在执行register模块用例******************
[2020-06-17 22:05:11,745]--test_register.py--37--INFO:正在执行第3条用例:手机号输入为10位
[2020-06-17 22:05:11,745]--test_register.py--38--INFO:请求的数据是{'case_id': 3, 'interface': 'register', 'title': '手机号输入为10位', 'method': 'POST', 'url': '/member/register', 'data': '{"mobile_phone":"1352258987","pwd":"assff12558！","type":1,"reg_name":"烧烤"}', 'headers': '{"X-Lemonban-Media-Type": "lemonban.v2"}', 'expected': '{"code": 2,"msg": "无效的手机格式"}', 'actucal': "{'code': 2, 'msg': '无效的手机格式', 'data': None, 'copyright': 'Copyright 柠檬班 © 2017-2020 湖南省零檬信息技术有限公司 All Rights Reserved'}", 'test_result': 'PASS'}
[2020-06-17 22:05:11,763]--test_register.py--51--INFO:********************正在查询数据库********************
[2020-06-17 22:05:11,793]--test_register.py--58--INFO:第3条用例执行结果为PASS
[2020-06-17 22:05:11,793]--test_register.py--65--INFO:*************开始回写数据***************
[2020-06-17 22:05:12,070]--test_register.py--68--INFO:正在回写实际结果actual：{'code': 2, 'msg': '无效的手机格式', 'data': None, 'copyright': 'Copyright 柠檬班 © 2017-2020 湖南省零檬信息技术有限公司 All Rights Reserved'}
[2020-06-17 22:05:12,286]--test_register.py--71--INFO:正在回写测试结果test_result：PASS
[2020-06-17 22:05:12,287]--test_register.py--72--INFO:*************结束回写数据***************
[2020-06-17 22:05:12,343]--test_register.py--36--INFO:******************正在执行register模块用例******************
[2020-06-17 22:05:12,344]--test_register.py--37--INFO:正在执行第4条用例:手机号输入为12位
[2020-06-17 22:05:12,344]--test_register.py--38--INFO:请求的数据是{'case_id': 4, 'interface': 'register', 'title': '手机号输入为12位', 'method': 'POST', 'url': '/member/register', 'data': '{"mobile_phone":"135225898798","pwd":"assff12558！","type":1,"reg_name":"烧烤"}', 'headers': '{"X-Lemonban-Media-Type": "lemonban.v2"}', 'expected': '{"code": 2,"msg": "无效的手机格式"}', 'actucal': "{'code': 2, 'msg': '无效的手机格式', 'data': None, 'copyright': 'Copyright 柠檬班 © 2017-2020 湖南省零檬信息技术有限公司 All Rights Reserved'}", 'test_result': 'PASS'}
[2020-06-17 22:05:12,365]--test_register.py--51--INFO:********************正在查询数据库********************
[2020-06-17 22:05:12,397]--test_register.py--58--INFO:第4条用例执行结果为PASS
[2020-06-17 22:05:12,398]--test_register.py--65--INFO:*************开始回写数据***************
[2020-06-17 22:05:12,660]--test_register.py--68--INFO:正在回写实际结果actual：{'code': 2, 'msg': '无效的手机格式', 'data': None, 'copyright': 'Copyright 柠檬班 © 2017-2020 湖南省零檬信息技术有限公司 All Rights Reserved'}
[2020-06-17 22:05:12,852]--test_register.py--71--INFO:正在回写测试结果test_result：PASS
[2020-06-17 22:05:12,853]--test_register.py--72--INFO:*************结束回写数据***************
[2020-06-17 22:05:16,918]--test_register.py--36--INFO:******************正在执行register模块用例******************
[2020-06-17 22:05:16,919]--test_register.py--37--INFO:正在执行第5条用例:手机号输入为11位，但包含非法字符
[2020-06-17 22:05:16,920]--test_register.py--38--INFO:请求的数据是{'case_id': 5, 'interface': 'register', 'title': '手机号输入为11位，但包含非法字符', 'method': 'POST', 'url': '/member/register', 'data': '{"mobile_phone":"1352258987.","pwd":"assff12558！","type":1,"reg_name":"烧烤"}', 'headers': '{"X-Lemonban-Media-Type": "lemonban.v2"}', 'expected': '{"code": 2,"msg": "无效的手机格式"}', 'actucal': "{'code': 2, 'msg': '无效的手机格式', 'data': None, 'copyright': 'Copyright 柠檬班 © 2017-2020 湖南省零檬信息技术有限公司 All Rights Reserved'}", 'test_result': 'PASS'}
[2020-06-17 22:05:16,937]--test_register.py--51--INFO:********************正在查询数据库********************
[2020-06-17 22:05:17,183]--test_register.py--58--INFO:第5条用例执行结果为PASS
[2020-06-17 22:05:17,183]--test_register.py--65--INFO:*************开始回写数据***************
[2020-06-17 22:05:17,499]--test_register.py--68--INFO:正在回写实际结果actual：{'code': 2, 'msg': '无效的手机格式', 'data': None, 'copyright': 'Copyright 柠檬班 © 2017-2020 湖南省零檬信息技术有限公司 All Rights Reserved'}
[2020-06-17 22:05:17,783]--test_register.py--71--INFO:正在回写测试结果test_result：PASS
[2020-06-17 22:05:17,783]--test_register.py--72--INFO:*************结束回写数据***************
[2020-06-17 22:05:18,839]--test_register.py--36--INFO:******************正在执行register模块用例******************
[2020-06-17 22:05:18,839]--test_register.py--37--INFO:正在执行第6条用例:手机号输入为11位，但不是正常手机号码
[2020-06-17 22:05:18,840]--test_register.py--38--INFO:请求的数据是{'case_id': 6, 'interface': 'register', 'title': '手机号输入为11位，但不是正常手机号码', 'method': 'POST', 'url': '/member/register', 'data': '{"mobile_phone":"11152698877","pwd":"assff12558！","type":1,"reg_name":"烧烤"}', 'headers': '{"X-Lemonban-Media-Type": "lemonban.v2"}', 'expected': '{"code": 2,"msg": "无效的手机格式"}', 'actucal': "{'code': 2, 'msg': '无效的手机格式', 'data': None, 'copyright': 'Copyright 柠檬班 © 2017-2020 湖南省零檬信息技术有限公司 All Rights Reserved'}", 'test_result': 'PASS'}
[2020-06-17 22:05:18,857]--test_register.py--51--INFO:********************正在查询数据库********************
[2020-06-17 22:05:18,887]--test_register.py--58--INFO:第6条用例执行结果为PASS
[2020-06-17 22:05:18,887]--test_register.py--65--INFO:*************开始回写数据***************
[2020-06-17 22:05:19,115]--test_register.py--68--INFO:正在回写实际结果actual：{'code': 2, 'msg': '无效的手机格式', 'data': None, 'copyright': 'Copyright 柠檬班 © 2017-2020 湖南省零檬信息技术有限公司 All Rights Reserved'}
[2020-06-17 22:05:19,354]--test_register.py--71--INFO:正在回写测试结果test_result：PASS
[2020-06-17 22:05:19,354]--test_register.py--72--INFO:*************结束回写数据***************
[2020-06-17 22:05:36,654]--test_register.py--36--INFO:******************正在执行register模块用例******************
[2020-06-17 22:05:36,654]--test_register.py--37--INFO:正在执行第7条用例:手机号输入为已注册手机号
[2020-06-17 22:05:36,655]--test_register.py--38--INFO:请求的数据是{'case_id': 7, 'interface': 'register', 'title': '手机号输入为已注册手机号', 'method': 'POST', 'url': '/member/register', 'data': '{"mobile_phone":"15520154479","pwd":"assff12558！","type":1,"reg_name":"烧烤"}', 'headers': '{"X-Lemonban-Media-Type": "lemonban.v2"}', 'expected': '{"code": 2,"msg": "账号已存在"}', 'actucal': "{'code': 2, 'msg': '账号已存在', 'data': None, 'copyright': 'Copyright 柠檬班 © 2017-2020 湖南省零檬信息技术有限公司 All Rights Reserved'}", 'test_result': 'PASS'}
[2020-06-17 22:05:36,696]--test_register.py--51--INFO:********************正在查询数据库********************
[2020-06-17 22:05:36,732]--test_register.py--58--INFO:第7条用例执行结果为PASS
[2020-06-17 22:05:36,732]--test_register.py--65--INFO:*************开始回写数据***************
[2020-06-17 22:05:36,934]--test_register.py--68--INFO:正在回写实际结果actual：{'code': 2, 'msg': '账号已存在', 'data': None, 'copyright': 'Copyright 柠檬班 © 2017-2020 湖南省零檬信息技术有限公司 All Rights Reserved'}
[2020-06-17 22:05:37,163]--test_register.py--71--INFO:正在回写测试结果test_result：PASS
[2020-06-17 22:05:37,164]--test_register.py--72--INFO:*************结束回写数据***************
[2020-06-17 22:05:37,311]--test_register.py--36--INFO:******************正在执行register模块用例******************
[2020-06-17 22:05:37,312]--test_register.py--37--INFO:正在执行第8条用例:手机号未注册，密码输入为空
[2020-06-17 22:05:37,312]--test_register.py--38--INFO:请求的数据是{'case_id': 8, 'interface': 'register', 'title': '手机号未注册，密码输入为空', 'method': 'POST', 'url': '/member/register', 'data': '{"mobile_phone":"15841259987","pwd":"","type":1,"reg_name":"烧烤"}', 'headers': '{"X-Lemonban-Media-Type": "lemonban.v2"}', 'expected': '{"code": 1,"msg": "密码为空"}', 'actucal': "{'code': 1, 'msg': '密码为空', 'data': None, 'copyright': 'Copyright 柠檬班 © 2017-2020 湖南省零檬信息技术有限公司 All Rights Reserved'}", 'test_result': 'PASS'}
[2020-06-17 22:05:37,400]--test_register.py--51--INFO:********************正在查询数据库********************
[2020-06-17 22:05:37,436]--test_register.py--58--INFO:第8条用例执行结果为PASS
[2020-06-17 22:05:37,437]--test_register.py--65--INFO:*************开始回写数据***************
[2020-06-17 22:05:37,650]--test_register.py--68--INFO:正在回写实际结果actual：{'code': 1, 'msg': '密码为空', 'data': None, 'copyright': 'Copyright 柠檬班 © 2017-2020 湖南省零檬信息技术有限公司 All Rights Reserved'}
[2020-06-17 22:05:37,874]--test_register.py--71--INFO:正在回写测试结果test_result：PASS
[2020-06-17 22:05:37,875]--test_register.py--72--INFO:*************结束回写数据***************
[2020-06-17 22:05:37,938]--test_register.py--36--INFO:******************正在执行register模块用例******************
[2020-06-17 22:05:37,938]--test_register.py--37--INFO:正在执行第9条用例:手机号未注册，密码输入为7位
[2020-06-17 22:05:37,938]--test_register.py--38--INFO:请求的数据是{'case_id': 9, 'interface': 'register', 'title': '手机号未注册，密码输入为7位', 'method': 'POST', 'url': '/member/register', 'data': '{"mobile_phone":"15841259987","pwd":"1234567","type":1,"reg_name":"烧烤"}', 'headers': '{"X-Lemonban-Media-Type": "lemonban.v2"}', 'expected': '{"code": 2,"msg": "密码格式为8到16位"}', 'actucal': "{'code': 2, 'msg': '密码格式为8到16位', 'data': None, 'copyright': 'Copyright 柠檬班 © 2017-2020 湖南省零檬信息技术有限公司 All Rights Reserved'}", 'test_result': 'PASS'}
[2020-06-17 22:05:37,957]--test_register.py--51--INFO:********************正在查询数据库********************
[2020-06-17 22:05:37,990]--test_register.py--58--INFO:第9条用例执行结果为PASS
[2020-06-17 22:05:37,991]--test_register.py--65--INFO:*************开始回写数据***************
[2020-06-17 22:05:38,220]--test_register.py--68--INFO:正在回写实际结果actual：{'code': 2, 'msg': '密码格式为8到16位', 'data': None, 'copyright': 'Copyright 柠檬班 © 2017-2020 湖南省零檬信息技术有限公司 All Rights Reserved'}
[2020-06-17 22:05:38,438]--test_register.py--71--INFO:正在回写测试结果test_result：PASS
[2020-06-17 22:05:38,438]--test_register.py--72--INFO:*************结束回写数据***************
[2020-06-17 22:05:38,497]--test_register.py--36--INFO:******************正在执行register模块用例******************
[2020-06-17 22:05:38,497]--test_register.py--37--INFO:正在执行第10条用例:手机号未注册，密码输入为17位
[2020-06-17 22:05:38,497]--test_register.py--38--INFO:请求的数据是{'case_id': 10, 'interface': 'register', 'title': '手机号未注册，密码输入为17位', 'method': 'POST', 'url': '/member/register', 'data': '{"mobile_phone":"15841259987","pwd":"1234567assff12558","type":1,"reg_name":"烧烤"}', 'headers': '{"X-Lemonban-Media-Type": "lemonban.v2"}', 'expected': '{"code": 2,"msg": "密码格式为8到16位"}', 'actucal': "{'code': 2, 'msg': '密码格式为8到16位', 'data': None, 'copyright': 'Copyright 柠檬班 © 2017-2020 湖南省零檬信息技术有限公司 All Rights Reserved'}", 'test_result': 'PASS'}
[2020-06-17 22:05:38,514]--test_register.py--51--INFO:********************正在查询数据库********************
[2020-06-17 22:05:38,545]--test_register.py--58--INFO:第10条用例执行结果为PASS
[2020-06-17 22:05:38,545]--test_register.py--65--INFO:*************开始回写数据***************
[2020-06-17 22:05:38,779]--test_register.py--68--INFO:正在回写实际结果actual：{'code': 2, 'msg': '密码格式为8到16位', 'data': None, 'copyright': 'Copyright 柠檬班 © 2017-2020 湖南省零檬信息技术有限公司 All Rights Reserved'}
[2020-06-17 22:05:38,990]--test_register.py--71--INFO:正在回写测试结果test_result：PASS
[2020-06-17 22:05:38,990]--test_register.py--72--INFO:*************结束回写数据***************
[2020-06-17 22:05:39,074]--test_update_name.py--46--INFO:******************正在执行update模块用例******************
[2020-06-17 22:05:39,074]--test_update_name.py--47--INFO:正在执行第1条用例:会员id存在，昵称输入原账户昵称
[2020-06-17 22:05:39,075]--test_update_name.py--48--INFO:请求的数据是{'case_id': 1, 'interface': 'update', 'title': '会员id存在，昵称输入原账户昵称', 'method': 'PATCH', 'url': '/member/update', 'data': '{"member_id":"13217","reg_name":"烧烤"}', 'headers': '{"X-Lemonban-Media-Type": "lemonban.v2","Authorization":"Bearer eyJhbGciOiJIUzUxMiJ9.eyJtZW1iZXJfaWQiOjEzMjE3LCJleHAiOjE1OTI0MDMwMzl9.Ll7PV3oS-48oQNeJjUX_IQCh6ebcMRBQq_QiYNHHmDxkVewKxFUyERWj86rTkHLxTK0SfhF51MrsDzgjd-Yg0Q"}', 'expected': '{"code": 0,"msg": "OK"}', 'actucal': "{'code': 0, 'msg': 'OK', 'data': {'id': 13217, 'leave_amount': 1000017.1, 'mobile_phone': '15841177856', 'reg_name': '烧烤', 'reg_time': '2020-06-11 22:58:56.0', 'type': 1}, 'copyright': 'Copyright 柠檬班 © 2017-2020 湖南省零檬信息技术有限公司 All Rights Reserved'}", 'test_result': 'PASS'}
[2020-06-17 22:05:39,103]--test_update_name.py--59--INFO:======================正在查询修改后的用户昵称=======================
[2020-06-17 22:05:39,114]--test_update_name.py--63--INFO:账户id为13217的昵称修改后为烧烤
[2020-06-17 22:05:39,115]--test_update_name.py--65--INFO:======================正在昵称信息比对比对=======================
[2020-06-17 22:05:39,115]--test_update_name.py--68--INFO:第1条用例执行结果为PASS
[2020-06-17 22:05:39,115]--test_update_name.py--74--INFO:*************开始回写数据***************
[2020-06-17 22:05:39,341]--test_update_name.py--76--INFO:正在回写实际结果actual：{'code': 0, 'msg': 'OK', 'data': {'id': 13217, 'leave_amount': 1000048.0, 'mobile_phone': '15841177856', 'reg_name': '烧烤', 'reg_time': '2020-06-11 22:58:56.0', 'type': 1}, 'copyright': 'Copyright 柠檬班 © 2017-2020 湖南省零檬信息技术有限公司 All Rights Reserved'}
[2020-06-17 22:05:39,562]--test_update_name.py--78--INFO:正在回写测试结果test_result：PASS
[2020-06-17 22:05:39,562]--test_update_name.py--79--INFO:*************结束回写数据***************
[2020-06-17 22:05:39,583]--test_update_name.py--46--INFO:******************正在执行update模块用例******************
[2020-06-17 22:05:39,583]--test_update_name.py--47--INFO:正在执行第2条用例:会员id存在，昵称输入昵称长度为1
[2020-06-17 22:05:39,584]--test_update_name.py--48--INFO:请求的数据是{'case_id': 2, 'interface': 'update', 'title': '会员id存在，昵称输入昵称长度为1', 'method': 'PATCH', 'url': '/member/update', 'data': '{"member_id":"13217","reg_name":"a"}', 'headers': '{"X-Lemonban-Media-Type": "lemonban.v2","Authorization":"Bearer eyJhbGciOiJIUzUxMiJ9.eyJtZW1iZXJfaWQiOjEzMjE3LCJleHAiOjE1OTI0MDMwMzl9.Ll7PV3oS-48oQNeJjUX_IQCh6ebcMRBQq_QiYNHHmDxkVewKxFUyERWj86rTkHLxTK0SfhF51MrsDzgjd-Yg0Q"}', 'expected': '{"code": 0,"msg": "OK"}', 'actucal': "{'code': 0, 'msg': 'OK', 'data': {'id': 13217, 'leave_amount': 1000017.1, 'mobile_phone': '15841177856', 'reg_name': 'a', 'reg_time': '2020-06-11 22:58:56.0', 'type': 1}, 'copyright': 'Copyright 柠檬班 © 2017-2020 湖南省零檬信息技术有限公司 All Rights Reserved'}", 'test_result': 'PASS'}
[2020-06-17 22:05:39,608]--test_update_name.py--59--INFO:======================正在查询修改后的用户昵称=======================
[2020-06-17 22:05:39,617]--test_update_name.py--63--INFO:账户id为13217的昵称修改后为a
[2020-06-17 22:05:39,617]--test_update_name.py--65--INFO:======================正在昵称信息比对比对=======================
[2020-06-17 22:05:39,618]--test_update_name.py--68--INFO:第2条用例执行结果为PASS
[2020-06-17 22:05:39,618]--test_update_name.py--74--INFO:*************开始回写数据***************
[2020-06-17 22:05:39,893]--test_update_name.py--76--INFO:正在回写实际结果actual：{'code': 0, 'msg': 'OK', 'data': {'id': 13217, 'leave_amount': 1000048.0, 'mobile_phone': '15841177856', 'reg_name': 'a', 'reg_time': '2020-06-11 22:58:56.0', 'type': 1}, 'copyright': 'Copyright 柠檬班 © 2017-2020 湖南省零檬信息技术有限公司 All Rights Reserved'}
[2020-06-17 22:05:40,138]--test_update_name.py--78--INFO:正在回写测试结果test_result：PASS
[2020-06-17 22:05:40,139]--test_update_name.py--79--INFO:*************结束回写数据***************
[2020-06-17 22:05:40,169]--test_update_name.py--46--INFO:******************正在执行update模块用例******************
[2020-06-17 22:05:40,169]--test_update_name.py--47--INFO:正在执行第3条用例:会员id存在，昵称输入昵称长度为10
[2020-06-17 22:05:40,170]--test_update_name.py--48--INFO:请求的数据是{'case_id': 3, 'interface': 'update', 'title': '会员id存在，昵称输入昵称长度为10', 'method': 'PATCH', 'url': '/member/update', 'data': '{"member_id":"13217","reg_name":"asdasdadd"}', 'headers': '{"X-Lemonban-Media-Type": "lemonban.v2","Authorization":"Bearer eyJhbGciOiJIUzUxMiJ9.eyJtZW1iZXJfaWQiOjEzMjE3LCJleHAiOjE1OTI0MDMwMzl9.Ll7PV3oS-48oQNeJjUX_IQCh6ebcMRBQq_QiYNHHmDxkVewKxFUyERWj86rTkHLxTK0SfhF51MrsDzgjd-Yg0Q"}', 'expected': '{"code": 0,"msg": "OK"}', 'actucal': "{'code': 0, 'msg': 'OK', 'data': {'id': 13217, 'leave_amount': 1000017.1, 'mobile_phone': '15841177856', 'reg_name': 'asdasdadd', 'reg_time': '2020-06-11 22:58:56.0', 'type': 1}, 'copyright': 'Copyright 柠檬班 © 2017-2020 湖南省零檬信息技术有限公司 All Rights Reserved'}", 'test_result': 'PASS'}
[2020-06-17 22:05:40,194]--test_update_name.py--59--INFO:======================正在查询修改后的用户昵称=======================
[2020-06-17 22:05:40,209]--test_update_name.py--63--INFO:账户id为13217的昵称修改后为asdasdadd
[2020-06-17 22:05:40,210]--test_update_name.py--65--INFO:======================正在昵称信息比对比对=======================
[2020-06-17 22:05:40,210]--test_update_name.py--68--INFO:第3条用例执行结果为PASS
[2020-06-17 22:05:40,210]--test_update_name.py--74--INFO:*************开始回写数据***************
[2020-06-17 22:05:40,434]--test_update_name.py--76--INFO:正在回写实际结果actual：{'code': 0, 'msg': 'OK', 'data': {'id': 13217, 'leave_amount': 1000048.0, 'mobile_phone': '15841177856', 'reg_name': 'asdasdadd', 'reg_time': '2020-06-11 22:58:56.0', 'type': 1}, 'copyright': 'Copyright 柠檬班 © 2017-2020 湖南省零檬信息技术有限公司 All Rights Reserved'}
[2020-06-17 22:05:40,660]--test_update_name.py--78--INFO:正在回写测试结果test_result：PASS
[2020-06-17 22:05:40,661]--test_update_name.py--79--INFO:*************结束回写数据***************
[2020-06-17 22:05:40,687]--test_update_name.py--46--INFO:******************正在执行update模块用例******************
[2020-06-17 22:05:40,687]--test_update_name.py--47--INFO:正在执行第4条用例:会员id存在，昵称输入昵称长度为11
[2020-06-17 22:05:40,687]--test_update_name.py--48--INFO:请求的数据是{'case_id': 4, 'interface': 'update', 'title': '会员id存在，昵称输入昵称长度为11', 'method': 'PATCH', 'url': '/member/update', 'data': '{"member_id":"13217","reg_name":"asdasdaddth"}', 'headers': '{"X-Lemonban-Media-Type": "lemonban.v2","Authorization":"Bearer eyJhbGciOiJIUzUxMiJ9.eyJtZW1iZXJfaWQiOjEzMjE3LCJleHAiOjE1OTI0MDMwMzl9.Ll7PV3oS-48oQNeJjUX_IQCh6ebcMRBQq_QiYNHHmDxkVewKxFUyERWj86rTkHLxTK0SfhF51MrsDzgjd-Yg0Q"}', 'expected': '{"code": 2,"msg": "用户昵称长度超过10位"}', 'actucal': "{'code': 2, 'msg': '用户昵称长度超过10位', 'data': None, 'copyright': 'Copyright 柠檬班 © 2017-2020 湖南省零檬信息技术有限公司 All Rights Reserved'}", 'test_result': 'PASS'}
[2020-06-17 22:05:40,705]--test_update_name.py--68--INFO:第4条用例执行结果为PASS
[2020-06-17 22:05:40,705]--test_update_name.py--74--INFO:*************开始回写数据***************
[2020-06-17 22:05:40,926]--test_update_name.py--76--INFO:正在回写实际结果actual：{'code': 2, 'msg': '用户昵称长度超过10位', 'data': None, 'copyright': 'Copyright 柠檬班 © 2017-2020 湖南省零檬信息技术有限公司 All Rights Reserved'}
[2020-06-17 22:05:41,165]--test_update_name.py--78--INFO:正在回写测试结果test_result：PASS
[2020-06-17 22:05:41,166]--test_update_name.py--79--INFO:*************结束回写数据***************
[2020-06-17 22:05:41,195]--test_update_name.py--46--INFO:******************正在执行update模块用例******************
[2020-06-17 22:05:41,196]--test_update_name.py--47--INFO:正在执行第5条用例:会员id存在，昵称输入昵称为空
[2020-06-17 22:05:41,196]--test_update_name.py--48--INFO:请求的数据是{'case_id': 5, 'interface': 'update', 'title': '会员id存在，昵称输入昵称为空', 'method': 'PATCH', 'url': '/member/update', 'data': '{"member_id":"13217","reg_name":""}', 'headers': '{"X-Lemonban-Media-Type": "lemonban.v2","Authorization":"Bearer eyJhbGciOiJIUzUxMiJ9.eyJtZW1iZXJfaWQiOjEzMjE3LCJleHAiOjE1OTI0MDMwMzl9.Ll7PV3oS-48oQNeJjUX_IQCh6ebcMRBQq_QiYNHHmDxkVewKxFUyERWj86rTkHLxTK0SfhF51MrsDzgjd-Yg0Q"}', 'expected': '{"code": 1,"msg": "用户名不能为空字符串，也不能全部是空格"}', 'actucal': "{'code': 1, 'msg': '用户名不能为空字符串，也不能全部是空格', 'data': None, 'copyright': 'Copyright 柠檬班 © 2017-2020 湖南省零檬信息技术有限公司 All Rights Reserved'}", 'test_result': 'PASS'}
[2020-06-17 22:05:41,231]--test_update_name.py--68--INFO:第5条用例执行结果为PASS
[2020-06-17 22:05:41,231]--test_update_name.py--74--INFO:*************开始回写数据***************
[2020-06-17 22:05:41,539]--test_update_name.py--76--INFO:正在回写实际结果actual：{'code': 1, 'msg': '用户名不能为空字符串，也不能全部是空格', 'data': None, 'copyright': 'Copyright 柠檬班 © 2017-2020 湖南省零檬信息技术有限公司 All Rights Reserved'}
[2020-06-17 22:05:41,752]--test_update_name.py--78--INFO:正在回写测试结果test_result：PASS
[2020-06-17 22:05:41,753]--test_update_name.py--79--INFO:*************结束回写数据***************
[2020-06-17 22:05:42,223]--test_update_name.py--46--INFO:******************正在执行update模块用例******************
[2020-06-17 22:05:42,224]--test_update_name.py--47--INFO:正在执行第6条用例:会员id存在，昵称输入昵称为数字
[2020-06-17 22:05:42,224]--test_update_name.py--48--INFO:请求的数据是{'case_id': 6, 'interface': 'update', 'title': '会员id存在，昵称输入昵称为数字', 'method': 'PATCH', 'url': '/member/update', 'data': '{"member_id":"13217","reg_name":"2585"}', 'headers': '{"X-Lemonban-Media-Type": "lemonban.v2","Authorization":"Bearer eyJhbGciOiJIUzUxMiJ9.eyJtZW1iZXJfaWQiOjEzMjE3LCJleHAiOjE1OTI0MDMwMzl9.Ll7PV3oS-48oQNeJjUX_IQCh6ebcMRBQq_QiYNHHmDxkVewKxFUyERWj86rTkHLxTK0SfhF51MrsDzgjd-Yg0Q"}', 'expected': '{"code": 0,"msg": "OK"}', 'actucal': "{'code': 0, 'msg': 'OK', 'data': {'id': 13217, 'leave_amount': 1000017.1, 'mobile_phone': '15841177856', 'reg_name': '2585', 'reg_time': '2020-06-11 22:58:56.0', 'type': 1}, 'copyright': 'Copyright 柠檬班 © 2017-2020 湖南省零檬信息技术有限公司 All Rights Reserved'}", 'test_result': 'PASS'}
[2020-06-17 22:05:43,253]--test_update_name.py--59--INFO:======================正在查询修改后的用户昵称=======================
[2020-06-17 22:05:43,481]--test_update_name.py--63--INFO:账户id为13217的昵称修改后为2585
[2020-06-17 22:05:43,481]--test_update_name.py--65--INFO:======================正在昵称信息比对比对=======================
[2020-06-17 22:05:43,481]--test_update_name.py--68--INFO:第6条用例执行结果为PASS
[2020-06-17 22:05:43,482]--test_update_name.py--74--INFO:*************开始回写数据***************
[2020-06-17 22:05:43,699]--test_update_name.py--76--INFO:正在回写实际结果actual：{'code': 0, 'msg': 'OK', 'data': {'id': 13217, 'leave_amount': 1000048.0, 'mobile_phone': '15841177856', 'reg_name': '2585', 'reg_time': '2020-06-11 22:58:56.0', 'type': 1}, 'copyright': 'Copyright 柠檬班 © 2017-2020 湖南省零檬信息技术有限公司 All Rights Reserved'}
[2020-06-17 22:05:44,004]--test_update_name.py--78--INFO:正在回写测试结果test_result：PASS
[2020-06-17 22:05:44,004]--test_update_name.py--79--INFO:*************结束回写数据***************
[2020-06-17 22:05:44,025]--test_update_name.py--46--INFO:******************正在执行update模块用例******************
[2020-06-17 22:05:44,026]--test_update_name.py--47--INFO:正在执行第7条用例:会员id存在，昵称输入昵称为字符
[2020-06-17 22:05:44,026]--test_update_name.py--48--INFO:请求的数据是{'case_id': 7, 'interface': 'update', 'title': '会员id存在，昵称输入昵称为字符', 'method': 'PATCH', 'url': '/member/update', 'data': '{"member_id":"13217","reg_name":"das#da"}', 'headers': '{"X-Lemonban-Media-Type": "lemonban.v2","Authorization":"Bearer eyJhbGciOiJIUzUxMiJ9.eyJtZW1iZXJfaWQiOjEzMjE3LCJleHAiOjE1OTI0MDMwMzl9.Ll7PV3oS-48oQNeJjUX_IQCh6ebcMRBQq_QiYNHHmDxkVewKxFUyERWj86rTkHLxTK0SfhF51MrsDzgjd-Yg0Q"}', 'expected': '{"code": 0,"msg": "OK"}', 'actucal': "{'code': 0, 'msg': 'OK', 'data': {'id': 13217, 'leave_amount': 1000017.1, 'mobile_phone': '15841177856', 'reg_name': 'das#da', 'reg_time': '2020-06-11 22:58:56.0', 'type': 1}, 'copyright': 'Copyright 柠檬班 © 2017-2020 湖南省零檬信息技术有限公司 All Rights Reserved'}", 'test_result': 'PASS'}
[2020-06-17 22:05:44,049]--test_update_name.py--59--INFO:======================正在查询修改后的用户昵称=======================
[2020-06-17 22:05:44,059]--test_update_name.py--63--INFO:账户id为13217的昵称修改后为das#da
[2020-06-17 22:05:44,059]--test_update_name.py--65--INFO:======================正在昵称信息比对比对=======================
[2020-06-17 22:05:44,059]--test_update_name.py--68--INFO:第7条用例执行结果为PASS
[2020-06-17 22:05:44,060]--test_update_name.py--74--INFO:*************开始回写数据***************
[2020-06-17 22:05:44,288]--test_update_name.py--76--INFO:正在回写实际结果actual：{'code': 0, 'msg': 'OK', 'data': {'id': 13217, 'leave_amount': 1000048.0, 'mobile_phone': '15841177856', 'reg_name': 'das#da', 'reg_time': '2020-06-11 22:58:56.0', 'type': 1}, 'copyright': 'Copyright 柠檬班 © 2017-2020 湖南省零檬信息技术有限公司 All Rights Reserved'}
[2020-06-17 22:05:44,505]--test_update_name.py--78--INFO:正在回写测试结果test_result：PASS
[2020-06-17 22:05:44,506]--test_update_name.py--79--INFO:*************结束回写数据***************
[2020-06-17 22:05:44,528]--test_update_name.py--46--INFO:******************正在执行update模块用例******************
[2020-06-17 22:05:44,528]--test_update_name.py--47--INFO:正在执行第8条用例:会员id存在，昵称输入昵称为汉字
[2020-06-17 22:05:44,528]--test_update_name.py--48--INFO:请求的数据是{'case_id': 8, 'interface': 'update', 'title': '会员id存在，昵称输入昵称为汉字', 'method': 'PATCH', 'url': '/member/update', 'data': '{"member_id":"13217","reg_name":"小柠檬"}', 'headers': '{"X-Lemonban-Media-Type": "lemonban.v2","Authorization":"Bearer eyJhbGciOiJIUzUxMiJ9.eyJtZW1iZXJfaWQiOjEzMjE3LCJleHAiOjE1OTI0MDMwMzl9.Ll7PV3oS-48oQNeJjUX_IQCh6ebcMRBQq_QiYNHHmDxkVewKxFUyERWj86rTkHLxTK0SfhF51MrsDzgjd-Yg0Q"}', 'expected': '{"code": 0,"msg": "OK"}', 'actucal': "{'code': 0, 'msg': 'OK', 'data': {'id': 13217, 'leave_amount': 1000017.1, 'mobile_phone': '15841177856', 'reg_name': '小柠檬', 'reg_time': '2020-06-11 22:58:56.0', 'type': 1}, 'copyright': 'Copyright 柠檬班 © 2017-2020 湖南省零檬信息技术有限公司 All Rights Reserved'}", 'test_result': 'PASS'}
[2020-06-17 22:05:44,551]--test_update_name.py--59--INFO:======================正在查询修改后的用户昵称=======================
[2020-06-17 22:05:44,561]--test_update_name.py--63--INFO:账户id为13217的昵称修改后为小柠檬
[2020-06-17 22:05:44,562]--test_update_name.py--65--INFO:======================正在昵称信息比对比对=======================
[2020-06-17 22:05:44,562]--test_update_name.py--68--INFO:第8条用例执行结果为PASS
[2020-06-17 22:05:44,562]--test_update_name.py--74--INFO:*************开始回写数据***************
[2020-06-17 22:05:44,771]--test_update_name.py--76--INFO:正在回写实际结果actual：{'code': 0, 'msg': 'OK', 'data': {'id': 13217, 'leave_amount': 1000048.0, 'mobile_phone': '15841177856', 'reg_name': '小柠檬', 'reg_time': '2020-06-11 22:58:56.0', 'type': 1}, 'copyright': 'Copyright 柠檬班 © 2017-2020 湖南省零檬信息技术有限公司 All Rights Reserved'}
[2020-06-17 22:05:45,023]--test_update_name.py--78--INFO:正在回写测试结果test_result：PASS
[2020-06-17 22:05:45,023]--test_update_name.py--79--INFO:*************结束回写数据***************
[2020-06-17 22:05:45,053]--test_update_name.py--46--INFO:******************正在执行update模块用例******************
[2020-06-17 22:05:45,053]--test_update_name.py--47--INFO:正在执行第9条用例:会员id存在，昵称输入昵称为汉字、字符及数字组合
[2020-06-17 22:05:45,054]--test_update_name.py--48--INFO:请求的数据是{'case_id': 9, 'interface': 'update', 'title': '会员id存在，昵称输入昵称为汉字、字符及数字组合', 'method': 'PATCH', 'url': '/member/update', 'data': '{"member_id":"13217","reg_name":"柠檬5d!e2"}', 'headers': '{"X-Lemonban-Media-Type": "lemonban.v2","Authorization":"Bearer eyJhbGciOiJIUzUxMiJ9.eyJtZW1iZXJfaWQiOjEzMjE3LCJleHAiOjE1OTI0MDMwMzl9.Ll7PV3oS-48oQNeJjUX_IQCh6ebcMRBQq_QiYNHHmDxkVewKxFUyERWj86rTkHLxTK0SfhF51MrsDzgjd-Yg0Q"}', 'expected': '{"code": 0,"msg": "OK"}', 'actucal': "{'code': 0, 'msg': 'OK', 'data': {'id': 13217, 'leave_amount': 1000017.1, 'mobile_phone': '15841177856', 'reg_name': '柠檬5d!e2', 'reg_time': '2020-06-11 22:58:56.0', 'type': 1}, 'copyright': 'Copyright 柠檬班 © 2017-2020 湖南省零檬信息技术有限公司 All Rights Reserved'}", 'test_result': 'PASS'}
[2020-06-17 22:05:45,076]--test_update_name.py--59--INFO:======================正在查询修改后的用户昵称=======================
[2020-06-17 22:05:45,086]--test_update_name.py--63--INFO:账户id为13217的昵称修改后为柠檬5d!e2
[2020-06-17 22:05:45,086]--test_update_name.py--65--INFO:======================正在昵称信息比对比对=======================
[2020-06-17 22:05:45,086]--test_update_name.py--68--INFO:第9条用例执行结果为PASS
[2020-06-17 22:05:45,087]--test_update_name.py--74--INFO:*************开始回写数据***************
[2020-06-17 22:05:45,300]--test_update_name.py--76--INFO:正在回写实际结果actual：{'code': 0, 'msg': 'OK', 'data': {'id': 13217, 'leave_amount': 1000048.0, 'mobile_phone': '15841177856', 'reg_name': '柠檬5d!e2', 'reg_time': '2020-06-11 22:58:56.0', 'type': 1}, 'copyright': 'Copyright 柠檬班 © 2017-2020 湖南省零檬信息技术有限公司 All Rights Reserved'}
[2020-06-17 22:05:45,544]--test_update_name.py--78--INFO:正在回写测试结果test_result：PASS
[2020-06-17 22:05:45,545]--test_update_name.py--79--INFO:*************结束回写数据***************
[2020-06-17 22:05:45,566]--test_update_name.py--46--INFO:******************正在执行update模块用例******************
[2020-06-17 22:05:45,567]--test_update_name.py--47--INFO:正在执行第10条用例:会员id输入不存在的id
[2020-06-17 22:05:45,567]--test_update_name.py--48--INFO:请求的数据是{'case_id': 10, 'interface': 'update', 'title': '会员id输入不存在的id', 'method': 'PATCH', 'url': '/member/update', 'data': '{"member_id":"888888","reg_name":"12568"}', 'headers': '{"X-Lemonban-Media-Type": "lemonban.v2","Authorization":"Bearer eyJhbGciOiJIUzUxMiJ9.eyJtZW1iZXJfaWQiOjEzMjE3LCJleHAiOjE1OTI0MDMwMzl9.Ll7PV3oS-48oQNeJjUX_IQCh6ebcMRBQq_QiYNHHmDxkVewKxFUyERWj86rTkHLxTK0SfhF51MrsDzgjd-Yg0Q"}', 'expected': '{"code": 2,"msg": "会员不存在"}', 'actucal': "{'code': 2, 'msg': '会员不存在', 'data': None, 'copyright': 'Copyright 柠檬班 © 2017-2020 湖南省零檬信息技术有限公司 All Rights Reserved'}", 'test_result': 'PASS'}
[2020-06-17 22:05:45,592]--test_update_name.py--68--INFO:第10条用例执行结果为PASS
[2020-06-17 22:05:45,593]--test_update_name.py--74--INFO:*************开始回写数据***************
[2020-06-17 22:05:45,813]--test_update_name.py--76--INFO:正在回写实际结果actual：{'code': 2, 'msg': '会员不存在', 'data': None, 'copyright': 'Copyright 柠檬班 © 2017-2020 湖南省零檬信息技术有限公司 All Rights Reserved'}
[2020-06-17 22:05:46,046]--test_update_name.py--78--INFO:正在回写测试结果test_result：PASS
[2020-06-17 22:05:46,046]--test_update_name.py--79--INFO:*************结束回写数据***************
[2020-06-17 22:05:46,078]--test_update_name.py--46--INFO:******************正在执行update模块用例******************
[2020-06-17 22:05:46,079]--test_update_name.py--47--INFO:正在执行第11条用例:会员id输入为空
[2020-06-17 22:05:46,079]--test_update_name.py--48--INFO:请求的数据是{'case_id': 11, 'interface': 'update', 'title': '会员id输入为空', 'method': 'PATCH', 'url': '/member/update', 'data': '{"member_id":"","reg_name":"15136"}', 'headers': '{"X-Lemonban-Media-Type": "lemonban.v2","Authorization":"Bearer eyJhbGciOiJIUzUxMiJ9.eyJtZW1iZXJfaWQiOjEzMjE3LCJleHAiOjE1OTI0MDMwMzl9.Ll7PV3oS-48oQNeJjUX_IQCh6ebcMRBQq_QiYNHHmDxkVewKxFUyERWj86rTkHLxTK0SfhF51MrsDzgjd-Yg0Q"}', 'expected': '{"code": 2,"msg": "数值参数格式错误"}', 'actucal': "{'code': 2, 'msg': '数值参数格式错误', 'data': None, 'copyright': 'Copyright 柠檬班 © 2017-2020 湖南省零檬信息技术有限公司 All Rights Reserved'}", 'test_result': 'PASS'}
[2020-06-17 22:05:46,098]--test_update_name.py--68--INFO:第11条用例执行结果为PASS
[2020-06-17 22:05:46,098]--test_update_name.py--74--INFO:*************开始回写数据***************
[2020-06-17 22:05:46,328]--test_update_name.py--76--INFO:正在回写实际结果actual：{'code': 2, 'msg': '数值参数格式错误', 'data': None, 'copyright': 'Copyright 柠檬班 © 2017-2020 湖南省零檬信息技术有限公司 All Rights Reserved'}
[2020-06-17 22:05:46,550]--test_update_name.py--78--INFO:正在回写测试结果test_result：PASS
[2020-06-17 22:05:46,550]--test_update_name.py--79--INFO:*************结束回写数据***************
[2020-06-17 22:05:46,551]--test_user_info.py--30--INFO:******************正在执行user_info模块用例******************
[2020-06-17 22:05:46,552]--test_user_info.py--31--INFO:正在执行第1条用例:查询已存在的用户信息
[2020-06-17 22:05:46,552]--test_user_info.py--32--INFO:请求的数据是{'case_id': 1, 'interface': 'getuserinfo', 'title': '查询已存在的用户信息', 'method': 'GET', 'url': '/13361/info', 'data': None, 'headers': '{"X-Lemonban-Media-Type": "lemonban.v2"}', 'expected': '{"code": 0,"msg": "OK"}', 'actucal': "{'code': 1004, 'msg': 'No handler found for GET /futureloan/13361/info', 'data': None, 'copyright': 'Copyright 柠檬班 © 2017-2020 湖南省零檬信息技术有限公司 All Rights Reserved'}", 'test_result': 'FAILED'}
[2020-06-17 22:05:46,569]--test_user_info.py--44--ERROR:执行接口测试出现错误，错误是False is not true
[2020-06-17 22:05:46,569]--test_user_info.py--46--ERROR:第1条用例执行结果为FAILED
[2020-06-17 22:05:46,570]--test_user_info.py--48--INFO:*************开始回写数据***************
[2020-06-17 22:05:46,830]--test_user_info.py--50--INFO:正在回写实际结果actual：{'code': 1004, 'msg': 'No handler found for GET /futureloan/13361/info', 'data': None, 'copyright': 'Copyright 柠檬班 © 2017-2020 湖南省零檬信息技术有限公司 All Rights Reserved'}
[2020-06-17 22:05:47,068]--test_user_info.py--52--INFO:正在回写测试结果test_result：FAILED
[2020-06-17 22:05:47,068]--test_user_info.py--53--INFO:*************结束回写数据***************
[2020-06-17 22:05:47,068]--test_user_info.py--30--INFO:******************正在执行user_info模块用例******************
[2020-06-17 22:05:47,069]--test_user_info.py--31--INFO:正在执行第2条用例:查询不存在的用户信息
[2020-06-17 22:05:47,069]--test_user_info.py--32--INFO:请求的数据是{'case_id': 2, 'interface': 'getuserinfo', 'title': '查询不存在的用户信息', 'method': 'GET', 'url': '/888888/info', 'data': None, 'headers': '{"X-Lemonban-Media-Type": "lemonban.v2"}', 'expected': '{"code": 2,"msg": "用户不存在"}', 'actucal': "{'code': 1004, 'msg': 'No handler found for GET /futureloan/888888/info', 'data': None, 'copyright': 'Copyright 柠檬班 © 2017-2020 湖南省零檬信息技术有限公司 All Rights Reserved'}", 'test_result': 'FAILED'}
[2020-06-17 22:05:47,089]--test_user_info.py--44--ERROR:执行接口测试出现错误，错误是False is not true
[2020-06-17 22:05:47,089]--test_user_info.py--46--ERROR:第2条用例执行结果为FAILED
[2020-06-17 22:05:47,089]--test_user_info.py--48--INFO:*************开始回写数据***************
[2020-06-17 22:05:47,306]--test_user_info.py--50--INFO:正在回写实际结果actual：{'code': 1004, 'msg': 'No handler found for GET /futureloan/888888/info', 'data': None, 'copyright': 'Copyright 柠檬班 © 2017-2020 湖南省零檬信息技术有限公司 All Rights Reserved'}
[2020-06-17 22:05:47,529]--test_user_info.py--52--INFO:正在回写测试结果test_result：FAILED
[2020-06-17 22:05:47,530]--test_user_info.py--53--INFO:*************结束回写数据***************
[2020-06-17 22:05:52,190]--test_withdraw.py--49--INFO:******************正在执行withdraw模块用例******************
[2020-06-17 22:05:52,191]--test_withdraw.py--50--INFO:正在执行第1条用例:输入存在的账户id，提现金额小于账户余额，输入1
[2020-06-17 22:05:52,191]--test_withdraw.py--51--INFO:请求的数据是{'case_id': 1, 'interface': 'withdraw', 'title': '输入存在的账户id，提现金额小于账户余额，输入1', 'method': 'POST', 'url': '/member/withdraw', 'data': '{"member_id":"13217","amount":"1"}', 'headers': '{"X-Lemonban-Media-Type": "lemonban.v2","Authorization":"Bearer eyJhbGciOiJIUzUxMiJ9.eyJtZW1iZXJfaWQiOjEzMjE3LCJleHAiOjE1OTI0MDMwNDl9.rvHEe6nSChY3evpYPkq4oqkKO5MU5l52VXQJWlql4--5V-VkY8GZHn3rE3wyMz0lhmQL2tgZDlwBR0d9woh9mA"}', 'yes_or_no': 'YES', 'expected': '{"code": 0,"msg": "OK"}', 'actucal': "{'code': 0, 'msg': 'OK', 'data': {'id': 13217, 'leave_amount': 500049.0, 'mobile_phone': '15841177856', 'reg_name': '柠檬5d!e2', 'reg_time': '2020-06-11 22:58:56.0', 'type': 1}, 'copyright': 'Copyright 柠檬班 © 2017-2020 湖南省零檬信息技术有限公司 All Rights Reserved'}", 'test_result': 'PASS'}
[2020-06-17 22:05:52,191]--test_withdraw.py--63--INFO:======================正在查询原始金额=======================
[2020-06-17 22:05:52,205]--test_withdraw.py--74--INFO:账户id为13217的账户原始金额是1000048.00
[2020-06-17 22:05:52,207]--test_withdraw.py--77--INFO:======================正在查询原始提现流水记录条数=======================
[2020-06-17 22:05:52,226]--test_withdraw.py--81--INFO:账户id为13217的原始提现流水条数为63
[2020-06-17 22:05:56,002]--test_withdraw.py--93--INFO:======================正在查询提现后金额=======================
[2020-06-17 22:05:56,018]--test_withdraw.py--97--INFO:账户id为13217的账户提现后的金额是1000047.00
[2020-06-17 22:05:56,019]--test_withdraw.py--98--INFO:账户id为13217的账户原始金额-提现金额后的余额是1000047.00
[2020-06-17 22:05:56,019]--test_withdraw.py--99--INFO:======================正在金额比对=======================
[2020-06-17 22:05:56,019]--test_withdraw.py--102--INFO:======================正在查询提现后流水记录=======================
[2020-06-17 22:05:56,038]--test_withdraw.py--106--INFO:账户id为13217的提现后流水条数为64
[2020-06-17 22:05:56,039]--test_withdraw.py--107--INFO:======================正在提现流水比对=======================
[2020-06-17 22:05:56,039]--test_withdraw.py--110--INFO:第1条用例执行结果为PASS
[2020-06-17 22:05:56,039]--test_withdraw.py--116--INFO:*************开始回写数据***************
[2020-06-17 22:05:56,249]--test_withdraw.py--118--INFO:正在回写实际结果actual：{'code': 0, 'msg': 'OK', 'data': {'id': 13217, 'leave_amount': 1000047.0, 'mobile_phone': '15841177856', 'reg_name': '柠檬5d!e2', 'reg_time': '2020-06-11 22:58:56.0', 'type': 1}, 'copyright': 'Copyright 柠檬班 © 2017-2020 湖南省零檬信息技术有限公司 All Rights Reserved'}
[2020-06-17 22:05:56,452]--test_withdraw.py--120--INFO:正在回写测试结果test_result：PASS
[2020-06-17 22:05:56,453]--test_withdraw.py--121--INFO:*************结束回写数据***************
[2020-06-17 22:05:56,485]--test_withdraw.py--49--INFO:******************正在执行withdraw模块用例******************
[2020-06-17 22:05:56,485]--test_withdraw.py--50--INFO:正在执行第2条用例:输入存在的账户id，提现金额小于账户余额，输入500000
[2020-06-17 22:05:56,485]--test_withdraw.py--51--INFO:请求的数据是{'case_id': 2, 'interface': 'withdraw', 'title': '输入存在的账户id，提现金额小于账户余额，输入500000', 'method': 'POST', 'url': '/member/withdraw', 'data': '{"member_id":"13217","amount":"500000"}', 'headers': '{"X-Lemonban-Media-Type": "lemonban.v2","Authorization":"Bearer eyJhbGciOiJIUzUxMiJ9.eyJtZW1iZXJfaWQiOjEzMjE3LCJleHAiOjE1OTI0MDMwNDl9.rvHEe6nSChY3evpYPkq4oqkKO5MU5l52VXQJWlql4--5V-VkY8GZHn3rE3wyMz0lhmQL2tgZDlwBR0d9woh9mA"}', 'yes_or_no': 'YES', 'expected': '{"code": 0,"msg": "OK"}', 'actucal': "{'code': 0, 'msg': 'OK', 'data': {'id': 13217, 'leave_amount': 49.0, 'mobile_phone': '15841177856', 'reg_name': '柠檬5d!e2', 'reg_time': '2020-06-11 22:58:56.0', 'type': 1}, 'copyright': 'Copyright 柠檬班 © 2017-2020 湖南省零檬信息技术有限公司 All Rights Reserved'}", 'test_result': 'PASS'}
[2020-06-17 22:05:56,486]--test_withdraw.py--63--INFO:======================正在查询原始金额=======================
[2020-06-17 22:05:56,501]--test_withdraw.py--74--INFO:账户id为13217的账户原始金额是1000047.00
[2020-06-17 22:05:56,502]--test_withdraw.py--77--INFO:======================正在查询原始提现流水记录条数=======================
[2020-06-17 22:05:56,522]--test_withdraw.py--81--INFO:账户id为13217的原始提现流水条数为64
[2020-06-17 22:05:56,556]--test_withdraw.py--93--INFO:======================正在查询提现后金额=======================
[2020-06-17 22:05:56,572]--test_withdraw.py--97--INFO:账户id为13217的账户提现后的金额是500047.00
[2020-06-17 22:05:56,573]--test_withdraw.py--98--INFO:账户id为13217的账户原始金额-提现金额后的余额是500047.00
[2020-06-17 22:05:56,573]--test_withdraw.py--99--INFO:======================正在金额比对=======================
[2020-06-17 22:05:56,573]--test_withdraw.py--102--INFO:======================正在查询提现后流水记录=======================
[2020-06-17 22:05:56,597]--test_withdraw.py--106--INFO:账户id为13217的提现后流水条数为65
[2020-06-17 22:05:56,598]--test_withdraw.py--107--INFO:======================正在提现流水比对=======================
[2020-06-17 22:05:56,598]--test_withdraw.py--110--INFO:第2条用例执行结果为PASS
[2020-06-17 22:05:56,598]--test_withdraw.py--116--INFO:*************开始回写数据***************
[2020-06-17 22:05:56,803]--test_withdraw.py--118--INFO:正在回写实际结果actual：{'code': 0, 'msg': 'OK', 'data': {'id': 13217, 'leave_amount': 500047.0, 'mobile_phone': '15841177856', 'reg_name': '柠檬5d!e2', 'reg_time': '2020-06-11 22:58:56.0', 'type': 1}, 'copyright': 'Copyright 柠檬班 © 2017-2020 湖南省零檬信息技术有限公司 All Rights Reserved'}
[2020-06-17 22:05:57,012]--test_withdraw.py--120--INFO:正在回写测试结果test_result：PASS
[2020-06-17 22:05:57,012]--test_withdraw.py--121--INFO:*************结束回写数据***************
[2020-06-17 22:05:57,067]--test_withdraw.py--49--INFO:******************正在执行withdraw模块用例******************
[2020-06-17 22:05:57,067]--test_withdraw.py--50--INFO:正在执行第3条用例:输入存在的账户id，提现金额小于账户余额，输入500001
[2020-06-17 22:05:57,067]--test_withdraw.py--51--INFO:请求的数据是{'case_id': 3, 'interface': 'withdraw', 'title': '输入存在的账户id，提现金额小于账户余额，输入500001', 'method': 'POST', 'url': '/member/withdraw', 'data': '{"member_id":"13217","amount":"500001"}', 'headers': '{"X-Lemonban-Media-Type": "lemonban.v2","Authorization":"Bearer eyJhbGciOiJIUzUxMiJ9.eyJtZW1iZXJfaWQiOjEzMjE3LCJleHAiOjE1OTI0MDMwNDl9.rvHEe6nSChY3evpYPkq4oqkKO5MU5l52VXQJWlql4--5V-VkY8GZHn3rE3wyMz0lhmQL2tgZDlwBR0d9woh9mA"}', 'yes_or_no': 'NO', 'expected': '{"code": 2,"msg": "余额必须大于0并且小于或者等于5000000"}', 'actucal': "{'code': 2, 'msg': '余额必须大于0并且小于或者等于5000000', 'data': None, 'copyright': 'Copyright 柠檬班 © 2017-2020 湖南省零檬信息技术有限公司 All Rights Reserved'}", 'test_result': 'PASS'}
[2020-06-17 22:05:57,085]--test_withdraw.py--110--INFO:第3条用例执行结果为PASS
[2020-06-17 22:05:57,085]--test_withdraw.py--116--INFO:*************开始回写数据***************
[2020-06-17 22:05:57,320]--test_withdraw.py--118--INFO:正在回写实际结果actual：{'code': 2, 'msg': '余额必须大于0并且小于或者等于5000000', 'data': None, 'copyright': 'Copyright 柠檬班 © 2017-2020 湖南省零檬信息技术有限公司 All Rights Reserved'}
[2020-06-17 22:05:57,528]--test_withdraw.py--120--INFO:正在回写测试结果test_result：PASS
[2020-06-17 22:05:57,529]--test_withdraw.py--121--INFO:*************结束回写数据***************
[2020-06-17 22:05:57,551]--test_withdraw.py--49--INFO:******************正在执行withdraw模块用例******************
[2020-06-17 22:05:57,551]--test_withdraw.py--50--INFO:正在执行第4条用例:输入存在的账户id，提现金额小于账户余额，输入-50
[2020-06-17 22:05:57,551]--test_withdraw.py--51--INFO:请求的数据是{'case_id': 4, 'interface': 'withdraw', 'title': '输入存在的账户id，提现金额小于账户余额，输入-50', 'method': 'POST', 'url': '/member/withdraw', 'data': '{"member_id":"13217","amount":"-50"}', 'headers': '{"X-Lemonban-Media-Type": "lemonban.v2","Authorization":"Bearer eyJhbGciOiJIUzUxMiJ9.eyJtZW1iZXJfaWQiOjEzMjE3LCJleHAiOjE1OTI0MDMwNDl9.rvHEe6nSChY3evpYPkq4oqkKO5MU5l52VXQJWlql4--5V-VkY8GZHn3rE3wyMz0lhmQL2tgZDlwBR0d9woh9mA"}', 'yes_or_no': 'NO', 'expected': '{"code": 2,"msg": "余额必须大于0并且小于或者等于5000000"}', 'actucal': "{'code': 2, 'msg': '余额必须大于0并且小于或者等于5000000', 'data': None, 'copyright': 'Copyright 柠檬班 © 2017-2020 湖南省零檬信息技术有限公司 All Rights Reserved'}", 'test_result': 'PASS'}
[2020-06-17 22:05:57,571]--test_withdraw.py--110--INFO:第4条用例执行结果为PASS
[2020-06-17 22:05:57,571]--test_withdraw.py--116--INFO:*************开始回写数据***************
[2020-06-17 22:05:57,792]--test_withdraw.py--118--INFO:正在回写实际结果actual：{'code': 2, 'msg': '余额必须大于0并且小于或者等于5000000', 'data': None, 'copyright': 'Copyright 柠檬班 © 2017-2020 湖南省零檬信息技术有限公司 All Rights Reserved'}
[2020-06-17 22:05:58,092]--test_withdraw.py--120--INFO:正在回写测试结果test_result：PASS
[2020-06-17 22:05:58,093]--test_withdraw.py--121--INFO:*************结束回写数据***************
[2020-06-17 22:05:58,120]--test_withdraw.py--49--INFO:******************正在执行withdraw模块用例******************
[2020-06-17 22:05:58,120]--test_withdraw.py--50--INFO:正在执行第5条用例:输入存在的账户id，提现金额小于账户余额，输入0
[2020-06-17 22:05:58,121]--test_withdraw.py--51--INFO:请求的数据是{'case_id': 5, 'interface': 'withdraw', 'title': '输入存在的账户id，提现金额小于账户余额，输入0', 'method': 'POST', 'url': '/member/withdraw', 'data': '{"member_id":"13217","amount":"0"}', 'headers': '{"X-Lemonban-Media-Type": "lemonban.v2","Authorization":"Bearer eyJhbGciOiJIUzUxMiJ9.eyJtZW1iZXJfaWQiOjEzMjE3LCJleHAiOjE1OTI0MDMwNDl9.rvHEe6nSChY3evpYPkq4oqkKO5MU5l52VXQJWlql4--5V-VkY8GZHn3rE3wyMz0lhmQL2tgZDlwBR0d9woh9mA"}', 'yes_or_no': 'YES', 'expected': '{"code": 0,"msg": "OK"}', 'actucal': "{'code': 0, 'msg': 'OK', 'data': {'id': 13217, 'leave_amount': 500049.0, 'mobile_phone': '15841177856', 'reg_name': '柠檬5d!e2', 'reg_time': '2020-06-11 22:58:56.0', 'type': 1}, 'copyright': 'Copyright 柠檬班 © 2017-2020 湖南省零檬信息技术有限公司 All Rights Reserved'}", 'test_result': 'PASS'}
[2020-06-17 22:05:58,121]--test_withdraw.py--63--INFO:======================正在查询原始金额=======================
[2020-06-17 22:05:58,131]--test_withdraw.py--74--INFO:账户id为13217的账户原始金额是500047.00
[2020-06-17 22:05:58,132]--test_withdraw.py--77--INFO:======================正在查询原始提现流水记录条数=======================
[2020-06-17 22:05:58,147]--test_withdraw.py--81--INFO:账户id为13217的原始提现流水条数为65
[2020-06-17 22:05:58,178]--test_withdraw.py--93--INFO:======================正在查询提现后金额=======================
[2020-06-17 22:05:58,189]--test_withdraw.py--97--INFO:账户id为13217的账户提现后的金额是500047.00
[2020-06-17 22:05:58,189]--test_withdraw.py--98--INFO:账户id为13217的账户原始金额-提现金额后的余额是500047.00
[2020-06-17 22:05:58,189]--test_withdraw.py--99--INFO:======================正在金额比对=======================
[2020-06-17 22:05:58,189]--test_withdraw.py--102--INFO:======================正在查询提现后流水记录=======================
[2020-06-17 22:05:58,204]--test_withdraw.py--106--INFO:账户id为13217的提现后流水条数为66
[2020-06-17 22:05:58,204]--test_withdraw.py--107--INFO:======================正在提现流水比对=======================
[2020-06-17 22:05:58,204]--test_withdraw.py--110--INFO:第5条用例执行结果为PASS
[2020-06-17 22:05:58,204]--test_withdraw.py--116--INFO:*************开始回写数据***************
[2020-06-17 22:05:58,432]--test_withdraw.py--118--INFO:正在回写实际结果actual：{'code': 0, 'msg': 'OK', 'data': {'id': 13217, 'leave_amount': 500047.0, 'mobile_phone': '15841177856', 'reg_name': '柠檬5d!e2', 'reg_time': '2020-06-11 22:58:56.0', 'type': 1}, 'copyright': 'Copyright 柠檬班 © 2017-2020 湖南省零檬信息技术有限公司 All Rights Reserved'}
[2020-06-17 22:05:58,649]--test_withdraw.py--120--INFO:正在回写测试结果test_result：PASS
[2020-06-17 22:05:58,649]--test_withdraw.py--121--INFO:*************结束回写数据***************
[2020-06-17 22:05:58,684]--test_withdraw.py--49--INFO:******************正在执行withdraw模块用例******************
[2020-06-17 22:05:58,684]--test_withdraw.py--50--INFO:正在执行第6条用例:输入存在的账户id，提现金额小于账户余额，输入2.55
[2020-06-17 22:05:58,685]--test_withdraw.py--51--INFO:请求的数据是{'case_id': 6, 'interface': 'withdraw', 'title': '输入存在的账户id，提现金额小于账户余额，输入2.55', 'method': 'POST', 'url': '/member/withdraw', 'data': '{"member_id":"13217","amount":"2.55"}', 'headers': '{"X-Lemonban-Media-Type": "lemonban.v2","Authorization":"Bearer eyJhbGciOiJIUzUxMiJ9.eyJtZW1iZXJfaWQiOjEzMjE3LCJleHAiOjE1OTI0MDMwNDl9.rvHEe6nSChY3evpYPkq4oqkKO5MU5l52VXQJWlql4--5V-VkY8GZHn3rE3wyMz0lhmQL2tgZDlwBR0d9woh9mA"}', 'yes_or_no': 'YES', 'expected': '{"code": 0,"msg": "OK"}', 'actucal': "{'code': 0, 'msg': 'OK', 'data': {'id': 13217, 'leave_amount': 500046.45, 'mobile_phone': '15841177856', 'reg_name': '柠檬5d!e2', 'reg_time': '2020-06-11 22:58:56.0', 'type': 1}, 'copyright': 'Copyright 柠檬班 © 2017-2020 湖南省零檬信息技术有限公司 All Rights Reserved'}", 'test_result': 'PASS'}
[2020-06-17 22:05:58,685]--test_withdraw.py--63--INFO:======================正在查询原始金额=======================
[2020-06-17 22:05:58,702]--test_withdraw.py--74--INFO:账户id为13217的账户原始金额是500047.00
[2020-06-17 22:05:58,702]--test_withdraw.py--77--INFO:======================正在查询原始提现流水记录条数=======================
[2020-06-17 22:05:58,727]--test_withdraw.py--81--INFO:账户id为13217的原始提现流水条数为66
[2020-06-17 22:05:58,804]--test_withdraw.py--93--INFO:======================正在查询提现后金额=======================
[2020-06-17 22:05:58,820]--test_withdraw.py--97--INFO:账户id为13217的账户提现后的金额是500044.45
[2020-06-17 22:05:58,821]--test_withdraw.py--98--INFO:账户id为13217的账户原始金额-提现金额后的余额是500044.45
[2020-06-17 22:05:58,821]--test_withdraw.py--99--INFO:======================正在金额比对=======================
[2020-06-17 22:05:58,821]--test_withdraw.py--102--INFO:======================正在查询提现后流水记录=======================
[2020-06-17 22:05:58,841]--test_withdraw.py--106--INFO:账户id为13217的提现后流水条数为67
[2020-06-17 22:05:58,841]--test_withdraw.py--107--INFO:======================正在提现流水比对=======================
[2020-06-17 22:05:58,842]--test_withdraw.py--110--INFO:第6条用例执行结果为PASS
[2020-06-17 22:05:58,842]--test_withdraw.py--116--INFO:*************开始回写数据***************
[2020-06-17 22:05:59,093]--test_withdraw.py--118--INFO:正在回写实际结果actual：{'code': 0, 'msg': 'OK', 'data': {'id': 13217, 'leave_amount': 500044.45, 'mobile_phone': '15841177856', 'reg_name': '柠檬5d!e2', 'reg_time': '2020-06-11 22:58:56.0', 'type': 1}, 'copyright': 'Copyright 柠檬班 © 2017-2020 湖南省零檬信息技术有限公司 All Rights Reserved'}
[2020-06-17 22:05:59,303]--test_withdraw.py--120--INFO:正在回写测试结果test_result：PASS
[2020-06-17 22:05:59,306]--test_withdraw.py--121--INFO:*************结束回写数据***************
[2020-06-17 22:05:59,336]--test_withdraw.py--49--INFO:******************正在执行withdraw模块用例******************
[2020-06-17 22:05:59,336]--test_withdraw.py--50--INFO:正在执行第7条用例:输入存在的账户id，提现金额小于账户余额，输入80.234
[2020-06-17 22:05:59,336]--test_withdraw.py--51--INFO:请求的数据是{'case_id': 7, 'interface': 'withdraw', 'title': '输入存在的账户id，提现金额小于账户余额，输入80.234', 'method': 'POST', 'url': '/member/withdraw', 'data': '{"member_id":"13217","amount":"80.234"}', 'headers': '{"X-Lemonban-Media-Type": "lemonban.v2","Authorization":"Bearer eyJhbGciOiJIUzUxMiJ9.eyJtZW1iZXJfaWQiOjEzMjE3LCJleHAiOjE1OTI0MDMwNDl9.rvHEe6nSChY3evpYPkq4oqkKO5MU5l52VXQJWlql4--5V-VkY8GZHn3rE3wyMz0lhmQL2tgZDlwBR0d9woh9mA"}', 'yes_or_no': 'NO', 'expected': '{"code": 2,"msg": "余额小数超过两位"}', 'actucal': "{'code': 2, 'msg': '余额小数超过两位', 'data': None, 'copyright': 'Copyright 柠檬班 © 2017-2020 湖南省零檬信息技术有限公司 All Rights Reserved'}", 'test_result': 'PASS'}
[2020-06-17 22:05:59,355]--test_withdraw.py--110--INFO:第7条用例执行结果为PASS
[2020-06-17 22:05:59,355]--test_withdraw.py--116--INFO:*************开始回写数据***************
[2020-06-17 22:05:59,582]--test_withdraw.py--118--INFO:正在回写实际结果actual：{'code': 2, 'msg': '余额小数超过两位', 'data': None, 'copyright': 'Copyright 柠檬班 © 2017-2020 湖南省零檬信息技术有限公司 All Rights Reserved'}
[2020-06-17 22:05:59,822]--test_withdraw.py--120--INFO:正在回写测试结果test_result：PASS
[2020-06-17 22:05:59,822]--test_withdraw.py--121--INFO:*************结束回写数据***************
[2020-06-17 22:05:59,854]--test_withdraw.py--49--INFO:******************正在执行withdraw模块用例******************
[2020-06-17 22:05:59,855]--test_withdraw.py--50--INFO:正在执行第8条用例:输入存在的账户id，金额输入非数字
[2020-06-17 22:05:59,855]--test_withdraw.py--51--INFO:请求的数据是{'case_id': 8, 'interface': 'withdraw', 'title': '输入存在的账户id，金额输入非数字', 'method': 'POST', 'url': '/member/withdraw', 'data': '{"member_id":"13217","amount":"fdfsd"}', 'headers': '{"X-Lemonban-Media-Type": "lemonban.v2","Authorization":"Bearer eyJhbGciOiJIUzUxMiJ9.eyJtZW1iZXJfaWQiOjEzMjE3LCJleHAiOjE1OTI0MDMwNDl9.rvHEe6nSChY3evpYPkq4oqkKO5MU5l52VXQJWlql4--5V-VkY8GZHn3rE3wyMz0lhmQL2tgZDlwBR0d9woh9mA"}', 'yes_or_no': 'NO', 'expected': '{"code": 2,"msg": "数值参数格式不正确"}', 'actucal': "{'code': 2, 'msg': '数值参数格式不正确', 'data': None, 'copyright': 'Copyright 柠檬班 © 2017-2020 湖南省零檬信息技术有限公司 All Rights Reserved'}", 'test_result': 'PASS'}
[2020-06-17 22:05:59,878]--test_withdraw.py--110--INFO:第8条用例执行结果为PASS
[2020-06-17 22:05:59,878]--test_withdraw.py--116--INFO:*************开始回写数据***************
[2020-06-17 22:06:00,171]--test_withdraw.py--118--INFO:正在回写实际结果actual：{'code': 2, 'msg': '数值参数格式不正确', 'data': None, 'copyright': 'Copyright 柠檬班 © 2017-2020 湖南省零檬信息技术有限公司 All Rights Reserved'}
[2020-06-17 22:06:00,406]--test_withdraw.py--120--INFO:正在回写测试结果test_result：PASS
[2020-06-17 22:06:00,406]--test_withdraw.py--121--INFO:*************结束回写数据***************
[2020-06-17 22:06:00,440]--test_withdraw.py--49--INFO:******************正在执行withdraw模块用例******************
[2020-06-17 22:06:00,441]--test_withdraw.py--50--INFO:正在执行第9条用例:输入存在的账户id，金额输入为空
[2020-06-17 22:06:00,441]--test_withdraw.py--51--INFO:请求的数据是{'case_id': 9, 'interface': 'withdraw', 'title': '输入存在的账户id，金额输入为空', 'method': 'POST', 'url': '/member/withdraw', 'data': '{"member_id":"13217","amount":""}', 'headers': '{"X-Lemonban-Media-Type": "lemonban.v2","Authorization":"Bearer eyJhbGciOiJIUzUxMiJ9.eyJtZW1iZXJfaWQiOjEzMjE3LCJleHAiOjE1OTI0MDMwNDl9.rvHEe6nSChY3evpYPkq4oqkKO5MU5l52VXQJWlql4--5V-VkY8GZHn3rE3wyMz0lhmQL2tgZDlwBR0d9woh9mA"}', 'yes_or_no': 'NO', 'expected': '{"code": 1,"msg": "余额为空"}', 'actucal': "{'code': 1, 'msg': '余额为空', 'data': None, 'copyright': 'Copyright 柠檬班 © 2017-2020 湖南省零檬信息技术有限公司 All Rights Reserved'}", 'test_result': 'PASS'}
[2020-06-17 22:06:00,459]--test_withdraw.py--110--INFO:第9条用例执行结果为PASS
[2020-06-17 22:06:00,459]--test_withdraw.py--116--INFO:*************开始回写数据***************
[2020-06-17 22:06:00,687]--test_withdraw.py--118--INFO:正在回写实际结果actual：{'code': 1, 'msg': '余额为空', 'data': None, 'copyright': 'Copyright 柠檬班 © 2017-2020 湖南省零檬信息技术有限公司 All Rights Reserved'}
[2020-06-17 22:06:00,915]--test_withdraw.py--120--INFO:正在回写测试结果test_result：PASS
[2020-06-17 22:06:00,916]--test_withdraw.py--121--INFO:*************结束回写数据***************
[2020-06-17 22:06:01,948]--test_withdraw.py--49--INFO:******************正在执行withdraw模块用例******************
[2020-06-17 22:06:01,948]--test_withdraw.py--50--INFO:正在执行第10条用例:输入存在的账户id，金额输入大于账户余额
[2020-06-17 22:06:01,948]--test_withdraw.py--51--INFO:请求的数据是{'case_id': 10, 'interface': 'withdraw', 'title': '输入存在的账户id，金额输入大于账户余额', 'method': 'POST', 'url': '/member/withdraw', 'data': '{"member_id":"#max_id#","amount":"#amt#"}', 'headers': '{"X-Lemonban-Media-Type": "lemonban.v2","Authorization":"Bearer eyJhbGciOiJIUzUxMiJ9.eyJtZW1iZXJfaWQiOjEzMjE3LCJleHAiOjE1OTI0MDMwNDl9.rvHEe6nSChY3evpYPkq4oqkKO5MU5l52VXQJWlql4--5V-VkY8GZHn3rE3wyMz0lhmQL2tgZDlwBR0d9woh9mA"}', 'yes_or_no': 'NO', 'expected': '{"code": 1002,"msg": "余额不足"}', 'actucal': "{'code': 1002, 'msg': '余额不足', 'data': None, 'copyright': 'Copyright 柠檬班 © 2017-2020 湖南省零檬信息技术有限公司 All Rights Reserved'}", 'test_result': 'PASS'}
[2020-06-17 22:06:01,995]--test_withdraw.py--110--INFO:第10条用例执行结果为PASS
[2020-06-17 22:06:01,995]--test_withdraw.py--116--INFO:*************开始回写数据***************
[2020-06-17 22:06:02,224]--test_withdraw.py--118--INFO:正在回写实际结果actual：{'code': 1002, 'msg': '余额不足', 'data': None, 'copyright': 'Copyright 柠檬班 © 2017-2020 湖南省零檬信息技术有限公司 All Rights Reserved'}
[2020-06-17 22:06:02,445]--test_withdraw.py--120--INFO:正在回写测试结果test_result：PASS
[2020-06-17 22:06:02,445]--test_withdraw.py--121--INFO:*************结束回写数据***************
[2020-06-17 22:06:03,465]--test_withdraw.py--49--INFO:******************正在执行withdraw模块用例******************
[2020-06-17 22:06:03,466]--test_withdraw.py--50--INFO:正在执行第11条用例:输入不存在的账户id
[2020-06-17 22:06:03,466]--test_withdraw.py--51--INFO:请求的数据是{'case_id': 11, 'interface': 'withdraw', 'title': '输入不存在的账户id', 'method': 'POST', 'url': '/member/withdraw', 'data': '{"member_id":"88888","amount":"58"}', 'headers': '{"X-Lemonban-Media-Type": "lemonban.v2","Authorization":"Bearer eyJhbGciOiJIUzUxMiJ9.eyJtZW1iZXJfaWQiOjEzMjE3LCJleHAiOjE1OTI0MDMwNDl9.rvHEe6nSChY3evpYPkq4oqkKO5MU5l52VXQJWlql4--5V-VkY8GZHn3rE3wyMz0lhmQL2tgZDlwBR0d9woh9mA"}', 'yes_or_no': 'NO', 'expected': '{"code": 2,"msg": "会员不存在"}', 'actucal': "{'code': 2, 'msg': '会员不存在', 'data': None, 'copyright': 'Copyright 柠檬班 © 2017-2020 湖南省零檬信息技术有限公司 All Rights Reserved'}", 'test_result': 'PASS'}
[2020-06-17 22:06:03,489]--test_withdraw.py--110--INFO:第11条用例执行结果为PASS
[2020-06-17 22:06:03,489]--test_withdraw.py--116--INFO:*************开始回写数据***************
[2020-06-17 22:06:03,716]--test_withdraw.py--118--INFO:正在回写实际结果actual：{'code': 2, 'msg': '会员不存在', 'data': None, 'copyright': 'Copyright 柠檬班 © 2017-2020 湖南省零檬信息技术有限公司 All Rights Reserved'}
[2020-06-17 22:06:03,942]--test_withdraw.py--120--INFO:正在回写测试结果test_result：PASS
[2020-06-17 22:06:03,942]--test_withdraw.py--121--INFO:*************结束回写数据***************
[2020-06-17 22:06:03,963]--test_withdraw.py--49--INFO:******************正在执行withdraw模块用例******************
[2020-06-17 22:06:03,964]--test_withdraw.py--50--INFO:正在执行第12条用例:账户id输入为空
[2020-06-17 22:06:03,964]--test_withdraw.py--51--INFO:请求的数据是{'case_id': 12, 'interface': 'withdraw', 'title': '账户id输入为空', 'method': 'POST', 'url': '/member/withdraw', 'data': '{"member_id":"","amount":"155"}', 'headers': '{"X-Lemonban-Media-Type": "lemonban.v2","Authorization":"Bearer eyJhbGciOiJIUzUxMiJ9.eyJtZW1iZXJfaWQiOjEzMjE3LCJleHAiOjE1OTI0MDMwNDl9.rvHEe6nSChY3evpYPkq4oqkKO5MU5l52VXQJWlql4--5V-VkY8GZHn3rE3wyMz0lhmQL2tgZDlwBR0d9woh9mA"}', 'yes_or_no': 'NO', 'expected': '{"code": 1,"msg": "会员id为空"}', 'actucal': "{'code': 1, 'msg': '会员id为空', 'data': None, 'copyright': 'Copyright 柠檬班 © 2017-2020 湖南省零檬信息技术有限公司 All Rights Reserved'}", 'test_result': 'PASS'}
[2020-06-17 22:06:03,984]--test_withdraw.py--110--INFO:第12条用例执行结果为PASS
[2020-06-17 22:06:03,984]--test_withdraw.py--116--INFO:*************开始回写数据***************
[2020-06-17 22:06:04,272]--test_withdraw.py--118--INFO:正在回写实际结果actual：{'code': 1, 'msg': '会员id为空', 'data': None, 'copyright': 'Copyright 柠檬班 © 2017-2020 湖南省零檬信息技术有限公司 All Rights Reserved'}
[2020-06-17 22:06:04,491]--test_withdraw.py--120--INFO:正在回写测试结果test_result：PASS
[2020-06-17 22:06:04,491]--test_withdraw.py--121--INFO:*************结束回写数据***************
