[2020-06-20 00:13:07,606]--test_recharge.py--47--INFO:******************正在执行recharge模块用例******************
[2020-06-20 00:13:07,607]--test_recharge.py--48--INFO:正在执行第1条用例:输入存在的账户id，金额输入1
[2020-06-20 00:13:07,608]--test_recharge.py--49--INFO:请求的数据是{'case_id': 1, 'interface': 'recharge', 'title': '输入存在的账户id，金额输入1', 'method': 'POST', 'url': '/member/recharge', 'data': '{"member_id":"13217","amount":"1"}', 'headers': '{"X-Lemonban-Media-Type": "lemonban.v2","Authorization":"Bearer eyJhbGciOiJIUzUxMiJ9.eyJtZW1iZXJfaWQiOjEzMjE3LCJleHAiOjE1OTI1ODM0ODd9.92iXuOqGntzzG3ayITPPIMWXdRIArG-iOIEi17HtfVbFvqpUrUkbnwxvKptj0Ki3NuJGZC0vN9zWj1wl_K2vBg"}', 'yes_or_no': 'YES', 'expected': '{"code": 0,"msg": "OK"}', 'actucal': "{'code': 0, 'msg': 'OK', 'data': {'id': 13217, 'leave_amount': 100001.0, 'mobile_phone': '15841177856', 'reg_name': '柠檬5d!e2', 'reg_time': '2020-06-11 22:58:56.0', 'type': 1}, 'copyright': 'Copyright 柠檬班 © 2017-2020 湖南省零檬信息技术有限公司 All Rights Reserved'}", 'test_result': 'PASS'}
[2020-06-20 00:13:07,609]--test_recharge.py--53--INFO:======================正在查询原始金额=======================
[2020-06-20 00:13:07,625]--test_recharge.py--56--INFO:账户id为13217的账户原始金额是{'leave_amount': Decimal('1099999.55')}
[2020-06-20 00:13:07,626]--test_recharge.py--61--INFO:======================正在查询原始充值流水记录条数=======================
[2020-06-20 00:13:07,650]--test_recharge.py--64--INFO:账户id为13217的原始充值流水条数为{'record_num': 60}
[2020-06-20 00:13:07,685]--test_recharge.py--80--INFO:======================正在查询充值后金额=======================
[2020-06-20 00:13:07,701]--test_recharge.py--83--INFO:账户id为13217的账户充值后的金额是{'leave_amount': Decimal('1100000.55')}
[2020-06-20 00:13:07,702]--test_recharge.py--85--INFO:账户id为13217的账户原始金额与充值金额求和的金额是1100000.55
[2020-06-20 00:13:07,702]--test_recharge.py--86--INFO:======================正在金额比对=======================
[2020-06-20 00:13:07,702]--test_recharge.py--89--INFO:======================正在查询充值后流水记录=======================
[2020-06-20 00:13:07,726]--test_recharge.py--93--INFO:账户id为13217的充值后流水条数为{'record_num': 61}
[2020-06-20 00:13:07,726]--test_recharge.py--94--INFO:======================正在充值流水比对=======================
[2020-06-20 00:13:07,726]--test_recharge.py--98--INFO:第1条用例执行结果为PASS
[2020-06-20 00:13:07,726]--test_recharge.py--105--INFO:*************开始回写数据***************
[2020-06-20 00:13:08,233]--test_recharge.py--108--INFO:正在回写实际结果actual：{'code': 0, 'msg': 'OK', 'data': {'id': 13217, 'leave_amount': 1100000.55, 'mobile_phone': '15841177856', 'reg_name': '柠檬5d!e2', 'reg_time': '2020-06-11 22:58:56.0', 'type': 1}, 'copyright': 'Copyright 柠檬班 © 2017-2020 湖南省零檬信息技术有限公司 All Rights Reserved'}
[2020-06-20 00:13:08,649]--test_recharge.py--111--INFO:正在回写测试结果test_result：PASS
[2020-06-20 00:13:08,649]--test_recharge.py--112--INFO:*************结束回写数据***************
[2020-06-20 00:13:08,686]--test_recharge.py--47--INFO:******************正在执行recharge模块用例******************
[2020-06-20 00:13:08,686]--test_recharge.py--48--INFO:正在执行第2条用例:输入存在的账户id，金额输入500000
[2020-06-20 00:13:08,687]--test_recharge.py--49--INFO:请求的数据是{'case_id': 2, 'interface': 'recharge', 'title': '输入存在的账户id，金额输入500000', 'method': 'POST', 'url': '/member/recharge', 'data': '{"member_id":"13217","amount":"500000"}', 'headers': '{"X-Lemonban-Media-Type": "lemonban.v2","Authorization":"Bearer eyJhbGciOiJIUzUxMiJ9.eyJtZW1iZXJfaWQiOjEzMjE3LCJleHAiOjE1OTI1ODM0ODd9.92iXuOqGntzzG3ayITPPIMWXdRIArG-iOIEi17HtfVbFvqpUrUkbnwxvKptj0Ki3NuJGZC0vN9zWj1wl_K2vBg"}', 'yes_or_no': 'YES', 'expected': '{"code": 0,"msg": "OK"}', 'actucal': "{'code': 0, 'msg': 'OK', 'data': {'id': 13217, 'leave_amount': 600001.0, 'mobile_phone': '15841177856', 'reg_name': '柠檬5d!e2', 'reg_time': '2020-06-11 22:58:56.0', 'type': 1}, 'copyright': 'Copyright 柠檬班 © 2017-2020 湖南省零檬信息技术有限公司 All Rights Reserved'}", 'test_result': 'PASS'}
[2020-06-20 00:13:08,688]--test_recharge.py--53--INFO:======================正在查询原始金额=======================
[2020-06-20 00:13:08,705]--test_recharge.py--56--INFO:账户id为13217的账户原始金额是{'leave_amount': Decimal('1100000.55')}
[2020-06-20 00:13:08,706]--test_recharge.py--61--INFO:======================正在查询原始充值流水记录条数=======================
[2020-06-20 00:13:08,729]--test_recharge.py--64--INFO:账户id为13217的原始充值流水条数为{'record_num': 61}
[2020-06-20 00:13:08,759]--test_recharge.py--80--INFO:======================正在查询充值后金额=======================
[2020-06-20 00:13:08,777]--test_recharge.py--83--INFO:账户id为13217的账户充值后的金额是{'leave_amount': Decimal('1600000.55')}
[2020-06-20 00:13:08,778]--test_recharge.py--85--INFO:账户id为13217的账户原始金额与充值金额求和的金额是1600000.55
[2020-06-20 00:13:08,778]--test_recharge.py--86--INFO:======================正在金额比对=======================
[2020-06-20 00:13:08,778]--test_recharge.py--89--INFO:======================正在查询充值后流水记录=======================
[2020-06-20 00:13:08,801]--test_recharge.py--93--INFO:账户id为13217的充值后流水条数为{'record_num': 62}
[2020-06-20 00:13:08,801]--test_recharge.py--94--INFO:======================正在充值流水比对=======================
[2020-06-20 00:13:08,801]--test_recharge.py--98--INFO:第2条用例执行结果为PASS
[2020-06-20 00:13:08,801]--test_recharge.py--105--INFO:*************开始回写数据***************
[2020-06-20 00:13:09,276]--test_recharge.py--108--INFO:正在回写实际结果actual：{'code': 0, 'msg': 'OK', 'data': {'id': 13217, 'leave_amount': 1600000.55, 'mobile_phone': '15841177856', 'reg_name': '柠檬5d!e2', 'reg_time': '2020-06-11 22:58:56.0', 'type': 1}, 'copyright': 'Copyright 柠檬班 © 2017-2020 湖南省零檬信息技术有限公司 All Rights Reserved'}
[2020-06-20 00:13:09,694]--test_recharge.py--111--INFO:正在回写测试结果test_result：PASS
[2020-06-20 00:13:09,695]--test_recharge.py--112--INFO:*************结束回写数据***************
[2020-06-20 00:13:09,715]--test_recharge.py--47--INFO:******************正在执行recharge模块用例******************
[2020-06-20 00:13:09,716]--test_recharge.py--48--INFO:正在执行第3条用例:输入存在的账户id，金额输入500001
[2020-06-20 00:13:09,716]--test_recharge.py--49--INFO:请求的数据是{'case_id': 3, 'interface': 'recharge', 'title': '输入存在的账户id，金额输入500001', 'method': 'POST', 'url': '/member/recharge', 'data': '{"member_id":"13217","amount":"500001"}', 'headers': '{"X-Lemonban-Media-Type": "lemonban.v2","Authorization":"Bearer eyJhbGciOiJIUzUxMiJ9.eyJtZW1iZXJfaWQiOjEzMjE3LCJleHAiOjE1OTI1ODM0ODd9.92iXuOqGntzzG3ayITPPIMWXdRIArG-iOIEi17HtfVbFvqpUrUkbnwxvKptj0Ki3NuJGZC0vN9zWj1wl_K2vBg"}', 'yes_or_no': 'NO', 'expected': '{"code": 2,"msg": "余额必须大于0并且小于或者等于500000"}', 'actucal': "{'code': 2, 'msg': '余额必须大于0并且小于或者等于500000', 'data': None, 'copyright': 'Copyright 柠檬班 © 2017-2020 湖南省零檬信息技术有限公司 All Rights Reserved'}", 'test_result': 'PASS'}
[2020-06-20 00:13:09,737]--test_recharge.py--98--INFO:第3条用例执行结果为PASS
[2020-06-20 00:13:09,738]--test_recharge.py--105--INFO:*************开始回写数据***************
[2020-06-20 00:13:10,165]--test_recharge.py--108--INFO:正在回写实际结果actual：{'code': 2, 'msg': '余额必须大于0并且小于或者等于500000', 'data': None, 'copyright': 'Copyright 柠檬班 © 2017-2020 湖南省零檬信息技术有限公司 All Rights Reserved'}
[2020-06-20 00:13:10,575]--test_recharge.py--111--INFO:正在回写测试结果test_result：PASS
[2020-06-20 00:13:10,575]--test_recharge.py--112--INFO:*************结束回写数据***************
[2020-06-20 00:13:10,637]--test_recharge.py--47--INFO:******************正在执行recharge模块用例******************
[2020-06-20 00:13:10,637]--test_recharge.py--48--INFO:正在执行第4条用例:输入存在的账户id，金额输入负数
[2020-06-20 00:13:10,638]--test_recharge.py--49--INFO:请求的数据是{'case_id': 4, 'interface': 'recharge', 'title': '输入存在的账户id，金额输入负数', 'method': 'POST', 'url': '/member/recharge', 'data': '{"member_id":"13217","amount":"-50"}', 'headers': '{"X-Lemonban-Media-Type": "lemonban.v2","Authorization":"Bearer eyJhbGciOiJIUzUxMiJ9.eyJtZW1iZXJfaWQiOjEzMjE3LCJleHAiOjE1OTI1ODM0ODd9.92iXuOqGntzzG3ayITPPIMWXdRIArG-iOIEi17HtfVbFvqpUrUkbnwxvKptj0Ki3NuJGZC0vN9zWj1wl_K2vBg"}', 'yes_or_no': 'NO', 'expected': '{"code": 2,"msg": "余额必须大于0并且小于或者等于500000"}', 'actucal': "{'code': 2, 'msg': '余额必须大于0并且小于或者等于500000', 'data': None, 'copyright': 'Copyright 柠檬班 © 2017-2020 湖南省零檬信息技术有限公司 All Rights Reserved'}", 'test_result': 'PASS'}
[2020-06-20 00:13:10,661]--test_recharge.py--98--INFO:第4条用例执行结果为PASS
[2020-06-20 00:13:10,661]--test_recharge.py--105--INFO:*************开始回写数据***************
[2020-06-20 00:13:11,086]--test_recharge.py--108--INFO:正在回写实际结果actual：{'code': 2, 'msg': '余额必须大于0并且小于或者等于500000', 'data': None, 'copyright': 'Copyright 柠檬班 © 2017-2020 湖南省零檬信息技术有限公司 All Rights Reserved'}
[2020-06-20 00:13:11,513]--test_recharge.py--111--INFO:正在回写测试结果test_result：PASS
[2020-06-20 00:13:11,513]--test_recharge.py--112--INFO:*************结束回写数据***************
[2020-06-20 00:13:11,539]--test_recharge.py--47--INFO:******************正在执行recharge模块用例******************
[2020-06-20 00:13:11,540]--test_recharge.py--48--INFO:正在执行第5条用例:输入存在的账户id，金额输入0
[2020-06-20 00:13:11,540]--test_recharge.py--49--INFO:请求的数据是{'case_id': 5, 'interface': 'recharge', 'title': '输入存在的账户id，金额输入0', 'method': 'POST', 'url': '/member/recharge', 'data': '{"member_id":"13217","amount":"0"}', 'headers': '{"X-Lemonban-Media-Type": "lemonban.v2","Authorization":"Bearer eyJhbGciOiJIUzUxMiJ9.eyJtZW1iZXJfaWQiOjEzMjE3LCJleHAiOjE1OTI1ODM0ODd9.92iXuOqGntzzG3ayITPPIMWXdRIArG-iOIEi17HtfVbFvqpUrUkbnwxvKptj0Ki3NuJGZC0vN9zWj1wl_K2vBg"}', 'yes_or_no': 'YES', 'expected': '{"code": 0,"msg": "OK"}', 'actucal': "{'code': 0, 'msg': 'OK', 'data': {'id': 13217, 'leave_amount': 600001.0, 'mobile_phone': '15841177856', 'reg_name': '柠檬5d!e2', 'reg_time': '2020-06-11 22:58:56.0', 'type': 1}, 'copyright': 'Copyright 柠檬班 © 2017-2020 湖南省零檬信息技术有限公司 All Rights Reserved'}", 'test_result': 'PASS'}
[2020-06-20 00:13:11,540]--test_recharge.py--53--INFO:======================正在查询原始金额=======================
[2020-06-20 00:13:11,551]--test_recharge.py--56--INFO:账户id为13217的账户原始金额是{'leave_amount': Decimal('1600000.55')}
[2020-06-20 00:13:11,551]--test_recharge.py--61--INFO:======================正在查询原始充值流水记录条数=======================
[2020-06-20 00:13:11,569]--test_recharge.py--64--INFO:账户id为13217的原始充值流水条数为{'record_num': 62}
[2020-06-20 00:13:11,601]--test_recharge.py--80--INFO:======================正在查询充值后金额=======================
[2020-06-20 00:13:11,612]--test_recharge.py--83--INFO:账户id为13217的账户充值后的金额是{'leave_amount': Decimal('1600000.55')}
[2020-06-20 00:13:11,613]--test_recharge.py--85--INFO:账户id为13217的账户原始金额与充值金额求和的金额是1600000.55
[2020-06-20 00:13:11,613]--test_recharge.py--86--INFO:======================正在金额比对=======================
[2020-06-20 00:13:11,613]--test_recharge.py--89--INFO:======================正在查询充值后流水记录=======================
[2020-06-20 00:13:11,630]--test_recharge.py--93--INFO:账户id为13217的充值后流水条数为{'record_num': 63}
[2020-06-20 00:13:11,630]--test_recharge.py--94--INFO:======================正在充值流水比对=======================
[2020-06-20 00:13:11,631]--test_recharge.py--98--INFO:第5条用例执行结果为PASS
[2020-06-20 00:13:11,631]--test_recharge.py--105--INFO:*************开始回写数据***************
[2020-06-20 00:13:12,059]--test_recharge.py--108--INFO:正在回写实际结果actual：{'code': 0, 'msg': 'OK', 'data': {'id': 13217, 'leave_amount': 1600000.55, 'mobile_phone': '15841177856', 'reg_name': '柠檬5d!e2', 'reg_time': '2020-06-11 22:58:56.0', 'type': 1}, 'copyright': 'Copyright 柠檬班 © 2017-2020 湖南省零檬信息技术有限公司 All Rights Reserved'}
[2020-06-20 00:13:12,459]--test_recharge.py--111--INFO:正在回写测试结果test_result：PASS
[2020-06-20 00:13:12,459]--test_recharge.py--112--INFO:*************结束回写数据***************
[2020-06-20 00:13:12,490]--test_recharge.py--47--INFO:******************正在执行recharge模块用例******************
[2020-06-20 00:13:12,490]--test_recharge.py--48--INFO:正在执行第6条用例:输入存在的账户id，金额输入小数位为两位
[2020-06-20 00:13:12,490]--test_recharge.py--49--INFO:请求的数据是{'case_id': 6, 'interface': 'recharge', 'title': '输入存在的账户id，金额输入小数位为两位', 'method': 'POST', 'url': '/member/recharge', 'data': '{"member_id":"13217","amount":"0.55"}', 'headers': '{"X-Lemonban-Media-Type": "lemonban.v2","Authorization":"Bearer eyJhbGciOiJIUzUxMiJ9.eyJtZW1iZXJfaWQiOjEzMjE3LCJleHAiOjE1OTI1ODM0ODd9.92iXuOqGntzzG3ayITPPIMWXdRIArG-iOIEi17HtfVbFvqpUrUkbnwxvKptj0Ki3NuJGZC0vN9zWj1wl_K2vBg"}', 'yes_or_no': 'YES', 'expected': '{"code": 0,"msg": "OK"}', 'actucal': "{'code': 0, 'msg': 'OK', 'data': {'id': 13217, 'leave_amount': 600001.55, 'mobile_phone': '15841177856', 'reg_name': '柠檬5d!e2', 'reg_time': '2020-06-11 22:58:56.0', 'type': 1}, 'copyright': 'Copyright 柠檬班 © 2017-2020 湖南省零檬信息技术有限公司 All Rights Reserved'}", 'test_result': 'PASS'}
[2020-06-20 00:13:12,491]--test_recharge.py--53--INFO:======================正在查询原始金额=======================
[2020-06-20 00:13:12,506]--test_recharge.py--56--INFO:账户id为13217的账户原始金额是{'leave_amount': Decimal('1600000.55')}
[2020-06-20 00:13:12,507]--test_recharge.py--61--INFO:======================正在查询原始充值流水记录条数=======================
[2020-06-20 00:13:12,527]--test_recharge.py--64--INFO:账户id为13217的原始充值流水条数为{'record_num': 63}
[2020-06-20 00:13:12,557]--test_recharge.py--80--INFO:======================正在查询充值后金额=======================
[2020-06-20 00:13:12,572]--test_recharge.py--83--INFO:账户id为13217的账户充值后的金额是{'leave_amount': Decimal('1600001.10')}
[2020-06-20 00:13:12,572]--test_recharge.py--85--INFO:账户id为13217的账户原始金额与充值金额求和的金额是1600001.10
[2020-06-20 00:13:12,572]--test_recharge.py--86--INFO:======================正在金额比对=======================
[2020-06-20 00:13:12,573]--test_recharge.py--89--INFO:======================正在查询充值后流水记录=======================
[2020-06-20 00:13:12,593]--test_recharge.py--93--INFO:账户id为13217的充值后流水条数为{'record_num': 64}
[2020-06-20 00:13:12,594]--test_recharge.py--94--INFO:======================正在充值流水比对=======================
[2020-06-20 00:13:12,594]--test_recharge.py--98--INFO:第6条用例执行结果为PASS
[2020-06-20 00:13:12,594]--test_recharge.py--105--INFO:*************开始回写数据***************
[2020-06-20 00:13:13,008]--test_recharge.py--108--INFO:正在回写实际结果actual：{'code': 0, 'msg': 'OK', 'data': {'id': 13217, 'leave_amount': 1600001.1, 'mobile_phone': '15841177856', 'reg_name': '柠檬5d!e2', 'reg_time': '2020-06-11 22:58:56.0', 'type': 1}, 'copyright': 'Copyright 柠檬班 © 2017-2020 湖南省零檬信息技术有限公司 All Rights Reserved'}
[2020-06-20 00:13:13,420]--test_recharge.py--111--INFO:正在回写测试结果test_result：PASS
[2020-06-20 00:13:13,422]--test_recharge.py--112--INFO:*************结束回写数据***************
[2020-06-20 00:13:13,455]--test_recharge.py--47--INFO:******************正在执行recharge模块用例******************
[2020-06-20 00:13:13,456]--test_recharge.py--48--INFO:正在执行第7条用例:输入存在的账户id，金额输入小数位为三位
[2020-06-20 00:13:13,456]--test_recharge.py--49--INFO:请求的数据是{'case_id': 7, 'interface': 'recharge', 'title': '输入存在的账户id，金额输入小数位为三位', 'method': 'POST', 'url': '/member/recharge', 'data': '{"member_id":"13217","amount":"5.689"}', 'headers': '{"X-Lemonban-Media-Type": "lemonban.v2","Authorization":"Bearer eyJhbGciOiJIUzUxMiJ9.eyJtZW1iZXJfaWQiOjEzMjE3LCJleHAiOjE1OTI1ODM0ODd9.92iXuOqGntzzG3ayITPPIMWXdRIArG-iOIEi17HtfVbFvqpUrUkbnwxvKptj0Ki3NuJGZC0vN9zWj1wl_K2vBg"}', 'yes_or_no': 'NO', 'expected': '{"code": 2,"msg": "余额小数超过两位"}', 'actucal': "{'code': 2, 'msg': '余额小数超过两位', 'data': None, 'copyright': 'Copyright 柠檬班 © 2017-2020 湖南省零檬信息技术有限公司 All Rights Reserved'}", 'test_result': 'PASS'}
[2020-06-20 00:13:13,475]--test_recharge.py--98--INFO:第7条用例执行结果为PASS
[2020-06-20 00:13:13,475]--test_recharge.py--105--INFO:*************开始回写数据***************
[2020-06-20 00:13:13,877]--test_recharge.py--108--INFO:正在回写实际结果actual：{'code': 2, 'msg': '余额小数超过两位', 'data': None, 'copyright': 'Copyright 柠檬班 © 2017-2020 湖南省零檬信息技术有限公司 All Rights Reserved'}
[2020-06-20 00:13:14,363]--test_recharge.py--111--INFO:正在回写测试结果test_result：PASS
[2020-06-20 00:13:14,363]--test_recharge.py--112--INFO:*************结束回写数据***************
[2020-06-20 00:13:14,399]--test_recharge.py--47--INFO:******************正在执行recharge模块用例******************
[2020-06-20 00:13:14,400]--test_recharge.py--48--INFO:正在执行第8条用例:输入存在的账户id，金额输入非数字
[2020-06-20 00:13:14,400]--test_recharge.py--49--INFO:请求的数据是{'case_id': 8, 'interface': 'recharge', 'title': '输入存在的账户id，金额输入非数字', 'method': 'POST', 'url': '/member/recharge', 'data': '{"member_id":"13217","amount":"fdfsd"}', 'headers': '{"X-Lemonban-Media-Type": "lemonban.v2","Authorization":"Bearer eyJhbGciOiJIUzUxMiJ9.eyJtZW1iZXJfaWQiOjEzMjE3LCJleHAiOjE1OTI1ODM0ODd9.92iXuOqGntzzG3ayITPPIMWXdRIArG-iOIEi17HtfVbFvqpUrUkbnwxvKptj0Ki3NuJGZC0vN9zWj1wl_K2vBg"}', 'yes_or_no': 'NO', 'expected': '{"code": 2,"msg": "余额必须为数值型"}', 'actucal': "{'code': 2, 'msg': '余额必须为数值型', 'data': None, 'copyright': 'Copyright 柠檬班 © 2017-2020 湖南省零檬信息技术有限公司 All Rights Reserved'}", 'test_result': 'PASS'}
[2020-06-20 00:13:14,424]--test_recharge.py--98--INFO:第8条用例执行结果为PASS
[2020-06-20 00:13:14,424]--test_recharge.py--105--INFO:*************开始回写数据***************
[2020-06-20 00:13:14,899]--test_recharge.py--108--INFO:正在回写实际结果actual：{'code': 2, 'msg': '余额必须为数值型', 'data': None, 'copyright': 'Copyright 柠檬班 © 2017-2020 湖南省零檬信息技术有限公司 All Rights Reserved'}
[2020-06-20 00:13:15,330]--test_recharge.py--111--INFO:正在回写测试结果test_result：PASS
[2020-06-20 00:13:15,330]--test_recharge.py--112--INFO:*************结束回写数据***************
[2020-06-20 00:13:15,354]--test_recharge.py--47--INFO:******************正在执行recharge模块用例******************
[2020-06-20 00:13:15,354]--test_recharge.py--48--INFO:正在执行第9条用例:输入存在的账户id，金额输入为空
[2020-06-20 00:13:15,355]--test_recharge.py--49--INFO:请求的数据是{'case_id': 9, 'interface': 'recharge', 'title': '输入存在的账户id，金额输入为空', 'method': 'POST', 'url': '/member/recharge', 'data': '{"member_id":"13217","amount":""}', 'headers': '{"X-Lemonban-Media-Type": "lemonban.v2","Authorization":"Bearer eyJhbGciOiJIUzUxMiJ9.eyJtZW1iZXJfaWQiOjEzMjE3LCJleHAiOjE1OTI1ODM0ODd9.92iXuOqGntzzG3ayITPPIMWXdRIArG-iOIEi17HtfVbFvqpUrUkbnwxvKptj0Ki3NuJGZC0vN9zWj1wl_K2vBg"}', 'yes_or_no': 'NO', 'expected': '{"code": 1,"msg": "余额为空"}', 'actucal': "{'code': 1, 'msg': '余额为空', 'data': None, 'copyright': 'Copyright 柠檬班 © 2017-2020 湖南省零檬信息技术有限公司 All Rights Reserved'}", 'test_result': 'PASS'}
[2020-06-20 00:13:15,376]--test_recharge.py--98--INFO:第9条用例执行结果为PASS
[2020-06-20 00:13:15,376]--test_recharge.py--105--INFO:*************开始回写数据***************
[2020-06-20 00:13:15,766]--test_recharge.py--108--INFO:正在回写实际结果actual：{'code': 1, 'msg': '余额为空', 'data': None, 'copyright': 'Copyright 柠檬班 © 2017-2020 湖南省零檬信息技术有限公司 All Rights Reserved'}
[2020-06-20 00:13:16,160]--test_recharge.py--111--INFO:正在回写测试结果test_result：PASS
[2020-06-20 00:13:16,161]--test_recharge.py--112--INFO:*************结束回写数据***************
[2020-06-20 00:13:16,185]--test_recharge.py--47--INFO:******************正在执行recharge模块用例******************
[2020-06-20 00:13:16,186]--test_recharge.py--48--INFO:正在执行第10条用例:输入不存在的账户id
[2020-06-20 00:13:16,186]--test_recharge.py--49--INFO:请求的数据是{'case_id': 10, 'interface': 'recharge', 'title': '输入不存在的账户id', 'method': 'POST', 'url': '/member/recharge', 'data': '{"member_id":"8d88","amount":"58"}', 'headers': '{"X-Lemonban-Media-Type": "lemonban.v2","Authorization":"Bearer eyJhbGciOiJIUzUxMiJ9.eyJtZW1iZXJfaWQiOjEzMjE3LCJleHAiOjE1OTI1ODM0ODd9.92iXuOqGntzzG3ayITPPIMWXdRIArG-iOIEi17HtfVbFvqpUrUkbnwxvKptj0Ki3NuJGZC0vN9zWj1wl_K2vBg"}', 'yes_or_no': 'NO', 'expected': '{"code": 2,"msg": "会员不存在"}', 'actucal': "{'code': 2, 'msg': '数字格式化异常', 'data': None, 'copyright': 'Copyright 柠檬班 © 2017-2020 湖南省零檬信息技术有限公司 All Rights Reserved'}", 'test_result': 'FAILED'}
[2020-06-20 00:13:16,208]--test_recharge.py--100--ERROR:执行接口测试出现错误，错误是False is not true
[2020-06-20 00:13:16,208]--test_recharge.py--103--ERROR:第10条用例执行结果为FAILED
[2020-06-20 00:13:16,208]--test_recharge.py--105--INFO:*************开始回写数据***************
[2020-06-20 00:13:16,709]--test_recharge.py--108--INFO:正在回写实际结果actual：{'code': 2, 'msg': '数字格式化异常', 'data': None, 'copyright': 'Copyright 柠檬班 © 2017-2020 湖南省零檬信息技术有限公司 All Rights Reserved'}
[2020-06-20 00:13:17,111]--test_recharge.py--111--INFO:正在回写测试结果test_result：FAILED
[2020-06-20 00:13:17,111]--test_recharge.py--112--INFO:*************结束回写数据***************
[2020-06-20 00:13:17,147]--test_recharge.py--47--INFO:******************正在执行recharge模块用例******************
[2020-06-20 00:13:17,148]--test_recharge.py--48--INFO:正在执行第11条用例:账户id输入为空
[2020-06-20 00:13:17,148]--test_recharge.py--49--INFO:请求的数据是{'case_id': 11, 'interface': 'recharge', 'title': '账户id输入为空', 'method': 'POST', 'url': '/member/recharge', 'data': '{"member_id":"","amount":"155"}', 'headers': '{"X-Lemonban-Media-Type": "lemonban.v2","Authorization":"Bearer eyJhbGciOiJIUzUxMiJ9.eyJtZW1iZXJfaWQiOjEzMjE3LCJleHAiOjE1OTI1ODM0ODd9.92iXuOqGntzzG3ayITPPIMWXdRIArG-iOIEi17HtfVbFvqpUrUkbnwxvKptj0Ki3NuJGZC0vN9zWj1wl_K2vBg"}', 'yes_or_no': 'NO', 'expected': '{"code": 1,"msg": "用户id为空"}', 'actucal': "{'code': 1, 'msg': '用户id为空', 'data': None, 'copyright': 'Copyright 柠檬班 © 2017-2020 湖南省零檬信息技术有限公司 All Rights Reserved'}", 'test_result': 'PASS'}
[2020-06-20 00:13:17,169]--test_recharge.py--98--INFO:第11条用例执行结果为PASS
[2020-06-20 00:13:17,169]--test_recharge.py--105--INFO:*************开始回写数据***************
[2020-06-20 00:13:17,568]--test_recharge.py--108--INFO:正在回写实际结果actual：{'code': 1, 'msg': '用户id为空', 'data': None, 'copyright': 'Copyright 柠檬班 © 2017-2020 湖南省零檬信息技术有限公司 All Rights Reserved'}
[2020-06-20 00:13:17,973]--test_recharge.py--111--INFO:正在回写测试结果test_result：PASS
[2020-06-20 00:13:17,973]--test_recharge.py--112--INFO:*************结束回写数据***************
