[2020-06-20 00:19:44,667]--test_recharge.py--48--INFO:******************正在执行recharge模块用例******************
[2020-06-20 00:19:44,668]--test_recharge.py--49--INFO:正在执行第1条用例:输入存在的账户id，金额输入1
[2020-06-20 00:19:44,669]--test_recharge.py--50--INFO:请求的数据是{'case_id': 1, 'interface': 'recharge', 'title': '输入存在的账户id，金额输入1', 'method': 'POST', 'url': '/member/recharge', 'data': '{"member_id":"13217","amount":"1"}', 'headers': '{"X-Lemonban-Media-Type": "lemonban.v2","Authorization":"Bearer eyJhbGciOiJIUzUxMiJ9.eyJtZW1iZXJfaWQiOjEzMjE3LCJleHAiOjE1OTI1ODM4ODR9.FBBmt8dmmq9fHa7mhAyGYC5Ii7N3UTkuBylffsH7rX9VFhgvJixhBWL_wRCcDcL5Z82Jg3jHkAQEnz52kYtiog"}', 'yes_or_no': 'YES', 'expected': '{"code": 0,"msg": "OK"}', 'actucal': "{'code': 0, 'msg': 'OK', 'data': {'id': 13217, 'leave_amount': 1100000.55, 'mobile_phone': '15841177856', 'reg_name': '柠檬5d!e2', 'reg_time': '2020-06-11 22:58:56.0', 'type': 1}, 'copyright': 'Copyright 柠檬班 © 2017-2020 湖南省零檬信息技术有限公司 All Rights Reserved'}", 'test_result': 'PASS'}
[2020-06-20 00:19:44,716]--test_recharge.py--54--INFO:======================正在查询原始金额=======================
[2020-06-20 00:19:44,733]--test_recharge.py--57--INFO:账户id为13217的账户原始金额是{'leave_amount': Decimal('1600001.10')}
[2020-06-20 00:19:44,734]--test_recharge.py--62--INFO:======================正在查询原始充值流水记录条数=======================
[2020-06-20 00:19:44,758]--test_recharge.py--65--INFO:账户id为13217的原始充值流水条数为{'record_num': 64}
[2020-06-20 00:19:44,788]--test_recharge.py--81--INFO:======================正在查询充值后金额=======================
[2020-06-20 00:19:44,806]--test_recharge.py--84--INFO:账户id为13217的账户充值后的金额是{'leave_amount': Decimal('1600002.10')}
[2020-06-20 00:19:44,807]--test_recharge.py--86--INFO:账户id为13217的账户原始金额与充值金额求和的金额是1600002.10
[2020-06-20 00:19:44,807]--test_recharge.py--87--INFO:======================正在金额比对=======================
[2020-06-20 00:19:44,808]--test_recharge.py--90--INFO:======================正在查询充值后流水记录=======================
[2020-06-20 00:19:44,832]--test_recharge.py--94--INFO:账户id为13217的充值后流水条数为{'record_num': 65}
[2020-06-20 00:19:44,832]--test_recharge.py--95--INFO:======================正在充值流水比对=======================
[2020-06-20 00:19:44,832]--test_recharge.py--99--INFO:第1条用例执行结果为PASS
[2020-06-20 00:19:44,832]--test_recharge.py--106--INFO:*************开始回写数据***************
[2020-06-20 00:19:45,393]--test_recharge.py--109--INFO:正在回写实际结果actual：{'code': 0, 'msg': 'OK', 'data': {'id': 13217, 'leave_amount': 1600002.1, 'mobile_phone': '15841177856', 'reg_name': '柠檬5d!e2', 'reg_time': '2020-06-11 22:58:56.0', 'type': 1}, 'copyright': 'Copyright 柠檬班 © 2017-2020 湖南省零檬信息技术有限公司 All Rights Reserved'}
[2020-06-20 00:19:45,868]--test_recharge.py--112--INFO:正在回写测试结果test_result：PASS
[2020-06-20 00:19:45,869]--test_recharge.py--113--INFO:*************结束回写数据***************
[2020-06-20 00:19:45,969]--test_recharge.py--48--INFO:******************正在执行recharge模块用例******************
[2020-06-20 00:19:45,970]--test_recharge.py--49--INFO:正在执行第2条用例:输入存在的账户id，金额输入500000
[2020-06-20 00:19:45,970]--test_recharge.py--50--INFO:请求的数据是{'case_id': 2, 'interface': 'recharge', 'title': '输入存在的账户id，金额输入500000', 'method': 'POST', 'url': '/member/recharge', 'data': '{"member_id":"13217","amount":"500000"}', 'headers': '{"X-Lemonban-Media-Type": "lemonban.v2","Authorization":"Bearer eyJhbGciOiJIUzUxMiJ9.eyJtZW1iZXJfaWQiOjEzMjE3LCJleHAiOjE1OTI1ODM4ODR9.FBBmt8dmmq9fHa7mhAyGYC5Ii7N3UTkuBylffsH7rX9VFhgvJixhBWL_wRCcDcL5Z82Jg3jHkAQEnz52kYtiog"}', 'yes_or_no': 'YES', 'expected': '{"code": 0,"msg": "OK"}', 'actucal': "{'code': 0, 'msg': 'OK', 'data': {'id': 13217, 'leave_amount': 1600000.55, 'mobile_phone': '15841177856', 'reg_name': '柠檬5d!e2', 'reg_time': '2020-06-11 22:58:56.0', 'type': 1}, 'copyright': 'Copyright 柠檬班 © 2017-2020 湖南省零檬信息技术有限公司 All Rights Reserved'}", 'test_result': 'PASS'}
[2020-06-20 00:19:45,971]--test_recharge.py--54--INFO:======================正在查询原始金额=======================
[2020-06-20 00:19:45,985]--test_recharge.py--57--INFO:账户id为13217的账户原始金额是{'leave_amount': Decimal('1600002.10')}
[2020-06-20 00:19:45,986]--test_recharge.py--62--INFO:======================正在查询原始充值流水记录条数=======================
[2020-06-20 00:19:46,008]--test_recharge.py--65--INFO:账户id为13217的原始充值流水条数为{'record_num': 65}
[2020-06-20 00:19:46,113]--test_recharge.py--81--INFO:======================正在查询充值后金额=======================
[2020-06-20 00:19:46,138]--test_recharge.py--84--INFO:账户id为13217的账户充值后的金额是{'leave_amount': Decimal('2100002.10')}
[2020-06-20 00:19:46,139]--test_recharge.py--86--INFO:账户id为13217的账户原始金额与充值金额求和的金额是2100002.10
[2020-06-20 00:19:46,139]--test_recharge.py--87--INFO:======================正在金额比对=======================
[2020-06-20 00:19:46,140]--test_recharge.py--90--INFO:======================正在查询充值后流水记录=======================
[2020-06-20 00:19:46,160]--test_recharge.py--94--INFO:账户id为13217的充值后流水条数为{'record_num': 66}
[2020-06-20 00:19:46,161]--test_recharge.py--95--INFO:======================正在充值流水比对=======================
[2020-06-20 00:19:46,161]--test_recharge.py--99--INFO:第2条用例执行结果为PASS
[2020-06-20 00:19:46,161]--test_recharge.py--106--INFO:*************开始回写数据***************
[2020-06-20 00:19:46,728]--test_recharge.py--109--INFO:正在回写实际结果actual：{'code': 0, 'msg': 'OK', 'data': {'id': 13217, 'leave_amount': 2100002.1, 'mobile_phone': '15841177856', 'reg_name': '柠檬5d!e2', 'reg_time': '2020-06-11 22:58:56.0', 'type': 1}, 'copyright': 'Copyright 柠檬班 © 2017-2020 湖南省零檬信息技术有限公司 All Rights Reserved'}
[2020-06-20 00:19:47,142]--test_recharge.py--112--INFO:正在回写测试结果test_result：PASS
[2020-06-20 00:19:47,142]--test_recharge.py--113--INFO:*************结束回写数据***************
[2020-06-20 00:19:47,165]--test_recharge.py--48--INFO:******************正在执行recharge模块用例******************
[2020-06-20 00:19:47,165]--test_recharge.py--49--INFO:正在执行第3条用例:输入存在的账户id，金额输入500001
[2020-06-20 00:19:47,165]--test_recharge.py--50--INFO:请求的数据是{'case_id': 3, 'interface': 'recharge', 'title': '输入存在的账户id，金额输入500001', 'method': 'POST', 'url': '/member/recharge', 'data': '{"member_id":"13217","amount":"500001"}', 'headers': '{"X-Lemonban-Media-Type": "lemonban.v2","Authorization":"Bearer eyJhbGciOiJIUzUxMiJ9.eyJtZW1iZXJfaWQiOjEzMjE3LCJleHAiOjE1OTI1ODM4ODR9.FBBmt8dmmq9fHa7mhAyGYC5Ii7N3UTkuBylffsH7rX9VFhgvJixhBWL_wRCcDcL5Z82Jg3jHkAQEnz52kYtiog"}', 'yes_or_no': 'NO', 'expected': '{"code": 2,"msg": "余额必须大于0并且小于或者等于500000"}', 'actucal': "{'code': 2, 'msg': '余额必须大于0并且小于或者等于500000', 'data': None, 'copyright': 'Copyright 柠檬班 © 2017-2020 湖南省零檬信息技术有限公司 All Rights Reserved'}", 'test_result': 'PASS'}
[2020-06-20 00:19:47,188]--test_recharge.py--99--INFO:第3条用例执行结果为PASS
[2020-06-20 00:19:47,189]--test_recharge.py--106--INFO:*************开始回写数据***************
[2020-06-20 00:19:47,865]--test_recharge.py--109--INFO:正在回写实际结果actual：{'code': 2, 'msg': '余额必须大于0并且小于或者等于500000', 'data': None, 'copyright': 'Copyright 柠檬班 © 2017-2020 湖南省零檬信息技术有限公司 All Rights Reserved'}
[2020-06-20 00:19:48,351]--test_recharge.py--112--INFO:正在回写测试结果test_result：PASS
[2020-06-20 00:19:48,351]--test_recharge.py--113--INFO:*************结束回写数据***************
[2020-06-20 00:19:48,384]--test_recharge.py--48--INFO:******************正在执行recharge模块用例******************
[2020-06-20 00:19:48,384]--test_recharge.py--49--INFO:正在执行第4条用例:输入存在的账户id，金额输入负数
[2020-06-20 00:19:48,385]--test_recharge.py--50--INFO:请求的数据是{'case_id': 4, 'interface': 'recharge', 'title': '输入存在的账户id，金额输入负数', 'method': 'POST', 'url': '/member/recharge', 'data': '{"member_id":"13217","amount":"-50"}', 'headers': '{"X-Lemonban-Media-Type": "lemonban.v2","Authorization":"Bearer eyJhbGciOiJIUzUxMiJ9.eyJtZW1iZXJfaWQiOjEzMjE3LCJleHAiOjE1OTI1ODM4ODR9.FBBmt8dmmq9fHa7mhAyGYC5Ii7N3UTkuBylffsH7rX9VFhgvJixhBWL_wRCcDcL5Z82Jg3jHkAQEnz52kYtiog"}', 'yes_or_no': 'NO', 'expected': '{"code": 2,"msg": "余额必须大于0并且小于或者等于500000"}', 'actucal': "{'code': 2, 'msg': '余额必须大于0并且小于或者等于500000', 'data': None, 'copyright': 'Copyright 柠檬班 © 2017-2020 湖南省零檬信息技术有限公司 All Rights Reserved'}", 'test_result': 'PASS'}
[2020-06-20 00:19:48,407]--test_recharge.py--99--INFO:第4条用例执行结果为PASS
[2020-06-20 00:19:48,408]--test_recharge.py--106--INFO:*************开始回写数据***************
[2020-06-20 00:19:48,882]--test_recharge.py--109--INFO:正在回写实际结果actual：{'code': 2, 'msg': '余额必须大于0并且小于或者等于500000', 'data': None, 'copyright': 'Copyright 柠檬班 © 2017-2020 湖南省零檬信息技术有限公司 All Rights Reserved'}
[2020-06-20 00:19:49,283]--test_recharge.py--112--INFO:正在回写测试结果test_result：PASS
[2020-06-20 00:19:49,284]--test_recharge.py--113--INFO:*************结束回写数据***************
[2020-06-20 00:19:49,330]--test_recharge.py--48--INFO:******************正在执行recharge模块用例******************
[2020-06-20 00:19:49,330]--test_recharge.py--49--INFO:正在执行第5条用例:输入存在的账户id，金额输入0
[2020-06-20 00:19:49,331]--test_recharge.py--50--INFO:请求的数据是{'case_id': 5, 'interface': 'recharge', 'title': '输入存在的账户id，金额输入0', 'method': 'POST', 'url': '/member/recharge', 'data': '{"member_id":"13217","amount":"0"}', 'headers': '{"X-Lemonban-Media-Type": "lemonban.v2","Authorization":"Bearer eyJhbGciOiJIUzUxMiJ9.eyJtZW1iZXJfaWQiOjEzMjE3LCJleHAiOjE1OTI1ODM4ODR9.FBBmt8dmmq9fHa7mhAyGYC5Ii7N3UTkuBylffsH7rX9VFhgvJixhBWL_wRCcDcL5Z82Jg3jHkAQEnz52kYtiog"}', 'yes_or_no': 'YES', 'expected': '{"code": 0,"msg": "OK"}', 'actucal': "{'code': 0, 'msg': 'OK', 'data': {'id': 13217, 'leave_amount': 1600000.55, 'mobile_phone': '15841177856', 'reg_name': '柠檬5d!e2', 'reg_time': '2020-06-11 22:58:56.0', 'type': 1}, 'copyright': 'Copyright 柠檬班 © 2017-2020 湖南省零檬信息技术有限公司 All Rights Reserved'}", 'test_result': 'PASS'}
[2020-06-20 00:19:49,331]--test_recharge.py--54--INFO:======================正在查询原始金额=======================
[2020-06-20 00:19:49,348]--test_recharge.py--57--INFO:账户id为13217的账户原始金额是{'leave_amount': Decimal('2100002.10')}
[2020-06-20 00:19:49,349]--test_recharge.py--62--INFO:======================正在查询原始充值流水记录条数=======================
[2020-06-20 00:19:49,375]--test_recharge.py--65--INFO:账户id为13217的原始充值流水条数为{'record_num': 66}
[2020-06-20 00:19:49,402]--test_recharge.py--81--INFO:======================正在查询充值后金额=======================
[2020-06-20 00:19:49,419]--test_recharge.py--84--INFO:账户id为13217的账户充值后的金额是{'leave_amount': Decimal('2100002.10')}
[2020-06-20 00:19:49,420]--test_recharge.py--86--INFO:账户id为13217的账户原始金额与充值金额求和的金额是2100002.10
[2020-06-20 00:19:49,420]--test_recharge.py--87--INFO:======================正在金额比对=======================
[2020-06-20 00:19:49,420]--test_recharge.py--90--INFO:======================正在查询充值后流水记录=======================
[2020-06-20 00:19:49,444]--test_recharge.py--94--INFO:账户id为13217的充值后流水条数为{'record_num': 67}
[2020-06-20 00:19:49,444]--test_recharge.py--95--INFO:======================正在充值流水比对=======================
[2020-06-20 00:19:49,445]--test_recharge.py--99--INFO:第5条用例执行结果为PASS
[2020-06-20 00:19:49,445]--test_recharge.py--106--INFO:*************开始回写数据***************
[2020-06-20 00:19:49,978]--test_recharge.py--109--INFO:正在回写实际结果actual：{'code': 0, 'msg': 'OK', 'data': {'id': 13217, 'leave_amount': 2100002.1, 'mobile_phone': '15841177856', 'reg_name': '柠檬5d!e2', 'reg_time': '2020-06-11 22:58:56.0', 'type': 1}, 'copyright': 'Copyright 柠檬班 © 2017-2020 湖南省零檬信息技术有限公司 All Rights Reserved'}
[2020-06-20 00:19:50,393]--test_recharge.py--112--INFO:正在回写测试结果test_result：PASS
[2020-06-20 00:19:50,394]--test_recharge.py--113--INFO:*************结束回写数据***************
[2020-06-20 00:19:50,420]--test_recharge.py--48--INFO:******************正在执行recharge模块用例******************
[2020-06-20 00:19:50,421]--test_recharge.py--49--INFO:正在执行第6条用例:输入存在的账户id，金额输入小数位为两位
[2020-06-20 00:19:50,421]--test_recharge.py--50--INFO:请求的数据是{'case_id': 6, 'interface': 'recharge', 'title': '输入存在的账户id，金额输入小数位为两位', 'method': 'POST', 'url': '/member/recharge', 'data': '{"member_id":"13217","amount":"0.55"}', 'headers': '{"X-Lemonban-Media-Type": "lemonban.v2","Authorization":"Bearer eyJhbGciOiJIUzUxMiJ9.eyJtZW1iZXJfaWQiOjEzMjE3LCJleHAiOjE1OTI1ODM4ODR9.FBBmt8dmmq9fHa7mhAyGYC5Ii7N3UTkuBylffsH7rX9VFhgvJixhBWL_wRCcDcL5Z82Jg3jHkAQEnz52kYtiog"}', 'yes_or_no': 'YES', 'expected': '{"code": 0,"msg": "OK"}', 'actucal': "{'code': 0, 'msg': 'OK', 'data': {'id': 13217, 'leave_amount': 1600001.1, 'mobile_phone': '15841177856', 'reg_name': '柠檬5d!e2', 'reg_time': '2020-06-11 22:58:56.0', 'type': 1}, 'copyright': 'Copyright 柠檬班 © 2017-2020 湖南省零檬信息技术有限公司 All Rights Reserved'}", 'test_result': 'PASS'}
[2020-06-20 00:19:50,421]--test_recharge.py--54--INFO:======================正在查询原始金额=======================
[2020-06-20 00:19:50,430]--test_recharge.py--57--INFO:账户id为13217的账户原始金额是{'leave_amount': Decimal('2100002.10')}
[2020-06-20 00:19:50,430]--test_recharge.py--62--INFO:======================正在查询原始充值流水记录条数=======================
[2020-06-20 00:19:50,444]--test_recharge.py--65--INFO:账户id为13217的原始充值流水条数为{'record_num': 67}
[2020-06-20 00:19:50,473]--test_recharge.py--81--INFO:======================正在查询充值后金额=======================
[2020-06-20 00:19:50,484]--test_recharge.py--84--INFO:账户id为13217的账户充值后的金额是{'leave_amount': Decimal('2100002.65')}
[2020-06-20 00:19:50,484]--test_recharge.py--86--INFO:账户id为13217的账户原始金额与充值金额求和的金额是2100002.65
[2020-06-20 00:19:50,485]--test_recharge.py--87--INFO:======================正在金额比对=======================
[2020-06-20 00:19:50,485]--test_recharge.py--90--INFO:======================正在查询充值后流水记录=======================
[2020-06-20 00:19:50,500]--test_recharge.py--94--INFO:账户id为13217的充值后流水条数为{'record_num': 68}
[2020-06-20 00:19:50,501]--test_recharge.py--95--INFO:======================正在充值流水比对=======================
[2020-06-20 00:19:50,501]--test_recharge.py--99--INFO:第6条用例执行结果为PASS
[2020-06-20 00:19:50,501]--test_recharge.py--106--INFO:*************开始回写数据***************
[2020-06-20 00:19:50,934]--test_recharge.py--109--INFO:正在回写实际结果actual：{'code': 0, 'msg': 'OK', 'data': {'id': 13217, 'leave_amount': 2100002.65, 'mobile_phone': '15841177856', 'reg_name': '柠檬5d!e2', 'reg_time': '2020-06-11 22:58:56.0', 'type': 1}, 'copyright': 'Copyright 柠檬班 © 2017-2020 湖南省零檬信息技术有限公司 All Rights Reserved'}
[2020-06-20 00:19:51,354]--test_recharge.py--112--INFO:正在回写测试结果test_result：PASS
[2020-06-20 00:19:51,355]--test_recharge.py--113--INFO:*************结束回写数据***************
[2020-06-20 00:19:51,676]--test_recharge.py--48--INFO:******************正在执行recharge模块用例******************
[2020-06-20 00:19:51,677]--test_recharge.py--49--INFO:正在执行第7条用例:输入存在的账户id，金额输入小数位为三位
[2020-06-20 00:19:51,677]--test_recharge.py--50--INFO:请求的数据是{'case_id': 7, 'interface': 'recharge', 'title': '输入存在的账户id，金额输入小数位为三位', 'method': 'POST', 'url': '/member/recharge', 'data': '{"member_id":"13217","amount":"5.689"}', 'headers': '{"X-Lemonban-Media-Type": "lemonban.v2","Authorization":"Bearer eyJhbGciOiJIUzUxMiJ9.eyJtZW1iZXJfaWQiOjEzMjE3LCJleHAiOjE1OTI1ODM4ODR9.FBBmt8dmmq9fHa7mhAyGYC5Ii7N3UTkuBylffsH7rX9VFhgvJixhBWL_wRCcDcL5Z82Jg3jHkAQEnz52kYtiog"}', 'yes_or_no': 'NO', 'expected': '{"code": 2,"msg": "余额小数超过两位"}', 'actucal': "{'code': 2, 'msg': '余额小数超过两位', 'data': None, 'copyright': 'Copyright 柠檬班 © 2017-2020 湖南省零檬信息技术有限公司 All Rights Reserved'}", 'test_result': 'PASS'}
[2020-06-20 00:19:51,700]--test_recharge.py--99--INFO:第7条用例执行结果为PASS
[2020-06-20 00:19:51,700]--test_recharge.py--106--INFO:*************开始回写数据***************
[2020-06-20 00:19:52,142]--test_recharge.py--109--INFO:正在回写实际结果actual：{'code': 2, 'msg': '余额小数超过两位', 'data': None, 'copyright': 'Copyright 柠檬班 © 2017-2020 湖南省零檬信息技术有限公司 All Rights Reserved'}
[2020-06-20 00:19:52,740]--test_recharge.py--112--INFO:正在回写测试结果test_result：PASS
[2020-06-20 00:19:52,742]--test_recharge.py--113--INFO:*************结束回写数据***************
[2020-06-20 00:19:52,777]--test_recharge.py--48--INFO:******************正在执行recharge模块用例******************
[2020-06-20 00:19:52,777]--test_recharge.py--49--INFO:正在执行第8条用例:输入存在的账户id，金额输入非数字
[2020-06-20 00:19:52,777]--test_recharge.py--50--INFO:请求的数据是{'case_id': 8, 'interface': 'recharge', 'title': '输入存在的账户id，金额输入非数字', 'method': 'POST', 'url': '/member/recharge', 'data': '{"member_id":"13217","amount":"fdfsd"}', 'headers': '{"X-Lemonban-Media-Type": "lemonban.v2","Authorization":"Bearer eyJhbGciOiJIUzUxMiJ9.eyJtZW1iZXJfaWQiOjEzMjE3LCJleHAiOjE1OTI1ODM4ODR9.FBBmt8dmmq9fHa7mhAyGYC5Ii7N3UTkuBylffsH7rX9VFhgvJixhBWL_wRCcDcL5Z82Jg3jHkAQEnz52kYtiog"}', 'yes_or_no': 'NO', 'expected': '{"code": 2,"msg": "余额必须为数值型"}', 'actucal': "{'code': 2, 'msg': '余额必须为数值型', 'data': None, 'copyright': 'Copyright 柠檬班 © 2017-2020 湖南省零檬信息技术有限公司 All Rights Reserved'}", 'test_result': 'PASS'}
[2020-06-20 00:19:52,799]--test_recharge.py--99--INFO:第8条用例执行结果为PASS
[2020-06-20 00:19:52,800]--test_recharge.py--106--INFO:*************开始回写数据***************
[2020-06-20 00:19:53,235]--test_recharge.py--109--INFO:正在回写实际结果actual：{'code': 2, 'msg': '余额必须为数值型', 'data': None, 'copyright': 'Copyright 柠檬班 © 2017-2020 湖南省零檬信息技术有限公司 All Rights Reserved'}
[2020-06-20 00:19:53,711]--test_recharge.py--112--INFO:正在回写测试结果test_result：PASS
[2020-06-20 00:19:53,712]--test_recharge.py--113--INFO:*************结束回写数据***************
[2020-06-20 00:19:53,735]--test_recharge.py--48--INFO:******************正在执行recharge模块用例******************
[2020-06-20 00:19:53,736]--test_recharge.py--49--INFO:正在执行第9条用例:输入存在的账户id，金额输入为空
[2020-06-20 00:19:53,736]--test_recharge.py--50--INFO:请求的数据是{'case_id': 9, 'interface': 'recharge', 'title': '输入存在的账户id，金额输入为空', 'method': 'POST', 'url': '/member/recharge', 'data': '{"member_id":"13217","amount":""}', 'headers': '{"X-Lemonban-Media-Type": "lemonban.v2","Authorization":"Bearer eyJhbGciOiJIUzUxMiJ9.eyJtZW1iZXJfaWQiOjEzMjE3LCJleHAiOjE1OTI1ODM4ODR9.FBBmt8dmmq9fHa7mhAyGYC5Ii7N3UTkuBylffsH7rX9VFhgvJixhBWL_wRCcDcL5Z82Jg3jHkAQEnz52kYtiog"}', 'yes_or_no': 'NO', 'expected': '{"code": 1,"msg": "余额为空"}', 'actucal': "{'code': 1, 'msg': '余额为空', 'data': None, 'copyright': 'Copyright 柠檬班 © 2017-2020 湖南省零檬信息技术有限公司 All Rights Reserved'}", 'test_result': 'PASS'}
[2020-06-20 00:19:53,759]--test_recharge.py--99--INFO:第9条用例执行结果为PASS
[2020-06-20 00:19:53,759]--test_recharge.py--106--INFO:*************开始回写数据***************
[2020-06-20 00:19:54,210]--test_recharge.py--109--INFO:正在回写实际结果actual：{'code': 1, 'msg': '余额为空', 'data': None, 'copyright': 'Copyright 柠檬班 © 2017-2020 湖南省零檬信息技术有限公司 All Rights Reserved'}
[2020-06-20 00:19:54,712]--test_recharge.py--112--INFO:正在回写测试结果test_result：PASS
[2020-06-20 00:19:54,713]--test_recharge.py--113--INFO:*************结束回写数据***************
[2020-06-20 00:19:54,741]--test_recharge.py--48--INFO:******************正在执行recharge模块用例******************
[2020-06-20 00:19:54,742]--test_recharge.py--49--INFO:正在执行第10条用例:输入不存在的账户id
[2020-06-20 00:19:54,742]--test_recharge.py--50--INFO:请求的数据是{'case_id': 10, 'interface': 'recharge', 'title': '输入不存在的账户id', 'method': 'POST', 'url': '/member/recharge', 'data': '{"member_id":"8d88","amount":"58"}', 'headers': '{"X-Lemonban-Media-Type": "lemonban.v2","Authorization":"Bearer eyJhbGciOiJIUzUxMiJ9.eyJtZW1iZXJfaWQiOjEzMjE3LCJleHAiOjE1OTI1ODM4ODR9.FBBmt8dmmq9fHa7mhAyGYC5Ii7N3UTkuBylffsH7rX9VFhgvJixhBWL_wRCcDcL5Z82Jg3jHkAQEnz52kYtiog"}', 'yes_or_no': 'NO', 'expected': '{"code": 2,"msg": "会员不存在"}', 'actucal': "{'code': 2, 'msg': '数字格式化异常', 'data': None, 'copyright': 'Copyright 柠檬班 © 2017-2020 湖南省零檬信息技术有限公司 All Rights Reserved'}", 'test_result': 'FAILED'}
[2020-06-20 00:19:54,762]--test_recharge.py--101--ERROR:执行接口测试出现错误，错误是False is not true
[2020-06-20 00:19:54,762]--test_recharge.py--104--ERROR:第10条用例执行结果为FAILED
[2020-06-20 00:19:54,762]--test_recharge.py--106--INFO:*************开始回写数据***************
[2020-06-20 00:19:55,311]--test_recharge.py--109--INFO:正在回写实际结果actual：{'code': 2, 'msg': '数字格式化异常', 'data': None, 'copyright': 'Copyright 柠檬班 © 2017-2020 湖南省零檬信息技术有限公司 All Rights Reserved'}
[2020-06-20 00:19:55,777]--test_recharge.py--112--INFO:正在回写测试结果test_result：FAILED
[2020-06-20 00:19:55,777]--test_recharge.py--113--INFO:*************结束回写数据***************
[2020-06-20 00:19:55,814]--test_recharge.py--48--INFO:******************正在执行recharge模块用例******************
[2020-06-20 00:19:55,814]--test_recharge.py--49--INFO:正在执行第11条用例:账户id输入为空
[2020-06-20 00:19:55,815]--test_recharge.py--50--INFO:请求的数据是{'case_id': 11, 'interface': 'recharge', 'title': '账户id输入为空', 'method': 'POST', 'url': '/member/recharge', 'data': '{"member_id":"","amount":"155"}', 'headers': '{"X-Lemonban-Media-Type": "lemonban.v2","Authorization":"Bearer eyJhbGciOiJIUzUxMiJ9.eyJtZW1iZXJfaWQiOjEzMjE3LCJleHAiOjE1OTI1ODM4ODR9.FBBmt8dmmq9fHa7mhAyGYC5Ii7N3UTkuBylffsH7rX9VFhgvJixhBWL_wRCcDcL5Z82Jg3jHkAQEnz52kYtiog"}', 'yes_or_no': 'NO', 'expected': '{"code": 1,"msg": "用户id为空"}', 'actucal': "{'code': 1, 'msg': '用户id为空', 'data': None, 'copyright': 'Copyright 柠檬班 © 2017-2020 湖南省零檬信息技术有限公司 All Rights Reserved'}", 'test_result': 'PASS'}
[2020-06-20 00:19:55,844]--test_recharge.py--99--INFO:第11条用例执行结果为PASS
[2020-06-20 00:19:55,845]--test_recharge.py--106--INFO:*************开始回写数据***************
[2020-06-20 00:19:56,330]--test_recharge.py--109--INFO:正在回写实际结果actual：{'code': 1, 'msg': '用户id为空', 'data': None, 'copyright': 'Copyright 柠檬班 © 2017-2020 湖南省零檬信息技术有限公司 All Rights Reserved'}
[2020-06-20 00:19:56,865]--test_recharge.py--112--INFO:正在回写测试结果test_result：PASS
[2020-06-20 00:19:56,865]--test_recharge.py--113--INFO:*************结束回写数据***************
