[2020-06-20 00:11:52,252]--test_recharge.py--47--INFO:******************正在执行recharge模块用例******************
[2020-06-20 00:11:52,252]--test_recharge.py--48--INFO:正在执行第1条用例:输入存在的账户id，金额输入1
[2020-06-20 00:11:52,252]--test_recharge.py--49--INFO:请求的数据是{'case_id': 1, 'interface': 'recharge', 'title': '输入存在的账户id，金额输入1', 'method': 'POST', 'url': '/member/recharge', 'data': '{"member_id":"13217","amount":"1"}', 'headers': '{"X-Lemonban-Media-Type": "lemonban.v2","Authorization":"Bearer eyJhbGciOiJIUzUxMiJ9.eyJtZW1iZXJfaWQiOjEzMjE3LCJleHAiOjE1OTI1ODM0MTJ9.BMeNvaN8EJZa0ppnEsJQNgun3Uh8qoJPZmGCbxrWyXJ-7D5saCD4r19U2WmUjQBqIc4pmJNYzqne_3hoJlNSuw"}', 'yes_or_no': 'YES', 'expected': '{"code": 0,"msg": "OK"}', 'actucal': "{'code': 0, 'msg': 'OK', 'data': {'id': 13217, 'leave_amount': 100001.0, 'mobile_phone': '15841177856', 'reg_name': '柠檬5d!e2', 'reg_time': '2020-06-11 22:58:56.0', 'type': 1}, 'copyright': 'Copyright 柠檬班 © 2017-2020 湖南省零檬信息技术有限公司 All Rights Reserved'}", 'test_result': 'PASS'}
[2020-06-20 00:11:52,254]--test_recharge.py--53--INFO:======================正在查询原始金额=======================
[2020-06-20 00:11:52,265]--test_recharge.py--56--INFO:账户id为13217的账户原始金额是{'leave_amount': Decimal('599998.00')}
[2020-06-20 00:11:52,265]--test_recharge.py--61--INFO:======================正在查询原始充值流水记录条数=======================
[2020-06-20 00:11:52,282]--test_recharge.py--64--INFO:账户id为13217的原始充值流水条数为{'record_num': 56}
[2020-06-20 00:11:52,317]--test_recharge.py--80--INFO:======================正在查询充值后金额=======================
[2020-06-20 00:11:52,330]--test_recharge.py--83--INFO:账户id为13217的账户充值后的金额是{'leave_amount': Decimal('599999.00')}
[2020-06-20 00:11:52,331]--test_recharge.py--85--INFO:账户id为13217的账户原始金额与充值金额求和的金额是599999.00
[2020-06-20 00:11:52,331]--test_recharge.py--86--INFO:======================正在金额比对=======================
[2020-06-20 00:11:52,331]--test_recharge.py--89--INFO:======================正在查询充值后流水记录=======================
[2020-06-20 00:11:52,351]--test_recharge.py--93--INFO:账户id为13217的充值后流水条数为{'record_num': 57}
[2020-06-20 00:11:52,351]--test_recharge.py--94--INFO:======================正在充值流水比对=======================
[2020-06-20 00:11:52,351]--test_recharge.py--98--INFO:第1条用例执行结果为PASS
[2020-06-20 00:11:52,351]--test_recharge.py--105--INFO:*************开始回写数据***************
[2020-06-20 00:11:52,589]--test_recharge.py--47--INFO:******************正在执行recharge模块用例******************
[2020-06-20 00:11:52,589]--test_recharge.py--48--INFO:正在执行第2条用例:输入存在的账户id，金额输入500000
[2020-06-20 00:11:52,590]--test_recharge.py--49--INFO:请求的数据是{'case_id': 2, 'interface': 'recharge', 'title': '输入存在的账户id，金额输入500000', 'method': 'POST', 'url': '/member/recharge', 'data': '{"member_id":"13217","amount":"500000"}', 'headers': '{"X-Lemonban-Media-Type": "lemonban.v2","Authorization":"Bearer eyJhbGciOiJIUzUxMiJ9.eyJtZW1iZXJfaWQiOjEzMjE3LCJleHAiOjE1OTI1ODM0MTJ9.BMeNvaN8EJZa0ppnEsJQNgun3Uh8qoJPZmGCbxrWyXJ-7D5saCD4r19U2WmUjQBqIc4pmJNYzqne_3hoJlNSuw"}', 'yes_or_no': 'YES', 'expected': '{"code": 0,"msg": "OK"}', 'actucal': "{'code': 0, 'msg': 'OK', 'data': {'id': 13217, 'leave_amount': 600001.0, 'mobile_phone': '15841177856', 'reg_name': '柠檬5d!e2', 'reg_time': '2020-06-11 22:58:56.0', 'type': 1}, 'copyright': 'Copyright 柠檬班 © 2017-2020 湖南省零檬信息技术有限公司 All Rights Reserved'}", 'test_result': 'PASS'}
[2020-06-20 00:11:52,590]--test_recharge.py--53--INFO:======================正在查询原始金额=======================
[2020-06-20 00:11:52,607]--test_recharge.py--56--INFO:账户id为13217的账户原始金额是{'leave_amount': Decimal('599999.00')}
[2020-06-20 00:11:52,608]--test_recharge.py--61--INFO:======================正在查询原始充值流水记录条数=======================
[2020-06-20 00:11:52,626]--test_recharge.py--64--INFO:账户id为13217的原始充值流水条数为{'record_num': 57}
[2020-06-20 00:11:52,659]--test_recharge.py--80--INFO:======================正在查询充值后金额=======================
[2020-06-20 00:11:52,670]--test_recharge.py--83--INFO:账户id为13217的账户充值后的金额是{'leave_amount': Decimal('1099999.00')}
[2020-06-20 00:11:52,671]--test_recharge.py--85--INFO:账户id为13217的账户原始金额与充值金额求和的金额是1099999.00
[2020-06-20 00:11:52,671]--test_recharge.py--86--INFO:======================正在金额比对=======================
[2020-06-20 00:11:52,672]--test_recharge.py--89--INFO:======================正在查询充值后流水记录=======================
[2020-06-20 00:11:52,693]--test_recharge.py--93--INFO:账户id为13217的充值后流水条数为{'record_num': 58}
[2020-06-20 00:11:52,695]--test_recharge.py--94--INFO:======================正在充值流水比对=======================
[2020-06-20 00:11:52,696]--test_recharge.py--98--INFO:第2条用例执行结果为PASS
[2020-06-20 00:11:52,696]--test_recharge.py--105--INFO:*************开始回写数据***************
[2020-06-20 00:11:53,098]--test_recharge.py--47--INFO:******************正在执行recharge模块用例******************
[2020-06-20 00:11:53,099]--test_recharge.py--48--INFO:正在执行第3条用例:输入存在的账户id，金额输入500001
[2020-06-20 00:11:53,099]--test_recharge.py--49--INFO:请求的数据是{'case_id': 3, 'interface': 'recharge', 'title': '输入存在的账户id，金额输入500001', 'method': 'POST', 'url': '/member/recharge', 'data': '{"member_id":"13217","amount":"500001"}', 'headers': '{"X-Lemonban-Media-Type": "lemonban.v2","Authorization":"Bearer eyJhbGciOiJIUzUxMiJ9.eyJtZW1iZXJfaWQiOjEzMjE3LCJleHAiOjE1OTI1ODM0MTJ9.BMeNvaN8EJZa0ppnEsJQNgun3Uh8qoJPZmGCbxrWyXJ-7D5saCD4r19U2WmUjQBqIc4pmJNYzqne_3hoJlNSuw"}', 'yes_or_no': 'NO', 'expected': '{"code": 2,"msg": "余额必须大于0并且小于或者等于500000"}', 'actucal': "{'code': 2, 'msg': '余额必须大于0并且小于或者等于500000', 'data': None, 'copyright': 'Copyright 柠檬班 © 2017-2020 湖南省零檬信息技术有限公司 All Rights Reserved'}", 'test_result': 'PASS'}
[2020-06-20 00:11:53,128]--test_recharge.py--98--INFO:第3条用例执行结果为PASS
[2020-06-20 00:11:53,128]--test_recharge.py--105--INFO:*************开始回写数据***************
[2020-06-20 00:11:53,345]--test_recharge.py--47--INFO:******************正在执行recharge模块用例******************
[2020-06-20 00:11:53,346]--test_recharge.py--48--INFO:正在执行第4条用例:输入存在的账户id，金额输入负数
[2020-06-20 00:11:53,346]--test_recharge.py--49--INFO:请求的数据是{'case_id': 4, 'interface': 'recharge', 'title': '输入存在的账户id，金额输入负数', 'method': 'POST', 'url': '/member/recharge', 'data': '{"member_id":"13217","amount":"-50"}', 'headers': '{"X-Lemonban-Media-Type": "lemonban.v2","Authorization":"Bearer eyJhbGciOiJIUzUxMiJ9.eyJtZW1iZXJfaWQiOjEzMjE3LCJleHAiOjE1OTI1ODM0MTJ9.BMeNvaN8EJZa0ppnEsJQNgun3Uh8qoJPZmGCbxrWyXJ-7D5saCD4r19U2WmUjQBqIc4pmJNYzqne_3hoJlNSuw"}', 'yes_or_no': 'NO', 'expected': '{"code": 2,"msg": "余额必须大于0并且小于或者等于500000"}', 'actucal': "{'code': 2, 'msg': '余额必须大于0并且小于或者等于500000', 'data': None, 'copyright': 'Copyright 柠檬班 © 2017-2020 湖南省零檬信息技术有限公司 All Rights Reserved'}", 'test_result': 'PASS'}
[2020-06-20 00:11:53,368]--test_recharge.py--98--INFO:第4条用例执行结果为PASS
[2020-06-20 00:11:53,368]--test_recharge.py--105--INFO:*************开始回写数据***************
[2020-06-20 00:11:54,292]--test_recharge.py--47--INFO:******************正在执行recharge模块用例******************
[2020-06-20 00:11:54,292]--test_recharge.py--48--INFO:正在执行第5条用例:输入存在的账户id，金额输入0
[2020-06-20 00:11:54,293]--test_recharge.py--49--INFO:请求的数据是{'case_id': 5, 'interface': 'recharge', 'title': '输入存在的账户id，金额输入0', 'method': 'POST', 'url': '/member/recharge', 'data': '{"member_id":"13217","amount":"0"}', 'headers': '{"X-Lemonban-Media-Type": "lemonban.v2","Authorization":"Bearer eyJhbGciOiJIUzUxMiJ9.eyJtZW1iZXJfaWQiOjEzMjE3LCJleHAiOjE1OTI1ODM0MTJ9.BMeNvaN8EJZa0ppnEsJQNgun3Uh8qoJPZmGCbxrWyXJ-7D5saCD4r19U2WmUjQBqIc4pmJNYzqne_3hoJlNSuw"}', 'yes_or_no': 'YES', 'expected': '{"code": 0,"msg": "OK"}', 'actucal': "{'code': 0, 'msg': 'OK', 'data': {'id': 13217, 'leave_amount': 600001.0, 'mobile_phone': '15841177856', 'reg_name': '柠檬5d!e2', 'reg_time': '2020-06-11 22:58:56.0', 'type': 1}, 'copyright': 'Copyright 柠檬班 © 2017-2020 湖南省零檬信息技术有限公司 All Rights Reserved'}", 'test_result': 'PASS'}
[2020-06-20 00:11:54,293]--test_recharge.py--53--INFO:======================正在查询原始金额=======================
[2020-06-20 00:11:54,302]--test_recharge.py--56--INFO:账户id为13217的账户原始金额是{'leave_amount': Decimal('1099999.00')}
[2020-06-20 00:11:54,303]--test_recharge.py--61--INFO:======================正在查询原始充值流水记录条数=======================
[2020-06-20 00:11:54,321]--test_recharge.py--64--INFO:账户id为13217的原始充值流水条数为{'record_num': 58}
[2020-06-20 00:11:54,358]--test_recharge.py--80--INFO:======================正在查询充值后金额=======================
[2020-06-20 00:11:54,368]--test_recharge.py--83--INFO:账户id为13217的账户充值后的金额是{'leave_amount': Decimal('1099999.00')}
[2020-06-20 00:11:54,369]--test_recharge.py--85--INFO:账户id为13217的账户原始金额与充值金额求和的金额是1099999.00
[2020-06-20 00:11:54,370]--test_recharge.py--86--INFO:======================正在金额比对=======================
[2020-06-20 00:11:54,370]--test_recharge.py--89--INFO:======================正在查询充值后流水记录=======================
[2020-06-20 00:11:54,387]--test_recharge.py--93--INFO:账户id为13217的充值后流水条数为{'record_num': 59}
[2020-06-20 00:11:54,388]--test_recharge.py--94--INFO:======================正在充值流水比对=======================
[2020-06-20 00:11:54,388]--test_recharge.py--98--INFO:第5条用例执行结果为PASS
[2020-06-20 00:11:54,388]--test_recharge.py--105--INFO:*************开始回写数据***************
[2020-06-20 00:11:54,576]--test_recharge.py--47--INFO:******************正在执行recharge模块用例******************
[2020-06-20 00:11:54,576]--test_recharge.py--48--INFO:正在执行第6条用例:输入存在的账户id，金额输入小数位为两位
[2020-06-20 00:11:54,577]--test_recharge.py--49--INFO:请求的数据是{'case_id': 6, 'interface': 'recharge', 'title': '输入存在的账户id，金额输入小数位为两位', 'method': 'POST', 'url': '/member/recharge', 'data': '{"member_id":"13217","amount":"0.55"}', 'headers': '{"X-Lemonban-Media-Type": "lemonban.v2","Authorization":"Bearer eyJhbGciOiJIUzUxMiJ9.eyJtZW1iZXJfaWQiOjEzMjE3LCJleHAiOjE1OTI1ODM0MTJ9.BMeNvaN8EJZa0ppnEsJQNgun3Uh8qoJPZmGCbxrWyXJ-7D5saCD4r19U2WmUjQBqIc4pmJNYzqne_3hoJlNSuw"}', 'yes_or_no': 'YES', 'expected': '{"code": 0,"msg": "OK"}', 'actucal': "{'code': 0, 'msg': 'OK', 'data': {'id': 13217, 'leave_amount': 600001.55, 'mobile_phone': '15841177856', 'reg_name': '柠檬5d!e2', 'reg_time': '2020-06-11 22:58:56.0', 'type': 1}, 'copyright': 'Copyright 柠檬班 © 2017-2020 湖南省零檬信息技术有限公司 All Rights Reserved'}", 'test_result': 'PASS'}
[2020-06-20 00:11:54,577]--test_recharge.py--53--INFO:======================正在查询原始金额=======================
[2020-06-20 00:11:54,594]--test_recharge.py--56--INFO:账户id为13217的账户原始金额是{'leave_amount': Decimal('1099999.00')}
[2020-06-20 00:11:54,594]--test_recharge.py--61--INFO:======================正在查询原始充值流水记录条数=======================
[2020-06-20 00:11:54,614]--test_recharge.py--64--INFO:账户id为13217的原始充值流水条数为{'record_num': 59}
[2020-06-20 00:11:54,647]--test_recharge.py--80--INFO:======================正在查询充值后金额=======================
[2020-06-20 00:11:54,662]--test_recharge.py--83--INFO:账户id为13217的账户充值后的金额是{'leave_amount': Decimal('1099999.55')}
[2020-06-20 00:11:54,663]--test_recharge.py--85--INFO:账户id为13217的账户原始金额与充值金额求和的金额是1099999.55
[2020-06-20 00:11:54,663]--test_recharge.py--86--INFO:======================正在金额比对=======================
[2020-06-20 00:11:54,663]--test_recharge.py--89--INFO:======================正在查询充值后流水记录=======================
[2020-06-20 00:11:54,686]--test_recharge.py--93--INFO:账户id为13217的充值后流水条数为{'record_num': 60}
[2020-06-20 00:11:54,686]--test_recharge.py--94--INFO:======================正在充值流水比对=======================
[2020-06-20 00:11:54,686]--test_recharge.py--98--INFO:第6条用例执行结果为PASS
[2020-06-20 00:11:54,687]--test_recharge.py--105--INFO:*************开始回写数据***************
[2020-06-20 00:11:54,885]--test_recharge.py--47--INFO:******************正在执行recharge模块用例******************
[2020-06-20 00:11:54,886]--test_recharge.py--48--INFO:正在执行第7条用例:输入存在的账户id，金额输入小数位为三位
[2020-06-20 00:11:54,886]--test_recharge.py--49--INFO:请求的数据是{'case_id': 7, 'interface': 'recharge', 'title': '输入存在的账户id，金额输入小数位为三位', 'method': 'POST', 'url': '/member/recharge', 'data': '{"member_id":"13217","amount":"5.689"}', 'headers': '{"X-Lemonban-Media-Type": "lemonban.v2","Authorization":"Bearer eyJhbGciOiJIUzUxMiJ9.eyJtZW1iZXJfaWQiOjEzMjE3LCJleHAiOjE1OTI1ODM0MTJ9.BMeNvaN8EJZa0ppnEsJQNgun3Uh8qoJPZmGCbxrWyXJ-7D5saCD4r19U2WmUjQBqIc4pmJNYzqne_3hoJlNSuw"}', 'yes_or_no': 'NO', 'expected': '{"code": 2,"msg": "余额小数超过两位"}', 'actucal': "{'code': 2, 'msg': '余额小数超过两位', 'data': None, 'copyright': 'Copyright 柠檬班 © 2017-2020 湖南省零檬信息技术有限公司 All Rights Reserved'}", 'test_result': 'PASS'}
[2020-06-20 00:11:54,907]--test_recharge.py--98--INFO:第7条用例执行结果为PASS
[2020-06-20 00:11:54,907]--test_recharge.py--105--INFO:*************开始回写数据***************
[2020-06-20 00:11:55,120]--test_recharge.py--47--INFO:******************正在执行recharge模块用例******************
[2020-06-20 00:11:55,120]--test_recharge.py--48--INFO:正在执行第8条用例:输入存在的账户id，金额输入非数字
[2020-06-20 00:11:55,121]--test_recharge.py--49--INFO:请求的数据是{'case_id': 8, 'interface': 'recharge', 'title': '输入存在的账户id，金额输入非数字', 'method': 'POST', 'url': '/member/recharge', 'data': '{"member_id":"13217","amount":"fdfsd"}', 'headers': '{"X-Lemonban-Media-Type": "lemonban.v2","Authorization":"Bearer eyJhbGciOiJIUzUxMiJ9.eyJtZW1iZXJfaWQiOjEzMjE3LCJleHAiOjE1OTI1ODM0MTJ9.BMeNvaN8EJZa0ppnEsJQNgun3Uh8qoJPZmGCbxrWyXJ-7D5saCD4r19U2WmUjQBqIc4pmJNYzqne_3hoJlNSuw"}', 'yes_or_no': 'NO', 'expected': '{"code": 2,"msg": "余额必须为数值型"}', 'actucal': "{'code': 2, 'msg': '余额必须为数值型', 'data': None, 'copyright': 'Copyright 柠檬班 © 2017-2020 湖南省零檬信息技术有限公司 All Rights Reserved'}", 'test_result': 'PASS'}
[2020-06-20 00:11:55,157]--test_recharge.py--98--INFO:第8条用例执行结果为PASS
[2020-06-20 00:11:55,158]--test_recharge.py--105--INFO:*************开始回写数据***************
[2020-06-20 00:11:55,694]--test_recharge.py--108--INFO:正在回写实际结果actual：{'code': 2, 'msg': '余额必须为数值型', 'data': None, 'copyright': 'Copyright 柠檬班 © 2017-2020 湖南省零檬信息技术有限公司 All Rights Reserved'}
[2020-06-20 00:11:56,433]--test_recharge.py--111--INFO:正在回写测试结果test_result：PASS
[2020-06-20 00:11:56,434]--test_recharge.py--112--INFO:*************结束回写数据***************
[2020-06-20 00:11:56,495]--test_recharge.py--47--INFO:******************正在执行recharge模块用例******************
[2020-06-20 00:11:56,495]--test_recharge.py--48--INFO:正在执行第9条用例:输入存在的账户id，金额输入为空
[2020-06-20 00:11:56,495]--test_recharge.py--49--INFO:请求的数据是{'case_id': 9, 'interface': 'recharge', 'title': '输入存在的账户id，金额输入为空', 'method': 'POST', 'url': '/member/recharge', 'data': '{"member_id":"13217","amount":""}', 'headers': '{"X-Lemonban-Media-Type": "lemonban.v2","Authorization":"Bearer eyJhbGciOiJIUzUxMiJ9.eyJtZW1iZXJfaWQiOjEzMjE3LCJleHAiOjE1OTI1ODM0MTJ9.BMeNvaN8EJZa0ppnEsJQNgun3Uh8qoJPZmGCbxrWyXJ-7D5saCD4r19U2WmUjQBqIc4pmJNYzqne_3hoJlNSuw"}', 'yes_or_no': 'NO', 'expected': '{"code": 1,"msg": "余额为空"}', 'actucal': "{'code': 1, 'msg': '余额为空', 'data': None, 'copyright': 'Copyright 柠檬班 © 2017-2020 湖南省零檬信息技术有限公司 All Rights Reserved'}", 'test_result': 'PASS'}
[2020-06-20 00:11:56,517]--test_recharge.py--98--INFO:第9条用例执行结果为PASS
[2020-06-20 00:11:56,517]--test_recharge.py--105--INFO:*************开始回写数据***************
[2020-06-20 00:11:57,521]--test_recharge.py--108--INFO:正在回写实际结果actual：{'code': 1, 'msg': '余额为空', 'data': None, 'copyright': 'Copyright 柠檬班 © 2017-2020 湖南省零檬信息技术有限公司 All Rights Reserved'}
[2020-06-20 00:11:58,658]--test_recharge.py--111--INFO:正在回写测试结果test_result：PASS
[2020-06-20 00:11:58,659]--test_recharge.py--112--INFO:*************结束回写数据***************
[2020-06-20 00:11:58,687]--test_recharge.py--47--INFO:******************正在执行recharge模块用例******************
[2020-06-20 00:11:58,687]--test_recharge.py--48--INFO:正在执行第10条用例:输入不存在的账户id
[2020-06-20 00:11:58,687]--test_recharge.py--49--INFO:请求的数据是{'case_id': 10, 'interface': 'recharge', 'title': '输入不存在的账户id', 'method': 'POST', 'url': '/member/recharge', 'data': '{"member_id":"8d88","amount":"58"}', 'headers': '{"X-Lemonban-Media-Type": "lemonban.v2","Authorization":"Bearer eyJhbGciOiJIUzUxMiJ9.eyJtZW1iZXJfaWQiOjEzMjE3LCJleHAiOjE1OTI1ODM0MTJ9.BMeNvaN8EJZa0ppnEsJQNgun3Uh8qoJPZmGCbxrWyXJ-7D5saCD4r19U2WmUjQBqIc4pmJNYzqne_3hoJlNSuw"}', 'yes_or_no': 'NO', 'expected': '{"code": 2,"msg": "会员不存在"}', 'actucal': "{'code': 2, 'msg': '数字格式化异常', 'data': None, 'copyright': 'Copyright 柠檬班 © 2017-2020 湖南省零檬信息技术有限公司 All Rights Reserved'}", 'test_result': 'FAILED'}
[2020-06-20 00:11:58,715]--test_recharge.py--100--ERROR:执行接口测试出现错误，错误是False is not true
[2020-06-20 00:11:58,715]--test_recharge.py--103--ERROR:第10条用例执行结果为FAILED
[2020-06-20 00:11:58,716]--test_recharge.py--105--INFO:*************开始回写数据***************
[2020-06-20 00:11:59,502]--test_recharge.py--108--INFO:正在回写实际结果actual：{'code': 2, 'msg': '数字格式化异常', 'data': None, 'copyright': 'Copyright 柠檬班 © 2017-2020 湖南省零檬信息技术有限公司 All Rights Reserved'}
[2020-06-20 00:12:00,352]--test_recharge.py--111--INFO:正在回写测试结果test_result：FAILED
[2020-06-20 00:12:00,353]--test_recharge.py--112--INFO:*************结束回写数据***************
[2020-06-20 00:12:00,380]--test_recharge.py--47--INFO:******************正在执行recharge模块用例******************
[2020-06-20 00:12:00,380]--test_recharge.py--48--INFO:正在执行第11条用例:账户id输入为空
[2020-06-20 00:12:00,380]--test_recharge.py--49--INFO:请求的数据是{'case_id': 11, 'interface': 'recharge', 'title': '账户id输入为空', 'method': 'POST', 'url': '/member/recharge', 'data': '{"member_id":"","amount":"155"}', 'headers': '{"X-Lemonban-Media-Type": "lemonban.v2","Authorization":"Bearer eyJhbGciOiJIUzUxMiJ9.eyJtZW1iZXJfaWQiOjEzMjE3LCJleHAiOjE1OTI1ODM0MTJ9.BMeNvaN8EJZa0ppnEsJQNgun3Uh8qoJPZmGCbxrWyXJ-7D5saCD4r19U2WmUjQBqIc4pmJNYzqne_3hoJlNSuw"}', 'yes_or_no': 'NO', 'expected': '{"code": 1,"msg": "用户id为空"}', 'actucal': "{'code': 1, 'msg': '用户id为空', 'data': None, 'copyright': 'Copyright 柠檬班 © 2017-2020 湖南省零檬信息技术有限公司 All Rights Reserved'}", 'test_result': 'PASS'}
[2020-06-20 00:12:00,406]--test_recharge.py--98--INFO:第11条用例执行结果为PASS
[2020-06-20 00:12:00,406]--test_recharge.py--105--INFO:*************开始回写数据***************
[2020-06-20 00:12:00,939]--test_recharge.py--108--INFO:正在回写实际结果actual：{'code': 1, 'msg': '用户id为空', 'data': None, 'copyright': 'Copyright 柠檬班 © 2017-2020 湖南省零檬信息技术有限公司 All Rights Reserved'}
[2020-06-20 00:12:01,382]--test_recharge.py--111--INFO:正在回写测试结果test_result：PASS
[2020-06-20 00:12:01,382]--test_recharge.py--112--INFO:*************结束回写数据***************
