[2020-06-20 23:47:19,233]--test_invest.py--42--INFO:******************正在执行invest模块用例******************
[2020-06-20 23:47:19,246]--test_invest.py--43--INFO:正在执行第1条用例:用户id校验--输入已注册用户id
[2020-06-20 23:47:19,254]--test_invest.py--44--INFO:请求的数据是{'case_id': 1, 'interface': 'invest', 'title': '用户id校验--输入已注册用户id', 'method': 'POST', 'url': '/member/invest', 'data': '{"member_id":"#member_id#","loan_id":"#loanid#","amount":"1000"}', 'headers': '{"X-Lemonban-Media-Type": "lemonban.v2","Authorization":"#token#"}', 'yes_or_no': 'YES', 'expected': '{"code": 0,"msg": "OK"}', 'actucal': "{'code': 0, 'msg': 'OK', 'data': {'id': 1882, 'member_id': 13217, 'loan_id': 1244998, 'amount': 1000.0, 'create_time': '2020-06-20 23:31:01', 'is_valid': 1}, 'copyright': 'Copyright 柠檬班 © 2017-2020 湖南省零檬信息技术有限公司 All Rights Reserved'}", 'test_result': 'PASS'}
[2020-06-20 23:47:19,255]--test_invest.py--80--INFO:======================正在查询原始金额=======================
[2020-06-20 23:47:19,297]--test_invest.py--91--INFO:账户id为13217的账户原始金额是2098600.65
[2020-06-20 23:47:19,298]--test_invest.py--111--INFO:======================正在查询原始投资记录条数=======================
[2020-06-20 23:47:19,308]--test_invest.py--115--INFO:账户id为13217的原始投资记录条数为4
[2020-06-20 23:47:19,309]--test_invest.py--118--INFO:======================正在查询原始投资流水记录条数=======================
[2020-06-20 23:47:19,326]--test_invest.py--122--INFO:账户id为13217的原始投资流水条数为79
[2020-06-20 23:47:19,363]--test_invest.py--156--INFO:第1条用例执行结果为PASS
[2020-06-20 23:47:19,364]--test_invest.py--162--INFO:*************开始回写数据***************
[2020-06-20 23:47:19,775]--test_invest.py--164--INFO:正在回写实际结果actual：{'code': 0, 'msg': 'OK', 'data': {'id': 1886, 'member_id': 13217, 'loan_id': 1245140, 'amount': 1000.0, 'create_time': '2020-06-20 23:47:20', 'is_valid': 1}, 'copyright': 'Copyright 柠檬班 © 2017-2020 湖南省零檬信息技术有限公司 All Rights Reserved'}
[2020-06-20 23:47:20,182]--test_invest.py--166--INFO:正在回写测试结果test_result：PASS
[2020-06-20 23:47:20,182]--test_invest.py--167--INFO:*************结束回写数据***************
[2020-06-20 23:47:20,580]--test_invest.py--42--INFO:******************正在执行invest模块用例******************
[2020-06-20 23:47:20,581]--test_invest.py--43--INFO:正在执行第2条用例:用户id校验--输入不存在的用户id
[2020-06-20 23:47:20,581]--test_invest.py--44--INFO:请求的数据是{'case_id': 2, 'interface': 'invest', 'title': '用户id校验--输入不存在的用户id', 'method': 'POST', 'url': '/member/invest', 'data': '{"member_id":"s13361","loan_id":"#loanid#","amount":"20000"}', 'headers': '{"X-Lemonban-Media-Type": "lemonban.v2","Authorization":"#token#"}', 'yes_or_no': 'NO', 'expected': '{"code": 2,"msg": "数值参数格式错误"}', 'actucal': "{'code': 2, 'msg': '数值参数格式错误', 'data': None, 'copyright': 'Copyright 柠檬班 © 2017-2020 湖南省零檬信息技术有限公司 All Rights Reserved'}", 'test_result': 'PASS'}
[2020-06-20 23:47:20,581]--test_invest.py--111--INFO:======================正在查询原始投资记录条数=======================
[2020-06-20 23:47:20,591]--test_invest.py--115--INFO:账户id为13217的原始投资记录条数为5
[2020-06-20 23:47:20,591]--test_invest.py--118--INFO:======================正在查询原始投资流水记录条数=======================
[2020-06-20 23:47:20,610]--test_invest.py--122--INFO:账户id为13217的原始投资流水条数为80
[2020-06-20 23:47:20,629]--test_invest.py--156--INFO:第2条用例执行结果为PASS
[2020-06-20 23:47:20,630]--test_invest.py--162--INFO:*************开始回写数据***************
[2020-06-20 23:47:21,075]--test_invest.py--164--INFO:正在回写实际结果actual：{'code': 2, 'msg': '数值参数格式错误', 'data': None, 'copyright': 'Copyright 柠檬班 © 2017-2020 湖南省零檬信息技术有限公司 All Rights Reserved'}
[2020-06-20 23:47:21,499]--test_invest.py--166--INFO:正在回写测试结果test_result：PASS
[2020-06-20 23:47:21,499]--test_invest.py--167--INFO:*************结束回写数据***************
[2020-06-20 23:47:22,048]--test_invest.py--42--INFO:******************正在执行invest模块用例******************
[2020-06-20 23:47:22,049]--test_invest.py--43--INFO:正在执行第3条用例:用户id校验--id输入为空
[2020-06-20 23:47:22,049]--test_invest.py--44--INFO:请求的数据是{'case_id': 3, 'interface': 'invest', 'title': '用户id校验--id输入为空', 'method': 'POST', 'url': '/member/invest', 'data': '{"member_id":"","loan_id":"#loanid#","amount":"100"}', 'headers': '{"X-Lemonban-Media-Type": "lemonban.v2","Authorization":"#token#"}', 'yes_or_no': 'NO', 'expected': '{"code": 2,"msg": "数值参数格式错误"}', 'actucal': "{'code': 2, 'msg': '数值参数格式错误', 'data': None, 'copyright': 'Copyright 柠檬班 © 2017-2020 湖南省零檬信息技术有限公司 All Rights Reserved'}", 'test_result': 'PASS'}
[2020-06-20 23:47:22,049]--test_invest.py--111--INFO:======================正在查询原始投资记录条数=======================
[2020-06-20 23:47:22,059]--test_invest.py--115--INFO:账户id为13217的原始投资记录条数为5
[2020-06-20 23:47:22,060]--test_invest.py--118--INFO:======================正在查询原始投资流水记录条数=======================
[2020-06-20 23:47:22,076]--test_invest.py--122--INFO:账户id为13217的原始投资流水条数为80
[2020-06-20 23:47:22,094]--test_invest.py--156--INFO:第3条用例执行结果为PASS
[2020-06-20 23:47:22,094]--test_invest.py--162--INFO:*************开始回写数据***************
[2020-06-20 23:47:22,484]--test_invest.py--164--INFO:正在回写实际结果actual：{'code': 2, 'msg': '数值参数格式错误', 'data': None, 'copyright': 'Copyright 柠檬班 © 2017-2020 湖南省零檬信息技术有限公司 All Rights Reserved'}
[2020-06-20 23:47:22,862]--test_invest.py--166--INFO:正在回写测试结果test_result：PASS
[2020-06-20 23:47:22,862]--test_invest.py--167--INFO:*************结束回写数据***************
[2020-06-20 23:47:23,135]--test_invest.py--42--INFO:******************正在执行invest模块用例******************
[2020-06-20 23:47:23,136]--test_invest.py--43--INFO:正在执行第4条用例:投资项目id校验--输入投标中状态2(竞标中)的项目id
[2020-06-20 23:47:23,136]--test_invest.py--44--INFO:请求的数据是{'case_id': 4, 'interface': 'invest', 'title': '投资项目id校验--输入投标中状态2(竞标中)的项目id', 'method': 'POST', 'url': '/member/invest', 'data': '{"member_id":"#member_id#","loan_id":"#loanid#","amount":"100"}', 'headers': '{"X-Lemonban-Media-Type": "lemonban.v2","Authorization":"#token#"}', 'yes_or_no': 'YES', 'expected': '{"code": 0,"msg": "OK"}', 'actucal': "{'code': 0, 'msg': 'OK', 'data': {'id': 1883, 'member_id': 13217, 'loan_id': 1245002, 'amount': 100.0, 'create_time': '2020-06-20 23:31:04', 'is_valid': 1}, 'copyright': 'Copyright 柠檬班 © 2017-2020 湖南省零檬信息技术有限公司 All Rights Reserved'}", 'test_result': 'PASS'}
[2020-06-20 23:47:23,136]--test_invest.py--80--INFO:======================正在查询原始金额=======================
[2020-06-20 23:47:23,145]--test_invest.py--91--INFO:账户id为13217的账户原始金额是2097600.65
[2020-06-20 23:47:23,145]--test_invest.py--111--INFO:======================正在查询原始投资记录条数=======================
[2020-06-20 23:47:23,154]--test_invest.py--115--INFO:账户id为13217的原始投资记录条数为5
[2020-06-20 23:47:23,154]--test_invest.py--118--INFO:======================正在查询原始投资流水记录条数=======================
[2020-06-20 23:47:23,170]--test_invest.py--122--INFO:账户id为13217的原始投资流水条数为80
[2020-06-20 23:47:23,203]--test_invest.py--156--INFO:第4条用例执行结果为PASS
[2020-06-20 23:47:23,203]--test_invest.py--162--INFO:*************开始回写数据***************
[2020-06-20 23:47:23,572]--test_invest.py--164--INFO:正在回写实际结果actual：{'code': 0, 'msg': 'OK', 'data': {'id': 1887, 'member_id': 13217, 'loan_id': 1245143, 'amount': 100.0, 'create_time': '2020-06-20 23:47:24', 'is_valid': 1}, 'copyright': 'Copyright 柠檬班 © 2017-2020 湖南省零檬信息技术有限公司 All Rights Reserved'}
[2020-06-20 23:47:23,956]--test_invest.py--166--INFO:正在回写测试结果test_result：PASS
[2020-06-20 23:47:23,956]--test_invest.py--167--INFO:*************结束回写数据***************
[2020-06-20 23:47:24,345]--test_invest.py--42--INFO:******************正在执行invest模块用例******************
[2020-06-20 23:47:24,346]--test_invest.py--43--INFO:正在执行第5条用例:投资项目id校验--输入非投标中状态为1(审核中)的项目id
[2020-06-20 23:47:24,346]--test_invest.py--44--INFO:请求的数据是{'case_id': 5, 'interface': 'invest', 'title': '投资项目id校验--输入非投标中状态为1(审核中)的项目id', 'method': 'POST', 'url': '/member/invest', 'data': '{"member_id":"#member_id#","loan_id":"#shz#","amount":"100"}', 'headers': '{"X-Lemonban-Media-Type": "lemonban.v2","Authorization":"#token#"}', 'yes_or_no': 'NO', 'expected': '{"code": 2,"msg": "该项目不在竞标中状态"}', 'actucal': "{'code': 2, 'msg': '该项目不在竞标中状态', 'data': None, 'copyright': 'Copyright 柠檬班 © 2017-2020 湖南省零檬信息技术有限公司 All Rights Reserved'}", 'test_result': 'PASS'}
[2020-06-20 23:47:24,355]--test_invest.py--111--INFO:======================正在查询原始投资记录条数=======================
[2020-06-20 23:47:24,364]--test_invest.py--115--INFO:账户id为13217的原始投资记录条数为6
[2020-06-20 23:47:24,364]--test_invest.py--118--INFO:======================正在查询原始投资流水记录条数=======================
[2020-06-20 23:47:24,382]--test_invest.py--122--INFO:账户id为13217的原始投资流水条数为81
[2020-06-20 23:47:24,404]--test_invest.py--156--INFO:第5条用例执行结果为PASS
[2020-06-20 23:47:24,404]--test_invest.py--162--INFO:*************开始回写数据***************
[2020-06-20 23:47:24,811]--test_invest.py--164--INFO:正在回写实际结果actual：{'code': 2, 'msg': '该项目不在竞标中状态', 'data': None, 'copyright': 'Copyright 柠檬班 © 2017-2020 湖南省零檬信息技术有限公司 All Rights Reserved'}
[2020-06-20 23:47:25,172]--test_invest.py--166--INFO:正在回写测试结果test_result：PASS
[2020-06-20 23:47:25,172]--test_invest.py--167--INFO:*************结束回写数据***************
[2020-06-20 23:47:25,513]--test_invest.py--42--INFO:******************正在执行invest模块用例******************
[2020-06-20 23:47:25,513]--test_invest.py--43--INFO:正在执行第6条用例:投资项目id校验--输入非投标中状态3(还款中)的项目id
[2020-06-20 23:47:25,513]--test_invest.py--44--INFO:请求的数据是{'case_id': 6, 'interface': 'invest', 'title': '投资项目id校验--输入非投标中状态3(还款中)的项目id', 'method': 'POST', 'url': '/member/invest', 'data': '{"member_id":"#member_id#","loan_id":"#hkz#","amount":"100"}', 'headers': '{"X-Lemonban-Media-Type": "lemonban.v2","Authorization":"#token#"}', 'yes_or_no': 'NO', 'expected': '{"code": 2,"msg": "该项目不在竞标中状态"}', 'actucal': "{'code': 2, 'msg': '该项目不在竞标中状态', 'data': None, 'copyright': 'Copyright 柠檬班 © 2017-2020 湖南省零檬信息技术有限公司 All Rights Reserved'}", 'test_result': 'PASS'}
[2020-06-20 23:47:25,521]--test_invest.py--111--INFO:======================正在查询原始投资记录条数=======================
[2020-06-20 23:47:25,528]--test_invest.py--115--INFO:账户id为13217的原始投资记录条数为6
[2020-06-20 23:47:25,528]--test_invest.py--118--INFO:======================正在查询原始投资流水记录条数=======================
[2020-06-20 23:47:25,547]--test_invest.py--122--INFO:账户id为13217的原始投资流水条数为81
[2020-06-20 23:47:25,570]--test_invest.py--156--INFO:第6条用例执行结果为PASS
[2020-06-20 23:47:25,570]--test_invest.py--162--INFO:*************开始回写数据***************
[2020-06-20 23:47:25,951]--test_invest.py--164--INFO:正在回写实际结果actual：{'code': 2, 'msg': '该项目不在竞标中状态', 'data': None, 'copyright': 'Copyright 柠檬班 © 2017-2020 湖南省零檬信息技术有限公司 All Rights Reserved'}
[2020-06-20 23:47:26,329]--test_invest.py--166--INFO:正在回写测试结果test_result：PASS
[2020-06-20 23:47:26,330]--test_invest.py--167--INFO:*************结束回写数据***************
[2020-06-20 23:47:26,661]--test_invest.py--42--INFO:******************正在执行invest模块用例******************
[2020-06-20 23:47:26,662]--test_invest.py--43--INFO:正在执行第7条用例:投资项目id校验--输入非投标中状态4(还款完成)的项目id
[2020-06-20 23:47:26,662]--test_invest.py--44--INFO:请求的数据是{'case_id': 7, 'interface': 'invest', 'title': '投资项目id校验--输入非投标中状态4(还款完成)的项目id', 'method': 'POST', 'url': '/member/invest', 'data': '{"member_id":"#member_id#","loan_id":"#hwc#","amount":"100"}', 'headers': '{"X-Lemonban-Media-Type": "lemonban.v2","Authorization":"#token#"}', 'yes_or_no': 'NO', 'expected': '{"code": 2,"msg": "该项目不在竞标中状态"}', 'actucal': "{'code': 2, 'msg': '该项目不在竞标中状态', 'data': None, 'copyright': 'Copyright 柠檬班 © 2017-2020 湖南省零檬信息技术有限公司 All Rights Reserved'}", 'test_result': 'PASS'}
[2020-06-20 23:47:26,672]--test_invest.py--111--INFO:======================正在查询原始投资记录条数=======================
[2020-06-20 23:47:26,679]--test_invest.py--115--INFO:账户id为13217的原始投资记录条数为6
[2020-06-20 23:47:26,680]--test_invest.py--118--INFO:======================正在查询原始投资流水记录条数=======================
[2020-06-20 23:47:26,693]--test_invest.py--122--INFO:账户id为13217的原始投资流水条数为81
[2020-06-20 23:47:26,713]--test_invest.py--156--INFO:第7条用例执行结果为PASS
[2020-06-20 23:47:26,713]--test_invest.py--162--INFO:*************开始回写数据***************
[2020-06-20 23:47:27,225]--test_invest.py--164--INFO:正在回写实际结果actual：{'code': 2, 'msg': '该项目不在竞标中状态', 'data': None, 'copyright': 'Copyright 柠檬班 © 2017-2020 湖南省零檬信息技术有限公司 All Rights Reserved'}
[2020-06-20 23:47:27,639]--test_invest.py--166--INFO:正在回写测试结果test_result：PASS
[2020-06-20 23:47:27,641]--test_invest.py--167--INFO:*************结束回写数据***************
[2020-06-20 23:47:27,773]--test_invest.py--42--INFO:******************正在执行invest模块用例******************
[2020-06-20 23:47:27,773]--test_invest.py--43--INFO:正在执行第8条用例:投资项目id校验--输入非投标中状态5(审核不通过)的项目id
[2020-06-20 23:47:27,774]--test_invest.py--44--INFO:请求的数据是{'case_id': 8, 'interface': 'invest', 'title': '投资项目id校验--输入非投标中状态5(审核不通过)的项目id', 'method': 'POST', 'url': '/member/invest', 'data': '{"member_id":"#member_id#","loan_id":"#btg#","amount":"100"}', 'headers': '{"X-Lemonban-Media-Type": "lemonban.v2","Authorization":"#token#"}', 'yes_or_no': 'NO', 'expected': '{"code": 2,"msg": "该项目不在竞标中状态"}', 'actucal': "{'code': 2, 'msg': '该项目不在竞标中状态', 'data': None, 'copyright': 'Copyright 柠檬班 © 2017-2020 湖南省零檬信息技术有限公司 All Rights Reserved'}", 'test_result': 'PASS'}
[2020-06-20 23:47:27,782]--test_invest.py--111--INFO:======================正在查询原始投资记录条数=======================
[2020-06-20 23:47:27,790]--test_invest.py--115--INFO:账户id为13217的原始投资记录条数为6
[2020-06-20 23:47:27,791]--test_invest.py--118--INFO:======================正在查询原始投资流水记录条数=======================
[2020-06-20 23:47:27,806]--test_invest.py--122--INFO:账户id为13217的原始投资流水条数为81
[2020-06-20 23:47:27,827]--test_invest.py--156--INFO:第8条用例执行结果为PASS
[2020-06-20 23:47:27,827]--test_invest.py--162--INFO:*************开始回写数据***************
[2020-06-20 23:47:28,210]--test_invest.py--164--INFO:正在回写实际结果actual：{'code': 2, 'msg': '该项目不在竞标中状态', 'data': None, 'copyright': 'Copyright 柠檬班 © 2017-2020 湖南省零檬信息技术有限公司 All Rights Reserved'}
[2020-06-20 23:47:28,551]--test_invest.py--166--INFO:正在回写测试结果test_result：PASS
[2020-06-20 23:47:28,552]--test_invest.py--167--INFO:*************结束回写数据***************
[2020-06-20 23:47:28,900]--test_invest.py--42--INFO:******************正在执行invest模块用例******************
[2020-06-20 23:47:28,900]--test_invest.py--43--INFO:正在执行第9条用例:投资项目id校验--输入用户自己创建的项目id
[2020-06-20 23:47:28,901]--test_invest.py--44--INFO:请求的数据是{'case_id': 9, 'interface': 'invest', 'title': '投资项目id校验--输入用户自己创建的项目id', 'method': 'POST', 'url': '/member/invest', 'data': '{"member_id":"#member_id#","loan_id":"#loanid#","amount":"100"}', 'headers': '{"X-Lemonban-Media-Type": "lemonban.v2","Authorization":"#token#"}', 'yes_or_no': 'YES', 'expected': '{"code": 0,"msg": "OK"}', 'actucal': "{'code': 0, 'msg': 'OK', 'data': {'id': 1884, 'member_id': 13217, 'loan_id': 1245007, 'amount': 100.0, 'create_time': '2020-06-20 23:31:09', 'is_valid': 1}, 'copyright': 'Copyright 柠檬班 © 2017-2020 湖南省零檬信息技术有限公司 All Rights Reserved'}", 'test_result': 'PASS'}
[2020-06-20 23:47:28,901]--test_invest.py--80--INFO:======================正在查询原始金额=======================
[2020-06-20 23:47:28,916]--test_invest.py--91--INFO:账户id为13217的账户原始金额是2097500.65
[2020-06-20 23:47:28,917]--test_invest.py--111--INFO:======================正在查询原始投资记录条数=======================
[2020-06-20 23:47:28,931]--test_invest.py--115--INFO:账户id为13217的原始投资记录条数为6
[2020-06-20 23:47:28,932]--test_invest.py--118--INFO:======================正在查询原始投资流水记录条数=======================
[2020-06-20 23:47:28,951]--test_invest.py--122--INFO:账户id为13217的原始投资流水条数为81
[2020-06-20 23:47:28,984]--test_invest.py--156--INFO:第9条用例执行结果为PASS
[2020-06-20 23:47:28,984]--test_invest.py--162--INFO:*************开始回写数据***************
[2020-06-20 23:47:29,341]--test_invest.py--164--INFO:正在回写实际结果actual：{'code': 0, 'msg': 'OK', 'data': {'id': 1888, 'member_id': 13217, 'loan_id': 1245148, 'amount': 100.0, 'create_time': '2020-06-20 23:47:30', 'is_valid': 1}, 'copyright': 'Copyright 柠檬班 © 2017-2020 湖南省零檬信息技术有限公司 All Rights Reserved'}
[2020-06-20 23:47:29,739]--test_invest.py--166--INFO:正在回写测试结果test_result：PASS
[2020-06-20 23:47:29,740]--test_invest.py--167--INFO:*************结束回写数据***************
[2020-06-20 23:47:29,932]--test_invest.py--42--INFO:******************正在执行invest模块用例******************
[2020-06-20 23:47:29,932]--test_invest.py--43--INFO:正在执行第10条用例:投资项目id校验--输入其他用户创建的项目id
[2020-06-20 23:47:29,932]--test_invest.py--44--INFO:请求的数据是{'case_id': 10, 'interface': 'invest', 'title': '投资项目id校验--输入其他用户创建的项目id', 'method': 'POST', 'url': '/member/invest', 'data': '{"member_id":"#member_id#","loan_id":"#otherid#","amount":"100"}', 'headers': '{"X-Lemonban-Media-Type": "lemonban.v2","Authorization":"#token#"}', 'yes_or_no': 'YES', 'expected': '{"code": 0,"msg": "OK"}', 'actucal': None, 'test_result': None}
[2020-06-20 23:47:29,932]--test_invest.py--80--INFO:======================正在查询原始金额=======================
[2020-06-20 23:47:29,964]--test_invest.py--91--INFO:账户id为13217的账户原始金额是2097400.65
[2020-06-20 23:47:30,140]--test_invest.py--42--INFO:******************正在执行invest模块用例******************
[2020-06-20 23:47:30,141]--test_invest.py--43--INFO:正在执行第11条用例:投资项目id校验--输入不存在的项目id
[2020-06-20 23:47:30,141]--test_invest.py--44--INFO:请求的数据是{'case_id': 11, 'interface': 'invest', 'title': '投资项目id校验--输入不存在的项目id', 'method': 'POST', 'url': '/member/invest', 'data': '{"member_id":"#member_id#","loan_id":"8d88","amount":"100"}', 'headers': '{"X-Lemonban-Media-Type": "lemonban.v2","Authorization":"#token#"}', 'yes_or_no': 'NO', 'expected': '{"code": 2,"msg": "项目不存在"}', 'actucal': "{'code': 2, 'msg': '数值参数格式错误', 'data': None, 'copyright': 'Copyright 柠檬班 © 2017-2020 湖南省零檬信息技术有限公司 All Rights Reserved'}", 'test_result': 'FAILED'}
[2020-06-20 23:47:30,142]--test_invest.py--111--INFO:======================正在查询原始投资记录条数=======================
[2020-06-20 23:47:30,154]--test_invest.py--115--INFO:账户id为13217的原始投资记录条数为7
[2020-06-20 23:47:30,154]--test_invest.py--118--INFO:======================正在查询原始投资流水记录条数=======================
[2020-06-20 23:47:30,170]--test_invest.py--122--INFO:账户id为13217的原始投资流水条数为82
[2020-06-20 23:47:30,190]--test_invest.py--158--ERROR:执行接口测试出现错误，错误是False is not true
[2020-06-20 23:47:30,191]--test_invest.py--160--ERROR:第11条用例执行结果为FAILED
[2020-06-20 23:47:30,192]--test_invest.py--162--INFO:*************开始回写数据***************
[2020-06-20 23:47:30,602]--test_invest.py--164--INFO:正在回写实际结果actual：{'code': 2, 'msg': '数值参数格式错误', 'data': None, 'copyright': 'Copyright 柠檬班 © 2017-2020 湖南省零檬信息技术有限公司 All Rights Reserved'}
[2020-06-20 23:47:31,015]--test_invest.py--166--INFO:正在回写测试结果test_result：FAILED
[2020-06-20 23:47:31,016]--test_invest.py--167--INFO:*************结束回写数据***************
[2020-06-20 23:47:31,166]--test_invest.py--42--INFO:******************正在执行invest模块用例******************
[2020-06-20 23:47:31,167]--test_invest.py--43--INFO:正在执行第12条用例:投资项目id校验--项目id输入为空
[2020-06-20 23:47:31,167]--test_invest.py--44--INFO:请求的数据是{'case_id': 12, 'interface': 'invest', 'title': '投资项目id校验--项目id输入为空', 'method': 'POST', 'url': '/member/invest', 'data': '{"member_id":"#member_id#","loan_id":"","amount":"100"}', 'headers': '{"X-Lemonban-Media-Type": "lemonban.v2","Authorization":"#token#"}', 'yes_or_no': 'NO', 'expected': '{"code": 2,"msg": "数值参数格式错误"}', 'actucal': None, 'test_result': None}
[2020-06-20 23:47:31,167]--test_invest.py--111--INFO:======================正在查询原始投资记录条数=======================
[2020-06-20 23:47:31,176]--test_invest.py--115--INFO:账户id为13217的原始投资记录条数为7
[2020-06-20 23:47:31,178]--test_invest.py--118--INFO:======================正在查询原始投资流水记录条数=======================
[2020-06-20 23:47:31,192]--test_invest.py--122--INFO:账户id为13217的原始投资流水条数为82
[2020-06-20 23:47:31,213]--test_invest.py--156--INFO:第12条用例执行结果为PASS
[2020-06-20 23:47:31,214]--test_invest.py--162--INFO:*************开始回写数据***************
[2020-06-20 23:47:31,616]--test_invest.py--164--INFO:正在回写实际结果actual：{'code': 2, 'msg': '数值参数格式错误', 'data': None, 'copyright': 'Copyright 柠檬班 © 2017-2020 湖南省零檬信息技术有限公司 All Rights Reserved'}
[2020-06-20 23:47:31,951]--test_invest.py--166--INFO:正在回写测试结果test_result：PASS
[2020-06-20 23:47:31,952]--test_invest.py--167--INFO:*************结束回写数据***************
[2020-06-20 23:47:32,076]--test_invest.py--42--INFO:******************正在执行invest模块用例******************
[2020-06-20 23:47:32,077]--test_invest.py--43--INFO:正在执行第13条用例:投资金额校验--投资金额输入为空
[2020-06-20 23:47:32,077]--test_invest.py--44--INFO:请求的数据是{'case_id': 13, 'interface': 'invest', 'title': '投资金额校验--投资金额输入为空', 'method': 'POST', 'url': '/member/invest', 'data': '{"member_id":"#member_id#","loan_id":"#loanid#","amount":""}', 'headers': '{"X-Lemonban-Media-Type": "lemonban.v2","Authorization":"#token#"}', 'yes_or_no': 'NO', 'expected': '{"code": 2,"msg": "数值参数格式错误"}', 'actucal': "{'code': 2, 'msg': '数值参数格式错误', 'data': None, 'copyright': 'Copyright 柠檬班 © 2017-2020 湖南省零檬信息技术有限公司 All Rights Reserved'}", 'test_result': 'PASS'}
[2020-06-20 23:47:32,078]--test_invest.py--111--INFO:======================正在查询原始投资记录条数=======================
[2020-06-20 23:47:32,085]--test_invest.py--115--INFO:账户id为13217的原始投资记录条数为7
[2020-06-20 23:47:32,086]--test_invest.py--118--INFO:======================正在查询原始投资流水记录条数=======================
[2020-06-20 23:47:32,101]--test_invest.py--122--INFO:账户id为13217的原始投资流水条数为82
[2020-06-20 23:47:32,118]--test_invest.py--156--INFO:第13条用例执行结果为PASS
[2020-06-20 23:47:32,119]--test_invest.py--162--INFO:*************开始回写数据***************
[2020-06-20 23:47:32,638]--test_invest.py--164--INFO:正在回写实际结果actual：{'code': 2, 'msg': '数值参数格式错误', 'data': None, 'copyright': 'Copyright 柠檬班 © 2017-2020 湖南省零檬信息技术有限公司 All Rights Reserved'}
[2020-06-20 23:47:32,992]--test_invest.py--166--INFO:正在回写测试结果test_result：PASS
[2020-06-20 23:47:32,993]--test_invest.py--167--INFO:*************结束回写数据***************
[2020-06-20 23:47:33,149]--test_invest.py--42--INFO:******************正在执行invest模块用例******************
[2020-06-20 23:47:33,149]--test_invest.py--43--INFO:正在执行第14条用例:投资金额校验--投资金额输入为能被100整除的正整数
[2020-06-20 23:47:33,150]--test_invest.py--44--INFO:请求的数据是{'case_id': 14, 'interface': 'invest', 'title': '投资金额校验--投资金额输入为能被100整除的正整数', 'method': 'POST', 'url': '/member/invest', 'data': '{"member_id":"#member_id#","loan_id":"#loanid#","amount":"200"}', 'headers': '{"X-Lemonban-Media-Type": "lemonban.v2","Authorization":"#token#"}', 'yes_or_no': 'YES', 'expected': '{"code": 0,"msg": "OK"}', 'actucal': "{'code': 0, 'msg': 'OK', 'data': {'id': 1885, 'member_id': 13217, 'loan_id': 1245012, 'amount': 200.0, 'create_time': '2020-06-20 23:31:16', 'is_valid': 1}, 'copyright': 'Copyright 柠檬班 © 2017-2020 湖南省零檬信息技术有限公司 All Rights Reserved'}", 'test_result': 'PASS'}
[2020-06-20 23:47:33,150]--test_invest.py--80--INFO:======================正在查询原始金额=======================
[2020-06-20 23:47:33,164]--test_invest.py--91--INFO:账户id为13217的账户原始金额是2097400.65
[2020-06-20 23:47:33,165]--test_invest.py--111--INFO:======================正在查询原始投资记录条数=======================
[2020-06-20 23:47:33,180]--test_invest.py--115--INFO:账户id为13217的原始投资记录条数为7
[2020-06-20 23:47:33,180]--test_invest.py--118--INFO:======================正在查询原始投资流水记录条数=======================
[2020-06-20 23:47:33,201]--test_invest.py--122--INFO:账户id为13217的原始投资流水条数为82
[2020-06-20 23:47:33,238]--test_invest.py--156--INFO:第14条用例执行结果为PASS
[2020-06-20 23:47:33,238]--test_invest.py--162--INFO:*************开始回写数据***************
[2020-06-20 23:47:33,601]--test_invest.py--164--INFO:正在回写实际结果actual：{'code': 0, 'msg': 'OK', 'data': {'id': 1889, 'member_id': 13217, 'loan_id': 1245153, 'amount': 200.0, 'create_time': '2020-06-20 23:47:34', 'is_valid': 1}, 'copyright': 'Copyright 柠檬班 © 2017-2020 湖南省零檬信息技术有限公司 All Rights Reserved'}
[2020-06-20 23:47:33,979]--test_invest.py--166--INFO:正在回写测试结果test_result：PASS
[2020-06-20 23:47:33,980]--test_invest.py--167--INFO:*************结束回写数据***************
[2020-06-20 23:47:34,170]--test_invest.py--42--INFO:******************正在执行invest模块用例******************
[2020-06-20 23:47:34,170]--test_invest.py--43--INFO:正在执行第15条用例:投资金额校验--投资金额输入为不能被100整除的正整数
[2020-06-20 23:47:34,185]--test_invest.py--44--INFO:请求的数据是{'case_id': 15, 'interface': 'invest', 'title': '投资金额校验--投资金额输入为不能被100整除的正整数', 'method': 'POST', 'url': '/member/invest', 'data': '{"member_id":"#member_id#","loan_id":"#loanid#","amount":"101"}', 'headers': '{"X-Lemonban-Media-Type": "lemonban.v2","Authorization":"#token#"}', 'yes_or_no': 'NO', 'expected': '{"code": 2,"msg": "充值金额必须大于100，并且可以被100整除"}', 'actucal': "{'code': 2, 'msg': '充值金额必须大于100，并且可以被100整除', 'data': None, 'copyright': 'Copyright 柠檬班 © 2017-2020 湖南省零檬信息技术有限公司 All Rights Reserved'}", 'test_result': 'PASS'}
[2020-06-20 23:47:34,185]--test_invest.py--111--INFO:======================正在查询原始投资记录条数=======================
[2020-06-20 23:47:34,195]--test_invest.py--115--INFO:账户id为13217的原始投资记录条数为8
[2020-06-20 23:47:34,196]--test_invest.py--118--INFO:======================正在查询原始投资流水记录条数=======================
[2020-06-20 23:47:34,211]--test_invest.py--122--INFO:账户id为13217的原始投资流水条数为83
[2020-06-20 23:47:34,229]--test_invest.py--156--INFO:第15条用例执行结果为PASS
[2020-06-20 23:47:34,230]--test_invest.py--162--INFO:*************开始回写数据***************
[2020-06-20 23:47:34,585]--test_invest.py--164--INFO:正在回写实际结果actual：{'code': 2, 'msg': '充值金额必须大于100，并且可以被100整除', 'data': None, 'copyright': 'Copyright 柠檬班 © 2017-2020 湖南省零檬信息技术有限公司 All Rights Reserved'}
[2020-06-20 23:47:34,925]--test_invest.py--166--INFO:正在回写测试结果test_result：PASS
[2020-06-20 23:47:34,925]--test_invest.py--167--INFO:*************结束回写数据***************
[2020-06-20 23:47:35,059]--test_invest.py--42--INFO:******************正在执行invest模块用例******************
[2020-06-20 23:47:35,059]--test_invest.py--43--INFO:正在执行第16条用例:投资金额校验--投资金额输入负数
[2020-06-20 23:47:35,060]--test_invest.py--44--INFO:请求的数据是{'case_id': 16, 'interface': 'invest', 'title': '投资金额校验--投资金额输入负数', 'method': 'POST', 'url': '/member/invest', 'data': '{"member_id":"#member_id#","loan_id":"#loanid#","amount":"-100"}', 'headers': '{"X-Lemonban-Media-Type": "lemonban.v2","Authorization":"#token#"}', 'yes_or_no': 'NO', 'expected': '{"code": 2,"msg": "充值金额必须大于100，并且可以被100整除"}', 'actucal': "{'code': 2, 'msg': '充值金额必须大于100，并且可以被100整除', 'data': None, 'copyright': 'Copyright 柠檬班 © 2017-2020 湖南省零檬信息技术有限公司 All Rights Reserved'}", 'test_result': 'PASS'}
[2020-06-20 23:47:35,060]--test_invest.py--111--INFO:======================正在查询原始投资记录条数=======================
[2020-06-20 23:47:35,075]--test_invest.py--115--INFO:账户id为13217的原始投资记录条数为8
[2020-06-20 23:47:35,075]--test_invest.py--118--INFO:======================正在查询原始投资流水记录条数=======================
[2020-06-20 23:47:35,096]--test_invest.py--122--INFO:账户id为13217的原始投资流水条数为83
[2020-06-20 23:47:35,117]--test_invest.py--156--INFO:第16条用例执行结果为PASS
[2020-06-20 23:47:35,118]--test_invest.py--162--INFO:*************开始回写数据***************
[2020-06-20 23:47:35,479]--test_invest.py--164--INFO:正在回写实际结果actual：{'code': 2, 'msg': '充值金额必须大于100，并且可以被100整除', 'data': None, 'copyright': 'Copyright 柠檬班 © 2017-2020 湖南省零檬信息技术有限公司 All Rights Reserved'}
[2020-06-20 23:47:35,820]--test_invest.py--166--INFO:正在回写测试结果test_result：PASS
[2020-06-20 23:47:35,820]--test_invest.py--167--INFO:*************结束回写数据***************
[2020-06-20 23:47:35,957]--test_invest.py--42--INFO:******************正在执行invest模块用例******************
[2020-06-20 23:47:35,958]--test_invest.py--43--INFO:正在执行第17条用例:投资金额校验--投资金额输入小数
[2020-06-20 23:47:35,958]--test_invest.py--44--INFO:请求的数据是{'case_id': 17, 'interface': 'invest', 'title': '投资金额校验--投资金额输入小数', 'method': 'POST', 'url': '/member/invest', 'data': '{"member_id":"#member_id#","loan_id":"#loanid#","amount":"100.88"}', 'headers': '{"X-Lemonban-Media-Type": "lemonban.v2","Authorization":"#token#"}', 'yes_or_no': 'NO', 'expected': '{"code": 2,"msg": "充值金额必须大于100，并且可以被100整除"}', 'actucal': "{'code': 2, 'msg': '充值金额必须大于100，并且可以被100整除', 'data': None, 'copyright': 'Copyright 柠檬班 © 2017-2020 湖南省零檬信息技术有限公司 All Rights Reserved'}", 'test_result': 'PASS'}
[2020-06-20 23:47:35,958]--test_invest.py--111--INFO:======================正在查询原始投资记录条数=======================
[2020-06-20 23:47:35,972]--test_invest.py--115--INFO:账户id为13217的原始投资记录条数为8
[2020-06-20 23:47:35,973]--test_invest.py--118--INFO:======================正在查询原始投资流水记录条数=======================
[2020-06-20 23:47:35,994]--test_invest.py--122--INFO:账户id为13217的原始投资流水条数为83
[2020-06-20 23:47:36,014]--test_invest.py--156--INFO:第17条用例执行结果为PASS
[2020-06-20 23:47:36,014]--test_invest.py--162--INFO:*************开始回写数据***************
[2020-06-20 23:47:36,360]--test_invest.py--164--INFO:正在回写实际结果actual：{'code': 2, 'msg': '充值金额必须大于100，并且可以被100整除', 'data': None, 'copyright': 'Copyright 柠檬班 © 2017-2020 湖南省零檬信息技术有限公司 All Rights Reserved'}
[2020-06-20 23:47:36,710]--test_invest.py--166--INFO:正在回写测试结果test_result：PASS
[2020-06-20 23:47:36,710]--test_invest.py--167--INFO:*************结束回写数据***************
[2020-06-20 23:47:36,844]--test_invest.py--42--INFO:******************正在执行invest模块用例******************
[2020-06-20 23:47:36,844]--test_invest.py--43--INFO:正在执行第18条用例:投资金额校验--投资金额输入非法字符
[2020-06-20 23:47:36,844]--test_invest.py--44--INFO:请求的数据是{'case_id': 18, 'interface': 'invest', 'title': '投资金额校验--投资金额输入非法字符', 'method': 'POST', 'url': '/member/invest', 'data': '{"member_id":"#member_id#","loan_id":"#loanid#","amount":"ddd"}', 'headers': '{"X-Lemonban-Media-Type": "lemonban.v2","Authorization":"#token#"}', 'yes_or_no': 'NO', 'expected': '{"code": 2,"msg": "数值参数格式错误"}', 'actucal': "{'code': 2, 'msg': '数值参数格式错误', 'data': None, 'copyright': 'Copyright 柠檬班 © 2017-2020 湖南省零檬信息技术有限公司 All Rights Reserved'}", 'test_result': 'PASS'}
[2020-06-20 23:47:36,844]--test_invest.py--111--INFO:======================正在查询原始投资记录条数=======================
[2020-06-20 23:47:36,860]--test_invest.py--115--INFO:账户id为13217的原始投资记录条数为8
[2020-06-20 23:47:36,860]--test_invest.py--118--INFO:======================正在查询原始投资流水记录条数=======================
[2020-06-20 23:47:36,881]--test_invest.py--122--INFO:账户id为13217的原始投资流水条数为83
[2020-06-20 23:47:36,898]--test_invest.py--156--INFO:第18条用例执行结果为PASS
[2020-06-20 23:47:36,898]--test_invest.py--162--INFO:*************开始回写数据***************
[2020-06-20 23:47:37,345]--test_invest.py--164--INFO:正在回写实际结果actual：{'code': 2, 'msg': '数值参数格式错误', 'data': None, 'copyright': 'Copyright 柠檬班 © 2017-2020 湖南省零檬信息技术有限公司 All Rights Reserved'}
[2020-06-20 23:47:37,688]--test_invest.py--166--INFO:正在回写测试结果test_result：PASS
[2020-06-20 23:47:37,688]--test_invest.py--167--INFO:*************结束回写数据***************
[2020-06-20 23:47:47,912]--test_invest.py--42--INFO:******************正在执行invest模块用例******************
[2020-06-20 23:47:47,912]--test_invest.py--43--INFO:正在执行第19条用例:投资金额校验--投资金额输入大于可投标金额
[2020-06-20 23:47:47,912]--test_invest.py--44--INFO:请求的数据是{'case_id': 19, 'interface': 'invest', 'title': '投资金额校验--投资金额输入大于可投标金额', 'method': 'POST', 'url': '/member/invest', 'data': '{"member_id":"#member_id#","loan_id":"#otherid#","amount":"#max_amt#"}', 'headers': '{"X-Lemonban-Media-Type": "lemonban.v2","Authorization":"#token#"}', 'yes_or_no': 'NO', 'expected': '{"code": 2,"msg": "该标可投金额不足,可投金额：6900.0"}', 'actucal': None, 'test_result': None}
[2020-06-20 23:47:48,071]--test_invest.py--42--INFO:******************正在执行invest模块用例******************
[2020-06-20 23:47:48,071]--test_invest.py--43--INFO:正在执行第20条用例:投资金额校验--投资金额输入等于可投标金额,投标完成
[2020-06-20 23:47:48,072]--test_invest.py--44--INFO:请求的数据是{'case_id': 20, 'interface': 'invest', 'title': '投资金额校验--投资金额输入等于可投标金额,投标完成', 'method': 'POST', 'url': '/member/invest', 'data': '{"member_id":"#member_id#","loan_id":"#loanid#","amount":"#amount#"}', 'headers': '{"X-Lemonban-Media-Type": "lemonban.v2","Authorization":"#token#"}', 'yes_or_no': 'YES', 'expected': '{"code": 2,"msg": "该标可投金额不足,可投金额：6900.0"}', 'actucal': None, 'test_result': None}
[2020-06-20 23:47:48,072]--test_invest.py--80--INFO:======================正在查询原始金额=======================
[2020-06-20 23:47:48,087]--test_invest.py--91--INFO:账户id为13217的账户原始金额是2097200.65
[2020-06-20 23:47:48,340]--test_invest.py--42--INFO:******************正在执行invest模块用例******************
[2020-06-20 23:47:48,341]--test_invest.py--43--INFO:正在执行第21条用例:投资金额校验--投资金额输入大于用户余额,余额不足
[2020-06-20 23:47:48,341]--test_invest.py--44--INFO:请求的数据是{'case_id': 21, 'interface': 'invest', 'title': '投资金额校验--投资金额输入大于用户余额,余额不足', 'method': 'POST', 'url': '/member/invest', 'data': '{"member_id":"#member_id#","loan_id":"#loanid#","amount":"#min_amt#"}', 'headers': '{"X-Lemonban-Media-Type": "lemonban.v2","Authorization":"#token#"}', 'yes_or_no': 'NO', 'expected': '{"code": 0,"msg": "OK"}', 'actucal': None, 'test_result': None}
[2020-06-20 23:47:48,341]--test_invest.py--111--INFO:======================正在查询原始投资记录条数=======================
[2020-06-20 23:47:48,358]--test_invest.py--115--INFO:账户id为13217的原始投资记录条数为8
[2020-06-20 23:47:48,358]--test_invest.py--118--INFO:======================正在查询原始投资流水记录条数=======================
[2020-06-20 23:47:48,385]--test_invest.py--122--INFO:账户id为13217的原始投资流水条数为83
[2020-06-20 23:47:48,409]--test_invest.py--158--ERROR:执行接口测试出现错误，错误是False is not true
[2020-06-20 23:47:48,409]--test_invest.py--160--ERROR:第21条用例执行结果为FAILED
[2020-06-20 23:47:48,409]--test_invest.py--162--INFO:*************开始回写数据***************
[2020-06-20 23:47:48,774]--test_invest.py--164--INFO:正在回写实际结果actual：{'code': 2, 'msg': '数值参数格式错误', 'data': None, 'copyright': 'Copyright 柠檬班 © 2017-2020 湖南省零檬信息技术有限公司 All Rights Reserved'}
[2020-06-20 23:47:49,157]--test_invest.py--166--INFO:正在回写测试结果test_result：FAILED
[2020-06-20 23:47:49,157]--test_invest.py--167--INFO:*************结束回写数据***************
