[2020-06-20 23:31:00,001]--test_invest.py--42--INFO:******************正在执行invest模块用例******************
[2020-06-20 23:31:00,003]--test_invest.py--43--INFO:正在执行第1条用例:用户id校验--输入已注册用户id
[2020-06-20 23:31:00,003]--test_invest.py--44--INFO:请求的数据是{'case_id': 1, 'interface': 'invest', 'title': '用户id校验--输入已注册用户id', 'method': 'POST', 'url': '/member/invest', 'data': '{"member_id":"#member_id#","loan_id":"#loanid#","amount":"1000"}', 'headers': '{"X-Lemonban-Media-Type": "lemonban.v2","Authorization":"#token#"}', 'yes_or_no': 'YES', 'expected': '{"code": 0,"msg": "OK"}', 'actucal': None, 'test_result': None}
[2020-06-20 23:31:00,004]--test_invest.py--80--INFO:======================正在查询原始金额=======================
[2020-06-20 23:31:00,061]--test_invest.py--91--INFO:账户id为13217的账户原始金额是2100000.65
[2020-06-20 23:31:00,062]--test_invest.py--111--INFO:======================正在查询原始投资记录条数=======================
[2020-06-20 23:31:00,090]--test_invest.py--115--INFO:账户id为13217的原始投资记录条数为0
[2020-06-20 23:31:00,090]--test_invest.py--118--INFO:======================正在查询原始投资流水记录条数=======================
[2020-06-20 23:31:00,107]--test_invest.py--122--INFO:账户id为13217的原始投资流水条数为75
[2020-06-20 23:31:00,144]--test_invest.py--156--INFO:第1条用例执行结果为PASS
[2020-06-20 23:31:00,145]--test_invest.py--162--INFO:*************开始回写数据***************
[2020-06-20 23:31:00,742]--test_invest.py--164--INFO:正在回写实际结果actual：{'code': 0, 'msg': 'OK', 'data': {'id': 1882, 'member_id': 13217, 'loan_id': 1244998, 'amount': 1000.0, 'create_time': '2020-06-20 23:31:01', 'is_valid': 1}, 'copyright': 'Copyright 柠檬班 © 2017-2020 湖南省零檬信息技术有限公司 All Rights Reserved'}
[2020-06-20 23:31:01,088]--test_invest.py--166--INFO:正在回写测试结果test_result：PASS
[2020-06-20 23:31:01,089]--test_invest.py--167--INFO:*************结束回写数据***************
[2020-06-20 23:31:01,278]--test_invest.py--42--INFO:******************正在执行invest模块用例******************
[2020-06-20 23:31:01,279]--test_invest.py--43--INFO:正在执行第2条用例:用户id校验--输入不存在的用户id
[2020-06-20 23:31:01,279]--test_invest.py--44--INFO:请求的数据是{'case_id': 2, 'interface': 'invest', 'title': '用户id校验--输入不存在的用户id', 'method': 'POST', 'url': '/member/invest', 'data': '{"member_id":"s13361","loan_id":"#loanid#","amount":"20000"}', 'headers': '{"X-Lemonban-Media-Type": "lemonban.v2","Authorization":"#token#"}', 'yes_or_no': 'NO', 'expected': '{"code": 2,"msg": "数值参数格式错误"}', 'actucal': None, 'test_result': None}
[2020-06-20 23:31:01,279]--test_invest.py--111--INFO:======================正在查询原始投资记录条数=======================
[2020-06-20 23:31:01,297]--test_invest.py--115--INFO:账户id为13217的原始投资记录条数为1
[2020-06-20 23:31:01,298]--test_invest.py--118--INFO:======================正在查询原始投资流水记录条数=======================
[2020-06-20 23:31:01,321]--test_invest.py--122--INFO:账户id为13217的原始投资流水条数为76
[2020-06-20 23:31:01,340]--test_invest.py--156--INFO:第2条用例执行结果为PASS
[2020-06-20 23:31:01,341]--test_invest.py--162--INFO:*************开始回写数据***************
[2020-06-20 23:31:01,789]--test_invest.py--164--INFO:正在回写实际结果actual：{'code': 2, 'msg': '数值参数格式错误', 'data': None, 'copyright': 'Copyright 柠檬班 © 2017-2020 湖南省零檬信息技术有限公司 All Rights Reserved'}
[2020-06-20 23:31:02,132]--test_invest.py--166--INFO:正在回写测试结果test_result：PASS
[2020-06-20 23:31:02,133]--test_invest.py--167--INFO:*************结束回写数据***************
[2020-06-20 23:31:02,290]--test_invest.py--42--INFO:******************正在执行invest模块用例******************
[2020-06-20 23:31:02,291]--test_invest.py--43--INFO:正在执行第3条用例:用户id校验--id输入为空
[2020-06-20 23:31:02,291]--test_invest.py--44--INFO:请求的数据是{'case_id': 3, 'interface': 'invest', 'title': '用户id校验--id输入为空', 'method': 'POST', 'url': '/member/invest', 'data': '{"member_id":"","loan_id":"#loanid#","amount":"100"}', 'headers': '{"X-Lemonban-Media-Type": "lemonban.v2","Authorization":"#token#"}', 'yes_or_no': 'NO', 'expected': '{"code": 2,"msg": "数值参数格式错误"}', 'actucal': None, 'test_result': None}
[2020-06-20 23:31:02,291]--test_invest.py--111--INFO:======================正在查询原始投资记录条数=======================
[2020-06-20 23:31:02,301]--test_invest.py--115--INFO:账户id为13217的原始投资记录条数为1
[2020-06-20 23:31:02,302]--test_invest.py--118--INFO:======================正在查询原始投资流水记录条数=======================
[2020-06-20 23:31:02,317]--test_invest.py--122--INFO:账户id为13217的原始投资流水条数为76
[2020-06-20 23:31:02,336]--test_invest.py--156--INFO:第3条用例执行结果为PASS
[2020-06-20 23:31:02,336]--test_invest.py--162--INFO:*************开始回写数据***************
[2020-06-20 23:31:02,797]--test_invest.py--164--INFO:正在回写实际结果actual：{'code': 2, 'msg': '数值参数格式错误', 'data': None, 'copyright': 'Copyright 柠檬班 © 2017-2020 湖南省零檬信息技术有限公司 All Rights Reserved'}
[2020-06-20 23:31:03,179]--test_invest.py--166--INFO:正在回写测试结果test_result：PASS
[2020-06-20 23:31:03,179]--test_invest.py--167--INFO:*************结束回写数据***************
[2020-06-20 23:31:03,301]--test_invest.py--42--INFO:******************正在执行invest模块用例******************
[2020-06-20 23:31:03,302]--test_invest.py--43--INFO:正在执行第4条用例:投资项目id校验--输入投标中状态2(竞标中)的项目id
[2020-06-20 23:31:03,302]--test_invest.py--44--INFO:请求的数据是{'case_id': 4, 'interface': 'invest', 'title': '投资项目id校验--输入投标中状态2(竞标中)的项目id', 'method': 'POST', 'url': '/member/invest', 'data': '{"member_id":"#member_id#","loan_id":"#loanid#","amount":"100"}', 'headers': '{"X-Lemonban-Media-Type": "lemonban.v2","Authorization":"#token#"}', 'yes_or_no': 'YES', 'expected': '{"code": 0,"msg": "OK"}', 'actucal': None, 'test_result': None}
[2020-06-20 23:31:03,302]--test_invest.py--80--INFO:======================正在查询原始金额=======================
[2020-06-20 23:31:03,309]--test_invest.py--91--INFO:账户id为13217的账户原始金额是2099000.65
[2020-06-20 23:31:03,309]--test_invest.py--111--INFO:======================正在查询原始投资记录条数=======================
[2020-06-20 23:31:03,316]--test_invest.py--115--INFO:账户id为13217的原始投资记录条数为1
[2020-06-20 23:31:03,316]--test_invest.py--118--INFO:======================正在查询原始投资流水记录条数=======================
[2020-06-20 23:31:03,332]--test_invest.py--122--INFO:账户id为13217的原始投资流水条数为76
[2020-06-20 23:31:03,365]--test_invest.py--156--INFO:第4条用例执行结果为PASS
[2020-06-20 23:31:03,365]--test_invest.py--162--INFO:*************开始回写数据***************
[2020-06-20 23:31:03,900]--test_invest.py--164--INFO:正在回写实际结果actual：{'code': 0, 'msg': 'OK', 'data': {'id': 1883, 'member_id': 13217, 'loan_id': 1245002, 'amount': 100.0, 'create_time': '2020-06-20 23:31:04', 'is_valid': 1}, 'copyright': 'Copyright 柠檬班 © 2017-2020 湖南省零檬信息技术有限公司 All Rights Reserved'}
[2020-06-20 23:31:04,332]--test_invest.py--166--INFO:正在回写测试结果test_result：PASS
[2020-06-20 23:31:04,333]--test_invest.py--167--INFO:*************结束回写数据***************
[2020-06-20 23:31:04,535]--test_invest.py--42--INFO:******************正在执行invest模块用例******************
[2020-06-20 23:31:04,536]--test_invest.py--43--INFO:正在执行第5条用例:投资项目id校验--输入非投标中状态为1(审核中)的项目id
[2020-06-20 23:31:04,536]--test_invest.py--44--INFO:请求的数据是{'case_id': 5, 'interface': 'invest', 'title': '投资项目id校验--输入非投标中状态为1(审核中)的项目id', 'method': 'POST', 'url': '/member/invest', 'data': '{"member_id":"#member_id#","loan_id":"#shz#","amount":"100"}', 'headers': '{"X-Lemonban-Media-Type": "lemonban.v2","Authorization":"#token#"}', 'yes_or_no': 'NO', 'expected': '{"code": 2,"msg": "该项目不在竞标中状态"}', 'actucal': None, 'test_result': None}
[2020-06-20 23:31:04,551]--test_invest.py--111--INFO:======================正在查询原始投资记录条数=======================
[2020-06-20 23:31:04,565]--test_invest.py--115--INFO:账户id为13217的原始投资记录条数为2
[2020-06-20 23:31:04,565]--test_invest.py--118--INFO:======================正在查询原始投资流水记录条数=======================
[2020-06-20 23:31:04,585]--test_invest.py--122--INFO:账户id为13217的原始投资流水条数为77
[2020-06-20 23:31:04,606]--test_invest.py--156--INFO:第5条用例执行结果为PASS
[2020-06-20 23:31:04,607]--test_invest.py--162--INFO:*************开始回写数据***************
[2020-06-20 23:31:05,044]--test_invest.py--164--INFO:正在回写实际结果actual：{'code': 2, 'msg': '该项目不在竞标中状态', 'data': None, 'copyright': 'Copyright 柠檬班 © 2017-2020 湖南省零檬信息技术有限公司 All Rights Reserved'}
[2020-06-20 23:31:05,434]--test_invest.py--166--INFO:正在回写测试结果test_result：PASS
[2020-06-20 23:31:05,434]--test_invest.py--167--INFO:*************结束回写数据***************
[2020-06-20 23:31:05,569]--test_invest.py--42--INFO:******************正在执行invest模块用例******************
[2020-06-20 23:31:05,569]--test_invest.py--43--INFO:正在执行第6条用例:投资项目id校验--输入非投标中状态3(还款中)的项目id
[2020-06-20 23:31:05,570]--test_invest.py--44--INFO:请求的数据是{'case_id': 6, 'interface': 'invest', 'title': '投资项目id校验--输入非投标中状态3(还款中)的项目id', 'method': 'POST', 'url': '/member/invest', 'data': '{"member_id":"#member_id#","loan_id":"#hkz#","amount":"100"}', 'headers': '{"X-Lemonban-Media-Type": "lemonban.v2","Authorization":"#token#"}', 'yes_or_no': 'NO', 'expected': '{"code": 2,"msg": "该项目不在竞标中状态"}', 'actucal': None, 'test_result': None}
[2020-06-20 23:31:05,585]--test_invest.py--111--INFO:======================正在查询原始投资记录条数=======================
[2020-06-20 23:31:05,601]--test_invest.py--115--INFO:账户id为13217的原始投资记录条数为2
[2020-06-20 23:31:05,601]--test_invest.py--118--INFO:======================正在查询原始投资流水记录条数=======================
[2020-06-20 23:31:05,623]--test_invest.py--122--INFO:账户id为13217的原始投资流水条数为77
[2020-06-20 23:31:05,645]--test_invest.py--156--INFO:第6条用例执行结果为PASS
[2020-06-20 23:31:05,646]--test_invest.py--162--INFO:*************开始回写数据***************
[2020-06-20 23:31:06,072]--test_invest.py--164--INFO:正在回写实际结果actual：{'code': 2, 'msg': '该项目不在竞标中状态', 'data': None, 'copyright': 'Copyright 柠檬班 © 2017-2020 湖南省零檬信息技术有限公司 All Rights Reserved'}
[2020-06-20 23:31:06,434]--test_invest.py--166--INFO:正在回写测试结果test_result：PASS
[2020-06-20 23:31:06,434]--test_invest.py--167--INFO:*************结束回写数据***************
[2020-06-20 23:31:06,564]--test_invest.py--42--INFO:******************正在执行invest模块用例******************
[2020-06-20 23:31:06,566]--test_invest.py--43--INFO:正在执行第7条用例:投资项目id校验--输入非投标中状态4(还款完成)的项目id
[2020-06-20 23:31:06,566]--test_invest.py--44--INFO:请求的数据是{'case_id': 7, 'interface': 'invest', 'title': '投资项目id校验--输入非投标中状态4(还款完成)的项目id', 'method': 'POST', 'url': '/member/invest', 'data': '{"member_id":"#member_id#","loan_id":"#hwc#","amount":"100"}', 'headers': '{"X-Lemonban-Media-Type": "lemonban.v2","Authorization":"#token#"}', 'yes_or_no': 'NO', 'expected': '{"code": 2,"msg": "该项目不在竞标中状态"}', 'actucal': None, 'test_result': None}
[2020-06-20 23:31:06,577]--test_invest.py--111--INFO:======================正在查询原始投资记录条数=======================
[2020-06-20 23:31:06,587]--test_invest.py--115--INFO:账户id为13217的原始投资记录条数为2
[2020-06-20 23:31:06,587]--test_invest.py--118--INFO:======================正在查询原始投资流水记录条数=======================
[2020-06-20 23:31:06,608]--test_invest.py--122--INFO:账户id为13217的原始投资流水条数为77
[2020-06-20 23:31:06,628]--test_invest.py--156--INFO:第7条用例执行结果为PASS
[2020-06-20 23:31:06,628]--test_invest.py--162--INFO:*************开始回写数据***************
[2020-06-20 23:31:07,032]--test_invest.py--164--INFO:正在回写实际结果actual：{'code': 2, 'msg': '该项目不在竞标中状态', 'data': None, 'copyright': 'Copyright 柠檬班 © 2017-2020 湖南省零檬信息技术有限公司 All Rights Reserved'}
[2020-06-20 23:31:07,508]--test_invest.py--166--INFO:正在回写测试结果test_result：PASS
[2020-06-20 23:31:07,508]--test_invest.py--167--INFO:*************结束回写数据***************
[2020-06-20 23:31:07,694]--test_invest.py--42--INFO:******************正在执行invest模块用例******************
[2020-06-20 23:31:07,694]--test_invest.py--43--INFO:正在执行第8条用例:投资项目id校验--输入非投标中状态5(审核不通过)的项目id
[2020-06-20 23:31:07,694]--test_invest.py--44--INFO:请求的数据是{'case_id': 8, 'interface': 'invest', 'title': '投资项目id校验--输入非投标中状态5(审核不通过)的项目id', 'method': 'POST', 'url': '/member/invest', 'data': '{"member_id":"#member_id#","loan_id":"#btg#","amount":"100"}', 'headers': '{"X-Lemonban-Media-Type": "lemonban.v2","Authorization":"#token#"}', 'yes_or_no': 'NO', 'expected': '{"code": 2,"msg": "该项目不在竞标中状态"}', 'actucal': None, 'test_result': None}
[2020-06-20 23:31:07,709]--test_invest.py--111--INFO:======================正在查询原始投资记录条数=======================
[2020-06-20 23:31:07,730]--test_invest.py--115--INFO:账户id为13217的原始投资记录条数为2
[2020-06-20 23:31:07,731]--test_invest.py--118--INFO:======================正在查询原始投资流水记录条数=======================
[2020-06-20 23:31:07,774]--test_invest.py--122--INFO:账户id为13217的原始投资流水条数为77
[2020-06-20 23:31:07,795]--test_invest.py--156--INFO:第8条用例执行结果为PASS
[2020-06-20 23:31:07,795]--test_invest.py--162--INFO:*************开始回写数据***************
[2020-06-20 23:31:08,188]--test_invest.py--164--INFO:正在回写实际结果actual：{'code': 2, 'msg': '该项目不在竞标中状态', 'data': None, 'copyright': 'Copyright 柠檬班 © 2017-2020 湖南省零檬信息技术有限公司 All Rights Reserved'}
[2020-06-20 23:31:08,639]--test_invest.py--166--INFO:正在回写测试结果test_result：PASS
[2020-06-20 23:31:08,639]--test_invest.py--167--INFO:*************结束回写数据***************
[2020-06-20 23:31:08,776]--test_invest.py--42--INFO:******************正在执行invest模块用例******************
[2020-06-20 23:31:08,776]--test_invest.py--43--INFO:正在执行第9条用例:投资项目id校验--输入用户自己创建的项目id
[2020-06-20 23:31:08,776]--test_invest.py--44--INFO:请求的数据是{'case_id': 9, 'interface': 'invest', 'title': '投资项目id校验--输入用户自己创建的项目id', 'method': 'POST', 'url': '/member/invest', 'data': '{"member_id":"#member_id#","loan_id":"#loanid#","amount":"100"}', 'headers': '{"X-Lemonban-Media-Type": "lemonban.v2","Authorization":"#token#"}', 'yes_or_no': 'YES', 'expected': '{"code": 0,"msg": "OK"}', 'actucal': None, 'test_result': None}
[2020-06-20 23:31:08,778]--test_invest.py--80--INFO:======================正在查询原始金额=======================
[2020-06-20 23:31:08,792]--test_invest.py--91--INFO:账户id为13217的账户原始金额是2098900.65
[2020-06-20 23:31:08,793]--test_invest.py--111--INFO:======================正在查询原始投资记录条数=======================
[2020-06-20 23:31:08,810]--test_invest.py--115--INFO:账户id为13217的原始投资记录条数为2
[2020-06-20 23:31:08,811]--test_invest.py--118--INFO:======================正在查询原始投资流水记录条数=======================
[2020-06-20 23:31:08,832]--test_invest.py--122--INFO:账户id为13217的原始投资流水条数为77
[2020-06-20 23:31:08,866]--test_invest.py--156--INFO:第9条用例执行结果为PASS
[2020-06-20 23:31:08,867]--test_invest.py--162--INFO:*************开始回写数据***************
[2020-06-20 23:31:09,305]--test_invest.py--164--INFO:正在回写实际结果actual：{'code': 0, 'msg': 'OK', 'data': {'id': 1884, 'member_id': 13217, 'loan_id': 1245007, 'amount': 100.0, 'create_time': '2020-06-20 23:31:09', 'is_valid': 1}, 'copyright': 'Copyright 柠檬班 © 2017-2020 湖南省零檬信息技术有限公司 All Rights Reserved'}
[2020-06-20 23:31:09,643]--test_invest.py--166--INFO:正在回写测试结果test_result：PASS
[2020-06-20 23:31:09,644]--test_invest.py--167--INFO:*************结束回写数据***************
[2020-06-20 23:31:09,837]--test_invest.py--42--INFO:******************正在执行invest模块用例******************
[2020-06-20 23:31:09,837]--test_invest.py--43--INFO:正在执行第10条用例:投资项目id校验--输入其他用户创建的项目id
[2020-06-20 23:31:09,837]--test_invest.py--44--INFO:请求的数据是{'case_id': 10, 'interface': 'invest', 'title': '投资项目id校验--输入其他用户创建的项目id', 'method': 'POST', 'url': '/member/invest', 'data': '{"member_id":"#member_id#","loan_id":"#otherid#","amount":"100"}', 'headers': '{"X-Lemonban-Media-Type": "lemonban.v2","Authorization":"#token#"}', 'yes_or_no': 'YES', 'expected': '{"code": 0,"msg": "OK"}', 'actucal': None, 'test_result': None}
[2020-06-20 23:31:09,837]--test_invest.py--80--INFO:======================正在查询原始金额=======================
[2020-06-20 23:31:09,845]--test_invest.py--91--INFO:账户id为13217的账户原始金额是2098800.65
[2020-06-20 23:31:10,205]--test_invest.py--42--INFO:******************正在执行invest模块用例******************
[2020-06-20 23:31:10,206]--test_invest.py--43--INFO:正在执行第11条用例:投资项目id校验--输入不存在的项目id
[2020-06-20 23:31:10,206]--test_invest.py--44--INFO:请求的数据是{'case_id': 11, 'interface': 'invest', 'title': '投资项目id校验--输入不存在的项目id', 'method': 'POST', 'url': '/member/invest', 'data': '{"member_id":"#member_id#","loan_id":"8d88","amount":"100"}', 'headers': '{"X-Lemonban-Media-Type": "lemonban.v2","Authorization":"#token#"}', 'yes_or_no': 'NO', 'expected': '{"code": 2,"msg": "项目不存在"}', 'actucal': None, 'test_result': None}
[2020-06-20 23:31:10,206]--test_invest.py--111--INFO:======================正在查询原始投资记录条数=======================
[2020-06-20 23:31:10,216]--test_invest.py--115--INFO:账户id为13217的原始投资记录条数为3
[2020-06-20 23:31:10,217]--test_invest.py--118--INFO:======================正在查询原始投资流水记录条数=======================
[2020-06-20 23:31:10,233]--test_invest.py--122--INFO:账户id为13217的原始投资流水条数为78
[2020-06-20 23:31:10,253]--test_invest.py--158--ERROR:执行接口测试出现错误，错误是False is not true
[2020-06-20 23:31:10,253]--test_invest.py--160--ERROR:第11条用例执行结果为FAILED
[2020-06-20 23:31:10,253]--test_invest.py--162--INFO:*************开始回写数据***************
[2020-06-20 23:31:10,640]--test_invest.py--164--INFO:正在回写实际结果actual：{'code': 2, 'msg': '数值参数格式错误', 'data': None, 'copyright': 'Copyright 柠檬班 © 2017-2020 湖南省零檬信息技术有限公司 All Rights Reserved'}
[2020-06-20 23:31:10,973]--test_invest.py--166--INFO:正在回写测试结果test_result：FAILED
[2020-06-20 23:31:10,973]--test_invest.py--167--INFO:*************结束回写数据***************
[2020-06-20 23:31:11,196]--test_invest.py--42--INFO:******************正在执行invest模块用例******************
[2020-06-20 23:31:11,196]--test_invest.py--43--INFO:正在执行第12条用例:投资项目id校验--项目id输入为空
[2020-06-20 23:31:11,196]--test_invest.py--44--INFO:请求的数据是{'case_id': 12, 'interface': 'invest', 'title': '投资项目id校验--项目id输入为空', 'method': 'POST', 'url': '/member/invest', 'data': '{"member_id":#member_id#","loan_id":"","amount":"100"}', 'headers': '{"X-Lemonban-Media-Type": "lemonban.v2","Authorization":"#token#"}', 'yes_or_no': 'NO', 'expected': '{"code": 2,"msg": "数值参数格式错误"}', 'actucal': None, 'test_result': None}
[2020-06-20 23:31:11,197]--test_invest.py--111--INFO:======================正在查询原始投资记录条数=======================
[2020-06-20 23:31:11,211]--test_invest.py--115--INFO:账户id为13217的原始投资记录条数为3
[2020-06-20 23:31:11,212]--test_invest.py--118--INFO:======================正在查询原始投资流水记录条数=======================
[2020-06-20 23:31:11,231]--test_invest.py--122--INFO:账户id为13217的原始投资流水条数为78
[2020-06-20 23:31:11,402]--test_invest.py--42--INFO:******************正在执行invest模块用例******************
[2020-06-20 23:31:11,402]--test_invest.py--43--INFO:正在执行第13条用例:投资金额校验--投资金额输入为空
[2020-06-20 23:31:11,402]--test_invest.py--44--INFO:请求的数据是{'case_id': 13, 'interface': 'invest', 'title': '投资金额校验--投资金额输入为空', 'method': 'POST', 'url': '/member/invest', 'data': '{"member_id":"#member_id#","loan_id":"#loanid#","amount":""}', 'headers': '{"X-Lemonban-Media-Type": "lemonban.v2","Authorization":"#token#"}', 'yes_or_no': 'NO', 'expected': '{"code": 2,"msg": "数值参数格式错误"}', 'actucal': None, 'test_result': None}
[2020-06-20 23:31:11,403]--test_invest.py--111--INFO:======================正在查询原始投资记录条数=======================
[2020-06-20 23:31:11,412]--test_invest.py--115--INFO:账户id为13217的原始投资记录条数为3
[2020-06-20 23:31:11,412]--test_invest.py--118--INFO:======================正在查询原始投资流水记录条数=======================
[2020-06-20 23:31:11,430]--test_invest.py--122--INFO:账户id为13217的原始投资流水条数为78
[2020-06-20 23:31:11,449]--test_invest.py--156--INFO:第13条用例执行结果为PASS
[2020-06-20 23:31:11,449]--test_invest.py--162--INFO:*************开始回写数据***************
[2020-06-20 23:31:11,880]--test_invest.py--164--INFO:正在回写实际结果actual：{'code': 2, 'msg': '数值参数格式错误', 'data': None, 'copyright': 'Copyright 柠檬班 © 2017-2020 湖南省零檬信息技术有限公司 All Rights Reserved'}
[2020-06-20 23:31:12,226]--test_invest.py--166--INFO:正在回写测试结果test_result：PASS
[2020-06-20 23:31:12,226]--test_invest.py--167--INFO:*************结束回写数据***************
[2020-06-20 23:31:15,491]--test_invest.py--42--INFO:******************正在执行invest模块用例******************
[2020-06-20 23:31:15,492]--test_invest.py--43--INFO:正在执行第14条用例:投资金额校验--投资金额输入为能被100整除的正整数
[2020-06-20 23:31:15,492]--test_invest.py--44--INFO:请求的数据是{'case_id': 14, 'interface': 'invest', 'title': '投资金额校验--投资金额输入为能被100整除的正整数', 'method': 'POST', 'url': '/member/invest', 'data': '{"member_id":"#member_id#","loan_id":"#loanid#","amount":"200"}', 'headers': '{"X-Lemonban-Media-Type": "lemonban.v2","Authorization":"#token#"}', 'yes_or_no': 'YES', 'expected': '{"code": 0,"msg": "OK"}', 'actucal': None, 'test_result': None}
[2020-06-20 23:31:15,492]--test_invest.py--80--INFO:======================正在查询原始金额=======================
[2020-06-20 23:31:15,547]--test_invest.py--91--INFO:账户id为13217的账户原始金额是2098800.65
[2020-06-20 23:31:15,547]--test_invest.py--111--INFO:======================正在查询原始投资记录条数=======================
[2020-06-20 23:31:15,591]--test_invest.py--115--INFO:账户id为13217的原始投资记录条数为3
[2020-06-20 23:31:15,591]--test_invest.py--118--INFO:======================正在查询原始投资流水记录条数=======================
[2020-06-20 23:31:15,607]--test_invest.py--122--INFO:账户id为13217的原始投资流水条数为78
[2020-06-20 23:31:15,641]--test_invest.py--156--INFO:第14条用例执行结果为PASS
[2020-06-20 23:31:15,641]--test_invest.py--162--INFO:*************开始回写数据***************
[2020-06-20 23:31:15,966]--test_invest.py--164--INFO:正在回写实际结果actual：{'code': 0, 'msg': 'OK', 'data': {'id': 1885, 'member_id': 13217, 'loan_id': 1245012, 'amount': 200.0, 'create_time': '2020-06-20 23:31:16', 'is_valid': 1}, 'copyright': 'Copyright 柠檬班 © 2017-2020 湖南省零檬信息技术有限公司 All Rights Reserved'}
[2020-06-20 23:31:16,359]--test_invest.py--166--INFO:正在回写测试结果test_result：PASS
[2020-06-20 23:31:16,359]--test_invest.py--167--INFO:*************结束回写数据***************
[2020-06-20 23:31:17,645]--test_invest.py--42--INFO:******************正在执行invest模块用例******************
[2020-06-20 23:31:17,645]--test_invest.py--43--INFO:正在执行第15条用例:投资金额校验--投资金额输入为不能被100整除的正整数
[2020-06-20 23:31:17,697]--test_invest.py--44--INFO:请求的数据是{'case_id': 15, 'interface': 'invest', 'title': '投资金额校验--投资金额输入为不能被100整除的正整数', 'method': 'POST', 'url': '/member/invest', 'data': '{"member_id":"#member_id#","loan_id":"#loanid#","amount":"101"}', 'headers': '{"X-Lemonban-Media-Type": "lemonban.v2","Authorization":"#token#"}', 'yes_or_no': 'NO', 'expected': '{"code": 2,"msg": "充值金额必须大于100，并且可以被100整除"}', 'actucal': None, 'test_result': None}
[2020-06-20 23:31:17,698]--test_invest.py--111--INFO:======================正在查询原始投资记录条数=======================
[2020-06-20 23:31:17,710]--test_invest.py--115--INFO:账户id为13217的原始投资记录条数为4
[2020-06-20 23:31:17,711]--test_invest.py--118--INFO:======================正在查询原始投资流水记录条数=======================
[2020-06-20 23:31:17,742]--test_invest.py--122--INFO:账户id为13217的原始投资流水条数为79
[2020-06-20 23:31:17,820]--test_invest.py--156--INFO:第15条用例执行结果为PASS
[2020-06-20 23:31:17,821]--test_invest.py--162--INFO:*************开始回写数据***************
[2020-06-20 23:31:18,205]--test_invest.py--164--INFO:正在回写实际结果actual：{'code': 2, 'msg': '充值金额必须大于100，并且可以被100整除', 'data': None, 'copyright': 'Copyright 柠檬班 © 2017-2020 湖南省零檬信息技术有限公司 All Rights Reserved'}
[2020-06-20 23:31:18,548]--test_invest.py--166--INFO:正在回写测试结果test_result：PASS
[2020-06-20 23:31:18,548]--test_invest.py--167--INFO:*************结束回写数据***************
[2020-06-20 23:31:18,757]--test_invest.py--42--INFO:******************正在执行invest模块用例******************
[2020-06-20 23:31:18,757]--test_invest.py--43--INFO:正在执行第16条用例:投资金额校验--投资金额输入负数
[2020-06-20 23:31:18,758]--test_invest.py--44--INFO:请求的数据是{'case_id': 16, 'interface': 'invest', 'title': '投资金额校验--投资金额输入负数', 'method': 'POST', 'url': '/member/invest', 'data': '{"member_id":"#member_id#","loan_id":"#loanid#","amount":"-100"}', 'headers': '{"X-Lemonban-Media-Type": "lemonban.v2","Authorization":"#token#"}', 'yes_or_no': 'NO', 'expected': '{"code": 2,"msg": "充值金额必须大于100，并且可以被100整除"}', 'actucal': None, 'test_result': None}
[2020-06-20 23:31:18,758]--test_invest.py--111--INFO:======================正在查询原始投资记录条数=======================
[2020-06-20 23:31:18,807]--test_invest.py--115--INFO:账户id为13217的原始投资记录条数为4
[2020-06-20 23:31:18,808]--test_invest.py--118--INFO:======================正在查询原始投资流水记录条数=======================
[2020-06-20 23:31:18,844]--test_invest.py--122--INFO:账户id为13217的原始投资流水条数为79
[2020-06-20 23:31:18,868]--test_invest.py--156--INFO:第16条用例执行结果为PASS
[2020-06-20 23:31:18,868]--test_invest.py--162--INFO:*************开始回写数据***************
[2020-06-20 23:31:19,247]--test_invest.py--164--INFO:正在回写实际结果actual：{'code': 2, 'msg': '充值金额必须大于100，并且可以被100整除', 'data': None, 'copyright': 'Copyright 柠檬班 © 2017-2020 湖南省零檬信息技术有限公司 All Rights Reserved'}
[2020-06-20 23:31:19,663]--test_invest.py--166--INFO:正在回写测试结果test_result：PASS
[2020-06-20 23:31:19,663]--test_invest.py--167--INFO:*************结束回写数据***************
[2020-06-20 23:31:19,794]--test_invest.py--42--INFO:******************正在执行invest模块用例******************
[2020-06-20 23:31:19,794]--test_invest.py--43--INFO:正在执行第17条用例:投资金额校验--投资金额输入小数
[2020-06-20 23:31:19,795]--test_invest.py--44--INFO:请求的数据是{'case_id': 17, 'interface': 'invest', 'title': '投资金额校验--投资金额输入小数', 'method': 'POST', 'url': '/member/invest', 'data': '{"member_id":"#member_id#","loan_id":"#loanid#","amount":"100.88"}', 'headers': '{"X-Lemonban-Media-Type": "lemonban.v2","Authorization":"#token#"}', 'yes_or_no': 'NO', 'expected': '{"code": 2,"msg": "充值金额必须大于100，并且可以被100整除"}', 'actucal': None, 'test_result': None}
[2020-06-20 23:31:19,795]--test_invest.py--111--INFO:======================正在查询原始投资记录条数=======================
[2020-06-20 23:31:19,813]--test_invest.py--115--INFO:账户id为13217的原始投资记录条数为4
[2020-06-20 23:31:19,814]--test_invest.py--118--INFO:======================正在查询原始投资流水记录条数=======================
[2020-06-20 23:31:19,832]--test_invest.py--122--INFO:账户id为13217的原始投资流水条数为79
[2020-06-20 23:31:19,852]--test_invest.py--156--INFO:第17条用例执行结果为PASS
[2020-06-20 23:31:19,852]--test_invest.py--162--INFO:*************开始回写数据***************
[2020-06-20 23:31:20,314]--test_invest.py--164--INFO:正在回写实际结果actual：{'code': 2, 'msg': '充值金额必须大于100，并且可以被100整除', 'data': None, 'copyright': 'Copyright 柠檬班 © 2017-2020 湖南省零檬信息技术有限公司 All Rights Reserved'}
[2020-06-20 23:31:20,667]--test_invest.py--166--INFO:正在回写测试结果test_result：PASS
[2020-06-20 23:31:20,668]--test_invest.py--167--INFO:*************结束回写数据***************
[2020-06-20 23:31:20,792]--test_invest.py--42--INFO:******************正在执行invest模块用例******************
[2020-06-20 23:31:20,792]--test_invest.py--43--INFO:正在执行第18条用例:投资金额校验--投资金额输入非法字符
[2020-06-20 23:31:20,792]--test_invest.py--44--INFO:请求的数据是{'case_id': 18, 'interface': 'invest', 'title': '投资金额校验--投资金额输入非法字符', 'method': 'POST', 'url': '/member/invest', 'data': '{"member_id":"#member_id#","loan_id":"#loanid#","amount":"ddd"}', 'headers': '{"X-Lemonban-Media-Type": "lemonban.v2","Authorization":"#token#"}', 'yes_or_no': 'NO', 'expected': '{"code": 2,"msg": "数值参数格式错误"}', 'actucal': None, 'test_result': None}
[2020-06-20 23:31:20,793]--test_invest.py--111--INFO:======================正在查询原始投资记录条数=======================
[2020-06-20 23:31:20,803]--test_invest.py--115--INFO:账户id为13217的原始投资记录条数为4
[2020-06-20 23:31:20,803]--test_invest.py--118--INFO:======================正在查询原始投资流水记录条数=======================
[2020-06-20 23:31:20,818]--test_invest.py--122--INFO:账户id为13217的原始投资流水条数为79
[2020-06-20 23:31:20,838]--test_invest.py--156--INFO:第18条用例执行结果为PASS
[2020-06-20 23:31:20,838]--test_invest.py--162--INFO:*************开始回写数据***************
[2020-06-20 23:31:21,273]--test_invest.py--164--INFO:正在回写实际结果actual：{'code': 2, 'msg': '数值参数格式错误', 'data': None, 'copyright': 'Copyright 柠檬班 © 2017-2020 湖南省零檬信息技术有限公司 All Rights Reserved'}
[2020-06-20 23:31:21,620]--test_invest.py--166--INFO:正在回写测试结果test_result：PASS
[2020-06-20 23:31:21,621]--test_invest.py--167--INFO:*************结束回写数据***************
[2020-06-20 23:31:21,747]--test_invest.py--42--INFO:******************正在执行invest模块用例******************
[2020-06-20 23:31:21,747]--test_invest.py--43--INFO:正在执行第19条用例:投资金额校验--投资金额输入大于可投标金额
[2020-06-20 23:31:21,747]--test_invest.py--44--INFO:请求的数据是{'case_id': 19, 'interface': 'invest', 'title': '投资金额校验--投资金额输入大于可投标金额', 'method': 'POST', 'url': '/member/invest', 'data': '{"member_id":"#member_id#","loan_id":"#otherid#","amount":"#max_amt#"}', 'headers': '{"X-Lemonban-Media-Type": "lemonban.v2","Authorization":"#token#"}', 'yes_or_no': 'NO', 'expected': '{"code": 2,"msg": "该标可投金额不足,可投金额：6900.0"}', 'actucal': None, 'test_result': None}
[2020-06-20 23:31:21,901]--test_invest.py--42--INFO:******************正在执行invest模块用例******************
[2020-06-20 23:31:21,902]--test_invest.py--43--INFO:正在执行第20条用例:投资金额校验--投资金额输入等于可投标金额,投标完成
[2020-06-20 23:31:21,902]--test_invest.py--44--INFO:请求的数据是{'case_id': 20, 'interface': 'invest', 'title': '投资金额校验--投资金额输入等于可投标金额,投标完成', 'method': 'POST', 'url': '/member/invest', 'data': '{"member_id":"#member_id#","loan_id":"#loanid#","amount":"#amount#"}', 'headers': '{"X-Lemonban-Media-Type": "lemonban.v2","Authorization":"#token#"}', 'yes_or_no': 'YES', 'expected': '{"code": 2,"msg": "该标可投金额不足,可投金额：6900.0"}', 'actucal': None, 'test_result': None}
[2020-06-20 23:31:21,902]--test_invest.py--80--INFO:======================正在查询原始金额=======================
[2020-06-20 23:31:21,920]--test_invest.py--91--INFO:账户id为13217的账户原始金额是2098600.65
[2020-06-20 23:31:23,084]--test_invest.py--42--INFO:******************正在执行invest模块用例******************
[2020-06-20 23:31:23,084]--test_invest.py--43--INFO:正在执行第21条用例:投资金额校验--投资金额输入大于用户余额,余额不足
[2020-06-20 23:31:23,084]--test_invest.py--44--INFO:请求的数据是{'case_id': 21, 'interface': 'invest', 'title': '投资金额校验--投资金额输入大于用户余额,余额不足', 'method': 'POST', 'url': '/member/invest', 'data': '{"member_id":"#member_id#","loan_id":"#loanid#","amount":"#min_amt#"}', 'headers': '{"X-Lemonban-Media-Type": "lemonban.v2","Authorization":"#token#"}', 'yes_or_no': 'NO', 'expected': '{"code": 0,"msg": "OK"}', 'actucal': None, 'test_result': None}
