[2020-06-21 09:10:50,975]--test_invest.py--42--INFO:******************正在执行invest模块用例******************
[2020-06-21 09:10:50,977]--test_invest.py--43--INFO:正在执行第1条用例:用户id校验--输入已注册用户id
[2020-06-21 09:10:50,977]--test_invest.py--44--INFO:请求的数据是{'case_id': 1, 'interface': 'invest', 'title': '用户id校验--输入已注册用户id', 'method': 'POST', 'url': '/member/invest', 'data': '{"member_id":"#member_id#","loan_id":"#loanid#","amount":"1000"}', 'headers': '{"X-Lemonban-Media-Type": "lemonban.v2","Authorization":"#token#"}', 'yes_or_no': 'YES', 'expected': '{"code": 0,"msg": "OK"}', 'actucal': "{'code': 0, 'msg': 'OK', 'data': {'id': 1943, 'member_id': 173720, 'loan_id': 1245795, 'amount': 1000.0, 'create_time': '2020-06-21 09:07:07', 'is_valid': 1}, 'copyright': 'Copyright 柠檬班 © 2017-2020 湖南省零檬信息技术有限公司 All Rights Reserved'}", 'test_result': 'PASS'}
[2020-06-21 09:10:50,987]--test_invest.py--94--INFO:======================正在查询原始金额=======================
[2020-06-21 09:10:51,041]--test_invest.py--102--INFO:账户id为173720的账户原始金额是-102000.00
[2020-06-21 09:10:51,041]--test_invest.py--134--INFO:======================正在查询原始投资记录条数=======================
[2020-06-21 09:10:51,056]--test_invest.py--138--INFO:账户id为173720的原始投资记录条数为20
[2020-06-21 09:10:51,057]--test_invest.py--141--INFO:======================正在查询原始投资流水记录条数=======================
[2020-06-21 09:10:51,076]--test_invest.py--145--INFO:账户id为173720的原始投资流水条数为20
[2020-06-21 09:10:51,125]--test_invest.py--182--INFO:第1条用例执行结果为PASS
[2020-06-21 09:10:51,125]--test_invest.py--188--INFO:*************开始回写数据***************
[2020-06-21 09:10:51,510]--test_invest.py--190--INFO:正在回写实际结果actual：{'code': 0, 'msg': 'OK', 'data': {'id': 1949, 'member_id': 173720, 'loan_id': 1245817, 'amount': 1000.0, 'create_time': '2020-06-21 09:10:52', 'is_valid': 1}, 'copyright': 'Copyright 柠檬班 © 2017-2020 湖南省零檬信息技术有限公司 All Rights Reserved'}
[2020-06-21 09:10:51,937]--test_invest.py--192--INFO:正在回写测试结果test_result：PASS
[2020-06-21 09:10:51,938]--test_invest.py--193--INFO:*************结束回写数据***************
[2020-06-21 09:10:52,133]--test_invest.py--42--INFO:******************正在执行invest模块用例******************
[2020-06-21 09:10:52,134]--test_invest.py--43--INFO:正在执行第2条用例:用户id校验--输入不存在的用户id
[2020-06-21 09:10:52,134]--test_invest.py--44--INFO:请求的数据是{'case_id': 2, 'interface': 'invest', 'title': '用户id校验--输入不存在的用户id', 'method': 'POST', 'url': '/member/invest', 'data': '{"member_id":"s13361","loan_id":"#loanid#","amount":"20000"}', 'headers': '{"X-Lemonban-Media-Type": "lemonban.v2","Authorization":"#token#"}', 'yes_or_no': 'NO', 'expected': '{"code": 2,"msg": "数值参数格式错误"}', 'actucal': "{'code': 2, 'msg': '数值参数格式错误', 'data': None, 'copyright': 'Copyright 柠檬班 © 2017-2020 湖南省零檬信息技术有限公司 All Rights Reserved'}", 'test_result': 'PASS'}
[2020-06-21 09:10:52,134]--test_invest.py--134--INFO:======================正在查询原始投资记录条数=======================
[2020-06-21 09:10:52,151]--test_invest.py--138--INFO:账户id为173720的原始投资记录条数为21
[2020-06-21 09:10:52,151]--test_invest.py--141--INFO:======================正在查询原始投资流水记录条数=======================
[2020-06-21 09:10:52,173]--test_invest.py--145--INFO:账户id为173720的原始投资流水条数为21
[2020-06-21 09:10:52,192]--test_invest.py--182--INFO:第2条用例执行结果为PASS
[2020-06-21 09:10:52,193]--test_invest.py--188--INFO:*************开始回写数据***************
[2020-06-21 09:10:52,614]--test_invest.py--190--INFO:正在回写实际结果actual：{'code': 2, 'msg': '数值参数格式错误', 'data': None, 'copyright': 'Copyright 柠檬班 © 2017-2020 湖南省零檬信息技术有限公司 All Rights Reserved'}
[2020-06-21 09:10:52,997]--test_invest.py--192--INFO:正在回写测试结果test_result：PASS
[2020-06-21 09:10:52,998]--test_invest.py--193--INFO:*************结束回写数据***************
[2020-06-21 09:10:54,146]--test_invest.py--42--INFO:******************正在执行invest模块用例******************
[2020-06-21 09:10:54,146]--test_invest.py--43--INFO:正在执行第3条用例:用户id校验--id输入为空
[2020-06-21 09:10:54,146]--test_invest.py--44--INFO:请求的数据是{'case_id': 3, 'interface': 'invest', 'title': '用户id校验--id输入为空', 'method': 'POST', 'url': '/member/invest', 'data': '{"member_id":"","loan_id":"#loanid#","amount":"100"}', 'headers': '{"X-Lemonban-Media-Type": "lemonban.v2","Authorization":"#token#"}', 'yes_or_no': 'NO', 'expected': '{"code": 2,"msg": "数值参数格式错误"}', 'actucal': "{'code': 2, 'msg': '数值参数格式错误', 'data': None, 'copyright': 'Copyright 柠檬班 © 2017-2020 湖南省零檬信息技术有限公司 All Rights Reserved'}", 'test_result': 'PASS'}
[2020-06-21 09:10:54,147]--test_invest.py--134--INFO:======================正在查询原始投资记录条数=======================
[2020-06-21 09:10:54,162]--test_invest.py--138--INFO:账户id为173720的原始投资记录条数为21
[2020-06-21 09:10:54,163]--test_invest.py--141--INFO:======================正在查询原始投资流水记录条数=======================
[2020-06-21 09:10:54,184]--test_invest.py--145--INFO:账户id为173720的原始投资流水条数为21
[2020-06-21 09:10:54,203]--test_invest.py--182--INFO:第3条用例执行结果为PASS
[2020-06-21 09:10:54,204]--test_invest.py--188--INFO:*************开始回写数据***************
[2020-06-21 09:10:54,593]--test_invest.py--190--INFO:正在回写实际结果actual：{'code': 2, 'msg': '数值参数格式错误', 'data': None, 'copyright': 'Copyright 柠檬班 © 2017-2020 湖南省零檬信息技术有限公司 All Rights Reserved'}
[2020-06-21 09:10:54,948]--test_invest.py--192--INFO:正在回写测试结果test_result：PASS
[2020-06-21 09:10:54,948]--test_invest.py--193--INFO:*************结束回写数据***************
[2020-06-21 09:10:56,126]--test_invest.py--42--INFO:******************正在执行invest模块用例******************
[2020-06-21 09:10:56,127]--test_invest.py--43--INFO:正在执行第4条用例:投资项目id校验--输入投标中状态2(竞标中)的项目id
[2020-06-21 09:10:56,127]--test_invest.py--44--INFO:请求的数据是{'case_id': 4, 'interface': 'invest', 'title': '投资项目id校验--输入投标中状态2(竞标中)的项目id', 'method': 'POST', 'url': '/member/invest', 'data': '{"member_id":"#member_id#","loan_id":"#loanid#","amount":"100"}', 'headers': '{"X-Lemonban-Media-Type": "lemonban.v2","Authorization":"#token#"}', 'yes_or_no': 'YES', 'expected': '{"code": 0,"msg": "OK"}', 'actucal': "{'code': 0, 'msg': 'OK', 'data': {'id': 1944, 'member_id': 173720, 'loan_id': 1245798, 'amount': 100.0, 'create_time': '2020-06-21 09:07:09', 'is_valid': 1}, 'copyright': 'Copyright 柠檬班 © 2017-2020 湖南省零檬信息技术有限公司 All Rights Reserved'}", 'test_result': 'PASS'}
[2020-06-21 09:10:56,128]--test_invest.py--94--INFO:======================正在查询原始金额=======================
[2020-06-21 09:10:56,186]--test_invest.py--102--INFO:账户id为173720的账户原始金额是-93000.00
[2020-06-21 09:10:56,187]--test_invest.py--134--INFO:======================正在查询原始投资记录条数=======================
[2020-06-21 09:10:56,202]--test_invest.py--138--INFO:账户id为173720的原始投资记录条数为21
[2020-06-21 09:10:56,203]--test_invest.py--141--INFO:======================正在查询原始投资流水记录条数=======================
[2020-06-21 09:10:56,225]--test_invest.py--145--INFO:账户id为173720的原始投资流水条数为21
[2020-06-21 09:10:56,260]--test_invest.py--182--INFO:第4条用例执行结果为PASS
[2020-06-21 09:10:56,260]--test_invest.py--188--INFO:*************开始回写数据***************
[2020-06-21 09:10:56,621]--test_invest.py--190--INFO:正在回写实际结果actual：{'code': 0, 'msg': 'OK', 'data': {'id': 1950, 'member_id': 173720, 'loan_id': 1245820, 'amount': 100.0, 'create_time': '2020-06-21 09:10:57', 'is_valid': 1}, 'copyright': 'Copyright 柠檬班 © 2017-2020 湖南省零檬信息技术有限公司 All Rights Reserved'}
[2020-06-21 09:10:56,978]--test_invest.py--192--INFO:正在回写测试结果test_result：PASS
[2020-06-21 09:10:56,978]--test_invest.py--193--INFO:*************结束回写数据***************
[2020-06-21 09:10:57,172]--test_invest.py--42--INFO:******************正在执行invest模块用例******************
[2020-06-21 09:10:57,173]--test_invest.py--43--INFO:正在执行第5条用例:投资项目id校验--输入非投标中状态为1(审核中)的项目id
[2020-06-21 09:10:57,173]--test_invest.py--44--INFO:请求的数据是{'case_id': 5, 'interface': 'invest', 'title': '投资项目id校验--输入非投标中状态为1(审核中)的项目id', 'method': 'POST', 'url': '/member/invest', 'data': '{"member_id":"#member_id#","loan_id":"#shz#","amount":"100"}', 'headers': '{"X-Lemonban-Media-Type": "lemonban.v2","Authorization":"#token#"}', 'yes_or_no': 'NO', 'expected': '{"code": 2,"msg": "该项目不在竞标中状态"}', 'actucal': "{'code': 2, 'msg': '该项目不在竞标中状态', 'data': None, 'copyright': 'Copyright 柠檬班 © 2017-2020 湖南省零檬信息技术有限公司 All Rights Reserved'}", 'test_result': 'PASS'}
[2020-06-21 09:10:57,187]--test_invest.py--134--INFO:======================正在查询原始投资记录条数=======================
[2020-06-21 09:10:57,203]--test_invest.py--138--INFO:账户id为173720的原始投资记录条数为22
[2020-06-21 09:10:57,203]--test_invest.py--141--INFO:======================正在查询原始投资流水记录条数=======================
[2020-06-21 09:10:57,225]--test_invest.py--145--INFO:账户id为173720的原始投资流水条数为22
[2020-06-21 09:10:57,249]--test_invest.py--182--INFO:第5条用例执行结果为PASS
[2020-06-21 09:10:57,249]--test_invest.py--188--INFO:*************开始回写数据***************
[2020-06-21 09:10:57,644]--test_invest.py--190--INFO:正在回写实际结果actual：{'code': 2, 'msg': '该项目不在竞标中状态', 'data': None, 'copyright': 'Copyright 柠檬班 © 2017-2020 湖南省零檬信息技术有限公司 All Rights Reserved'}
[2020-06-21 09:10:57,963]--test_invest.py--192--INFO:正在回写测试结果test_result：PASS
[2020-06-21 09:10:57,964]--test_invest.py--193--INFO:*************结束回写数据***************
[2020-06-21 09:10:58,135]--test_invest.py--42--INFO:******************正在执行invest模块用例******************
[2020-06-21 09:10:58,136]--test_invest.py--43--INFO:正在执行第6条用例:投资项目id校验--输入非投标中状态3(还款中)的项目id
[2020-06-21 09:10:58,136]--test_invest.py--44--INFO:请求的数据是{'case_id': 6, 'interface': 'invest', 'title': '投资项目id校验--输入非投标中状态3(还款中)的项目id', 'method': 'POST', 'url': '/member/invest', 'data': '{"member_id":"#member_id#","loan_id":"#hkz#","amount":"100"}', 'headers': '{"X-Lemonban-Media-Type": "lemonban.v2","Authorization":"#token#"}', 'yes_or_no': 'NO', 'expected': '{"code": 2,"msg": "该项目不在竞标中状态"}', 'actucal': "{'code': 2, 'msg': '该项目不在竞标中状态', 'data': None, 'copyright': 'Copyright 柠檬班 © 2017-2020 湖南省零檬信息技术有限公司 All Rights Reserved'}", 'test_result': 'PASS'}
[2020-06-21 09:10:58,157]--test_invest.py--134--INFO:======================正在查询原始投资记录条数=======================
[2020-06-21 09:10:58,172]--test_invest.py--138--INFO:账户id为173720的原始投资记录条数为22
[2020-06-21 09:10:58,172]--test_invest.py--141--INFO:======================正在查询原始投资流水记录条数=======================
[2020-06-21 09:10:58,195]--test_invest.py--145--INFO:账户id为173720的原始投资流水条数为22
[2020-06-21 09:10:58,218]--test_invest.py--182--INFO:第6条用例执行结果为PASS
[2020-06-21 09:10:58,218]--test_invest.py--188--INFO:*************开始回写数据***************
[2020-06-21 09:10:58,665]--test_invest.py--190--INFO:正在回写实际结果actual：{'code': 2, 'msg': '该项目不在竞标中状态', 'data': None, 'copyright': 'Copyright 柠檬班 © 2017-2020 湖南省零檬信息技术有限公司 All Rights Reserved'}
[2020-06-21 09:10:59,056]--test_invest.py--192--INFO:正在回写测试结果test_result：PASS
[2020-06-21 09:10:59,056]--test_invest.py--193--INFO:*************结束回写数据***************
[2020-06-21 09:10:59,275]--test_invest.py--42--INFO:******************正在执行invest模块用例******************
[2020-06-21 09:10:59,275]--test_invest.py--43--INFO:正在执行第7条用例:投资项目id校验--输入非投标中状态4(还款完成)的项目id
[2020-06-21 09:10:59,276]--test_invest.py--44--INFO:请求的数据是{'case_id': 7, 'interface': 'invest', 'title': '投资项目id校验--输入非投标中状态4(还款完成)的项目id', 'method': 'POST', 'url': '/member/invest', 'data': '{"member_id":"#member_id#","loan_id":"#hwc#","amount":"100"}', 'headers': '{"X-Lemonban-Media-Type": "lemonban.v2","Authorization":"#token#"}', 'yes_or_no': 'NO', 'expected': '{"code": 2,"msg": "该项目不在竞标中状态"}', 'actucal': "{'code': 2, 'msg': '该项目不在竞标中状态', 'data': None, 'copyright': 'Copyright 柠檬班 © 2017-2020 湖南省零檬信息技术有限公司 All Rights Reserved'}", 'test_result': 'PASS'}
[2020-06-21 09:10:59,290]--test_invest.py--134--INFO:======================正在查询原始投资记录条数=======================
[2020-06-21 09:10:59,312]--test_invest.py--138--INFO:账户id为173720的原始投资记录条数为22
[2020-06-21 09:10:59,313]--test_invest.py--141--INFO:======================正在查询原始投资流水记录条数=======================
[2020-06-21 09:10:59,345]--test_invest.py--145--INFO:账户id为173720的原始投资流水条数为22
[2020-06-21 09:10:59,369]--test_invest.py--182--INFO:第7条用例执行结果为PASS
[2020-06-21 09:10:59,370]--test_invest.py--188--INFO:*************开始回写数据***************
[2020-06-21 09:10:59,786]--test_invest.py--190--INFO:正在回写实际结果actual：{'code': 2, 'msg': '该项目不在竞标中状态', 'data': None, 'copyright': 'Copyright 柠檬班 © 2017-2020 湖南省零檬信息技术有限公司 All Rights Reserved'}
[2020-06-21 09:11:00,132]--test_invest.py--192--INFO:正在回写测试结果test_result：PASS
[2020-06-21 09:11:00,133]--test_invest.py--193--INFO:*************结束回写数据***************
[2020-06-21 09:11:00,266]--test_invest.py--42--INFO:******************正在执行invest模块用例******************
[2020-06-21 09:11:00,267]--test_invest.py--43--INFO:正在执行第8条用例:投资项目id校验--输入非投标中状态5(审核不通过)的项目id
[2020-06-21 09:11:00,267]--test_invest.py--44--INFO:请求的数据是{'case_id': 8, 'interface': 'invest', 'title': '投资项目id校验--输入非投标中状态5(审核不通过)的项目id', 'method': 'POST', 'url': '/member/invest', 'data': '{"member_id":"#member_id#","loan_id":"#btg#","amount":"100"}', 'headers': '{"X-Lemonban-Media-Type": "lemonban.v2","Authorization":"#token#"}', 'yes_or_no': 'NO', 'expected': '{"code": 2,"msg": "该项目不在竞标中状态"}', 'actucal': "{'code': 2, 'msg': '该项目不在竞标中状态', 'data': None, 'copyright': 'Copyright 柠檬班 © 2017-2020 湖南省零檬信息技术有限公司 All Rights Reserved'}", 'test_result': 'PASS'}
[2020-06-21 09:11:00,276]--test_invest.py--134--INFO:======================正在查询原始投资记录条数=======================
[2020-06-21 09:11:00,285]--test_invest.py--138--INFO:账户id为173720的原始投资记录条数为22
[2020-06-21 09:11:00,286]--test_invest.py--141--INFO:======================正在查询原始投资流水记录条数=======================
[2020-06-21 09:11:00,302]--test_invest.py--145--INFO:账户id为173720的原始投资流水条数为22
[2020-06-21 09:11:00,325]--test_invest.py--182--INFO:第8条用例执行结果为PASS
[2020-06-21 09:11:00,325]--test_invest.py--188--INFO:*************开始回写数据***************
[2020-06-21 09:11:00,704]--test_invest.py--190--INFO:正在回写实际结果actual：{'code': 2, 'msg': '该项目不在竞标中状态', 'data': None, 'copyright': 'Copyright 柠檬班 © 2017-2020 湖南省零檬信息技术有限公司 All Rights Reserved'}
[2020-06-21 09:11:01,042]--test_invest.py--192--INFO:正在回写测试结果test_result：PASS
[2020-06-21 09:11:01,042]--test_invest.py--193--INFO:*************结束回写数据***************
[2020-06-21 09:11:01,177]--test_invest.py--42--INFO:******************正在执行invest模块用例******************
[2020-06-21 09:11:01,177]--test_invest.py--43--INFO:正在执行第9条用例:投资项目id校验--输入用户自己创建的项目id
[2020-06-21 09:11:01,177]--test_invest.py--44--INFO:请求的数据是{'case_id': 9, 'interface': 'invest', 'title': '投资项目id校验--输入用户自己创建的项目id', 'method': 'POST', 'url': '/member/invest', 'data': '{"member_id":"#member_id#","loan_id":"#loanid#","amount":"100"}', 'headers': '{"X-Lemonban-Media-Type": "lemonban.v2","Authorization":"#token#"}', 'yes_or_no': 'YES', 'expected': '{"code": 0,"msg": "OK"}', 'actucal': "{'code': 0, 'msg': 'OK', 'data': {'id': 1945, 'member_id': 173720, 'loan_id': 1245803, 'amount': 100.0, 'create_time': '2020-06-21 09:07:15', 'is_valid': 1}, 'copyright': 'Copyright 柠檬班 © 2017-2020 湖南省零檬信息技术有限公司 All Rights Reserved'}", 'test_result': 'PASS'}
[2020-06-21 09:11:01,178]--test_invest.py--94--INFO:======================正在查询原始金额=======================
[2020-06-21 09:11:01,236]--test_invest.py--102--INFO:账户id为173720的账户原始金额是-83100.00
[2020-06-21 09:11:01,236]--test_invest.py--134--INFO:======================正在查询原始投资记录条数=======================
[2020-06-21 09:11:01,252]--test_invest.py--138--INFO:账户id为173720的原始投资记录条数为22
[2020-06-21 09:11:01,252]--test_invest.py--141--INFO:======================正在查询原始投资流水记录条数=======================
[2020-06-21 09:11:01,278]--test_invest.py--145--INFO:账户id为173720的原始投资流水条数为22
[2020-06-21 09:11:01,313]--test_invest.py--182--INFO:第9条用例执行结果为PASS
[2020-06-21 09:11:01,313]--test_invest.py--188--INFO:*************开始回写数据***************
[2020-06-21 09:11:01,689]--test_invest.py--190--INFO:正在回写实际结果actual：{'code': 0, 'msg': 'OK', 'data': {'id': 1951, 'member_id': 173720, 'loan_id': 1245825, 'amount': 100.0, 'create_time': '2020-06-21 09:11:03', 'is_valid': 1}, 'copyright': 'Copyright 柠檬班 © 2017-2020 湖南省零檬信息技术有限公司 All Rights Reserved'}
[2020-06-21 09:11:02,055]--test_invest.py--192--INFO:正在回写测试结果test_result：PASS
[2020-06-21 09:11:02,056]--test_invest.py--193--INFO:*************结束回写数据***************
[2020-06-21 09:11:02,245]--test_invest.py--42--INFO:******************正在执行invest模块用例******************
[2020-06-21 09:11:02,245]--test_invest.py--43--INFO:正在执行第10条用例:投资项目id校验--输入其他用户创建的项目id
[2020-06-21 09:11:02,246]--test_invest.py--44--INFO:请求的数据是{'case_id': 10, 'interface': 'invest', 'title': '投资项目id校验--输入其他用户创建的项目id', 'method': 'POST', 'url': '/member/invest', 'data': '{"member_id":"#member_id#","loan_id":"#other_id#","amount":"600"}', 'headers': '{"X-Lemonban-Media-Type": "lemonban.v2","Authorization":"#token#"}', 'yes_or_no': 'YES', 'expected': '{"code": 0,"msg": "OK"}', 'actucal': "{'code': 0, 'msg': 'OK', 'data': {'id': 1946, 'member_id': 173720, 'loan_id': 14, 'amount': 600.0, 'create_time': '2020-06-21 09:07:16', 'is_valid': 1}, 'copyright': 'Copyright 柠檬班 © 2017-2020 湖南省零檬信息技术有限公司 All Rights Reserved'}", 'test_result': 'PASS'}
[2020-06-21 09:11:02,246]--test_invest.py--94--INFO:======================正在查询原始金额=======================
[2020-06-21 09:11:02,304]--test_invest.py--102--INFO:账户id为173720的账户原始金额是-73200.00
[2020-06-21 09:11:02,318]--test_invest.py--134--INFO:======================正在查询原始投资记录条数=======================
[2020-06-21 09:11:02,332]--test_invest.py--138--INFO:账户id为173720的原始投资记录条数为23
[2020-06-21 09:11:02,332]--test_invest.py--141--INFO:======================正在查询原始投资流水记录条数=======================
[2020-06-21 09:11:02,354]--test_invest.py--145--INFO:账户id为173720的原始投资流水条数为23
[2020-06-21 09:11:02,388]--test_invest.py--182--INFO:第10条用例执行结果为PASS
[2020-06-21 09:11:02,388]--test_invest.py--188--INFO:*************开始回写数据***************
[2020-06-21 09:11:02,744]--test_invest.py--190--INFO:正在回写实际结果actual：{'code': 0, 'msg': 'OK', 'data': {'id': 1952, 'member_id': 173720, 'loan_id': 10, 'amount': 600.0, 'create_time': '2020-06-21 09:11:04', 'is_valid': 1}, 'copyright': 'Copyright 柠檬班 © 2017-2020 湖南省零檬信息技术有限公司 All Rights Reserved'}
[2020-06-21 09:11:03,121]--test_invest.py--192--INFO:正在回写测试结果test_result：PASS
[2020-06-21 09:11:03,122]--test_invest.py--193--INFO:*************结束回写数据***************
[2020-06-21 09:11:03,323]--test_invest.py--42--INFO:******************正在执行invest模块用例******************
[2020-06-21 09:11:03,324]--test_invest.py--43--INFO:正在执行第11条用例:投资项目id校验--输入不存在的项目id
[2020-06-21 09:11:03,324]--test_invest.py--44--INFO:请求的数据是{'case_id': 11, 'interface': 'invest', 'title': '投资项目id校验--输入不存在的项目id', 'method': 'POST', 'url': '/member/invest', 'data': '{"member_id":"#member_id#","loan_id":"888888888","amount":"100"}', 'headers': '{"X-Lemonban-Media-Type": "lemonban.v2","Authorization":"#token#"}', 'yes_or_no': 'NO', 'expected': '{"code": 2,"msg": "项目不存在"}', 'actucal': "{'code': 2, 'msg': '项目不存在', 'data': None, 'copyright': 'Copyright 柠檬班 © 2017-2020 湖南省零檬信息技术有限公司 All Rights Reserved'}", 'test_result': 'PASS'}
[2020-06-21 09:11:03,324]--test_invest.py--134--INFO:======================正在查询原始投资记录条数=======================
[2020-06-21 09:11:03,341]--test_invest.py--138--INFO:账户id为173720的原始投资记录条数为24
[2020-06-21 09:11:03,341]--test_invest.py--141--INFO:======================正在查询原始投资流水记录条数=======================
[2020-06-21 09:11:03,362]--test_invest.py--145--INFO:账户id为173720的原始投资流水条数为24
[2020-06-21 09:11:03,384]--test_invest.py--182--INFO:第11条用例执行结果为PASS
[2020-06-21 09:11:03,384]--test_invest.py--188--INFO:*************开始回写数据***************
[2020-06-21 09:11:03,752]--test_invest.py--190--INFO:正在回写实际结果actual：{'code': 2, 'msg': '项目不存在', 'data': None, 'copyright': 'Copyright 柠檬班 © 2017-2020 湖南省零檬信息技术有限公司 All Rights Reserved'}
[2020-06-21 09:11:04,255]--test_invest.py--192--INFO:正在回写测试结果test_result：PASS
[2020-06-21 09:11:04,256]--test_invest.py--193--INFO:*************结束回写数据***************
[2020-06-21 09:11:04,592]--test_invest.py--42--INFO:******************正在执行invest模块用例******************
[2020-06-21 09:11:04,592]--test_invest.py--43--INFO:正在执行第12条用例:投资项目id校验--项目id输入为空
[2020-06-21 09:11:04,592]--test_invest.py--44--INFO:请求的数据是{'case_id': 12, 'interface': 'invest', 'title': '投资项目id校验--项目id输入为空', 'method': 'POST', 'url': '/member/invest', 'data': '{"member_id":"#member_id#","loan_id":"","amount":"100"}', 'headers': '{"X-Lemonban-Media-Type": "lemonban.v2","Authorization":"#token#"}', 'yes_or_no': 'NO', 'expected': '{"code": 2,"msg": "数值参数格式错误"}', 'actucal': "{'code': 2, 'msg': '数值参数格式错误', 'data': None, 'copyright': 'Copyright 柠檬班 © 2017-2020 湖南省零檬信息技术有限公司 All Rights Reserved'}", 'test_result': 'PASS'}
[2020-06-21 09:11:04,592]--test_invest.py--134--INFO:======================正在查询原始投资记录条数=======================
[2020-06-21 09:11:04,608]--test_invest.py--138--INFO:账户id为173720的原始投资记录条数为24
[2020-06-21 09:11:04,609]--test_invest.py--141--INFO:======================正在查询原始投资流水记录条数=======================
[2020-06-21 09:11:04,631]--test_invest.py--145--INFO:账户id为173720的原始投资流水条数为24
[2020-06-21 09:11:04,651]--test_invest.py--182--INFO:第12条用例执行结果为PASS
[2020-06-21 09:11:04,651]--test_invest.py--188--INFO:*************开始回写数据***************
[2020-06-21 09:11:05,044]--test_invest.py--190--INFO:正在回写实际结果actual：{'code': 2, 'msg': '数值参数格式错误', 'data': None, 'copyright': 'Copyright 柠檬班 © 2017-2020 湖南省零檬信息技术有限公司 All Rights Reserved'}
[2020-06-21 09:11:05,379]--test_invest.py--192--INFO:正在回写测试结果test_result：PASS
[2020-06-21 09:11:05,380]--test_invest.py--193--INFO:*************结束回写数据***************
[2020-06-21 09:11:05,510]--test_invest.py--42--INFO:******************正在执行invest模块用例******************
[2020-06-21 09:11:05,511]--test_invest.py--43--INFO:正在执行第13条用例:投资金额校验--投资金额输入为空
[2020-06-21 09:11:05,511]--test_invest.py--44--INFO:请求的数据是{'case_id': 13, 'interface': 'invest', 'title': '投资金额校验--投资金额输入为空', 'method': 'POST', 'url': '/member/invest', 'data': '{"member_id":"#member_id#","loan_id":"#loanid#","amount":""}', 'headers': '{"X-Lemonban-Media-Type": "lemonban.v2","Authorization":"#token#"}', 'yes_or_no': 'NO', 'expected': '{"code": 2,"msg": "数值参数格式错误"}', 'actucal': "{'code': 2, 'msg': '数值参数格式错误', 'data': None, 'copyright': 'Copyright 柠檬班 © 2017-2020 湖南省零檬信息技术有限公司 All Rights Reserved'}", 'test_result': 'PASS'}
[2020-06-21 09:11:05,511]--test_invest.py--134--INFO:======================正在查询原始投资记录条数=======================
[2020-06-21 09:11:05,521]--test_invest.py--138--INFO:账户id为173720的原始投资记录条数为24
[2020-06-21 09:11:05,521]--test_invest.py--141--INFO:======================正在查询原始投资流水记录条数=======================
[2020-06-21 09:11:05,538]--test_invest.py--145--INFO:账户id为173720的原始投资流水条数为24
[2020-06-21 09:11:05,558]--test_invest.py--182--INFO:第13条用例执行结果为PASS
[2020-06-21 09:11:05,558]--test_invest.py--188--INFO:*************开始回写数据***************
[2020-06-21 09:11:05,927]--test_invest.py--190--INFO:正在回写实际结果actual：{'code': 2, 'msg': '数值参数格式错误', 'data': None, 'copyright': 'Copyright 柠檬班 © 2017-2020 湖南省零檬信息技术有限公司 All Rights Reserved'}
[2020-06-21 09:11:06,263]--test_invest.py--192--INFO:正在回写测试结果test_result：PASS
[2020-06-21 09:11:06,264]--test_invest.py--193--INFO:*************结束回写数据***************
[2020-06-21 09:11:06,407]--test_invest.py--42--INFO:******************正在执行invest模块用例******************
[2020-06-21 09:11:06,408]--test_invest.py--43--INFO:正在执行第14条用例:投资金额校验--投资金额输入为能被100整除的正整数
[2020-06-21 09:11:06,408]--test_invest.py--44--INFO:请求的数据是{'case_id': 14, 'interface': 'invest', 'title': '投资金额校验--投资金额输入为能被100整除的正整数', 'method': 'POST', 'url': '/member/invest', 'data': '{"member_id":"#member_id#","loan_id":"#loanid#","amount":"200"}', 'headers': '{"X-Lemonban-Media-Type": "lemonban.v2","Authorization":"#token#"}', 'yes_or_no': 'YES', 'expected': '{"code": 0,"msg": "OK"}', 'actucal': "{'code': 0, 'msg': 'OK', 'data': {'id': 1947, 'member_id': 173720, 'loan_id': 1245808, 'amount': 200.0, 'create_time': '2020-06-21 09:07:20', 'is_valid': 1}, 'copyright': 'Copyright 柠檬班 © 2017-2020 湖南省零檬信息技术有限公司 All Rights Reserved'}", 'test_result': 'PASS'}
[2020-06-21 09:11:06,408]--test_invest.py--94--INFO:======================正在查询原始金额=======================
[2020-06-21 09:11:06,464]--test_invest.py--102--INFO:账户id为173720的账户原始金额是-63800.00
[2020-06-21 09:11:06,465]--test_invest.py--134--INFO:======================正在查询原始投资记录条数=======================
[2020-06-21 09:11:06,480]--test_invest.py--138--INFO:账户id为173720的原始投资记录条数为24
[2020-06-21 09:11:06,480]--test_invest.py--141--INFO:======================正在查询原始投资流水记录条数=======================
[2020-06-21 09:11:06,503]--test_invest.py--145--INFO:账户id为173720的原始投资流水条数为24
[2020-06-21 09:11:06,537]--test_invest.py--182--INFO:第14条用例执行结果为PASS
[2020-06-21 09:11:06,537]--test_invest.py--188--INFO:*************开始回写数据***************
[2020-06-21 09:11:06,908]--test_invest.py--190--INFO:正在回写实际结果actual：{'code': 0, 'msg': 'OK', 'data': {'id': 1953, 'member_id': 173720, 'loan_id': 1245830, 'amount': 200.0, 'create_time': '2020-06-21 09:11:08', 'is_valid': 1}, 'copyright': 'Copyright 柠檬班 © 2017-2020 湖南省零檬信息技术有限公司 All Rights Reserved'}
[2020-06-21 09:11:07,240]--test_invest.py--192--INFO:正在回写测试结果test_result：PASS
[2020-06-21 09:11:07,240]--test_invest.py--193--INFO:*************结束回写数据***************
[2020-06-21 09:11:07,420]--test_invest.py--42--INFO:******************正在执行invest模块用例******************
[2020-06-21 09:11:07,421]--test_invest.py--43--INFO:正在执行第15条用例:投资金额校验--投资金额输入为不能被100整除的正整数
[2020-06-21 09:11:07,421]--test_invest.py--44--INFO:请求的数据是{'case_id': 15, 'interface': 'invest', 'title': '投资金额校验--投资金额输入为不能被100整除的正整数', 'method': 'POST', 'url': '/member/invest', 'data': '{"member_id":"#member_id#","loan_id":"#loanid#","amount":"101"}', 'headers': '{"X-Lemonban-Media-Type": "lemonban.v2","Authorization":"#token#"}', 'yes_or_no': 'NO', 'expected': '{"code": 2,"msg": "充值金额必须大于100，并且可以被100整除"}', 'actucal': "{'code': 2, 'msg': '充值金额必须大于100，并且可以被100整除', 'data': None, 'copyright': 'Copyright 柠檬班 © 2017-2020 湖南省零檬信息技术有限公司 All Rights Reserved'}", 'test_result': 'PASS'}
[2020-06-21 09:11:07,421]--test_invest.py--134--INFO:======================正在查询原始投资记录条数=======================
[2020-06-21 09:11:07,432]--test_invest.py--138--INFO:账户id为173720的原始投资记录条数为25
[2020-06-21 09:11:07,432]--test_invest.py--141--INFO:======================正在查询原始投资流水记录条数=======================
[2020-06-21 09:11:07,447]--test_invest.py--145--INFO:账户id为173720的原始投资流水条数为25
[2020-06-21 09:11:07,465]--test_invest.py--182--INFO:第15条用例执行结果为PASS
[2020-06-21 09:11:07,466]--test_invest.py--188--INFO:*************开始回写数据***************
[2020-06-21 09:11:07,863]--test_invest.py--190--INFO:正在回写实际结果actual：{'code': 2, 'msg': '充值金额必须大于100，并且可以被100整除', 'data': None, 'copyright': 'Copyright 柠檬班 © 2017-2020 湖南省零檬信息技术有限公司 All Rights Reserved'}
[2020-06-21 09:11:08,215]--test_invest.py--192--INFO:正在回写测试结果test_result：PASS
[2020-06-21 09:11:08,216]--test_invest.py--193--INFO:*************结束回写数据***************
[2020-06-21 09:11:08,356]--test_invest.py--42--INFO:******************正在执行invest模块用例******************
[2020-06-21 09:11:08,356]--test_invest.py--43--INFO:正在执行第16条用例:投资金额校验--投资金额输入负数
[2020-06-21 09:11:08,356]--test_invest.py--44--INFO:请求的数据是{'case_id': 16, 'interface': 'invest', 'title': '投资金额校验--投资金额输入负数', 'method': 'POST', 'url': '/member/invest', 'data': '{"member_id":"#member_id#","loan_id":"#loanid#","amount":"-100"}', 'headers': '{"X-Lemonban-Media-Type": "lemonban.v2","Authorization":"#token#"}', 'yes_or_no': 'NO', 'expected': '{"code": 2,"msg": "充值金额必须大于100，并且可以被100整除"}', 'actucal': "{'code': 2, 'msg': '充值金额必须大于100，并且可以被100整除', 'data': None, 'copyright': 'Copyright 柠檬班 © 2017-2020 湖南省零檬信息技术有限公司 All Rights Reserved'}", 'test_result': 'PASS'}
[2020-06-21 09:11:08,356]--test_invest.py--134--INFO:======================正在查询原始投资记录条数=======================
[2020-06-21 09:11:08,370]--test_invest.py--138--INFO:账户id为173720的原始投资记录条数为25
[2020-06-21 09:11:08,371]--test_invest.py--141--INFO:======================正在查询原始投资流水记录条数=======================
[2020-06-21 09:11:08,392]--test_invest.py--145--INFO:账户id为173720的原始投资流水条数为25
[2020-06-21 09:11:08,411]--test_invest.py--182--INFO:第16条用例执行结果为PASS
[2020-06-21 09:11:08,411]--test_invest.py--188--INFO:*************开始回写数据***************
[2020-06-21 09:11:08,771]--test_invest.py--190--INFO:正在回写实际结果actual：{'code': 2, 'msg': '充值金额必须大于100，并且可以被100整除', 'data': None, 'copyright': 'Copyright 柠檬班 © 2017-2020 湖南省零檬信息技术有限公司 All Rights Reserved'}
[2020-06-21 09:11:09,185]--test_invest.py--192--INFO:正在回写测试结果test_result：PASS
[2020-06-21 09:11:09,185]--test_invest.py--193--INFO:*************结束回写数据***************
[2020-06-21 09:11:09,320]--test_invest.py--42--INFO:******************正在执行invest模块用例******************
[2020-06-21 09:11:09,320]--test_invest.py--43--INFO:正在执行第17条用例:投资金额校验--投资金额输入小数
[2020-06-21 09:11:09,320]--test_invest.py--44--INFO:请求的数据是{'case_id': 17, 'interface': 'invest', 'title': '投资金额校验--投资金额输入小数', 'method': 'POST', 'url': '/member/invest', 'data': '{"member_id":"#member_id#","loan_id":"#loanid#","amount":"100.88"}', 'headers': '{"X-Lemonban-Media-Type": "lemonban.v2","Authorization":"#token#"}', 'yes_or_no': 'NO', 'expected': '{"code": 2,"msg": "充值金额必须大于100，并且可以被100整除"}', 'actucal': "{'code': 2, 'msg': '充值金额必须大于100，并且可以被100整除', 'data': None, 'copyright': 'Copyright 柠檬班 © 2017-2020 湖南省零檬信息技术有限公司 All Rights Reserved'}", 'test_result': 'PASS'}
[2020-06-21 09:11:09,321]--test_invest.py--134--INFO:======================正在查询原始投资记录条数=======================
[2020-06-21 09:11:09,334]--test_invest.py--138--INFO:账户id为173720的原始投资记录条数为25
[2020-06-21 09:11:09,335]--test_invest.py--141--INFO:======================正在查询原始投资流水记录条数=======================
[2020-06-21 09:11:09,355]--test_invest.py--145--INFO:账户id为173720的原始投资流水条数为25
[2020-06-21 09:11:09,373]--test_invest.py--182--INFO:第17条用例执行结果为PASS
[2020-06-21 09:11:09,373]--test_invest.py--188--INFO:*************开始回写数据***************
[2020-06-21 09:11:09,740]--test_invest.py--190--INFO:正在回写实际结果actual：{'code': 2, 'msg': '充值金额必须大于100，并且可以被100整除', 'data': None, 'copyright': 'Copyright 柠檬班 © 2017-2020 湖南省零檬信息技术有限公司 All Rights Reserved'}
[2020-06-21 09:11:10,084]--test_invest.py--192--INFO:正在回写测试结果test_result：PASS
[2020-06-21 09:11:10,084]--test_invest.py--193--INFO:*************结束回写数据***************
[2020-06-21 09:11:10,202]--test_invest.py--42--INFO:******************正在执行invest模块用例******************
[2020-06-21 09:11:10,202]--test_invest.py--43--INFO:正在执行第18条用例:投资金额校验--投资金额输入非法字符
[2020-06-21 09:11:10,202]--test_invest.py--44--INFO:请求的数据是{'case_id': 18, 'interface': 'invest', 'title': '投资金额校验--投资金额输入非法字符', 'method': 'POST', 'url': '/member/invest', 'data': '{"member_id":"#member_id#","loan_id":"#loanid#","amount":"ddd"}', 'headers': '{"X-Lemonban-Media-Type": "lemonban.v2","Authorization":"#token#"}', 'yes_or_no': 'NO', 'expected': '{"code": 2,"msg": "数值参数格式错误"}', 'actucal': "{'code': 2, 'msg': '数值参数格式错误', 'data': None, 'copyright': 'Copyright 柠檬班 © 2017-2020 湖南省零檬信息技术有限公司 All Rights Reserved'}", 'test_result': 'PASS'}
[2020-06-21 09:11:10,202]--test_invest.py--134--INFO:======================正在查询原始投资记录条数=======================
[2020-06-21 09:11:10,211]--test_invest.py--138--INFO:账户id为173720的原始投资记录条数为25
[2020-06-21 09:11:10,212]--test_invest.py--141--INFO:======================正在查询原始投资流水记录条数=======================
[2020-06-21 09:11:10,227]--test_invest.py--145--INFO:账户id为173720的原始投资流水条数为25
[2020-06-21 09:11:10,245]--test_invest.py--182--INFO:第18条用例执行结果为PASS
[2020-06-21 09:11:10,246]--test_invest.py--188--INFO:*************开始回写数据***************
[2020-06-21 09:11:10,598]--test_invest.py--190--INFO:正在回写实际结果actual：{'code': 2, 'msg': '数值参数格式错误', 'data': None, 'copyright': 'Copyright 柠檬班 © 2017-2020 湖南省零檬信息技术有限公司 All Rights Reserved'}
[2020-06-21 09:11:10,943]--test_invest.py--192--INFO:正在回写测试结果test_result：PASS
[2020-06-21 09:11:10,944]--test_invest.py--193--INFO:*************结束回写数据***************
[2020-06-21 09:11:11,087]--test_invest.py--42--INFO:******************正在执行invest模块用例******************
[2020-06-21 09:11:11,088]--test_invest.py--43--INFO:正在执行第19条用例:投资金额校验--投资金额输入大于可投标金额
[2020-06-21 09:11:11,088]--test_invest.py--44--INFO:请求的数据是{'case_id': 19, 'interface': 'invest', 'title': '投资金额校验--投资金额输入大于可投标金额', 'method': 'POST', 'url': '/member/invest', 'data': '{"member_id":"#member_id#","loan_id":"#max_id#","amount":"#max_amt#"}', 'headers': '{"X-Lemonban-Media-Type": "lemonban.v2","Authorization":"#token#"}', 'yes_or_no': 'NO', 'expected': '{"code": 2,"msg": "该标可投金额不足,可投金额：7300.0"}', 'actucal': "{'code': 2, 'msg': '该标可投金额不足,可投金额：6700.0', 'data': None, 'copyright': 'Copyright 柠檬班 © 2017-2020 湖南省零檬信息技术有限公司 All Rights Reserved'}", 'test_result': 'FAILED'}
[2020-06-21 09:11:11,103]--test_invest.py--134--INFO:======================正在查询原始投资记录条数=======================
[2020-06-21 09:11:11,119]--test_invest.py--138--INFO:账户id为173720的原始投资记录条数为25
[2020-06-21 09:11:11,121]--test_invest.py--141--INFO:======================正在查询原始投资流水记录条数=======================
[2020-06-21 09:11:11,142]--test_invest.py--145--INFO:账户id为173720的原始投资流水条数为25
[2020-06-21 09:11:11,170]--test_invest.py--184--ERROR:执行接口测试出现错误，错误是False is not true
[2020-06-21 09:11:11,171]--test_invest.py--186--ERROR:第19条用例执行结果为FAILED
[2020-06-21 09:11:11,171]--test_invest.py--188--INFO:*************开始回写数据***************
[2020-06-21 09:11:11,539]--test_invest.py--190--INFO:正在回写实际结果actual：{'code': 2, 'msg': '该标可投金额不足,可投金额：6700.0', 'data': None, 'copyright': 'Copyright 柠檬班 © 2017-2020 湖南省零檬信息技术有限公司 All Rights Reserved'}
[2020-06-21 09:11:11,899]--test_invest.py--192--INFO:正在回写测试结果test_result：FAILED
[2020-06-21 09:11:11,899]--test_invest.py--193--INFO:*************结束回写数据***************
[2020-06-21 09:11:12,059]--test_invest.py--42--INFO:******************正在执行invest模块用例******************
[2020-06-21 09:11:12,059]--test_invest.py--43--INFO:正在执行第20条用例:投资金额校验--投资金额输入等于可投标金额,投标完成
[2020-06-21 09:11:12,059]--test_invest.py--44--INFO:请求的数据是{'case_id': 20, 'interface': 'invest', 'title': '投资金额校验--投资金额输入等于可投标金额,投标完成', 'method': 'POST', 'url': '/member/invest', 'data': '{"member_id":"#member_id#","loan_id":"#loanid#","amount":"#amount#"}', 'headers': '{"X-Lemonban-Media-Type": "lemonban.v2","Authorization":"#token#"}', 'yes_or_no': 'YES', 'expected': '{"code": 0,"msg": "OK"}', 'actucal': "{'code': 0, 'msg': 'OK', 'data': {'id': 1948, 'member_id': 173720, 'loan_id': 1245814, 'amount': 80000.0, 'create_time': '2020-06-21 09:07:32', 'is_valid': 1}, 'copyright': 'Copyright 柠檬班 © 2017-2020 湖南省零檬信息技术有限公司 All Rights Reserved'}", 'test_result': 'PASS'}
[2020-06-21 09:11:12,075]--test_invest.py--94--INFO:======================正在查询原始金额=======================
[2020-06-21 09:11:12,133]--test_invest.py--102--INFO:账户id为173720的账户原始金额是-54000.00
[2020-06-21 09:11:12,134]--test_invest.py--134--INFO:======================正在查询原始投资记录条数=======================
[2020-06-21 09:11:12,170]--test_invest.py--138--INFO:账户id为173720的原始投资记录条数为25
[2020-06-21 09:11:12,171]--test_invest.py--141--INFO:======================正在查询原始投资流水记录条数=======================
[2020-06-21 09:11:12,205]--test_invest.py--145--INFO:账户id为173720的原始投资流水条数为25
[2020-06-21 09:11:12,248]--test_invest.py--182--INFO:第20条用例执行结果为PASS
[2020-06-21 09:11:12,248]--test_invest.py--188--INFO:*************开始回写数据***************
[2020-06-21 09:11:13,657]--test_invest.py--190--INFO:正在回写实际结果actual：{'code': 0, 'msg': 'OK', 'data': {'id': 1954, 'member_id': 173720, 'loan_id': 1245837, 'amount': 80000.0, 'create_time': '2020-06-21 09:11:13', 'is_valid': 1}, 'copyright': 'Copyright 柠檬班 © 2017-2020 湖南省零檬信息技术有限公司 All Rights Reserved'}
[2020-06-21 09:11:14,228]--test_invest.py--192--INFO:正在回写测试结果test_result：PASS
[2020-06-21 09:11:14,228]--test_invest.py--193--INFO:*************结束回写数据***************
[2020-06-21 09:11:14,411]--test_invest.py--42--INFO:******************正在执行invest模块用例******************
[2020-06-21 09:11:14,411]--test_invest.py--43--INFO:正在执行第21条用例:投资金额校验--投资金额输入大于用户余额,余额不足
[2020-06-21 09:11:14,412]--test_invest.py--44--INFO:请求的数据是{'case_id': 21, 'interface': 'invest', 'title': '投资金额校验--投资金额输入大于用户余额,余额不足', 'method': 'POST', 'url': '/member/invest', 'data': '{"member_id":"#member_id#","loan_id":"#loanid#","amount":"#min_amt#"}', 'headers': '{"X-Lemonban-Media-Type": "lemonban.v2","Authorization":"#token#"}', 'yes_or_no': 'NO', 'expected': '{"code": 0,"msg": "OK"}', 'actucal': "{'code': 2, 'msg': '充值金额必须大于100，并且可以被100整除', 'data': None, 'copyright': 'Copyright 柠檬班 © 2017-2020 湖南省零檬信息技术有限公司 All Rights Reserved'}", 'test_result': 'FAILED'}
[2020-06-21 09:11:14,412]--test_invest.py--134--INFO:======================正在查询原始投资记录条数=======================
[2020-06-21 09:11:14,426]--test_invest.py--138--INFO:账户id为173720的原始投资记录条数为26
[2020-06-21 09:11:14,427]--test_invest.py--141--INFO:======================正在查询原始投资流水记录条数=======================
[2020-06-21 09:11:14,452]--test_invest.py--145--INFO:账户id为173720的原始投资流水条数为26
[2020-06-21 09:11:14,486]--test_invest.py--184--ERROR:执行接口测试出现错误，错误是False is not true
[2020-06-21 09:11:14,487]--test_invest.py--186--ERROR:第21条用例执行结果为FAILED
[2020-06-21 09:11:14,487]--test_invest.py--188--INFO:*************开始回写数据***************
[2020-06-21 09:11:15,813]--test_invest.py--190--INFO:正在回写实际结果actual：{'code': 2, 'msg': '充值金额必须大于100，并且可以被100整除', 'data': None, 'copyright': 'Copyright 柠檬班 © 2017-2020 湖南省零檬信息技术有限公司 All Rights Reserved'}
[2020-06-21 09:11:16,377]--test_invest.py--192--INFO:正在回写测试结果test_result：FAILED
[2020-06-21 09:11:16,378]--test_invest.py--193--INFO:*************结束回写数据***************
