[2020-06-21 00:09:13,564]--test_invest.py--42--INFO:******************正在执行invest模块用例******************
[2020-06-21 00:09:13,564]--test_invest.py--43--INFO:正在执行第1条用例:用户id校验--输入已注册用户id
[2020-06-21 00:09:13,565]--test_invest.py--44--INFO:请求的数据是{'case_id': 1, 'interface': 'invest', 'title': '用户id校验--输入已注册用户id', 'method': 'POST', 'url': '/member/invest', 'data': '{"member_id":"#member_id#","loan_id":"#loanid#","amount":"1000"}', 'headers': '{"X-Lemonban-Media-Type": "lemonban.v2","Authorization":"#token#"}', 'yes_or_no': 'YES', 'expected': '{"code": 0,"msg": "OK"}', 'actucal': "{'code': 0, 'msg': 'OK', 'data': {'id': 1895, 'member_id': 13217, 'loan_id': 1245229, 'amount': 1000.0, 'create_time': '2020-06-21 00:07:07', 'is_valid': 1}, 'copyright': 'Copyright 柠檬班 © 2017-2020 湖南省零檬信息技术有限公司 All Rights Reserved'}", 'test_result': 'PASS'}
[2020-06-21 00:09:13,566]--test_invest.py--94--INFO:======================正在查询原始金额=======================
[2020-06-21 00:09:13,577]--test_invest.py--105--INFO:账户id为13217的账户原始金额是2094200.65
[2020-06-21 00:09:13,577]--test_invest.py--125--INFO:======================正在查询原始投资记录条数=======================
[2020-06-21 00:09:13,589]--test_invest.py--129--INFO:账户id为13217的原始投资记录条数为18
[2020-06-21 00:09:13,590]--test_invest.py--132--INFO:======================正在查询原始投资流水记录条数=======================
[2020-06-21 00:09:13,607]--test_invest.py--136--INFO:账户id为13217的原始投资流水条数为93
[2020-06-21 00:09:13,647]--test_invest.py--170--INFO:第1条用例执行结果为PASS
[2020-06-21 00:09:13,647]--test_invest.py--176--INFO:*************开始回写数据***************
[2020-06-21 00:09:14,038]--test_invest.py--178--INFO:正在回写实际结果actual：{'code': 0, 'msg': 'OK', 'data': {'id': 1900, 'member_id': 13217, 'loan_id': 1245250, 'amount': 1000.0, 'create_time': '2020-06-21 00:09:14', 'is_valid': 1}, 'copyright': 'Copyright 柠檬班 © 2017-2020 湖南省零檬信息技术有限公司 All Rights Reserved'}
[2020-06-21 00:09:14,427]--test_invest.py--180--INFO:正在回写测试结果test_result：PASS
[2020-06-21 00:09:14,427]--test_invest.py--181--INFO:*************结束回写数据***************
[2020-06-21 00:09:14,634]--test_invest.py--42--INFO:******************正在执行invest模块用例******************
[2020-06-21 00:09:14,635]--test_invest.py--43--INFO:正在执行第2条用例:用户id校验--输入不存在的用户id
[2020-06-21 00:09:14,635]--test_invest.py--44--INFO:请求的数据是{'case_id': 2, 'interface': 'invest', 'title': '用户id校验--输入不存在的用户id', 'method': 'POST', 'url': '/member/invest', 'data': '{"member_id":"s13361","loan_id":"#loanid#","amount":"20000"}', 'headers': '{"X-Lemonban-Media-Type": "lemonban.v2","Authorization":"#token#"}', 'yes_or_no': 'NO', 'expected': '{"code": 2,"msg": "数值参数格式错误"}', 'actucal': "{'code': 2, 'msg': '数值参数格式错误', 'data': None, 'copyright': 'Copyright 柠檬班 © 2017-2020 湖南省零檬信息技术有限公司 All Rights Reserved'}", 'test_result': 'PASS'}
[2020-06-21 00:09:14,635]--test_invest.py--125--INFO:======================正在查询原始投资记录条数=======================
[2020-06-21 00:09:14,651]--test_invest.py--129--INFO:账户id为13217的原始投资记录条数为19
[2020-06-21 00:09:14,651]--test_invest.py--132--INFO:======================正在查询原始投资流水记录条数=======================
[2020-06-21 00:09:14,682]--test_invest.py--136--INFO:账户id为13217的原始投资流水条数为94
[2020-06-21 00:09:14,702]--test_invest.py--170--INFO:第2条用例执行结果为PASS
[2020-06-21 00:09:14,702]--test_invest.py--176--INFO:*************开始回写数据***************
[2020-06-21 00:09:15,097]--test_invest.py--178--INFO:正在回写实际结果actual：{'code': 2, 'msg': '数值参数格式错误', 'data': None, 'copyright': 'Copyright 柠檬班 © 2017-2020 湖南省零檬信息技术有限公司 All Rights Reserved'}
[2020-06-21 00:09:15,512]--test_invest.py--180--INFO:正在回写测试结果test_result：PASS
[2020-06-21 00:09:15,512]--test_invest.py--181--INFO:*************结束回写数据***************
[2020-06-21 00:09:15,674]--test_invest.py--42--INFO:******************正在执行invest模块用例******************
[2020-06-21 00:09:15,674]--test_invest.py--43--INFO:正在执行第3条用例:用户id校验--id输入为空
[2020-06-21 00:09:15,675]--test_invest.py--44--INFO:请求的数据是{'case_id': 3, 'interface': 'invest', 'title': '用户id校验--id输入为空', 'method': 'POST', 'url': '/member/invest', 'data': '{"member_id":"","loan_id":"#loanid#","amount":"100"}', 'headers': '{"X-Lemonban-Media-Type": "lemonban.v2","Authorization":"#token#"}', 'yes_or_no': 'NO', 'expected': '{"code": 2,"msg": "数值参数格式错误"}', 'actucal': "{'code': 2, 'msg': '数值参数格式错误', 'data': None, 'copyright': 'Copyright 柠檬班 © 2017-2020 湖南省零檬信息技术有限公司 All Rights Reserved'}", 'test_result': 'PASS'}
[2020-06-21 00:09:15,675]--test_invest.py--125--INFO:======================正在查询原始投资记录条数=======================
[2020-06-21 00:09:15,687]--test_invest.py--129--INFO:账户id为13217的原始投资记录条数为19
[2020-06-21 00:09:15,687]--test_invest.py--132--INFO:======================正在查询原始投资流水记录条数=======================
[2020-06-21 00:09:15,707]--test_invest.py--136--INFO:账户id为13217的原始投资流水条数为94
[2020-06-21 00:09:15,728]--test_invest.py--170--INFO:第3条用例执行结果为PASS
[2020-06-21 00:09:15,728]--test_invest.py--176--INFO:*************开始回写数据***************
[2020-06-21 00:09:16,104]--test_invest.py--178--INFO:正在回写实际结果actual：{'code': 2, 'msg': '数值参数格式错误', 'data': None, 'copyright': 'Copyright 柠檬班 © 2017-2020 湖南省零檬信息技术有限公司 All Rights Reserved'}
[2020-06-21 00:09:16,453]--test_invest.py--180--INFO:正在回写测试结果test_result：PASS
[2020-06-21 00:09:16,453]--test_invest.py--181--INFO:*************结束回写数据***************
[2020-06-21 00:09:16,622]--test_invest.py--42--INFO:******************正在执行invest模块用例******************
[2020-06-21 00:09:16,622]--test_invest.py--43--INFO:正在执行第4条用例:投资项目id校验--输入投标中状态2(竞标中)的项目id
[2020-06-21 00:09:16,623]--test_invest.py--44--INFO:请求的数据是{'case_id': 4, 'interface': 'invest', 'title': '投资项目id校验--输入投标中状态2(竞标中)的项目id', 'method': 'POST', 'url': '/member/invest', 'data': '{"member_id":"#member_id#","loan_id":"#loanid#","amount":"100"}', 'headers': '{"X-Lemonban-Media-Type": "lemonban.v2","Authorization":"#token#"}', 'yes_or_no': 'YES', 'expected': '{"code": 0,"msg": "OK"}', 'actucal': "{'code': 0, 'msg': 'OK', 'data': {'id': 1896, 'member_id': 13217, 'loan_id': 1245232, 'amount': 100.0, 'create_time': '2020-06-21 00:07:10', 'is_valid': 1}, 'copyright': 'Copyright 柠檬班 © 2017-2020 湖南省零檬信息技术有限公司 All Rights Reserved'}", 'test_result': 'PASS'}
[2020-06-21 00:09:16,623]--test_invest.py--94--INFO:======================正在查询原始金额=======================
[2020-06-21 00:09:16,639]--test_invest.py--105--INFO:账户id为13217的账户原始金额是2093200.65
[2020-06-21 00:09:16,639]--test_invest.py--125--INFO:======================正在查询原始投资记录条数=======================
[2020-06-21 00:09:16,654]--test_invest.py--129--INFO:账户id为13217的原始投资记录条数为19
[2020-06-21 00:09:16,654]--test_invest.py--132--INFO:======================正在查询原始投资流水记录条数=======================
[2020-06-21 00:09:16,676]--test_invest.py--136--INFO:账户id为13217的原始投资流水条数为94
[2020-06-21 00:09:16,712]--test_invest.py--170--INFO:第4条用例执行结果为PASS
[2020-06-21 00:09:16,713]--test_invest.py--176--INFO:*************开始回写数据***************
[2020-06-21 00:09:17,107]--test_invest.py--178--INFO:正在回写实际结果actual：{'code': 0, 'msg': 'OK', 'data': {'id': 1901, 'member_id': 13217, 'loan_id': 1245253, 'amount': 100.0, 'create_time': '2020-06-21 00:09:17', 'is_valid': 1}, 'copyright': 'Copyright 柠檬班 © 2017-2020 湖南省零檬信息技术有限公司 All Rights Reserved'}
[2020-06-21 00:09:17,485]--test_invest.py--180--INFO:正在回写测试结果test_result：PASS
[2020-06-21 00:09:17,485]--test_invest.py--181--INFO:*************结束回写数据***************
[2020-06-21 00:09:17,762]--test_invest.py--42--INFO:******************正在执行invest模块用例******************
[2020-06-21 00:09:17,763]--test_invest.py--43--INFO:正在执行第5条用例:投资项目id校验--输入非投标中状态为1(审核中)的项目id
[2020-06-21 00:09:17,763]--test_invest.py--44--INFO:请求的数据是{'case_id': 5, 'interface': 'invest', 'title': '投资项目id校验--输入非投标中状态为1(审核中)的项目id', 'method': 'POST', 'url': '/member/invest', 'data': '{"member_id":"#member_id#","loan_id":"#shz#","amount":"100"}', 'headers': '{"X-Lemonban-Media-Type": "lemonban.v2","Authorization":"#token#"}', 'yes_or_no': 'NO', 'expected': '{"code": 2,"msg": "该项目不在竞标中状态"}', 'actucal': "{'code': 2, 'msg': '该项目不在竞标中状态', 'data': None, 'copyright': 'Copyright 柠檬班 © 2017-2020 湖南省零檬信息技术有限公司 All Rights Reserved'}", 'test_result': 'PASS'}
[2020-06-21 00:09:17,773]--test_invest.py--125--INFO:======================正在查询原始投资记录条数=======================
[2020-06-21 00:09:17,785]--test_invest.py--129--INFO:账户id为13217的原始投资记录条数为20
[2020-06-21 00:09:17,785]--test_invest.py--132--INFO:======================正在查询原始投资流水记录条数=======================
[2020-06-21 00:09:17,802]--test_invest.py--136--INFO:账户id为13217的原始投资流水条数为95
[2020-06-21 00:09:17,950]--test_invest.py--170--INFO:第5条用例执行结果为PASS
[2020-06-21 00:09:17,950]--test_invest.py--176--INFO:*************开始回写数据***************
[2020-06-21 00:09:18,324]--test_invest.py--178--INFO:正在回写实际结果actual：{'code': 2, 'msg': '该项目不在竞标中状态', 'data': None, 'copyright': 'Copyright 柠檬班 © 2017-2020 湖南省零檬信息技术有限公司 All Rights Reserved'}
[2020-06-21 00:09:18,700]--test_invest.py--180--INFO:正在回写测试结果test_result：PASS
[2020-06-21 00:09:18,701]--test_invest.py--181--INFO:*************结束回写数据***************
[2020-06-21 00:09:18,854]--test_invest.py--42--INFO:******************正在执行invest模块用例******************
[2020-06-21 00:09:18,855]--test_invest.py--43--INFO:正在执行第6条用例:投资项目id校验--输入非投标中状态3(还款中)的项目id
[2020-06-21 00:09:18,855]--test_invest.py--44--INFO:请求的数据是{'case_id': 6, 'interface': 'invest', 'title': '投资项目id校验--输入非投标中状态3(还款中)的项目id', 'method': 'POST', 'url': '/member/invest', 'data': '{"member_id":"#member_id#","loan_id":"#hkz#","amount":"100"}', 'headers': '{"X-Lemonban-Media-Type": "lemonban.v2","Authorization":"#token#"}', 'yes_or_no': 'NO', 'expected': '{"code": 2,"msg": "该项目不在竞标中状态"}', 'actucal': "{'code': 2, 'msg': '该项目不在竞标中状态', 'data': None, 'copyright': 'Copyright 柠檬班 © 2017-2020 湖南省零檬信息技术有限公司 All Rights Reserved'}", 'test_result': 'PASS'}
[2020-06-21 00:09:18,870]--test_invest.py--125--INFO:======================正在查询原始投资记录条数=======================
[2020-06-21 00:09:18,885]--test_invest.py--129--INFO:账户id为13217的原始投资记录条数为20
[2020-06-21 00:09:18,885]--test_invest.py--132--INFO:======================正在查询原始投资流水记录条数=======================
[2020-06-21 00:09:18,907]--test_invest.py--136--INFO:账户id为13217的原始投资流水条数为95
[2020-06-21 00:09:18,934]--test_invest.py--170--INFO:第6条用例执行结果为PASS
[2020-06-21 00:09:18,934]--test_invest.py--176--INFO:*************开始回写数据***************
[2020-06-21 00:09:19,308]--test_invest.py--178--INFO:正在回写实际结果actual：{'code': 2, 'msg': '该项目不在竞标中状态', 'data': None, 'copyright': 'Copyright 柠檬班 © 2017-2020 湖南省零檬信息技术有限公司 All Rights Reserved'}
[2020-06-21 00:09:19,682]--test_invest.py--180--INFO:正在回写测试结果test_result：PASS
[2020-06-21 00:09:19,683]--test_invest.py--181--INFO:*************结束回写数据***************
[2020-06-21 00:09:19,820]--test_invest.py--42--INFO:******************正在执行invest模块用例******************
[2020-06-21 00:09:19,821]--test_invest.py--43--INFO:正在执行第7条用例:投资项目id校验--输入非投标中状态4(还款完成)的项目id
[2020-06-21 00:09:19,821]--test_invest.py--44--INFO:请求的数据是{'case_id': 7, 'interface': 'invest', 'title': '投资项目id校验--输入非投标中状态4(还款完成)的项目id', 'method': 'POST', 'url': '/member/invest', 'data': '{"member_id":"#member_id#","loan_id":"#hwc#","amount":"100"}', 'headers': '{"X-Lemonban-Media-Type": "lemonban.v2","Authorization":"#token#"}', 'yes_or_no': 'NO', 'expected': '{"code": 2,"msg": "该项目不在竞标中状态"}', 'actucal': "{'code': 2, 'msg': '该项目不在竞标中状态', 'data': None, 'copyright': 'Copyright 柠檬班 © 2017-2020 湖南省零檬信息技术有限公司 All Rights Reserved'}", 'test_result': 'PASS'}
[2020-06-21 00:09:19,833]--test_invest.py--125--INFO:======================正在查询原始投资记录条数=======================
[2020-06-21 00:09:19,843]--test_invest.py--129--INFO:账户id为13217的原始投资记录条数为20
[2020-06-21 00:09:19,844]--test_invest.py--132--INFO:======================正在查询原始投资流水记录条数=======================
[2020-06-21 00:09:19,859]--test_invest.py--136--INFO:账户id为13217的原始投资流水条数为95
[2020-06-21 00:09:19,885]--test_invest.py--170--INFO:第7条用例执行结果为PASS
[2020-06-21 00:09:19,885]--test_invest.py--176--INFO:*************开始回写数据***************
[2020-06-21 00:09:20,390]--test_invest.py--178--INFO:正在回写实际结果actual：{'code': 2, 'msg': '该项目不在竞标中状态', 'data': None, 'copyright': 'Copyright 柠檬班 © 2017-2020 湖南省零檬信息技术有限公司 All Rights Reserved'}
[2020-06-21 00:09:20,740]--test_invest.py--180--INFO:正在回写测试结果test_result：PASS
[2020-06-21 00:09:20,740]--test_invest.py--181--INFO:*************结束回写数据***************
[2020-06-21 00:09:20,883]--test_invest.py--42--INFO:******************正在执行invest模块用例******************
[2020-06-21 00:09:20,884]--test_invest.py--43--INFO:正在执行第8条用例:投资项目id校验--输入非投标中状态5(审核不通过)的项目id
[2020-06-21 00:09:20,884]--test_invest.py--44--INFO:请求的数据是{'case_id': 8, 'interface': 'invest', 'title': '投资项目id校验--输入非投标中状态5(审核不通过)的项目id', 'method': 'POST', 'url': '/member/invest', 'data': '{"member_id":"#member_id#","loan_id":"#btg#","amount":"100"}', 'headers': '{"X-Lemonban-Media-Type": "lemonban.v2","Authorization":"#token#"}', 'yes_or_no': 'NO', 'expected': '{"code": 2,"msg": "该项目不在竞标中状态"}', 'actucal': "{'code': 2, 'msg': '该项目不在竞标中状态', 'data': None, 'copyright': 'Copyright 柠檬班 © 2017-2020 湖南省零檬信息技术有限公司 All Rights Reserved'}", 'test_result': 'PASS'}
[2020-06-21 00:09:20,893]--test_invest.py--125--INFO:======================正在查询原始投资记录条数=======================
[2020-06-21 00:09:20,902]--test_invest.py--129--INFO:账户id为13217的原始投资记录条数为20
[2020-06-21 00:09:20,903]--test_invest.py--132--INFO:======================正在查询原始投资流水记录条数=======================
[2020-06-21 00:09:20,917]--test_invest.py--136--INFO:账户id为13217的原始投资流水条数为95
[2020-06-21 00:09:20,938]--test_invest.py--170--INFO:第8条用例执行结果为PASS
[2020-06-21 00:09:20,938]--test_invest.py--176--INFO:*************开始回写数据***************
[2020-06-21 00:09:21,304]--test_invest.py--178--INFO:正在回写实际结果actual：{'code': 2, 'msg': '该项目不在竞标中状态', 'data': None, 'copyright': 'Copyright 柠檬班 © 2017-2020 湖南省零檬信息技术有限公司 All Rights Reserved'}
[2020-06-21 00:09:21,649]--test_invest.py--180--INFO:正在回写测试结果test_result：PASS
[2020-06-21 00:09:21,649]--test_invest.py--181--INFO:*************结束回写数据***************
[2020-06-21 00:09:21,791]--test_invest.py--42--INFO:******************正在执行invest模块用例******************
[2020-06-21 00:09:21,792]--test_invest.py--43--INFO:正在执行第9条用例:投资项目id校验--输入用户自己创建的项目id
[2020-06-21 00:09:21,792]--test_invest.py--44--INFO:请求的数据是{'case_id': 9, 'interface': 'invest', 'title': '投资项目id校验--输入用户自己创建的项目id', 'method': 'POST', 'url': '/member/invest', 'data': '{"member_id":"#member_id#","loan_id":"#loanid#","amount":"100"}', 'headers': '{"X-Lemonban-Media-Type": "lemonban.v2","Authorization":"#token#"}', 'yes_or_no': 'YES', 'expected': '{"code": 0,"msg": "OK"}', 'actucal': "{'code': 0, 'msg': 'OK', 'data': {'id': 1897, 'member_id': 13217, 'loan_id': 1245237, 'amount': 100.0, 'create_time': '2020-06-21 00:07:15', 'is_valid': 1}, 'copyright': 'Copyright 柠檬班 © 2017-2020 湖南省零檬信息技术有限公司 All Rights Reserved'}", 'test_result': 'PASS'}
[2020-06-21 00:09:21,792]--test_invest.py--94--INFO:======================正在查询原始金额=======================
[2020-06-21 00:09:21,808]--test_invest.py--105--INFO:账户id为13217的账户原始金额是2093100.65
[2020-06-21 00:09:21,808]--test_invest.py--125--INFO:======================正在查询原始投资记录条数=======================
[2020-06-21 00:09:21,826]--test_invest.py--129--INFO:账户id为13217的原始投资记录条数为20
[2020-06-21 00:09:21,827]--test_invest.py--132--INFO:======================正在查询原始投资流水记录条数=======================
[2020-06-21 00:09:21,855]--test_invest.py--136--INFO:账户id为13217的原始投资流水条数为95
[2020-06-21 00:09:21,892]--test_invest.py--170--INFO:第9条用例执行结果为PASS
[2020-06-21 00:09:21,893]--test_invest.py--176--INFO:*************开始回写数据***************
[2020-06-21 00:09:22,320]--test_invest.py--178--INFO:正在回写实际结果actual：{'code': 0, 'msg': 'OK', 'data': {'id': 1902, 'member_id': 13217, 'loan_id': 1245258, 'amount': 100.0, 'create_time': '2020-06-21 00:09:23', 'is_valid': 1}, 'copyright': 'Copyright 柠檬班 © 2017-2020 湖南省零檬信息技术有限公司 All Rights Reserved'}
[2020-06-21 00:09:22,702]--test_invest.py--180--INFO:正在回写测试结果test_result：PASS
[2020-06-21 00:09:22,702]--test_invest.py--181--INFO:*************结束回写数据***************
[2020-06-21 00:09:22,902]--test_invest.py--42--INFO:******************正在执行invest模块用例******************
[2020-06-21 00:09:22,902]--test_invest.py--43--INFO:正在执行第10条用例:投资项目id校验--输入其他用户创建的项目id
[2020-06-21 00:09:22,903]--test_invest.py--44--INFO:请求的数据是{'case_id': 10, 'interface': 'invest', 'title': '投资项目id校验--输入其他用户创建的项目id', 'method': 'POST', 'url': '/member/invest', 'data': '{"member_id":"#member_id#","loan_id":"#otherid#","amount":"100"}', 'headers': '{"X-Lemonban-Media-Type": "lemonban.v2","Authorization":"#token#"}', 'yes_or_no': 'YES', 'expected': '{"code": 0,"msg": "OK"}', 'actucal': "{'code': 0, 'msg': 'OK', 'data': {'id': 1898, 'member_id': 13217, 'loan_id': 14, 'amount': 100.0, 'create_time': '2020-06-21 00:07:16', 'is_valid': 1}, 'copyright': 'Copyright 柠檬班 © 2017-2020 湖南省零檬信息技术有限公司 All Rights Reserved'}", 'test_result': 'PASS'}
[2020-06-21 00:09:22,917]--test_invest.py--94--INFO:======================正在查询原始金额=======================
[2020-06-21 00:09:22,932]--test_invest.py--105--INFO:账户id为13217的账户原始金额是2093000.65
[2020-06-21 00:09:22,932]--test_invest.py--125--INFO:======================正在查询原始投资记录条数=======================
[2020-06-21 00:09:22,945]--test_invest.py--129--INFO:账户id为13217的原始投资记录条数为21
[2020-06-21 00:09:22,946]--test_invest.py--132--INFO:======================正在查询原始投资流水记录条数=======================
[2020-06-21 00:09:22,966]--test_invest.py--136--INFO:账户id为13217的原始投资流水条数为96
[2020-06-21 00:09:23,002]--test_invest.py--170--INFO:第10条用例执行结果为PASS
[2020-06-21 00:09:23,002]--test_invest.py--176--INFO:*************开始回写数据***************
[2020-06-21 00:09:23,378]--test_invest.py--178--INFO:正在回写实际结果actual：{'code': 0, 'msg': 'OK', 'data': {'id': 1903, 'member_id': 13217, 'loan_id': 14, 'amount': 100.0, 'create_time': '2020-06-21 00:09:24', 'is_valid': 1}, 'copyright': 'Copyright 柠檬班 © 2017-2020 湖南省零檬信息技术有限公司 All Rights Reserved'}
[2020-06-21 00:09:23,756]--test_invest.py--180--INFO:正在回写测试结果test_result：PASS
[2020-06-21 00:09:23,756]--test_invest.py--181--INFO:*************结束回写数据***************
[2020-06-21 00:09:23,952]--test_invest.py--42--INFO:******************正在执行invest模块用例******************
[2020-06-21 00:09:23,953]--test_invest.py--43--INFO:正在执行第11条用例:投资项目id校验--输入不存在的项目id
[2020-06-21 00:09:23,953]--test_invest.py--44--INFO:请求的数据是{'case_id': 11, 'interface': 'invest', 'title': '投资项目id校验--输入不存在的项目id', 'method': 'POST', 'url': '/member/invest', 'data': '{"member_id":"#member_id#","loan_id":"8d88","amount":"100"}', 'headers': '{"X-Lemonban-Media-Type": "lemonban.v2","Authorization":"#token#"}', 'yes_or_no': 'NO', 'expected': '{"code": 2,"msg": "项目不存在"}', 'actucal': "{'code': 2, 'msg': '数值参数格式错误', 'data': None, 'copyright': 'Copyright 柠檬班 © 2017-2020 湖南省零檬信息技术有限公司 All Rights Reserved'}", 'test_result': 'FAILED'}
[2020-06-21 00:09:23,953]--test_invest.py--125--INFO:======================正在查询原始投资记录条数=======================
[2020-06-21 00:09:23,961]--test_invest.py--129--INFO:账户id为13217的原始投资记录条数为22
[2020-06-21 00:09:23,961]--test_invest.py--132--INFO:======================正在查询原始投资流水记录条数=======================
[2020-06-21 00:09:23,977]--test_invest.py--136--INFO:账户id为13217的原始投资流水条数为97
[2020-06-21 00:09:23,999]--test_invest.py--172--ERROR:执行接口测试出现错误，错误是False is not true
[2020-06-21 00:09:23,999]--test_invest.py--174--ERROR:第11条用例执行结果为FAILED
[2020-06-21 00:09:23,999]--test_invest.py--176--INFO:*************开始回写数据***************
[2020-06-21 00:09:24,369]--test_invest.py--178--INFO:正在回写实际结果actual：{'code': 2, 'msg': '数值参数格式错误', 'data': None, 'copyright': 'Copyright 柠檬班 © 2017-2020 湖南省零檬信息技术有限公司 All Rights Reserved'}
[2020-06-21 00:09:24,789]--test_invest.py--180--INFO:正在回写测试结果test_result：FAILED
[2020-06-21 00:09:24,790]--test_invest.py--181--INFO:*************结束回写数据***************
[2020-06-21 00:09:24,914]--test_invest.py--42--INFO:******************正在执行invest模块用例******************
[2020-06-21 00:09:24,914]--test_invest.py--43--INFO:正在执行第12条用例:投资项目id校验--项目id输入为空
[2020-06-21 00:09:24,914]--test_invest.py--44--INFO:请求的数据是{'case_id': 12, 'interface': 'invest', 'title': '投资项目id校验--项目id输入为空', 'method': 'POST', 'url': '/member/invest', 'data': '{"member_id":"#member_id#","loan_id":"","amount":"100"}', 'headers': '{"X-Lemonban-Media-Type": "lemonban.v2","Authorization":"#token#"}', 'yes_or_no': 'NO', 'expected': '{"code": 2,"msg": "数值参数格式错误"}', 'actucal': "{'code': 2, 'msg': '数值参数格式错误', 'data': None, 'copyright': 'Copyright 柠檬班 © 2017-2020 湖南省零檬信息技术有限公司 All Rights Reserved'}", 'test_result': 'PASS'}
[2020-06-21 00:09:24,914]--test_invest.py--125--INFO:======================正在查询原始投资记录条数=======================
[2020-06-21 00:09:24,924]--test_invest.py--129--INFO:账户id为13217的原始投资记录条数为22
[2020-06-21 00:09:24,924]--test_invest.py--132--INFO:======================正在查询原始投资流水记录条数=======================
[2020-06-21 00:09:24,942]--test_invest.py--136--INFO:账户id为13217的原始投资流水条数为97
[2020-06-21 00:09:24,961]--test_invest.py--170--INFO:第12条用例执行结果为PASS
[2020-06-21 00:09:24,962]--test_invest.py--176--INFO:*************开始回写数据***************
[2020-06-21 00:09:25,324]--test_invest.py--178--INFO:正在回写实际结果actual：{'code': 2, 'msg': '数值参数格式错误', 'data': None, 'copyright': 'Copyright 柠檬班 © 2017-2020 湖南省零檬信息技术有限公司 All Rights Reserved'}
[2020-06-21 00:09:25,673]--test_invest.py--180--INFO:正在回写测试结果test_result：PASS
[2020-06-21 00:09:25,674]--test_invest.py--181--INFO:*************结束回写数据***************
[2020-06-21 00:09:25,808]--test_invest.py--42--INFO:******************正在执行invest模块用例******************
[2020-06-21 00:09:25,809]--test_invest.py--43--INFO:正在执行第13条用例:投资金额校验--投资金额输入为空
[2020-06-21 00:09:25,809]--test_invest.py--44--INFO:请求的数据是{'case_id': 13, 'interface': 'invest', 'title': '投资金额校验--投资金额输入为空', 'method': 'POST', 'url': '/member/invest', 'data': '{"member_id":"#member_id#","loan_id":"#loanid#","amount":""}', 'headers': '{"X-Lemonban-Media-Type": "lemonban.v2","Authorization":"#token#"}', 'yes_or_no': 'NO', 'expected': '{"code": 2,"msg": "数值参数格式错误"}', 'actucal': "{'code': 2, 'msg': '数值参数格式错误', 'data': None, 'copyright': 'Copyright 柠檬班 © 2017-2020 湖南省零檬信息技术有限公司 All Rights Reserved'}", 'test_result': 'PASS'}
[2020-06-21 00:09:25,809]--test_invest.py--125--INFO:======================正在查询原始投资记录条数=======================
[2020-06-21 00:09:25,823]--test_invest.py--129--INFO:账户id为13217的原始投资记录条数为22
[2020-06-21 00:09:25,823]--test_invest.py--132--INFO:======================正在查询原始投资流水记录条数=======================
[2020-06-21 00:09:25,843]--test_invest.py--136--INFO:账户id为13217的原始投资流水条数为97
[2020-06-21 00:09:25,866]--test_invest.py--170--INFO:第13条用例执行结果为PASS
[2020-06-21 00:09:25,866]--test_invest.py--176--INFO:*************开始回写数据***************
[2020-06-21 00:09:26,245]--test_invest.py--178--INFO:正在回写实际结果actual：{'code': 2, 'msg': '数值参数格式错误', 'data': None, 'copyright': 'Copyright 柠檬班 © 2017-2020 湖南省零檬信息技术有限公司 All Rights Reserved'}
[2020-06-21 00:09:26,612]--test_invest.py--180--INFO:正在回写测试结果test_result：PASS
[2020-06-21 00:09:26,612]--test_invest.py--181--INFO:*************结束回写数据***************
[2020-06-21 00:09:26,742]--test_invest.py--42--INFO:******************正在执行invest模块用例******************
[2020-06-21 00:09:26,742]--test_invest.py--43--INFO:正在执行第14条用例:投资金额校验--投资金额输入为能被100整除的正整数
[2020-06-21 00:09:26,743]--test_invest.py--44--INFO:请求的数据是{'case_id': 14, 'interface': 'invest', 'title': '投资金额校验--投资金额输入为能被100整除的正整数', 'method': 'POST', 'url': '/member/invest', 'data': '{"member_id":"#member_id#","loan_id":"#loanid#","amount":"200"}', 'headers': '{"X-Lemonban-Media-Type": "lemonban.v2","Authorization":"#token#"}', 'yes_or_no': 'YES', 'expected': '{"code": 0,"msg": "OK"}', 'actucal': "{'code': 0, 'msg': 'OK', 'data': {'id': 1899, 'member_id': 13217, 'loan_id': 1245242, 'amount': 200.0, 'create_time': '2020-06-21 00:07:24', 'is_valid': 1}, 'copyright': 'Copyright 柠檬班 © 2017-2020 湖南省零檬信息技术有限公司 All Rights Reserved'}", 'test_result': 'PASS'}
[2020-06-21 00:09:26,743]--test_invest.py--94--INFO:======================正在查询原始金额=======================
[2020-06-21 00:09:26,754]--test_invest.py--105--INFO:账户id为13217的账户原始金额是2092900.65
[2020-06-21 00:09:26,754]--test_invest.py--125--INFO:======================正在查询原始投资记录条数=======================
[2020-06-21 00:09:26,764]--test_invest.py--129--INFO:账户id为13217的原始投资记录条数为22
[2020-06-21 00:09:26,764]--test_invest.py--132--INFO:======================正在查询原始投资流水记录条数=======================
[2020-06-21 00:09:26,780]--test_invest.py--136--INFO:账户id为13217的原始投资流水条数为97
[2020-06-21 00:09:26,813]--test_invest.py--170--INFO:第14条用例执行结果为PASS
[2020-06-21 00:09:26,814]--test_invest.py--176--INFO:*************开始回写数据***************
[2020-06-21 00:09:27,226]--test_invest.py--178--INFO:正在回写实际结果actual：{'code': 0, 'msg': 'OK', 'data': {'id': 1904, 'member_id': 13217, 'loan_id': 1245263, 'amount': 200.0, 'create_time': '2020-06-21 00:09:27', 'is_valid': 1}, 'copyright': 'Copyright 柠檬班 © 2017-2020 湖南省零檬信息技术有限公司 All Rights Reserved'}
[2020-06-21 00:09:27,604]--test_invest.py--180--INFO:正在回写测试结果test_result：PASS
[2020-06-21 00:09:27,606]--test_invest.py--181--INFO:*************结束回写数据***************
[2020-06-21 00:09:27,842]--test_invest.py--42--INFO:******************正在执行invest模块用例******************
[2020-06-21 00:09:27,842]--test_invest.py--43--INFO:正在执行第15条用例:投资金额校验--投资金额输入为不能被100整除的正整数
[2020-06-21 00:09:27,843]--test_invest.py--44--INFO:请求的数据是{'case_id': 15, 'interface': 'invest', 'title': '投资金额校验--投资金额输入为不能被100整除的正整数', 'method': 'POST', 'url': '/member/invest', 'data': '{"member_id":"#member_id#","loan_id":"#loanid#","amount":"101"}', 'headers': '{"X-Lemonban-Media-Type": "lemonban.v2","Authorization":"#token#"}', 'yes_or_no': 'NO', 'expected': '{"code": 2,"msg": "充值金额必须大于100，并且可以被100整除"}', 'actucal': "{'code': 2, 'msg': '充值金额必须大于100，并且可以被100整除', 'data': None, 'copyright': 'Copyright 柠檬班 © 2017-2020 湖南省零檬信息技术有限公司 All Rights Reserved'}", 'test_result': 'PASS'}
[2020-06-21 00:09:27,843]--test_invest.py--125--INFO:======================正在查询原始投资记录条数=======================
[2020-06-21 00:09:27,858]--test_invest.py--129--INFO:账户id为13217的原始投资记录条数为23
[2020-06-21 00:09:27,859]--test_invest.py--132--INFO:======================正在查询原始投资流水记录条数=======================
[2020-06-21 00:09:27,883]--test_invest.py--136--INFO:账户id为13217的原始投资流水条数为98
[2020-06-21 00:09:27,901]--test_invest.py--170--INFO:第15条用例执行结果为PASS
[2020-06-21 00:09:27,901]--test_invest.py--176--INFO:*************开始回写数据***************
[2020-06-21 00:09:28,339]--test_invest.py--178--INFO:正在回写实际结果actual：{'code': 2, 'msg': '充值金额必须大于100，并且可以被100整除', 'data': None, 'copyright': 'Copyright 柠檬班 © 2017-2020 湖南省零檬信息技术有限公司 All Rights Reserved'}
[2020-06-21 00:09:28,737]--test_invest.py--180--INFO:正在回写测试结果test_result：PASS
[2020-06-21 00:09:28,738]--test_invest.py--181--INFO:*************结束回写数据***************
[2020-06-21 00:09:29,393]--test_invest.py--42--INFO:******************正在执行invest模块用例******************
[2020-06-21 00:09:29,393]--test_invest.py--43--INFO:正在执行第16条用例:投资金额校验--投资金额输入负数
[2020-06-21 00:09:29,393]--test_invest.py--44--INFO:请求的数据是{'case_id': 16, 'interface': 'invest', 'title': '投资金额校验--投资金额输入负数', 'method': 'POST', 'url': '/member/invest', 'data': '{"member_id":"#member_id#","loan_id":"#loanid#","amount":"-100"}', 'headers': '{"X-Lemonban-Media-Type": "lemonban.v2","Authorization":"#token#"}', 'yes_or_no': 'NO', 'expected': '{"code": 2,"msg": "充值金额必须大于100，并且可以被100整除"}', 'actucal': "{'code': 2, 'msg': '充值金额必须大于100，并且可以被100整除', 'data': None, 'copyright': 'Copyright 柠檬班 © 2017-2020 湖南省零檬信息技术有限公司 All Rights Reserved'}", 'test_result': 'PASS'}
[2020-06-21 00:09:29,393]--test_invest.py--125--INFO:======================正在查询原始投资记录条数=======================
[2020-06-21 00:09:29,403]--test_invest.py--129--INFO:账户id为13217的原始投资记录条数为23
[2020-06-21 00:09:29,404]--test_invest.py--132--INFO:======================正在查询原始投资流水记录条数=======================
[2020-06-21 00:09:29,421]--test_invest.py--136--INFO:账户id为13217的原始投资流水条数为98
[2020-06-21 00:09:29,436]--test_invest.py--170--INFO:第16条用例执行结果为PASS
[2020-06-21 00:09:29,437]--test_invest.py--176--INFO:*************开始回写数据***************
[2020-06-21 00:09:29,803]--test_invest.py--178--INFO:正在回写实际结果actual：{'code': 2, 'msg': '充值金额必须大于100，并且可以被100整除', 'data': None, 'copyright': 'Copyright 柠檬班 © 2017-2020 湖南省零檬信息技术有限公司 All Rights Reserved'}
[2020-06-21 00:09:30,262]--test_invest.py--180--INFO:正在回写测试结果test_result：PASS
[2020-06-21 00:09:30,263]--test_invest.py--181--INFO:*************结束回写数据***************
[2020-06-21 00:09:30,396]--test_invest.py--42--INFO:******************正在执行invest模块用例******************
[2020-06-21 00:09:30,396]--test_invest.py--43--INFO:正在执行第17条用例:投资金额校验--投资金额输入小数
[2020-06-21 00:09:30,397]--test_invest.py--44--INFO:请求的数据是{'case_id': 17, 'interface': 'invest', 'title': '投资金额校验--投资金额输入小数', 'method': 'POST', 'url': '/member/invest', 'data': '{"member_id":"#member_id#","loan_id":"#loanid#","amount":"100.88"}', 'headers': '{"X-Lemonban-Media-Type": "lemonban.v2","Authorization":"#token#"}', 'yes_or_no': 'NO', 'expected': '{"code": 2,"msg": "充值金额必须大于100，并且可以被100整除"}', 'actucal': "{'code': 2, 'msg': '充值金额必须大于100，并且可以被100整除', 'data': None, 'copyright': 'Copyright 柠檬班 © 2017-2020 湖南省零檬信息技术有限公司 All Rights Reserved'}", 'test_result': 'PASS'}
[2020-06-21 00:09:30,397]--test_invest.py--125--INFO:======================正在查询原始投资记录条数=======================
[2020-06-21 00:09:30,407]--test_invest.py--129--INFO:账户id为13217的原始投资记录条数为23
[2020-06-21 00:09:30,408]--test_invest.py--132--INFO:======================正在查询原始投资流水记录条数=======================
[2020-06-21 00:09:30,425]--test_invest.py--136--INFO:账户id为13217的原始投资流水条数为98
[2020-06-21 00:09:30,441]--test_invest.py--170--INFO:第17条用例执行结果为PASS
[2020-06-21 00:09:30,442]--test_invest.py--176--INFO:*************开始回写数据***************
[2020-06-21 00:09:30,820]--test_invest.py--178--INFO:正在回写实际结果actual：{'code': 2, 'msg': '充值金额必须大于100，并且可以被100整除', 'data': None, 'copyright': 'Copyright 柠檬班 © 2017-2020 湖南省零檬信息技术有限公司 All Rights Reserved'}
[2020-06-21 00:09:31,173]--test_invest.py--180--INFO:正在回写测试结果test_result：PASS
[2020-06-21 00:09:31,174]--test_invest.py--181--INFO:*************结束回写数据***************
[2020-06-21 00:09:31,324]--test_invest.py--42--INFO:******************正在执行invest模块用例******************
[2020-06-21 00:09:31,324]--test_invest.py--43--INFO:正在执行第18条用例:投资金额校验--投资金额输入非法字符
[2020-06-21 00:09:31,325]--test_invest.py--44--INFO:请求的数据是{'case_id': 18, 'interface': 'invest', 'title': '投资金额校验--投资金额输入非法字符', 'method': 'POST', 'url': '/member/invest', 'data': '{"member_id":"#member_id#","loan_id":"#loanid#","amount":"ddd"}', 'headers': '{"X-Lemonban-Media-Type": "lemonban.v2","Authorization":"#token#"}', 'yes_or_no': 'NO', 'expected': '{"code": 2,"msg": "数值参数格式错误"}', 'actucal': "{'code': 2, 'msg': '数值参数格式错误', 'data': None, 'copyright': 'Copyright 柠檬班 © 2017-2020 湖南省零檬信息技术有限公司 All Rights Reserved'}", 'test_result': 'PASS'}
[2020-06-21 00:09:31,325]--test_invest.py--125--INFO:======================正在查询原始投资记录条数=======================
[2020-06-21 00:09:31,349]--test_invest.py--129--INFO:账户id为13217的原始投资记录条数为23
[2020-06-21 00:09:31,349]--test_invest.py--132--INFO:======================正在查询原始投资流水记录条数=======================
[2020-06-21 00:09:31,372]--test_invest.py--136--INFO:账户id为13217的原始投资流水条数为98
[2020-06-21 00:09:31,393]--test_invest.py--170--INFO:第18条用例执行结果为PASS
[2020-06-21 00:09:31,393]--test_invest.py--176--INFO:*************开始回写数据***************
[2020-06-21 00:09:31,804]--test_invest.py--178--INFO:正在回写实际结果actual：{'code': 2, 'msg': '数值参数格式错误', 'data': None, 'copyright': 'Copyright 柠檬班 © 2017-2020 湖南省零檬信息技术有限公司 All Rights Reserved'}
[2020-06-21 00:09:32,168]--test_invest.py--180--INFO:正在回写测试结果test_result：PASS
[2020-06-21 00:09:32,169]--test_invest.py--181--INFO:*************结束回写数据***************
[2020-06-21 00:09:32,327]--test_invest.py--42--INFO:******************正在执行invest模块用例******************
[2020-06-21 00:09:32,327]--test_invest.py--43--INFO:正在执行第19条用例:投资金额校验--投资金额输入大于可投标金额
[2020-06-21 00:09:32,328]--test_invest.py--44--INFO:请求的数据是{'case_id': 19, 'interface': 'invest', 'title': '投资金额校验--投资金额输入大于可投标金额', 'method': 'POST', 'url': '/member/invest', 'data': '{"member_id":"#member_id#","loan_id":"#otherid#","amount":"#max_amt#"}', 'headers': '{"X-Lemonban-Media-Type": "lemonban.v2","Authorization":"#token#"}', 'yes_or_no': 'NO', 'expected': '{"code": 2,"msg": "该标可投金额不足,可投金额：6900.0"}', 'actucal': "{'code': 2, 'msg': '该标可投金额不足,可投金额：9900.0', 'data': None, 'copyright': 'Copyright 柠檬班 © 2017-2020 湖南省零檬信息技术有限公司 All Rights Reserved'}", 'test_result': 'FAILED'}
[2020-06-21 00:09:32,345]--test_invest.py--125--INFO:======================正在查询原始投资记录条数=======================
[2020-06-21 00:09:32,360]--test_invest.py--129--INFO:账户id为13217的原始投资记录条数为23
[2020-06-21 00:09:32,361]--test_invest.py--132--INFO:======================正在查询原始投资流水记录条数=======================
[2020-06-21 00:09:32,381]--test_invest.py--136--INFO:账户id为13217的原始投资流水条数为98
[2020-06-21 00:09:32,402]--test_invest.py--172--ERROR:执行接口测试出现错误，错误是False is not true
[2020-06-21 00:09:32,403]--test_invest.py--174--ERROR:第19条用例执行结果为FAILED
[2020-06-21 00:09:32,403]--test_invest.py--176--INFO:*************开始回写数据***************
[2020-06-21 00:09:32,768]--test_invest.py--178--INFO:正在回写实际结果actual：{'code': 2, 'msg': '该标可投金额不足,可投金额：9800.0', 'data': None, 'copyright': 'Copyright 柠檬班 © 2017-2020 湖南省零檬信息技术有限公司 All Rights Reserved'}
[2020-06-21 00:09:33,175]--test_invest.py--180--INFO:正在回写测试结果test_result：FAILED
[2020-06-21 00:09:33,175]--test_invest.py--181--INFO:*************结束回写数据***************
[2020-06-21 00:09:33,310]--test_invest.py--42--INFO:******************正在执行invest模块用例******************
[2020-06-21 00:09:33,310]--test_invest.py--43--INFO:正在执行第20条用例:投资金额校验--投资金额输入等于可投标金额,投标完成
[2020-06-21 00:09:33,310]--test_invest.py--44--INFO:请求的数据是{'case_id': 20, 'interface': 'invest', 'title': '投资金额校验--投资金额输入等于可投标金额,投标完成', 'method': 'POST', 'url': '/member/invest', 'data': '{"member_id":"#member_id#","loan_id":"#loanid#","amount":"#amount#"}', 'headers': '{"X-Lemonban-Media-Type": "lemonban.v2","Authorization":"#token#"}', 'yes_or_no': 'YES', 'expected': '{"code": 2,"msg": "该标可投金额不足,可投金额：6900.0"}', 'actucal': None, 'test_result': None}
[2020-06-21 00:09:33,341]--test_invest.py--94--INFO:======================正在查询原始金额=======================
[2020-06-21 00:09:33,357]--test_invest.py--105--INFO:账户id为13217的账户原始金额是2092700.65
[2020-06-21 00:09:33,357]--test_invest.py--125--INFO:======================正在查询原始投资记录条数=======================
[2020-06-21 00:09:33,372]--test_invest.py--129--INFO:账户id为13217的原始投资记录条数为23
[2020-06-21 00:09:33,373]--test_invest.py--132--INFO:======================正在查询原始投资流水记录条数=======================
[2020-06-21 00:09:33,394]--test_invest.py--136--INFO:账户id为13217的原始投资流水条数为98
[2020-06-21 00:09:33,442]--test_invest.py--172--ERROR:执行接口测试出现错误，错误是False is not true
[2020-06-21 00:09:33,442]--test_invest.py--174--ERROR:第20条用例执行结果为FAILED
[2020-06-21 00:09:33,442]--test_invest.py--176--INFO:*************开始回写数据***************
[2020-06-21 00:09:33,812]--test_invest.py--178--INFO:正在回写实际结果actual：{'code': 0, 'msg': 'OK', 'data': {'id': 1905, 'member_id': 13217, 'loan_id': 1245269, 'amount': 80000.0, 'create_time': '2020-06-21 00:09:34', 'is_valid': 1}, 'copyright': 'Copyright 柠檬班 © 2017-2020 湖南省零檬信息技术有限公司 All Rights Reserved'}
[2020-06-21 00:09:34,165]--test_invest.py--180--INFO:正在回写测试结果test_result：FAILED
[2020-06-21 00:09:34,165]--test_invest.py--181--INFO:*************结束回写数据***************
[2020-06-21 00:09:34,423]--test_invest.py--42--INFO:******************正在执行invest模块用例******************
[2020-06-21 00:09:34,424]--test_invest.py--43--INFO:正在执行第21条用例:投资金额校验--投资金额输入大于用户余额,余额不足
[2020-06-21 00:09:34,424]--test_invest.py--44--INFO:请求的数据是{'case_id': 21, 'interface': 'invest', 'title': '投资金额校验--投资金额输入大于用户余额,余额不足', 'method': 'POST', 'url': '/member/invest', 'data': '{"member_id":"#member_id#","loan_id":"#loanid#","amount":"#min_amt#"}', 'headers': '{"X-Lemonban-Media-Type": "lemonban.v2","Authorization":"#token#"}', 'yes_or_no': 'NO', 'expected': '{"code": 0,"msg": "OK"}', 'actucal': "{'code': 2, 'msg': '数值参数格式错误', 'data': None, 'copyright': 'Copyright 柠檬班 © 2017-2020 湖南省零檬信息技术有限公司 All Rights Reserved'}", 'test_result': 'FAILED'}
[2020-06-21 00:09:34,424]--test_invest.py--125--INFO:======================正在查询原始投资记录条数=======================
[2020-06-21 00:09:34,435]--test_invest.py--129--INFO:账户id为13217的原始投资记录条数为24
[2020-06-21 00:09:34,435]--test_invest.py--132--INFO:======================正在查询原始投资流水记录条数=======================
[2020-06-21 00:09:34,452]--test_invest.py--136--INFO:账户id为13217的原始投资流水条数为99
[2020-06-21 00:09:34,602]--test_invest.py--172--ERROR:执行接口测试出现错误，错误是False is not true
[2020-06-21 00:09:34,602]--test_invest.py--174--ERROR:第21条用例执行结果为FAILED
[2020-06-21 00:09:34,602]--test_invest.py--176--INFO:*************开始回写数据***************
[2020-06-21 00:09:34,968]--test_invest.py--178--INFO:正在回写实际结果actual：{'code': 2, 'msg': '数值参数格式错误', 'data': None, 'copyright': 'Copyright 柠檬班 © 2017-2020 湖南省零檬信息技术有限公司 All Rights Reserved'}
[2020-06-21 00:09:35,419]--test_invest.py--180--INFO:正在回写测试结果test_result：FAILED
[2020-06-21 00:09:35,420]--test_invest.py--181--INFO:*************结束回写数据***************
