[2020-06-21 15:56:58,332]--test_invest.py--42--INFO:******************正在执行invest模块用例******************
[2020-06-21 15:56:58,333]--test_invest.py--43--INFO:正在执行第1条用例:用户id校验--输入已注册用户id
[2020-06-21 15:56:58,334]--test_invest.py--44--INFO:请求的数据是{'case_id': 1, 'interface': 'invest', 'title': '用户id校验--输入已注册用户id', 'method': 'POST', 'url': '/member/invest', 'data': '{"member_id":"#member_id#","loan_id":"#loanid#","amount":"1000"}', 'headers': '{"X-Lemonban-Media-Type": "lemonban.v2","Authorization":"#token#"}', 'yes_or_no': 'YES', 'expected': '{"code": 0,"msg": "OK"}', 'actucal': "{'code': 0, 'msg': 'OK', 'data': {'id': 2075, 'member_id': 173720, 'loan_id': 1246674, 'amount': 1000.0, 'create_time': '2020-06-21 15:39:16', 'is_valid': 1}, 'copyright': 'Copyright 柠檬班 © 2017-2020 湖南省零檬信息技术有限公司 All Rights Reserved'}", 'test_result': 'PASS'}
[2020-06-21 15:56:58,335]--test_invest.py--94--INFO:======================正在查询原始金额=======================
[2020-06-21 15:56:58,380]--test_invest.py--102--INFO:账户id为173720的账户原始金额是21400.00
[2020-06-21 15:56:58,381]--test_invest.py--134--INFO:======================正在查询原始投资记录条数=======================
[2020-06-21 15:56:58,389]--test_invest.py--138--INFO:账户id为173720的原始投资记录条数为62
[2020-06-21 15:56:58,390]--test_invest.py--141--INFO:======================正在查询原始投资流水记录条数=======================
[2020-06-21 15:56:58,405]--test_invest.py--145--INFO:账户id为173720的原始投资流水条数为62
[2020-06-21 15:56:58,439]--test_invest.py--165--INFO:======================正在查询投资后金额=======================
[2020-06-21 15:56:58,447]--test_invest.py--169--INFO:账户id为173720的账户投资后的余额是20400.00
[2020-06-21 15:56:58,448]--test_invest.py--170--INFO:账户id为173720的账户原始金额-投资金额后的余额是20400.00
[2020-06-21 15:56:58,448]--test_invest.py--171--INFO:======================正在金额比对=======================
[2020-06-21 15:56:58,448]--test_invest.py--173--INFO:======================金额比对通过=======================
[2020-06-21 15:56:58,448]--test_invest.py--174--INFO:======================正在查询投资后流水记录=======================
[2020-06-21 15:56:58,463]--test_invest.py--178--INFO:账户id为173720的投资后流水条数为63
[2020-06-21 15:56:58,463]--test_invest.py--179--INFO:======================正在投资流水记录比对=======================
[2020-06-21 15:56:58,463]--test_invest.py--181--INFO:======================正在查询投资记录=======================
[2020-06-21 15:56:58,482]--test_invest.py--198--INFO:*************开始回写数据***************
[2020-06-21 15:56:58,853]--test_invest.py--200--INFO:正在回写实际结果actual：{'code': 0, 'msg': 'OK', 'data': {'id': 2086, 'member_id': 173720, 'loan_id': 1246845, 'amount': 1000.0, 'create_time': '2020-06-21 15:56:59', 'is_valid': 1}, 'copyright': 'Copyright 柠檬班 © 2017-2020 湖南省零檬信息技术有限公司 All Rights Reserved'}
[2020-06-21 15:56:59,174]--test_invest.py--42--INFO:******************正在执行invest模块用例******************
[2020-06-21 15:56:59,174]--test_invest.py--43--INFO:正在执行第2条用例:用户id校验--输入不存在的用户id
[2020-06-21 15:56:59,175]--test_invest.py--44--INFO:请求的数据是{'case_id': 2, 'interface': 'invest', 'title': '用户id校验--输入不存在的用户id', 'method': 'POST', 'url': '/member/invest', 'data': '{"member_id":"s13361","loan_id":"#loanid#","amount":"20000"}', 'headers': '{"X-Lemonban-Media-Type": "lemonban.v2","Authorization":"#token#"}', 'yes_or_no': 'NO', 'expected': '{"code": 2,"msg": "数值参数格式错误"}', 'actucal': "{'code': 2, 'msg': '数值参数格式错误', 'data': None, 'copyright': 'Copyright 柠檬班 © 2017-2020 湖南省零檬信息技术有限公司 All Rights Reserved'}", 'test_result': 'PASS'}
[2020-06-21 15:56:59,175]--test_invest.py--134--INFO:======================正在查询原始投资记录条数=======================
[2020-06-21 15:56:59,191]--test_invest.py--138--INFO:账户id为173720的原始投资记录条数为63
[2020-06-21 15:56:59,191]--test_invest.py--141--INFO:======================正在查询原始投资流水记录条数=======================
[2020-06-21 15:56:59,226]--test_invest.py--145--INFO:账户id为173720的原始投资流水条数为63
[2020-06-21 15:56:59,245]--test_invest.py--192--INFO:第2条用例执行结果为PASS
[2020-06-21 15:56:59,245]--test_invest.py--198--INFO:*************开始回写数据***************
[2020-06-21 15:56:59,568]--test_invest.py--200--INFO:正在回写实际结果actual：{'code': 2, 'msg': '数值参数格式错误', 'data': None, 'copyright': 'Copyright 柠檬班 © 2017-2020 湖南省零檬信息技术有限公司 All Rights Reserved'}
[2020-06-21 15:56:59,934]--test_invest.py--202--INFO:正在回写测试结果test_result：PASS
[2020-06-21 15:56:59,934]--test_invest.py--203--INFO:*************结束回写数据***************
[2020-06-21 15:57:00,135]--test_invest.py--42--INFO:******************正在执行invest模块用例******************
[2020-06-21 15:57:00,136]--test_invest.py--43--INFO:正在执行第3条用例:用户id校验--id输入为空
[2020-06-21 15:57:00,136]--test_invest.py--44--INFO:请求的数据是{'case_id': 3, 'interface': 'invest', 'title': '用户id校验--id输入为空', 'method': 'POST', 'url': '/member/invest', 'data': '{"member_id":"","loan_id":"#loanid#","amount":"100"}', 'headers': '{"X-Lemonban-Media-Type": "lemonban.v2","Authorization":"#token#"}', 'yes_or_no': 'NO', 'expected': '{"code": 2,"msg": "数值参数格式错误"}', 'actucal': "{'code': 2, 'msg': '数值参数格式错误', 'data': None, 'copyright': 'Copyright 柠檬班 © 2017-2020 湖南省零檬信息技术有限公司 All Rights Reserved'}", 'test_result': 'PASS'}
[2020-06-21 15:57:00,136]--test_invest.py--134--INFO:======================正在查询原始投资记录条数=======================
[2020-06-21 15:57:00,145]--test_invest.py--138--INFO:账户id为173720的原始投资记录条数为63
[2020-06-21 15:57:00,146]--test_invest.py--141--INFO:======================正在查询原始投资流水记录条数=======================
[2020-06-21 15:57:00,162]--test_invest.py--145--INFO:账户id为173720的原始投资流水条数为63
[2020-06-21 15:57:00,183]--test_invest.py--192--INFO:第3条用例执行结果为PASS
[2020-06-21 15:57:00,184]--test_invest.py--198--INFO:*************开始回写数据***************
[2020-06-21 15:57:00,519]--test_invest.py--200--INFO:正在回写实际结果actual：{'code': 2, 'msg': '数值参数格式错误', 'data': None, 'copyright': 'Copyright 柠檬班 © 2017-2020 湖南省零檬信息技术有限公司 All Rights Reserved'}
[2020-06-21 15:57:00,890]--test_invest.py--202--INFO:正在回写测试结果test_result：PASS
[2020-06-21 15:57:00,891]--test_invest.py--203--INFO:*************结束回写数据***************
[2020-06-21 15:57:01,021]--test_invest.py--42--INFO:******************正在执行invest模块用例******************
[2020-06-21 15:57:01,022]--test_invest.py--43--INFO:正在执行第4条用例:投资项目id校验--输入投标中状态2(竞标中)的项目id
[2020-06-21 15:57:01,022]--test_invest.py--44--INFO:请求的数据是{'case_id': 4, 'interface': 'invest', 'title': '投资项目id校验--输入投标中状态2(竞标中)的项目id', 'method': 'POST', 'url': '/member/invest', 'data': '{"member_id":"#member_id#","loan_id":"#loanid#","amount":"100"}', 'headers': '{"X-Lemonban-Media-Type": "lemonban.v2","Authorization":"#token#"}', 'yes_or_no': 'YES', 'expected': '{"code": 0,"msg": "OK"}', 'actucal': "{'code': 0, 'msg': 'OK', 'data': {'id': 2076, 'member_id': 173720, 'loan_id': 1246677, 'amount': 100.0, 'create_time': '2020-06-21 15:39:23', 'is_valid': 1}, 'copyright': 'Copyright 柠檬班 © 2017-2020 湖南省零檬信息技术有限公司 All Rights Reserved'}", 'test_result': 'PASS'}
[2020-06-21 15:57:01,022]--test_invest.py--94--INFO:======================正在查询原始金额=======================
[2020-06-21 15:57:01,070]--test_invest.py--102--INFO:账户id为173720的账户原始金额是40400.00
[2020-06-21 15:57:01,070]--test_invest.py--134--INFO:======================正在查询原始投资记录条数=======================
[2020-06-21 15:57:01,080]--test_invest.py--138--INFO:账户id为173720的原始投资记录条数为63
[2020-06-21 15:57:01,081]--test_invest.py--141--INFO:======================正在查询原始投资流水记录条数=======================
[2020-06-21 15:57:01,100]--test_invest.py--145--INFO:账户id为173720的原始投资流水条数为63
[2020-06-21 15:57:01,136]--test_invest.py--165--INFO:======================正在查询投资后金额=======================
[2020-06-21 15:57:01,146]--test_invest.py--169--INFO:账户id为173720的账户投资后的余额是40300.00
[2020-06-21 15:57:01,147]--test_invest.py--170--INFO:账户id为173720的账户原始金额-投资金额后的余额是40300.00
[2020-06-21 15:57:01,147]--test_invest.py--171--INFO:======================正在金额比对=======================
[2020-06-21 15:57:01,147]--test_invest.py--173--INFO:======================金额比对通过=======================
[2020-06-21 15:57:01,148]--test_invest.py--174--INFO:======================正在查询投资后流水记录=======================
[2020-06-21 15:57:01,164]--test_invest.py--178--INFO:账户id为173720的投资后流水条数为64
[2020-06-21 15:57:01,165]--test_invest.py--179--INFO:======================正在投资流水记录比对=======================
[2020-06-21 15:57:01,165]--test_invest.py--181--INFO:======================正在查询投资记录=======================
[2020-06-21 15:57:01,185]--test_invest.py--198--INFO:*************开始回写数据***************
[2020-06-21 15:57:01,662]--test_invest.py--200--INFO:正在回写实际结果actual：{'code': 0, 'msg': 'OK', 'data': {'id': 2087, 'member_id': 173720, 'loan_id': 1246853, 'amount': 100.0, 'create_time': '2020-06-21 15:57:02', 'is_valid': 1}, 'copyright': 'Copyright 柠檬班 © 2017-2020 湖南省零檬信息技术有限公司 All Rights Reserved'}
[2020-06-21 15:57:02,013]--test_invest.py--202--INFO:正在回写测试结果test_result：PASS
[2020-06-21 15:57:02,013]--test_invest.py--203--INFO:*************结束回写数据***************
[2020-06-21 15:57:02,211]--test_invest.py--42--INFO:******************正在执行invest模块用例******************
[2020-06-21 15:57:02,212]--test_invest.py--43--INFO:正在执行第5条用例:投资项目id校验--输入非投标中状态为1(审核中)的项目id
[2020-06-21 15:57:02,212]--test_invest.py--44--INFO:请求的数据是{'case_id': 5, 'interface': 'invest', 'title': '投资项目id校验--输入非投标中状态为1(审核中)的项目id', 'method': 'POST', 'url': '/member/invest', 'data': '{"member_id":"#member_id#","loan_id":"#shz#","amount":"100"}', 'headers': '{"X-Lemonban-Media-Type": "lemonban.v2","Authorization":"#token#"}', 'yes_or_no': 'NO', 'expected': '{"code": 2,"msg": "该项目不在竞标中状态"}', 'actucal': "{'code': 2, 'msg': '该项目不在竞标中状态', 'data': None, 'copyright': 'Copyright 柠檬班 © 2017-2020 湖南省零檬信息技术有限公司 All Rights Reserved'}", 'test_result': 'PASS'}
[2020-06-21 15:57:02,221]--test_invest.py--134--INFO:======================正在查询原始投资记录条数=======================
[2020-06-21 15:57:02,230]--test_invest.py--138--INFO:账户id为173720的原始投资记录条数为64
[2020-06-21 15:57:02,231]--test_invest.py--141--INFO:======================正在查询原始投资流水记录条数=======================
[2020-06-21 15:57:02,248]--test_invest.py--145--INFO:账户id为173720的原始投资流水条数为64
[2020-06-21 15:57:02,271]--test_invest.py--192--INFO:第5条用例执行结果为PASS
[2020-06-21 15:57:02,271]--test_invest.py--198--INFO:*************开始回写数据***************
[2020-06-21 15:57:02,667]--test_invest.py--200--INFO:正在回写实际结果actual：{'code': 2, 'msg': '该项目不在竞标中状态', 'data': None, 'copyright': 'Copyright 柠檬班 © 2017-2020 湖南省零檬信息技术有限公司 All Rights Reserved'}
[2020-06-21 15:57:03,018]--test_invest.py--202--INFO:正在回写测试结果test_result：PASS
[2020-06-21 15:57:03,018]--test_invest.py--203--INFO:*************结束回写数据***************
[2020-06-21 15:57:03,138]--test_invest.py--42--INFO:******************正在执行invest模块用例******************
[2020-06-21 15:57:03,138]--test_invest.py--43--INFO:正在执行第6条用例:投资项目id校验--输入非投标中状态3(还款中)的项目id
[2020-06-21 15:57:03,139]--test_invest.py--44--INFO:请求的数据是{'case_id': 6, 'interface': 'invest', 'title': '投资项目id校验--输入非投标中状态3(还款中)的项目id', 'method': 'POST', 'url': '/member/invest', 'data': '{"member_id":"#member_id#","loan_id":"#hkz#","amount":"100"}', 'headers': '{"X-Lemonban-Media-Type": "lemonban.v2","Authorization":"#token#"}', 'yes_or_no': 'NO', 'expected': '{"code": 2,"msg": "该项目不在竞标中状态"}', 'actucal': "{'code': 2, 'msg': '该项目不在竞标中状态', 'data': None, 'copyright': 'Copyright 柠檬班 © 2017-2020 湖南省零檬信息技术有限公司 All Rights Reserved'}", 'test_result': 'PASS'}
[2020-06-21 15:57:03,148]--test_invest.py--134--INFO:======================正在查询原始投资记录条数=======================
[2020-06-21 15:57:03,160]--test_invest.py--138--INFO:账户id为173720的原始投资记录条数为64
[2020-06-21 15:57:03,160]--test_invest.py--141--INFO:======================正在查询原始投资流水记录条数=======================
[2020-06-21 15:57:03,176]--test_invest.py--145--INFO:账户id为173720的原始投资流水条数为64
[2020-06-21 15:57:03,195]--test_invest.py--192--INFO:第6条用例执行结果为PASS
[2020-06-21 15:57:03,196]--test_invest.py--198--INFO:*************开始回写数据***************
[2020-06-21 15:57:03,522]--test_invest.py--200--INFO:正在回写实际结果actual：{'code': 2, 'msg': '该项目不在竞标中状态', 'data': None, 'copyright': 'Copyright 柠檬班 © 2017-2020 湖南省零檬信息技术有限公司 All Rights Reserved'}
[2020-06-21 15:57:03,850]--test_invest.py--202--INFO:正在回写测试结果test_result：PASS
[2020-06-21 15:57:03,850]--test_invest.py--203--INFO:*************结束回写数据***************
[2020-06-21 15:57:03,988]--test_invest.py--42--INFO:******************正在执行invest模块用例******************
[2020-06-21 15:57:03,988]--test_invest.py--43--INFO:正在执行第7条用例:投资项目id校验--输入非投标中状态4(还款完成)的项目id
[2020-06-21 15:57:03,989]--test_invest.py--44--INFO:请求的数据是{'case_id': 7, 'interface': 'invest', 'title': '投资项目id校验--输入非投标中状态4(还款完成)的项目id', 'method': 'POST', 'url': '/member/invest', 'data': '{"member_id":"#member_id#","loan_id":"#hwc#","amount":"100"}', 'headers': '{"X-Lemonban-Media-Type": "lemonban.v2","Authorization":"#token#"}', 'yes_or_no': 'NO', 'expected': '{"code": 2,"msg": "该项目不在竞标中状态"}', 'actucal': "{'code': 2, 'msg': '该项目不在竞标中状态', 'data': None, 'copyright': 'Copyright 柠檬班 © 2017-2020 湖南省零檬信息技术有限公司 All Rights Reserved'}", 'test_result': 'PASS'}
[2020-06-21 15:57:04,007]--test_invest.py--134--INFO:======================正在查询原始投资记录条数=======================
[2020-06-21 15:57:04,022]--test_invest.py--138--INFO:账户id为173720的原始投资记录条数为64
[2020-06-21 15:57:04,023]--test_invest.py--141--INFO:======================正在查询原始投资流水记录条数=======================
[2020-06-21 15:57:04,045]--test_invest.py--145--INFO:账户id为173720的原始投资流水条数为64
[2020-06-21 15:57:04,071]--test_invest.py--192--INFO:第7条用例执行结果为PASS
[2020-06-21 15:57:04,071]--test_invest.py--198--INFO:*************开始回写数据***************
[2020-06-21 15:57:04,410]--test_invest.py--200--INFO:正在回写实际结果actual：{'code': 2, 'msg': '该项目不在竞标中状态', 'data': None, 'copyright': 'Copyright 柠檬班 © 2017-2020 湖南省零檬信息技术有限公司 All Rights Reserved'}
[2020-06-21 15:57:04,783]--test_invest.py--202--INFO:正在回写测试结果test_result：PASS
[2020-06-21 15:57:04,783]--test_invest.py--203--INFO:*************结束回写数据***************
[2020-06-21 15:57:04,987]--test_invest.py--42--INFO:******************正在执行invest模块用例******************
[2020-06-21 15:57:04,987]--test_invest.py--43--INFO:正在执行第8条用例:投资项目id校验--输入非投标中状态5(审核不通过)的项目id
[2020-06-21 15:57:04,988]--test_invest.py--44--INFO:请求的数据是{'case_id': 8, 'interface': 'invest', 'title': '投资项目id校验--输入非投标中状态5(审核不通过)的项目id', 'method': 'POST', 'url': '/member/invest', 'data': '{"member_id":"#member_id#","loan_id":"#btg#","amount":"100"}', 'headers': '{"X-Lemonban-Media-Type": "lemonban.v2","Authorization":"#token#"}', 'yes_or_no': 'NO', 'expected': '{"code": 2,"msg": "该项目不在竞标中状态"}', 'actucal': "{'code': 2, 'msg': '该项目不在竞标中状态', 'data': None, 'copyright': 'Copyright 柠檬班 © 2017-2020 湖南省零檬信息技术有限公司 All Rights Reserved'}", 'test_result': 'PASS'}
[2020-06-21 15:57:04,996]--test_invest.py--134--INFO:======================正在查询原始投资记录条数=======================
[2020-06-21 15:57:05,005]--test_invest.py--138--INFO:账户id为173720的原始投资记录条数为64
[2020-06-21 15:57:05,006]--test_invest.py--141--INFO:======================正在查询原始投资流水记录条数=======================
[2020-06-21 15:57:05,021]--test_invest.py--145--INFO:账户id为173720的原始投资流水条数为64
[2020-06-21 15:57:05,108]--test_invest.py--192--INFO:第8条用例执行结果为PASS
[2020-06-21 15:57:05,108]--test_invest.py--198--INFO:*************开始回写数据***************
[2020-06-21 15:57:05,471]--test_invest.py--200--INFO:正在回写实际结果actual：{'code': 2, 'msg': '该项目不在竞标中状态', 'data': None, 'copyright': 'Copyright 柠檬班 © 2017-2020 湖南省零檬信息技术有限公司 All Rights Reserved'}
[2020-06-21 15:57:05,799]--test_invest.py--202--INFO:正在回写测试结果test_result：PASS
[2020-06-21 15:57:05,799]--test_invest.py--203--INFO:*************结束回写数据***************
[2020-06-21 15:57:05,984]--test_invest.py--42--INFO:******************正在执行invest模块用例******************
[2020-06-21 15:57:05,985]--test_invest.py--43--INFO:正在执行第9条用例:投资项目id校验--输入用户自己创建的项目id
[2020-06-21 15:57:05,985]--test_invest.py--44--INFO:请求的数据是{'case_id': 9, 'interface': 'invest', 'title': '投资项目id校验--输入用户自己创建的项目id', 'method': 'POST', 'url': '/member/invest', 'data': '{"member_id":"#member_id#","loan_id":"#loanid#","amount":"100"}', 'headers': '{"X-Lemonban-Media-Type": "lemonban.v2","Authorization":"#token#"}', 'yes_or_no': 'YES', 'expected': '{"code": 0,"msg": "OK"}', 'actucal': "{'code': 0, 'msg': 'OK', 'data': {'id': 2077, 'member_id': 173720, 'loan_id': 1246682, 'amount': 100.0, 'create_time': '2020-06-21 15:39:28', 'is_valid': 1}, 'copyright': 'Copyright 柠檬班 © 2017-2020 湖南省零檬信息技术有限公司 All Rights Reserved'}", 'test_result': 'PASS'}
[2020-06-21 15:57:05,985]--test_invest.py--94--INFO:======================正在查询原始金额=======================
[2020-06-21 15:57:06,039]--test_invest.py--102--INFO:账户id为173720的账户原始金额是60300.00
[2020-06-21 15:57:06,040]--test_invest.py--134--INFO:======================正在查询原始投资记录条数=======================
[2020-06-21 15:57:06,053]--test_invest.py--138--INFO:账户id为173720的原始投资记录条数为64
[2020-06-21 15:57:06,054]--test_invest.py--141--INFO:======================正在查询原始投资流水记录条数=======================
[2020-06-21 15:57:06,070]--test_invest.py--145--INFO:账户id为173720的原始投资流水条数为64
[2020-06-21 15:57:06,111]--test_invest.py--165--INFO:======================正在查询投资后金额=======================
[2020-06-21 15:57:06,120]--test_invest.py--169--INFO:账户id为173720的账户投资后的余额是60200.00
[2020-06-21 15:57:06,120]--test_invest.py--170--INFO:账户id为173720的账户原始金额-投资金额后的余额是60200.00
[2020-06-21 15:57:06,120]--test_invest.py--171--INFO:======================正在金额比对=======================
[2020-06-21 15:57:06,120]--test_invest.py--173--INFO:======================金额比对通过=======================
[2020-06-21 15:57:06,121]--test_invest.py--174--INFO:======================正在查询投资后流水记录=======================
[2020-06-21 15:57:06,137]--test_invest.py--178--INFO:账户id为173720的投资后流水条数为65
[2020-06-21 15:57:06,137]--test_invest.py--179--INFO:======================正在投资流水记录比对=======================
[2020-06-21 15:57:06,138]--test_invest.py--181--INFO:======================正在查询投资记录=======================
[2020-06-21 15:57:06,155]--test_invest.py--198--INFO:*************开始回写数据***************
[2020-06-21 15:57:06,501]--test_invest.py--200--INFO:正在回写实际结果actual：{'code': 0, 'msg': 'OK', 'data': {'id': 2088, 'member_id': 173720, 'loan_id': 1246859, 'amount': 100.0, 'create_time': '2020-06-21 15:57:07', 'is_valid': 1}, 'copyright': 'Copyright 柠檬班 © 2017-2020 湖南省零檬信息技术有限公司 All Rights Reserved'}
[2020-06-21 15:57:06,823]--test_invest.py--202--INFO:正在回写测试结果test_result：PASS
[2020-06-21 15:57:06,823]--test_invest.py--203--INFO:*************结束回写数据***************
[2020-06-21 15:57:07,031]--test_invest.py--42--INFO:******************正在执行invest模块用例******************
[2020-06-21 15:57:07,031]--test_invest.py--43--INFO:正在执行第10条用例:投资项目id校验--输入其他用户创建的项目id
[2020-06-21 15:57:07,032]--test_invest.py--44--INFO:请求的数据是{'case_id': 10, 'interface': 'invest', 'title': '投资项目id校验--输入其他用户创建的项目id', 'method': 'POST', 'url': '/member/invest', 'data': '{"member_id":"#member_id#","loan_id":"#other_id#","amount":"600"}', 'headers': '{"X-Lemonban-Media-Type": "lemonban.v2","Authorization":"#token#"}', 'yes_or_no': 'YES', 'expected': '{"code": 0,"msg": "OK"}', 'actucal': "{'code': 0, 'msg': 'OK', 'data': {'id': 2078, 'member_id': 173720, 'loan_id': 11, 'amount': 600.0, 'create_time': '2020-06-21 15:39:29', 'is_valid': 1}, 'copyright': 'Copyright 柠檬班 © 2017-2020 湖南省零檬信息技术有限公司 All Rights Reserved'}", 'test_result': 'PASS'}
[2020-06-21 15:57:07,032]--test_invest.py--94--INFO:======================正在查询原始金额=======================
[2020-06-21 15:57:07,094]--test_invest.py--102--INFO:账户id为173720的账户原始金额是80200.00
[2020-06-21 15:57:07,109]--test_invest.py--134--INFO:======================正在查询原始投资记录条数=======================
[2020-06-21 15:57:07,125]--test_invest.py--138--INFO:账户id为173720的原始投资记录条数为65
[2020-06-21 15:57:07,125]--test_invest.py--141--INFO:======================正在查询原始投资流水记录条数=======================
[2020-06-21 15:57:07,147]--test_invest.py--145--INFO:账户id为173720的原始投资流水条数为65
[2020-06-21 15:57:07,184]--test_invest.py--165--INFO:======================正在查询投资后金额=======================
[2020-06-21 15:57:07,199]--test_invest.py--169--INFO:账户id为173720的账户投资后的余额是79600.00
[2020-06-21 15:57:07,200]--test_invest.py--170--INFO:账户id为173720的账户原始金额-投资金额后的余额是79600.00
[2020-06-21 15:57:07,200]--test_invest.py--171--INFO:======================正在金额比对=======================
[2020-06-21 15:57:07,200]--test_invest.py--173--INFO:======================金额比对通过=======================
[2020-06-21 15:57:07,200]--test_invest.py--174--INFO:======================正在查询投资后流水记录=======================
[2020-06-21 15:57:07,222]--test_invest.py--178--INFO:账户id为173720的投资后流水条数为66
[2020-06-21 15:57:07,222]--test_invest.py--179--INFO:======================正在投资流水记录比对=======================
[2020-06-21 15:57:07,222]--test_invest.py--181--INFO:======================正在查询投资记录=======================
[2020-06-21 15:57:07,239]--test_invest.py--194--ERROR:执行接口测试出现错误，错误是None is not true
[2020-06-21 15:57:07,239]--test_invest.py--196--ERROR:第10条用例执行结果为FAILED
[2020-06-21 15:57:07,240]--test_invest.py--198--INFO:*************开始回写数据***************
[2020-06-21 15:57:07,611]--test_invest.py--200--INFO:正在回写实际结果actual：{'code': 0, 'msg': 'OK', 'data': {'id': 2089, 'member_id': 173720, 'loan_id': 17, 'amount': 600.0, 'create_time': '2020-06-21 15:57:08', 'is_valid': 1}, 'copyright': 'Copyright 柠檬班 © 2017-2020 湖南省零檬信息技术有限公司 All Rights Reserved'}
[2020-06-21 15:57:07,938]--test_invest.py--202--INFO:正在回写测试结果test_result：FAILED
[2020-06-21 15:57:07,938]--test_invest.py--203--INFO:*************结束回写数据***************
[2020-06-21 15:57:08,149]--test_invest.py--42--INFO:******************正在执行invest模块用例******************
[2020-06-21 15:57:08,150]--test_invest.py--43--INFO:正在执行第11条用例:投资项目id校验--输入不存在的项目id
[2020-06-21 15:57:08,150]--test_invest.py--44--INFO:请求的数据是{'case_id': 11, 'interface': 'invest', 'title': '投资项目id校验--输入不存在的项目id', 'method': 'POST', 'url': '/member/invest', 'data': '{"member_id":"#member_id#","loan_id":"888888888","amount":"100"}', 'headers': '{"X-Lemonban-Media-Type": "lemonban.v2","Authorization":"#token#"}', 'yes_or_no': 'NO', 'expected': '{"code": 2,"msg": "项目不存在"}', 'actucal': "{'code': 2, 'msg': '项目不存在', 'data': None, 'copyright': 'Copyright 柠檬班 © 2017-2020 湖南省零檬信息技术有限公司 All Rights Reserved'}", 'test_result': 'PASS'}
[2020-06-21 15:57:08,150]--test_invest.py--134--INFO:======================正在查询原始投资记录条数=======================
[2020-06-21 15:57:08,166]--test_invest.py--138--INFO:账户id为173720的原始投资记录条数为66
[2020-06-21 15:57:08,167]--test_invest.py--141--INFO:======================正在查询原始投资流水记录条数=======================
[2020-06-21 15:57:08,192]--test_invest.py--145--INFO:账户id为173720的原始投资流水条数为66
[2020-06-21 15:57:08,210]--test_invest.py--192--INFO:第11条用例执行结果为PASS
[2020-06-21 15:57:08,210]--test_invest.py--198--INFO:*************开始回写数据***************
[2020-06-21 15:57:08,553]--test_invest.py--200--INFO:正在回写实际结果actual：{'code': 2, 'msg': '项目不存在', 'data': None, 'copyright': 'Copyright 柠檬班 © 2017-2020 湖南省零檬信息技术有限公司 All Rights Reserved'}
[2020-06-21 15:57:08,882]--test_invest.py--202--INFO:正在回写测试结果test_result：PASS
[2020-06-21 15:57:08,883]--test_invest.py--203--INFO:*************结束回写数据***************
[2020-06-21 15:57:09,029]--test_invest.py--42--INFO:******************正在执行invest模块用例******************
[2020-06-21 15:57:09,029]--test_invest.py--43--INFO:正在执行第12条用例:投资项目id校验--项目id输入为空
[2020-06-21 15:57:09,030]--test_invest.py--44--INFO:请求的数据是{'case_id': 12, 'interface': 'invest', 'title': '投资项目id校验--项目id输入为空', 'method': 'POST', 'url': '/member/invest', 'data': '{"member_id":"#member_id#","loan_id":"","amount":"100"}', 'headers': '{"X-Lemonban-Media-Type": "lemonban.v2","Authorization":"#token#"}', 'yes_or_no': 'NO', 'expected': '{"code": 2,"msg": "数值参数格式错误"}', 'actucal': "{'code': 2, 'msg': '数值参数格式错误', 'data': None, 'copyright': 'Copyright 柠檬班 © 2017-2020 湖南省零檬信息技术有限公司 All Rights Reserved'}", 'test_result': 'PASS'}
[2020-06-21 15:57:09,030]--test_invest.py--134--INFO:======================正在查询原始投资记录条数=======================
[2020-06-21 15:57:09,045]--test_invest.py--138--INFO:账户id为173720的原始投资记录条数为66
[2020-06-21 15:57:09,045]--test_invest.py--141--INFO:======================正在查询原始投资流水记录条数=======================
[2020-06-21 15:57:09,066]--test_invest.py--145--INFO:账户id为173720的原始投资流水条数为66
[2020-06-21 15:57:09,083]--test_invest.py--192--INFO:第12条用例执行结果为PASS
[2020-06-21 15:57:09,084]--test_invest.py--198--INFO:*************开始回写数据***************
[2020-06-21 15:57:09,482]--test_invest.py--200--INFO:正在回写实际结果actual：{'code': 2, 'msg': '数值参数格式错误', 'data': None, 'copyright': 'Copyright 柠檬班 © 2017-2020 湖南省零檬信息技术有限公司 All Rights Reserved'}
[2020-06-21 15:57:09,809]--test_invest.py--202--INFO:正在回写测试结果test_result：PASS
[2020-06-21 15:57:09,810]--test_invest.py--203--INFO:*************结束回写数据***************
[2020-06-21 15:57:09,939]--test_invest.py--42--INFO:******************正在执行invest模块用例******************
[2020-06-21 15:57:09,940]--test_invest.py--43--INFO:正在执行第13条用例:投资金额校验--投资金额输入为空
[2020-06-21 15:57:09,940]--test_invest.py--44--INFO:请求的数据是{'case_id': 13, 'interface': 'invest', 'title': '投资金额校验--投资金额输入为空', 'method': 'POST', 'url': '/member/invest', 'data': '{"member_id":"#member_id#","loan_id":"#loanid#","amount":""}', 'headers': '{"X-Lemonban-Media-Type": "lemonban.v2","Authorization":"#token#"}', 'yes_or_no': 'NO', 'expected': '{"code": 2,"msg": "数值参数格式错误"}', 'actucal': "{'code': 2, 'msg': '数值参数格式错误', 'data': None, 'copyright': 'Copyright 柠檬班 © 2017-2020 湖南省零檬信息技术有限公司 All Rights Reserved'}", 'test_result': 'PASS'}
[2020-06-21 15:57:09,940]--test_invest.py--134--INFO:======================正在查询原始投资记录条数=======================
[2020-06-21 15:57:09,950]--test_invest.py--138--INFO:账户id为173720的原始投资记录条数为66
[2020-06-21 15:57:09,951]--test_invest.py--141--INFO:======================正在查询原始投资流水记录条数=======================
[2020-06-21 15:57:09,966]--test_invest.py--145--INFO:账户id为173720的原始投资流水条数为66
[2020-06-21 15:57:09,985]--test_invest.py--192--INFO:第13条用例执行结果为PASS
[2020-06-21 15:57:09,985]--test_invest.py--198--INFO:*************开始回写数据***************
[2020-06-21 15:57:10,320]--test_invest.py--200--INFO:正在回写实际结果actual：{'code': 2, 'msg': '数值参数格式错误', 'data': None, 'copyright': 'Copyright 柠檬班 © 2017-2020 湖南省零檬信息技术有限公司 All Rights Reserved'}
[2020-06-21 15:57:10,646]--test_invest.py--202--INFO:正在回写测试结果test_result：PASS
[2020-06-21 15:57:10,646]--test_invest.py--203--INFO:*************结束回写数据***************
[2020-06-21 15:57:10,874]--test_invest.py--42--INFO:******************正在执行invest模块用例******************
[2020-06-21 15:57:10,874]--test_invest.py--43--INFO:正在执行第14条用例:投资金额校验--投资金额输入为能被100整除的正整数
[2020-06-21 15:57:10,874]--test_invest.py--44--INFO:请求的数据是{'case_id': 14, 'interface': 'invest', 'title': '投资金额校验--投资金额输入为能被100整除的正整数', 'method': 'POST', 'url': '/member/invest', 'data': '{"member_id":"#member_id#","loan_id":"#loanid#","amount":"200"}', 'headers': '{"X-Lemonban-Media-Type": "lemonban.v2","Authorization":"#token#"}', 'yes_or_no': 'YES', 'expected': '{"code": 0,"msg": "OK"}', 'actucal': "{'code': 0, 'msg': 'OK', 'data': {'id': 2079, 'member_id': 173720, 'loan_id': 1246687, 'amount': 200.0, 'create_time': '2020-06-21 15:39:40', 'is_valid': 1}, 'copyright': 'Copyright 柠檬班 © 2017-2020 湖南省零檬信息技术有限公司 All Rights Reserved'}", 'test_result': 'PASS'}
[2020-06-21 15:57:10,875]--test_invest.py--94--INFO:======================正在查询原始金额=======================
[2020-06-21 15:57:10,938]--test_invest.py--102--INFO:账户id为173720的账户原始金额是99600.00
[2020-06-21 15:57:10,938]--test_invest.py--134--INFO:======================正在查询原始投资记录条数=======================
[2020-06-21 15:57:10,953]--test_invest.py--138--INFO:账户id为173720的原始投资记录条数为66
[2020-06-21 15:57:10,954]--test_invest.py--141--INFO:======================正在查询原始投资流水记录条数=======================
[2020-06-21 15:57:10,976]--test_invest.py--145--INFO:账户id为173720的原始投资流水条数为66
[2020-06-21 15:57:11,013]--test_invest.py--165--INFO:======================正在查询投资后金额=======================
[2020-06-21 15:57:11,029]--test_invest.py--169--INFO:账户id为173720的账户投资后的余额是99400.00
[2020-06-21 15:57:11,029]--test_invest.py--170--INFO:账户id为173720的账户原始金额-投资金额后的余额是99400.00
[2020-06-21 15:57:11,029]--test_invest.py--171--INFO:======================正在金额比对=======================
[2020-06-21 15:57:11,029]--test_invest.py--173--INFO:======================金额比对通过=======================
[2020-06-21 15:57:11,029]--test_invest.py--174--INFO:======================正在查询投资后流水记录=======================
[2020-06-21 15:57:11,051]--test_invest.py--178--INFO:账户id为173720的投资后流水条数为67
[2020-06-21 15:57:11,051]--test_invest.py--179--INFO:======================正在投资流水记录比对=======================
[2020-06-21 15:57:11,052]--test_invest.py--181--INFO:======================正在查询投资记录=======================
[2020-06-21 15:57:11,086]--test_invest.py--198--INFO:*************开始回写数据***************
[2020-06-21 15:57:11,436]--test_invest.py--200--INFO:正在回写实际结果actual：{'code': 0, 'msg': 'OK', 'data': {'id': 2090, 'member_id': 173720, 'loan_id': 1246864, 'amount': 200.0, 'create_time': '2020-06-21 15:57:12', 'is_valid': 1}, 'copyright': 'Copyright 柠檬班 © 2017-2020 湖南省零檬信息技术有限公司 All Rights Reserved'}
[2020-06-21 15:57:11,768]--test_invest.py--202--INFO:正在回写测试结果test_result：PASS
[2020-06-21 15:57:11,769]--test_invest.py--203--INFO:*************结束回写数据***************
[2020-06-21 15:57:11,955]--test_invest.py--42--INFO:******************正在执行invest模块用例******************
[2020-06-21 15:57:11,955]--test_invest.py--43--INFO:正在执行第15条用例:投资金额校验--投资金额输入为不能被100整除的正整数
[2020-06-21 15:57:11,955]--test_invest.py--44--INFO:请求的数据是{'case_id': 15, 'interface': 'invest', 'title': '投资金额校验--投资金额输入为不能被100整除的正整数', 'method': 'POST', 'url': '/member/invest', 'data': '{"member_id":"#member_id#","loan_id":"#loanid#","amount":"101"}', 'headers': '{"X-Lemonban-Media-Type": "lemonban.v2","Authorization":"#token#"}', 'yes_or_no': 'NO', 'expected': '{"code": 2,"msg": "充值金额必须大于100，并且可以被100整除"}', 'actucal': "{'code': 2, 'msg': '充值金额必须大于100，并且可以被100整除', 'data': None, 'copyright': 'Copyright 柠檬班 © 2017-2020 湖南省零檬信息技术有限公司 All Rights Reserved'}", 'test_result': 'PASS'}
[2020-06-21 15:57:11,956]--test_invest.py--134--INFO:======================正在查询原始投资记录条数=======================
[2020-06-21 15:57:11,980]--test_invest.py--138--INFO:账户id为173720的原始投资记录条数为67
[2020-06-21 15:57:11,981]--test_invest.py--141--INFO:======================正在查询原始投资流水记录条数=======================
[2020-06-21 15:57:12,003]--test_invest.py--145--INFO:账户id为173720的原始投资流水条数为67
[2020-06-21 15:57:12,020]--test_invest.py--192--INFO:第15条用例执行结果为PASS
[2020-06-21 15:57:12,021]--test_invest.py--198--INFO:*************开始回写数据***************
[2020-06-21 15:57:12,367]--test_invest.py--200--INFO:正在回写实际结果actual：{'code': 2, 'msg': '充值金额必须大于100，并且可以被100整除', 'data': None, 'copyright': 'Copyright 柠檬班 © 2017-2020 湖南省零檬信息技术有限公司 All Rights Reserved'}
[2020-06-21 15:57:12,693]--test_invest.py--202--INFO:正在回写测试结果test_result：PASS
[2020-06-21 15:57:12,694]--test_invest.py--203--INFO:*************结束回写数据***************
[2020-06-21 15:57:12,891]--test_invest.py--42--INFO:******************正在执行invest模块用例******************
[2020-06-21 15:57:12,892]--test_invest.py--43--INFO:正在执行第16条用例:投资金额校验--投资金额输入负数
[2020-06-21 15:57:12,892]--test_invest.py--44--INFO:请求的数据是{'case_id': 16, 'interface': 'invest', 'title': '投资金额校验--投资金额输入负数', 'method': 'POST', 'url': '/member/invest', 'data': '{"member_id":"#member_id#","loan_id":"#loanid#","amount":"-100"}', 'headers': '{"X-Lemonban-Media-Type": "lemonban.v2","Authorization":"#token#"}', 'yes_or_no': 'NO', 'expected': '{"code": 2,"msg": "充值金额必须大于100，并且可以被100整除"}', 'actucal': "{'code': 2, 'msg': '充值金额必须大于100，并且可以被100整除', 'data': None, 'copyright': 'Copyright 柠檬班 © 2017-2020 湖南省零檬信息技术有限公司 All Rights Reserved'}", 'test_result': 'PASS'}
[2020-06-21 15:57:12,892]--test_invest.py--134--INFO:======================正在查询原始投资记录条数=======================
[2020-06-21 15:57:12,901]--test_invest.py--138--INFO:账户id为173720的原始投资记录条数为67
[2020-06-21 15:57:12,901]--test_invest.py--141--INFO:======================正在查询原始投资流水记录条数=======================
[2020-06-21 15:57:12,917]--test_invest.py--145--INFO:账户id为173720的原始投资流水条数为67
[2020-06-21 15:57:13,939]--test_invest.py--192--INFO:第16条用例执行结果为PASS
[2020-06-21 15:57:13,939]--test_invest.py--198--INFO:*************开始回写数据***************
[2020-06-21 15:57:14,275]--test_invest.py--200--INFO:正在回写实际结果actual：{'code': 2, 'msg': '充值金额必须大于100，并且可以被100整除', 'data': None, 'copyright': 'Copyright 柠檬班 © 2017-2020 湖南省零檬信息技术有限公司 All Rights Reserved'}
[2020-06-21 15:57:14,597]--test_invest.py--202--INFO:正在回写测试结果test_result：PASS
[2020-06-21 15:57:14,597]--test_invest.py--203--INFO:*************结束回写数据***************
[2020-06-21 15:57:14,800]--test_invest.py--42--INFO:******************正在执行invest模块用例******************
[2020-06-21 15:57:14,800]--test_invest.py--43--INFO:正在执行第17条用例:投资金额校验--投资金额输入小数
[2020-06-21 15:57:14,800]--test_invest.py--44--INFO:请求的数据是{'case_id': 17, 'interface': 'invest', 'title': '投资金额校验--投资金额输入小数', 'method': 'POST', 'url': '/member/invest', 'data': '{"member_id":"#member_id#","loan_id":"#loanid#","amount":"100.88"}', 'headers': '{"X-Lemonban-Media-Type": "lemonban.v2","Authorization":"#token#"}', 'yes_or_no': 'NO', 'expected': '{"code": 2,"msg": "充值金额必须大于100，并且可以被100整除"}', 'actucal': "{'code': 2, 'msg': '充值金额必须大于100，并且可以被100整除', 'data': None, 'copyright': 'Copyright 柠檬班 © 2017-2020 湖南省零檬信息技术有限公司 All Rights Reserved'}", 'test_result': 'PASS'}
[2020-06-21 15:57:14,800]--test_invest.py--134--INFO:======================正在查询原始投资记录条数=======================
[2020-06-21 15:57:14,814]--test_invest.py--138--INFO:账户id为173720的原始投资记录条数为67
[2020-06-21 15:57:14,814]--test_invest.py--141--INFO:======================正在查询原始投资流水记录条数=======================
[2020-06-21 15:57:14,835]--test_invest.py--145--INFO:账户id为173720的原始投资流水条数为67
[2020-06-21 15:57:14,851]--test_invest.py--192--INFO:第17条用例执行结果为PASS
[2020-06-21 15:57:14,852]--test_invest.py--198--INFO:*************开始回写数据***************
[2020-06-21 15:57:15,239]--test_invest.py--200--INFO:正在回写实际结果actual：{'code': 2, 'msg': '充值金额必须大于100，并且可以被100整除', 'data': None, 'copyright': 'Copyright 柠檬班 © 2017-2020 湖南省零檬信息技术有限公司 All Rights Reserved'}
[2020-06-21 15:57:15,566]--test_invest.py--202--INFO:正在回写测试结果test_result：PASS
[2020-06-21 15:57:15,566]--test_invest.py--203--INFO:*************结束回写数据***************
[2020-06-21 15:57:15,950]--test_invest.py--42--INFO:******************正在执行invest模块用例******************
[2020-06-21 15:57:15,951]--test_invest.py--43--INFO:正在执行第18条用例:投资金额校验--投资金额输入非法字符
[2020-06-21 15:57:15,951]--test_invest.py--44--INFO:请求的数据是{'case_id': 18, 'interface': 'invest', 'title': '投资金额校验--投资金额输入非法字符', 'method': 'POST', 'url': '/member/invest', 'data': '{"member_id":"#member_id#","loan_id":"#loanid#","amount":"ddd"}', 'headers': '{"X-Lemonban-Media-Type": "lemonban.v2","Authorization":"#token#"}', 'yes_or_no': 'NO', 'expected': '{"code": 2,"msg": "数值参数格式错误"}', 'actucal': "{'code': 2, 'msg': '数值参数格式错误', 'data': None, 'copyright': 'Copyright 柠檬班 © 2017-2020 湖南省零檬信息技术有限公司 All Rights Reserved'}", 'test_result': 'PASS'}
[2020-06-21 15:57:15,951]--test_invest.py--134--INFO:======================正在查询原始投资记录条数=======================
[2020-06-21 15:57:15,966]--test_invest.py--138--INFO:账户id为173720的原始投资记录条数为67
[2020-06-21 15:57:15,967]--test_invest.py--141--INFO:======================正在查询原始投资流水记录条数=======================
[2020-06-21 15:57:15,989]--test_invest.py--145--INFO:账户id为173720的原始投资流水条数为67
[2020-06-21 15:57:16,010]--test_invest.py--192--INFO:第18条用例执行结果为PASS
[2020-06-21 15:57:16,011]--test_invest.py--198--INFO:*************开始回写数据***************
[2020-06-21 15:57:16,355]--test_invest.py--200--INFO:正在回写实际结果actual：{'code': 2, 'msg': '数值参数格式错误', 'data': None, 'copyright': 'Copyright 柠檬班 © 2017-2020 湖南省零檬信息技术有限公司 All Rights Reserved'}
[2020-06-21 15:57:16,676]--test_invest.py--202--INFO:正在回写测试结果test_result：PASS
[2020-06-21 15:57:16,676]--test_invest.py--203--INFO:*************结束回写数据***************
[2020-06-21 15:57:16,846]--test_invest.py--42--INFO:******************正在执行invest模块用例******************
[2020-06-21 15:57:16,846]--test_invest.py--43--INFO:正在执行第19条用例:投资金额校验--投资金额输入大于可投标金额
[2020-06-21 15:57:16,847]--test_invest.py--44--INFO:请求的数据是{'case_id': 19, 'interface': 'invest', 'title': '投资金额校验--投资金额输入大于可投标金额', 'method': 'POST', 'url': '/member/invest', 'data': '{"member_id":"#member_id#","loan_id":"#max_id#","amount":"30000"}', 'headers': '{"X-Lemonban-Media-Type": "lemonban.v2","Authorization":"#token#"}', 'yes_or_no': 'NO', 'expected': '{"code": 2,"msg": "该标可投金额不足,可投金额：5100.0"}', 'actucal': "{'code': 2, 'msg': '该标可投金额不足,可投金额：5100.0', 'data': None, 'copyright': 'Copyright 柠檬班 © 2017-2020 湖南省零檬信息技术有限公司 All Rights Reserved'}", 'test_result': 'PASS'}
[2020-06-21 15:57:16,860]--test_invest.py--134--INFO:======================正在查询原始投资记录条数=======================
[2020-06-21 15:57:16,873]--test_invest.py--138--INFO:账户id为173720的原始投资记录条数为67
[2020-06-21 15:57:16,873]--test_invest.py--141--INFO:======================正在查询原始投资流水记录条数=======================
[2020-06-21 15:57:16,894]--test_invest.py--145--INFO:账户id为173720的原始投资流水条数为67
[2020-06-21 15:57:16,916]--test_invest.py--192--INFO:第19条用例执行结果为PASS
[2020-06-21 15:57:16,916]--test_invest.py--198--INFO:*************开始回写数据***************
[2020-06-21 15:57:17,241]--test_invest.py--200--INFO:正在回写实际结果actual：{'code': 2, 'msg': '该标可投金额不足,可投金额：5100.0', 'data': None, 'copyright': 'Copyright 柠檬班 © 2017-2020 湖南省零檬信息技术有限公司 All Rights Reserved'}
[2020-06-21 15:57:17,576]--test_invest.py--202--INFO:正在回写测试结果test_result：PASS
[2020-06-21 15:57:17,577]--test_invest.py--203--INFO:*************结束回写数据***************
[2020-06-21 15:57:17,718]--test_invest.py--42--INFO:******************正在执行invest模块用例******************
[2020-06-21 15:57:17,718]--test_invest.py--43--INFO:正在执行第20条用例:投资金额校验--投资金额输入等于可投标金额,投标完成
[2020-06-21 15:57:17,719]--test_invest.py--44--INFO:请求的数据是{'case_id': 20, 'interface': 'invest', 'title': '投资金额校验--投资金额输入等于可投标金额,投标完成', 'method': 'POST', 'url': '/member/invest', 'data': '{"member_id":"#member_id#","loan_id":"#loanid#","amount":"#amount#"}', 'headers': '{"X-Lemonban-Media-Type": "lemonban.v2","Authorization":"#token#"}', 'yes_or_no': 'YES', 'expected': '{"code": 0,"msg": "OK"}', 'actucal': "{'code': 0, 'msg': 'OK', 'data': {'id': 2080, 'member_id': 173720, 'loan_id': 1246693, 'amount': 80000.0, 'create_time': '2020-06-21 15:39:47', 'is_valid': 1}, 'copyright': 'Copyright 柠檬班 © 2017-2020 湖南省零檬信息技术有限公司 All Rights Reserved'}", 'test_result': 'PASS'}
[2020-06-21 15:57:17,734]--test_invest.py--94--INFO:======================正在查询原始金额=======================
[2020-06-21 15:57:17,750]--test_invest.py--105--INFO:账户id为173720的账户原始金额是99400.00
[2020-06-21 15:57:17,750]--test_invest.py--134--INFO:======================正在查询原始投资记录条数=======================
[2020-06-21 15:57:17,766]--test_invest.py--138--INFO:账户id为173720的原始投资记录条数为67
[2020-06-21 15:57:17,767]--test_invest.py--141--INFO:======================正在查询原始投资流水记录条数=======================
[2020-06-21 15:57:17,789]--test_invest.py--145--INFO:账户id为173720的原始投资流水条数为67
[2020-06-21 15:57:17,836]--test_invest.py--165--INFO:======================正在查询投资后金额=======================
[2020-06-21 15:57:17,852]--test_invest.py--169--INFO:账户id为173720的账户投资后的余额是19400.00
[2020-06-21 15:57:17,852]--test_invest.py--170--INFO:账户id为173720的账户原始金额-投资金额后的余额是19400.00
[2020-06-21 15:57:17,853]--test_invest.py--171--INFO:======================正在金额比对=======================
[2020-06-21 15:57:17,853]--test_invest.py--173--INFO:======================金额比对通过=======================
[2020-06-21 15:57:17,853]--test_invest.py--174--INFO:======================正在查询投资后流水记录=======================
[2020-06-21 15:57:17,877]--test_invest.py--178--INFO:账户id为173720的投资后流水条数为68
[2020-06-21 15:57:17,878]--test_invest.py--179--INFO:======================正在投资流水记录比对=======================
[2020-06-21 15:57:17,878]--test_invest.py--181--INFO:======================正在查询投资记录=======================
[2020-06-21 15:57:17,910]--test_invest.py--198--INFO:*************开始回写数据***************
[2020-06-21 15:57:18,296]--test_invest.py--200--INFO:正在回写实际结果actual：{'code': 0, 'msg': 'OK', 'data': {'id': 2091, 'member_id': 173720, 'loan_id': 1246872, 'amount': 80000.0, 'create_time': '2020-06-21 15:57:19', 'is_valid': 1}, 'copyright': 'Copyright 柠檬班 © 2017-2020 湖南省零檬信息技术有限公司 All Rights Reserved'}
[2020-06-21 15:57:18,618]--test_invest.py--202--INFO:正在回写测试结果test_result：PASS
[2020-06-21 15:57:18,619]--test_invest.py--203--INFO:*************结束回写数据***************
[2020-06-21 15:57:18,817]--test_invest.py--42--INFO:******************正在执行invest模块用例******************
[2020-06-21 15:57:18,817]--test_invest.py--43--INFO:正在执行第21条用例:投资金额校验--投资金额输入大于用户余额,余额不足
[2020-06-21 15:57:18,818]--test_invest.py--44--INFO:请求的数据是{'case_id': 21, 'interface': 'invest', 'title': '投资金额校验--投资金额输入大于用户余额,余额不足', 'method': 'POST', 'url': '/member/invest', 'data': '{"member_id":"#member_id#","loan_id":"#loanid#","amount":"#min_amt#"}', 'headers': '{"X-Lemonban-Media-Type": "lemonban.v2","Authorization":"#token#"}', 'yes_or_no': 'NO', 'expected': '{"code": 0,"msg": "OK"}', 'actucal': "{'code': 2, 'msg': '该标可投金额不足,可投金额：80000.0', 'data': None, 'copyright': 'Copyright 柠檬班 © 2017-2020 湖南省零檬信息技术有限公司 All Rights Reserved'}", 'test_result': 'FAILED'}
[2020-06-21 15:57:18,818]--test_invest.py--134--INFO:======================正在查询原始投资记录条数=======================
[2020-06-21 15:57:18,828]--test_invest.py--138--INFO:账户id为173720的原始投资记录条数为68
[2020-06-21 15:57:18,829]--test_invest.py--141--INFO:======================正在查询原始投资流水记录条数=======================
[2020-06-21 15:57:18,845]--test_invest.py--145--INFO:账户id为173720的原始投资流水条数为68
[2020-06-21 15:57:18,866]--test_invest.py--194--ERROR:执行接口测试出现错误，错误是False is not true
[2020-06-21 15:57:18,866]--test_invest.py--196--ERROR:第21条用例执行结果为FAILED
[2020-06-21 15:57:18,866]--test_invest.py--198--INFO:*************开始回写数据***************
[2020-06-21 15:57:19,200]--test_invest.py--200--INFO:正在回写实际结果actual：{'code': 2, 'msg': '该标可投金额不足,可投金额：80000.0', 'data': None, 'copyright': 'Copyright 柠檬班 © 2017-2020 湖南省零檬信息技术有限公司 All Rights Reserved'}
[2020-06-21 15:57:19,538]--test_invest.py--202--INFO:正在回写测试结果test_result：FAILED
[2020-06-21 15:57:19,538]--test_invest.py--203--INFO:*************结束回写数据***************
