[2020-06-21 15:59:51,098]--test_invest.py--41--INFO:******************正在执行invest模块用例******************
[2020-06-21 15:59:51,098]--test_invest.py--42--INFO:正在执行第1条用例:用户id校验--输入已注册用户id
[2020-06-21 15:59:51,099]--test_invest.py--43--INFO:请求的数据是{'case_id': 1, 'interface': 'invest', 'title': '用户id校验--输入已注册用户id', 'method': 'POST', 'url': '/member/invest', 'data': '{"member_id":"#member_id#","loan_id":"#loanid#","amount":"1000"}', 'headers': '{"X-Lemonban-Media-Type": "lemonban.v2","Authorization":"#token#"}', 'yes_or_no': 'YES', 'expected': '{"code": 0,"msg": "OK"}', 'actucal': "{'code': 0, 'msg': 'OK', 'data': {'id': 2086, 'member_id': 173720, 'loan_id': 1246845, 'amount': 1000.0, 'create_time': '2020-06-21 15:56:59', 'is_valid': 1}, 'copyright': 'Copyright 柠檬班 © 2017-2020 湖南省零檬信息技术有限公司 All Rights Reserved'}", 'test_result': 'PASS'}
[2020-06-21 15:59:51,099]--test_invest.py--93--INFO:======================正在查询原始金额=======================
[2020-06-21 15:59:51,148]--test_invest.py--101--INFO:账户id为173720的账户原始金额是39400.00
[2020-06-21 15:59:51,149]--test_invest.py--133--INFO:======================正在查询原始投资记录条数=======================
[2020-06-21 15:59:51,158]--test_invest.py--137--INFO:账户id为173720的原始投资记录条数为68
[2020-06-21 15:59:51,159]--test_invest.py--140--INFO:======================正在查询原始投资流水记录条数=======================
[2020-06-21 15:59:51,174]--test_invest.py--144--INFO:账户id为173720的原始投资流水条数为68
[2020-06-21 15:59:51,209]--test_invest.py--164--INFO:======================正在查询投资后金额=======================
[2020-06-21 15:59:51,218]--test_invest.py--168--INFO:账户id为173720的账户投资后的余额是38400.00
[2020-06-21 15:59:51,218]--test_invest.py--169--INFO:账户id为173720的账户原始金额-投资金额后的余额是38400.00
[2020-06-21 15:59:51,218]--test_invest.py--170--INFO:======================正在金额比对=======================
[2020-06-21 15:59:51,218]--test_invest.py--172--INFO:======================金额比对通过=======================
[2020-06-21 15:59:51,219]--test_invest.py--173--INFO:======================正在查询投资后流水记录=======================
[2020-06-21 15:59:51,235]--test_invest.py--177--INFO:账户id为173720的投资后流水条数为69
[2020-06-21 15:59:51,236]--test_invest.py--178--INFO:======================正在投资流水记录比对=======================
[2020-06-21 15:59:51,236]--test_invest.py--180--INFO:======================正在查询投资记录=======================
[2020-06-21 15:59:51,254]--test_invest.py--199--INFO:*************开始回写数据***************
[2020-06-21 15:59:51,606]--test_invest.py--201--INFO:正在回写实际结果actual：{'code': 0, 'msg': 'OK', 'data': {'id': 2092, 'member_id': 173720, 'loan_id': 1246912, 'amount': 1000.0, 'create_time': '2020-06-21 15:59:52', 'is_valid': 1}, 'copyright': 'Copyright 柠檬班 © 2017-2020 湖南省零檬信息技术有限公司 All Rights Reserved'}
[2020-06-21 15:59:51,855]--test_invest.py--41--INFO:******************正在执行invest模块用例******************
[2020-06-21 15:59:51,855]--test_invest.py--42--INFO:正在执行第2条用例:用户id校验--输入不存在的用户id
[2020-06-21 15:59:51,856]--test_invest.py--43--INFO:请求的数据是{'case_id': 2, 'interface': 'invest', 'title': '用户id校验--输入不存在的用户id', 'method': 'POST', 'url': '/member/invest', 'data': '{"member_id":"s13361","loan_id":"#loanid#","amount":"20000"}', 'headers': '{"X-Lemonban-Media-Type": "lemonban.v2","Authorization":"#token#"}', 'yes_or_no': 'NO', 'expected': '{"code": 2,"msg": "数值参数格式错误"}', 'actucal': "{'code': 2, 'msg': '数值参数格式错误', 'data': None, 'copyright': 'Copyright 柠檬班 © 2017-2020 湖南省零檬信息技术有限公司 All Rights Reserved'}", 'test_result': 'PASS'}
[2020-06-21 15:59:51,856]--test_invest.py--133--INFO:======================正在查询原始投资记录条数=======================
[2020-06-21 15:59:51,866]--test_invest.py--137--INFO:账户id为173720的原始投资记录条数为69
[2020-06-21 15:59:51,866]--test_invest.py--140--INFO:======================正在查询原始投资流水记录条数=======================
[2020-06-21 15:59:51,882]--test_invest.py--144--INFO:账户id为173720的原始投资流水条数为69
[2020-06-21 15:59:51,910]--test_invest.py--193--INFO:第2条用例执行结果为PASS
[2020-06-21 15:59:51,910]--test_invest.py--199--INFO:*************开始回写数据***************
[2020-06-21 15:59:52,287]--test_invest.py--201--INFO:正在回写实际结果actual：{'code': 2, 'msg': '数值参数格式错误', 'data': None, 'copyright': 'Copyright 柠檬班 © 2017-2020 湖南省零檬信息技术有限公司 All Rights Reserved'}
[2020-06-21 15:59:52,628]--test_invest.py--203--INFO:正在回写测试结果test_result：PASS
[2020-06-21 15:59:52,628]--test_invest.py--204--INFO:*************结束回写数据***************
[2020-06-21 15:59:52,760]--test_invest.py--41--INFO:******************正在执行invest模块用例******************
[2020-06-21 15:59:52,761]--test_invest.py--42--INFO:正在执行第3条用例:用户id校验--id输入为空
[2020-06-21 15:59:52,761]--test_invest.py--43--INFO:请求的数据是{'case_id': 3, 'interface': 'invest', 'title': '用户id校验--id输入为空', 'method': 'POST', 'url': '/member/invest', 'data': '{"member_id":"","loan_id":"#loanid#","amount":"100"}', 'headers': '{"X-Lemonban-Media-Type": "lemonban.v2","Authorization":"#token#"}', 'yes_or_no': 'NO', 'expected': '{"code": 2,"msg": "数值参数格式错误"}', 'actucal': "{'code': 2, 'msg': '数值参数格式错误', 'data': None, 'copyright': 'Copyright 柠檬班 © 2017-2020 湖南省零檬信息技术有限公司 All Rights Reserved'}", 'test_result': 'PASS'}
[2020-06-21 15:59:52,761]--test_invest.py--133--INFO:======================正在查询原始投资记录条数=======================
[2020-06-21 15:59:52,770]--test_invest.py--137--INFO:账户id为173720的原始投资记录条数为69
[2020-06-21 15:59:52,771]--test_invest.py--140--INFO:======================正在查询原始投资流水记录条数=======================
[2020-06-21 15:59:52,788]--test_invest.py--144--INFO:账户id为173720的原始投资流水条数为69
[2020-06-21 15:59:52,810]--test_invest.py--193--INFO:第3条用例执行结果为PASS
[2020-06-21 15:59:52,810]--test_invest.py--199--INFO:*************开始回写数据***************
[2020-06-21 15:59:53,159]--test_invest.py--201--INFO:正在回写实际结果actual：{'code': 2, 'msg': '数值参数格式错误', 'data': None, 'copyright': 'Copyright 柠檬班 © 2017-2020 湖南省零檬信息技术有限公司 All Rights Reserved'}
[2020-06-21 15:59:53,487]--test_invest.py--203--INFO:正在回写测试结果test_result：PASS
[2020-06-21 15:59:53,487]--test_invest.py--204--INFO:*************结束回写数据***************
[2020-06-21 15:59:53,794]--test_invest.py--41--INFO:******************正在执行invest模块用例******************
[2020-06-21 15:59:53,795]--test_invest.py--42--INFO:正在执行第4条用例:投资项目id校验--输入投标中状态2(竞标中)的项目id
[2020-06-21 15:59:53,796]--test_invest.py--43--INFO:请求的数据是{'case_id': 4, 'interface': 'invest', 'title': '投资项目id校验--输入投标中状态2(竞标中)的项目id', 'method': 'POST', 'url': '/member/invest', 'data': '{"member_id":"#member_id#","loan_id":"#loanid#","amount":"100"}', 'headers': '{"X-Lemonban-Media-Type": "lemonban.v2","Authorization":"#token#"}', 'yes_or_no': 'YES', 'expected': '{"code": 0,"msg": "OK"}', 'actucal': "{'code': 0, 'msg': 'OK', 'data': {'id': 2087, 'member_id': 173720, 'loan_id': 1246853, 'amount': 100.0, 'create_time': '2020-06-21 15:57:02', 'is_valid': 1}, 'copyright': 'Copyright 柠檬班 © 2017-2020 湖南省零檬信息技术有限公司 All Rights Reserved'}", 'test_result': 'PASS'}
[2020-06-21 15:59:53,796]--test_invest.py--93--INFO:======================正在查询原始金额=======================
[2020-06-21 15:59:53,862]--test_invest.py--101--INFO:账户id为173720的账户原始金额是58400.00
[2020-06-21 15:59:53,863]--test_invest.py--133--INFO:======================正在查询原始投资记录条数=======================
[2020-06-21 15:59:53,880]--test_invest.py--137--INFO:账户id为173720的原始投资记录条数为69
[2020-06-21 15:59:53,881]--test_invest.py--140--INFO:======================正在查询原始投资流水记录条数=======================
[2020-06-21 15:59:53,904]--test_invest.py--144--INFO:账户id为173720的原始投资流水条数为69
[2020-06-21 15:59:53,942]--test_invest.py--164--INFO:======================正在查询投资后金额=======================
[2020-06-21 15:59:53,957]--test_invest.py--168--INFO:账户id为173720的账户投资后的余额是58300.00
[2020-06-21 15:59:53,958]--test_invest.py--169--INFO:账户id为173720的账户原始金额-投资金额后的余额是58300.00
[2020-06-21 15:59:53,958]--test_invest.py--170--INFO:======================正在金额比对=======================
[2020-06-21 15:59:53,958]--test_invest.py--172--INFO:======================金额比对通过=======================
[2020-06-21 15:59:53,958]--test_invest.py--173--INFO:======================正在查询投资后流水记录=======================
[2020-06-21 15:59:53,981]--test_invest.py--177--INFO:账户id为173720的投资后流水条数为70
[2020-06-21 15:59:53,982]--test_invest.py--178--INFO:======================正在投资流水记录比对=======================
[2020-06-21 15:59:53,982]--test_invest.py--180--INFO:======================正在查询投资记录=======================
[2020-06-21 15:59:54,012]--test_invest.py--199--INFO:*************开始回写数据***************
[2020-06-21 15:59:54,414]--test_invest.py--201--INFO:正在回写实际结果actual：{'code': 0, 'msg': 'OK', 'data': {'id': 2093, 'member_id': 173720, 'loan_id': 1246915, 'amount': 100.0, 'create_time': '2020-06-21 15:59:55', 'is_valid': 1}, 'copyright': 'Copyright 柠檬班 © 2017-2020 湖南省零檬信息技术有限公司 All Rights Reserved'}
[2020-06-21 15:59:54,739]--test_invest.py--203--INFO:正在回写测试结果test_result：PASS
[2020-06-21 15:59:54,739]--test_invest.py--204--INFO:*************结束回写数据***************
[2020-06-21 15:59:54,954]--test_invest.py--41--INFO:******************正在执行invest模块用例******************
[2020-06-21 15:59:54,954]--test_invest.py--42--INFO:正在执行第5条用例:投资项目id校验--输入非投标中状态为1(审核中)的项目id
[2020-06-21 15:59:54,954]--test_invest.py--43--INFO:请求的数据是{'case_id': 5, 'interface': 'invest', 'title': '投资项目id校验--输入非投标中状态为1(审核中)的项目id', 'method': 'POST', 'url': '/member/invest', 'data': '{"member_id":"#member_id#","loan_id":"#shz#","amount":"100"}', 'headers': '{"X-Lemonban-Media-Type": "lemonban.v2","Authorization":"#token#"}', 'yes_or_no': 'NO', 'expected': '{"code": 2,"msg": "该项目不在竞标中状态"}', 'actucal': "{'code': 2, 'msg': '该项目不在竞标中状态', 'data': None, 'copyright': 'Copyright 柠檬班 © 2017-2020 湖南省零檬信息技术有限公司 All Rights Reserved'}", 'test_result': 'PASS'}
[2020-06-21 15:59:54,971]--test_invest.py--133--INFO:======================正在查询原始投资记录条数=======================
[2020-06-21 15:59:54,988]--test_invest.py--137--INFO:账户id为173720的原始投资记录条数为70
[2020-06-21 15:59:54,988]--test_invest.py--140--INFO:======================正在查询原始投资流水记录条数=======================
[2020-06-21 15:59:55,012]--test_invest.py--144--INFO:账户id为173720的原始投资流水条数为70
[2020-06-21 15:59:55,034]--test_invest.py--193--INFO:第5条用例执行结果为PASS
[2020-06-21 15:59:55,035]--test_invest.py--199--INFO:*************开始回写数据***************
[2020-06-21 15:59:55,362]--test_invest.py--201--INFO:正在回写实际结果actual：{'code': 2, 'msg': '该项目不在竞标中状态', 'data': None, 'copyright': 'Copyright 柠檬班 © 2017-2020 湖南省零檬信息技术有限公司 All Rights Reserved'}
[2020-06-21 15:59:55,681]--test_invest.py--203--INFO:正在回写测试结果test_result：PASS
[2020-06-21 15:59:55,681]--test_invest.py--204--INFO:*************结束回写数据***************
[2020-06-21 15:59:55,836]--test_invest.py--41--INFO:******************正在执行invest模块用例******************
[2020-06-21 15:59:55,836]--test_invest.py--42--INFO:正在执行第6条用例:投资项目id校验--输入非投标中状态3(还款中)的项目id
[2020-06-21 15:59:55,837]--test_invest.py--43--INFO:请求的数据是{'case_id': 6, 'interface': 'invest', 'title': '投资项目id校验--输入非投标中状态3(还款中)的项目id', 'method': 'POST', 'url': '/member/invest', 'data': '{"member_id":"#member_id#","loan_id":"#hkz#","amount":"100"}', 'headers': '{"X-Lemonban-Media-Type": "lemonban.v2","Authorization":"#token#"}', 'yes_or_no': 'NO', 'expected': '{"code": 2,"msg": "该项目不在竞标中状态"}', 'actucal': "{'code': 2, 'msg': '该项目不在竞标中状态', 'data': None, 'copyright': 'Copyright 柠檬班 © 2017-2020 湖南省零檬信息技术有限公司 All Rights Reserved'}", 'test_result': 'PASS'}
[2020-06-21 15:59:55,852]--test_invest.py--133--INFO:======================正在查询原始投资记录条数=======================
[2020-06-21 15:59:55,868]--test_invest.py--137--INFO:账户id为173720的原始投资记录条数为70
[2020-06-21 15:59:55,868]--test_invest.py--140--INFO:======================正在查询原始投资流水记录条数=======================
[2020-06-21 15:59:55,892]--test_invest.py--144--INFO:账户id为173720的原始投资流水条数为70
[2020-06-21 15:59:55,914]--test_invest.py--193--INFO:第6条用例执行结果为PASS
[2020-06-21 15:59:55,914]--test_invest.py--199--INFO:*************开始回写数据***************
[2020-06-21 15:59:56,240]--test_invest.py--201--INFO:正在回写实际结果actual：{'code': 2, 'msg': '该项目不在竞标中状态', 'data': None, 'copyright': 'Copyright 柠檬班 © 2017-2020 湖南省零檬信息技术有限公司 All Rights Reserved'}
[2020-06-21 15:59:56,553]--test_invest.py--203--INFO:正在回写测试结果test_result：PASS
[2020-06-21 15:59:56,554]--test_invest.py--204--INFO:*************结束回写数据***************
[2020-06-21 15:59:56,693]--test_invest.py--41--INFO:******************正在执行invest模块用例******************
[2020-06-21 15:59:56,694]--test_invest.py--42--INFO:正在执行第7条用例:投资项目id校验--输入非投标中状态4(还款完成)的项目id
[2020-06-21 15:59:56,694]--test_invest.py--43--INFO:请求的数据是{'case_id': 7, 'interface': 'invest', 'title': '投资项目id校验--输入非投标中状态4(还款完成)的项目id', 'method': 'POST', 'url': '/member/invest', 'data': '{"member_id":"#member_id#","loan_id":"#hwc#","amount":"100"}', 'headers': '{"X-Lemonban-Media-Type": "lemonban.v2","Authorization":"#token#"}', 'yes_or_no': 'NO', 'expected': '{"code": 2,"msg": "该项目不在竞标中状态"}', 'actucal': "{'code': 2, 'msg': '该项目不在竞标中状态', 'data': None, 'copyright': 'Copyright 柠檬班 © 2017-2020 湖南省零檬信息技术有限公司 All Rights Reserved'}", 'test_result': 'PASS'}
[2020-06-21 15:59:56,707]--test_invest.py--133--INFO:======================正在查询原始投资记录条数=======================
[2020-06-21 15:59:56,716]--test_invest.py--137--INFO:账户id为173720的原始投资记录条数为70
[2020-06-21 15:59:56,717]--test_invest.py--140--INFO:======================正在查询原始投资流水记录条数=======================
[2020-06-21 15:59:56,740]--test_invest.py--144--INFO:账户id为173720的原始投资流水条数为70
[2020-06-21 15:59:56,764]--test_invest.py--193--INFO:第7条用例执行结果为PASS
[2020-06-21 15:59:56,765]--test_invest.py--199--INFO:*************开始回写数据***************
[2020-06-21 15:59:57,104]--test_invest.py--201--INFO:正在回写实际结果actual：{'code': 2, 'msg': '该项目不在竞标中状态', 'data': None, 'copyright': 'Copyright 柠檬班 © 2017-2020 湖南省零檬信息技术有限公司 All Rights Reserved'}
[2020-06-21 15:59:57,468]--test_invest.py--203--INFO:正在回写测试结果test_result：PASS
[2020-06-21 15:59:57,469]--test_invest.py--204--INFO:*************结束回写数据***************
[2020-06-21 15:59:57,609]--test_invest.py--41--INFO:******************正在执行invest模块用例******************
[2020-06-21 15:59:57,610]--test_invest.py--42--INFO:正在执行第8条用例:投资项目id校验--输入非投标中状态5(审核不通过)的项目id
[2020-06-21 15:59:57,610]--test_invest.py--43--INFO:请求的数据是{'case_id': 8, 'interface': 'invest', 'title': '投资项目id校验--输入非投标中状态5(审核不通过)的项目id', 'method': 'POST', 'url': '/member/invest', 'data': '{"member_id":"#member_id#","loan_id":"#btg#","amount":"100"}', 'headers': '{"X-Lemonban-Media-Type": "lemonban.v2","Authorization":"#token#"}', 'yes_or_no': 'NO', 'expected': '{"code": 2,"msg": "该项目不在竞标中状态"}', 'actucal': "{'code': 2, 'msg': '该项目不在竞标中状态', 'data': None, 'copyright': 'Copyright 柠檬班 © 2017-2020 湖南省零檬信息技术有限公司 All Rights Reserved'}", 'test_result': 'PASS'}
[2020-06-21 15:59:57,642]--test_invest.py--133--INFO:======================正在查询原始投资记录条数=======================
[2020-06-21 15:59:57,659]--test_invest.py--137--INFO:账户id为173720的原始投资记录条数为70
[2020-06-21 15:59:57,660]--test_invest.py--140--INFO:======================正在查询原始投资流水记录条数=======================
[2020-06-21 15:59:57,682]--test_invest.py--144--INFO:账户id为173720的原始投资流水条数为70
[2020-06-21 15:59:57,704]--test_invest.py--193--INFO:第8条用例执行结果为PASS
[2020-06-21 15:59:57,704]--test_invest.py--199--INFO:*************开始回写数据***************
[2020-06-21 15:59:58,037]--test_invest.py--201--INFO:正在回写实际结果actual：{'code': 2, 'msg': '该项目不在竞标中状态', 'data': None, 'copyright': 'Copyright 柠檬班 © 2017-2020 湖南省零檬信息技术有限公司 All Rights Reserved'}
[2020-06-21 15:59:58,358]--test_invest.py--203--INFO:正在回写测试结果test_result：PASS
[2020-06-21 15:59:58,358]--test_invest.py--204--INFO:*************结束回写数据***************
[2020-06-21 15:59:58,524]--test_invest.py--41--INFO:******************正在执行invest模块用例******************
[2020-06-21 15:59:58,525]--test_invest.py--42--INFO:正在执行第9条用例:投资项目id校验--输入用户自己创建的项目id
[2020-06-21 15:59:58,525]--test_invest.py--43--INFO:请求的数据是{'case_id': 9, 'interface': 'invest', 'title': '投资项目id校验--输入用户自己创建的项目id', 'method': 'POST', 'url': '/member/invest', 'data': '{"member_id":"#member_id#","loan_id":"#loanid#","amount":"100"}', 'headers': '{"X-Lemonban-Media-Type": "lemonban.v2","Authorization":"#token#"}', 'yes_or_no': 'YES', 'expected': '{"code": 0,"msg": "OK"}', 'actucal': "{'code': 0, 'msg': 'OK', 'data': {'id': 2088, 'member_id': 173720, 'loan_id': 1246859, 'amount': 100.0, 'create_time': '2020-06-21 15:57:07', 'is_valid': 1}, 'copyright': 'Copyright 柠檬班 © 2017-2020 湖南省零檬信息技术有限公司 All Rights Reserved'}", 'test_result': 'PASS'}
[2020-06-21 15:59:58,525]--test_invest.py--93--INFO:======================正在查询原始金额=======================
[2020-06-21 15:59:58,581]--test_invest.py--101--INFO:账户id为173720的账户原始金额是78300.00
[2020-06-21 15:59:58,581]--test_invest.py--133--INFO:======================正在查询原始投资记录条数=======================
[2020-06-21 15:59:58,596]--test_invest.py--137--INFO:账户id为173720的原始投资记录条数为70
[2020-06-21 15:59:58,596]--test_invest.py--140--INFO:======================正在查询原始投资流水记录条数=======================
[2020-06-21 15:59:58,619]--test_invest.py--144--INFO:账户id为173720的原始投资流水条数为70
[2020-06-21 15:59:58,652]--test_invest.py--164--INFO:======================正在查询投资后金额=======================
[2020-06-21 15:59:58,667]--test_invest.py--168--INFO:账户id为173720的账户投资后的余额是78200.00
[2020-06-21 15:59:58,668]--test_invest.py--169--INFO:账户id为173720的账户原始金额-投资金额后的余额是78200.00
[2020-06-21 15:59:58,668]--test_invest.py--170--INFO:======================正在金额比对=======================
[2020-06-21 15:59:58,668]--test_invest.py--172--INFO:======================金额比对通过=======================
[2020-06-21 15:59:58,669]--test_invest.py--173--INFO:======================正在查询投资后流水记录=======================
[2020-06-21 15:59:58,692]--test_invest.py--177--INFO:账户id为173720的投资后流水条数为71
[2020-06-21 15:59:58,693]--test_invest.py--178--INFO:======================正在投资流水记录比对=======================
[2020-06-21 15:59:58,693]--test_invest.py--180--INFO:======================正在查询投资记录=======================
[2020-06-21 15:59:58,724]--test_invest.py--199--INFO:*************开始回写数据***************
[2020-06-21 15:59:59,061]--test_invest.py--201--INFO:正在回写实际结果actual：{'code': 0, 'msg': 'OK', 'data': {'id': 2094, 'member_id': 173720, 'loan_id': 1246920, 'amount': 100.0, 'create_time': '2020-06-21 15:59:59', 'is_valid': 1}, 'copyright': 'Copyright 柠檬班 © 2017-2020 湖南省零檬信息技术有限公司 All Rights Reserved'}
[2020-06-21 15:59:59,376]--test_invest.py--203--INFO:正在回写测试结果test_result：PASS
[2020-06-21 15:59:59,376]--test_invest.py--204--INFO:*************结束回写数据***************
[2020-06-21 15:59:59,661]--test_invest.py--41--INFO:******************正在执行invest模块用例******************
[2020-06-21 15:59:59,661]--test_invest.py--42--INFO:正在执行第10条用例:投资项目id校验--输入其他用户创建的项目id
[2020-06-21 15:59:59,661]--test_invest.py--43--INFO:请求的数据是{'case_id': 10, 'interface': 'invest', 'title': '投资项目id校验--输入其他用户创建的项目id', 'method': 'POST', 'url': '/member/invest', 'data': '{"member_id":"#member_id#","loan_id":"#other_id#","amount":"600"}', 'headers': '{"X-Lemonban-Media-Type": "lemonban.v2","Authorization":"#token#"}', 'yes_or_no': 'YES', 'expected': '{"code": 0,"msg": "OK"}', 'actucal': "{'code': 0, 'msg': 'OK', 'data': {'id': 2089, 'member_id': 173720, 'loan_id': 17, 'amount': 600.0, 'create_time': '2020-06-21 15:57:08', 'is_valid': 1}, 'copyright': 'Copyright 柠檬班 © 2017-2020 湖南省零檬信息技术有限公司 All Rights Reserved'}", 'test_result': 'FAILED'}
[2020-06-21 15:59:59,661]--test_invest.py--93--INFO:======================正在查询原始金额=======================
[2020-06-21 15:59:59,709]--test_invest.py--101--INFO:账户id为173720的账户原始金额是98200.00
[2020-06-21 15:59:59,718]--test_invest.py--133--INFO:======================正在查询原始投资记录条数=======================
[2020-06-21 15:59:59,727]--test_invest.py--137--INFO:账户id为173720的原始投资记录条数为71
[2020-06-21 15:59:59,728]--test_invest.py--140--INFO:======================正在查询原始投资流水记录条数=======================
[2020-06-21 15:59:59,745]--test_invest.py--144--INFO:账户id为173720的原始投资流水条数为71
[2020-06-21 15:59:59,782]--test_invest.py--164--INFO:======================正在查询投资后金额=======================
[2020-06-21 15:59:59,791]--test_invest.py--168--INFO:账户id为173720的账户投资后的余额是97600.00
[2020-06-21 15:59:59,791]--test_invest.py--169--INFO:账户id为173720的账户原始金额-投资金额后的余额是97600.00
[2020-06-21 15:59:59,791]--test_invest.py--170--INFO:======================正在金额比对=======================
[2020-06-21 15:59:59,791]--test_invest.py--172--INFO:======================金额比对通过=======================
[2020-06-21 15:59:59,791]--test_invest.py--173--INFO:======================正在查询投资后流水记录=======================
[2020-06-21 15:59:59,808]--test_invest.py--177--INFO:账户id为173720的投资后流水条数为72
[2020-06-21 15:59:59,808]--test_invest.py--178--INFO:======================正在投资流水记录比对=======================
[2020-06-21 15:59:59,808]--test_invest.py--180--INFO:======================正在查询投资记录=======================
[2020-06-21 15:59:59,817]--test_invest.py--195--ERROR:执行接口测试出现错误，错误是None is not true
[2020-06-21 15:59:59,817]--test_invest.py--197--ERROR:第10条用例执行结果为FAILED
[2020-06-21 15:59:59,818]--test_invest.py--199--INFO:*************开始回写数据***************
[2020-06-21 16:00:00,159]--test_invest.py--201--INFO:正在回写实际结果actual：{'code': 0, 'msg': 'OK', 'data': {'id': 2095, 'member_id': 173720, 'loan_id': 17, 'amount': 600.0, 'create_time': '2020-06-21 16:00:01', 'is_valid': 1}, 'copyright': 'Copyright 柠檬班 © 2017-2020 湖南省零檬信息技术有限公司 All Rights Reserved'}
[2020-06-21 16:00:00,481]--test_invest.py--203--INFO:正在回写测试结果test_result：FAILED
[2020-06-21 16:00:00,482]--test_invest.py--204--INFO:*************结束回写数据***************
[2020-06-21 16:00:00,689]--test_invest.py--41--INFO:******************正在执行invest模块用例******************
[2020-06-21 16:00:00,689]--test_invest.py--42--INFO:正在执行第11条用例:投资项目id校验--输入不存在的项目id
[2020-06-21 16:00:00,690]--test_invest.py--43--INFO:请求的数据是{'case_id': 11, 'interface': 'invest', 'title': '投资项目id校验--输入不存在的项目id', 'method': 'POST', 'url': '/member/invest', 'data': '{"member_id":"#member_id#","loan_id":"888888888","amount":"100"}', 'headers': '{"X-Lemonban-Media-Type": "lemonban.v2","Authorization":"#token#"}', 'yes_or_no': 'NO', 'expected': '{"code": 2,"msg": "项目不存在"}', 'actucal': "{'code': 2, 'msg': '项目不存在', 'data': None, 'copyright': 'Copyright 柠檬班 © 2017-2020 湖南省零檬信息技术有限公司 All Rights Reserved'}", 'test_result': 'PASS'}
[2020-06-21 16:00:00,690]--test_invest.py--133--INFO:======================正在查询原始投资记录条数=======================
[2020-06-21 16:00:00,698]--test_invest.py--137--INFO:账户id为173720的原始投资记录条数为72
[2020-06-21 16:00:00,698]--test_invest.py--140--INFO:======================正在查询原始投资流水记录条数=======================
[2020-06-21 16:00:00,713]--test_invest.py--144--INFO:账户id为173720的原始投资流水条数为72
[2020-06-21 16:00:00,735]--test_invest.py--193--INFO:第11条用例执行结果为PASS
[2020-06-21 16:00:00,735]--test_invest.py--199--INFO:*************开始回写数据***************
[2020-06-21 16:00:01,105]--test_invest.py--201--INFO:正在回写实际结果actual：{'code': 2, 'msg': '项目不存在', 'data': None, 'copyright': 'Copyright 柠檬班 © 2017-2020 湖南省零檬信息技术有限公司 All Rights Reserved'}
[2020-06-21 16:00:01,435]--test_invest.py--203--INFO:正在回写测试结果test_result：PASS
[2020-06-21 16:00:01,435]--test_invest.py--204--INFO:*************结束回写数据***************
[2020-06-21 16:00:01,625]--test_invest.py--41--INFO:******************正在执行invest模块用例******************
[2020-06-21 16:00:01,626]--test_invest.py--42--INFO:正在执行第12条用例:投资项目id校验--项目id输入为空
[2020-06-21 16:00:01,626]--test_invest.py--43--INFO:请求的数据是{'case_id': 12, 'interface': 'invest', 'title': '投资项目id校验--项目id输入为空', 'method': 'POST', 'url': '/member/invest', 'data': '{"member_id":"#member_id#","loan_id":"","amount":"100"}', 'headers': '{"X-Lemonban-Media-Type": "lemonban.v2","Authorization":"#token#"}', 'yes_or_no': 'NO', 'expected': '{"code": 2,"msg": "数值参数格式错误"}', 'actucal': "{'code': 2, 'msg': '数值参数格式错误', 'data': None, 'copyright': 'Copyright 柠檬班 © 2017-2020 湖南省零檬信息技术有限公司 All Rights Reserved'}", 'test_result': 'PASS'}
[2020-06-21 16:00:01,626]--test_invest.py--133--INFO:======================正在查询原始投资记录条数=======================
[2020-06-21 16:00:01,636]--test_invest.py--137--INFO:账户id为173720的原始投资记录条数为72
[2020-06-21 16:00:01,636]--test_invest.py--140--INFO:======================正在查询原始投资流水记录条数=======================
[2020-06-21 16:00:01,654]--test_invest.py--144--INFO:账户id为173720的原始投资流水条数为72
[2020-06-21 16:00:01,679]--test_invest.py--193--INFO:第12条用例执行结果为PASS
[2020-06-21 16:00:01,680]--test_invest.py--199--INFO:*************开始回写数据***************
[2020-06-21 16:00:02,098]--test_invest.py--201--INFO:正在回写实际结果actual：{'code': 2, 'msg': '数值参数格式错误', 'data': None, 'copyright': 'Copyright 柠檬班 © 2017-2020 湖南省零檬信息技术有限公司 All Rights Reserved'}
[2020-06-21 16:00:02,431]--test_invest.py--203--INFO:正在回写测试结果test_result：PASS
[2020-06-21 16:00:02,431]--test_invest.py--204--INFO:*************结束回写数据***************
[2020-06-21 16:00:02,572]--test_invest.py--41--INFO:******************正在执行invest模块用例******************
[2020-06-21 16:00:02,573]--test_invest.py--42--INFO:正在执行第13条用例:投资金额校验--投资金额输入为空
[2020-06-21 16:00:02,573]--test_invest.py--43--INFO:请求的数据是{'case_id': 13, 'interface': 'invest', 'title': '投资金额校验--投资金额输入为空', 'method': 'POST', 'url': '/member/invest', 'data': '{"member_id":"#member_id#","loan_id":"#loanid#","amount":""}', 'headers': '{"X-Lemonban-Media-Type": "lemonban.v2","Authorization":"#token#"}', 'yes_or_no': 'NO', 'expected': '{"code": 2,"msg": "数值参数格式错误"}', 'actucal': "{'code': 2, 'msg': '数值参数格式错误', 'data': None, 'copyright': 'Copyright 柠檬班 © 2017-2020 湖南省零檬信息技术有限公司 All Rights Reserved'}", 'test_result': 'PASS'}
[2020-06-21 16:00:02,573]--test_invest.py--133--INFO:======================正在查询原始投资记录条数=======================
[2020-06-21 16:00:02,584]--test_invest.py--137--INFO:账户id为173720的原始投资记录条数为72
[2020-06-21 16:00:02,585]--test_invest.py--140--INFO:======================正在查询原始投资流水记录条数=======================
[2020-06-21 16:00:02,602]--test_invest.py--144--INFO:账户id为173720的原始投资流水条数为72
[2020-06-21 16:00:02,622]--test_invest.py--193--INFO:第13条用例执行结果为PASS
[2020-06-21 16:00:02,622]--test_invest.py--199--INFO:*************开始回写数据***************
[2020-06-21 16:00:02,978]--test_invest.py--201--INFO:正在回写实际结果actual：{'code': 2, 'msg': '数值参数格式错误', 'data': None, 'copyright': 'Copyright 柠檬班 © 2017-2020 湖南省零檬信息技术有限公司 All Rights Reserved'}
[2020-06-21 16:00:03,321]--test_invest.py--203--INFO:正在回写测试结果test_result：PASS
[2020-06-21 16:00:03,322]--test_invest.py--204--INFO:*************结束回写数据***************
[2020-06-21 16:00:03,509]--test_invest.py--41--INFO:******************正在执行invest模块用例******************
[2020-06-21 16:00:03,510]--test_invest.py--42--INFO:正在执行第14条用例:投资金额校验--投资金额输入为能被100整除的正整数
[2020-06-21 16:00:03,510]--test_invest.py--43--INFO:请求的数据是{'case_id': 14, 'interface': 'invest', 'title': '投资金额校验--投资金额输入为能被100整除的正整数', 'method': 'POST', 'url': '/member/invest', 'data': '{"member_id":"#member_id#","loan_id":"#loanid#","amount":"200"}', 'headers': '{"X-Lemonban-Media-Type": "lemonban.v2","Authorization":"#token#"}', 'yes_or_no': 'YES', 'expected': '{"code": 0,"msg": "OK"}', 'actucal': "{'code': 0, 'msg': 'OK', 'data': {'id': 2090, 'member_id': 173720, 'loan_id': 1246864, 'amount': 200.0, 'create_time': '2020-06-21 15:57:12', 'is_valid': 1}, 'copyright': 'Copyright 柠檬班 © 2017-2020 湖南省零檬信息技术有限公司 All Rights Reserved'}", 'test_result': 'PASS'}
[2020-06-21 16:00:03,511]--test_invest.py--93--INFO:======================正在查询原始金额=======================
[2020-06-21 16:00:03,550]--test_invest.py--104--INFO:账户id为173720的账户原始金额是97600.00
[2020-06-21 16:00:03,551]--test_invest.py--133--INFO:======================正在查询原始投资记录条数=======================
[2020-06-21 16:00:03,560]--test_invest.py--137--INFO:账户id为173720的原始投资记录条数为72
[2020-06-21 16:00:03,561]--test_invest.py--140--INFO:======================正在查询原始投资流水记录条数=======================
[2020-06-21 16:00:03,576]--test_invest.py--144--INFO:账户id为173720的原始投资流水条数为72
[2020-06-21 16:00:03,610]--test_invest.py--164--INFO:======================正在查询投资后金额=======================
[2020-06-21 16:00:03,619]--test_invest.py--168--INFO:账户id为173720的账户投资后的余额是97400.00
[2020-06-21 16:00:03,620]--test_invest.py--169--INFO:账户id为173720的账户原始金额-投资金额后的余额是97400.00
[2020-06-21 16:00:03,620]--test_invest.py--170--INFO:======================正在金额比对=======================
[2020-06-21 16:00:03,620]--test_invest.py--172--INFO:======================金额比对通过=======================
[2020-06-21 16:00:03,620]--test_invest.py--173--INFO:======================正在查询投资后流水记录=======================
[2020-06-21 16:00:03,636]--test_invest.py--177--INFO:账户id为173720的投资后流水条数为73
[2020-06-21 16:00:03,636]--test_invest.py--178--INFO:======================正在投资流水记录比对=======================
[2020-06-21 16:00:03,636]--test_invest.py--180--INFO:======================正在查询投资记录=======================
[2020-06-21 16:00:03,682]--test_invest.py--199--INFO:*************开始回写数据***************
[2020-06-21 16:00:04,037]--test_invest.py--201--INFO:正在回写实际结果actual：{'code': 0, 'msg': 'OK', 'data': {'id': 2096, 'member_id': 173720, 'loan_id': 1246925, 'amount': 200.0, 'create_time': '2020-06-21 16:00:04', 'is_valid': 1}, 'copyright': 'Copyright 柠檬班 © 2017-2020 湖南省零檬信息技术有限公司 All Rights Reserved'}
[2020-06-21 16:00:04,376]--test_invest.py--203--INFO:正在回写测试结果test_result：PASS
[2020-06-21 16:00:04,376]--test_invest.py--204--INFO:*************结束回写数据***************
[2020-06-21 16:00:04,593]--test_invest.py--41--INFO:******************正在执行invest模块用例******************
[2020-06-21 16:00:04,594]--test_invest.py--42--INFO:正在执行第15条用例:投资金额校验--投资金额输入为不能被100整除的正整数
[2020-06-21 16:00:04,594]--test_invest.py--43--INFO:请求的数据是{'case_id': 15, 'interface': 'invest', 'title': '投资金额校验--投资金额输入为不能被100整除的正整数', 'method': 'POST', 'url': '/member/invest', 'data': '{"member_id":"#member_id#","loan_id":"#loanid#","amount":"101"}', 'headers': '{"X-Lemonban-Media-Type": "lemonban.v2","Authorization":"#token#"}', 'yes_or_no': 'NO', 'expected': '{"code": 2,"msg": "充值金额必须大于100，并且可以被100整除"}', 'actucal': "{'code': 2, 'msg': '充值金额必须大于100，并且可以被100整除', 'data': None, 'copyright': 'Copyright 柠檬班 © 2017-2020 湖南省零檬信息技术有限公司 All Rights Reserved'}", 'test_result': 'PASS'}
[2020-06-21 16:00:04,594]--test_invest.py--133--INFO:======================正在查询原始投资记录条数=======================
[2020-06-21 16:00:04,609]--test_invest.py--137--INFO:账户id为173720的原始投资记录条数为73
[2020-06-21 16:00:04,610]--test_invest.py--140--INFO:======================正在查询原始投资流水记录条数=======================
[2020-06-21 16:00:04,632]--test_invest.py--144--INFO:账户id为173720的原始投资流水条数为73
[2020-06-21 16:00:04,651]--test_invest.py--193--INFO:第15条用例执行结果为PASS
[2020-06-21 16:00:04,651]--test_invest.py--199--INFO:*************开始回写数据***************
[2020-06-21 16:00:04,985]--test_invest.py--201--INFO:正在回写实际结果actual：{'code': 2, 'msg': '充值金额必须大于100，并且可以被100整除', 'data': None, 'copyright': 'Copyright 柠檬班 © 2017-2020 湖南省零檬信息技术有限公司 All Rights Reserved'}
[2020-06-21 16:00:05,317]--test_invest.py--203--INFO:正在回写测试结果test_result：PASS
[2020-06-21 16:00:05,317]--test_invest.py--204--INFO:*************结束回写数据***************
[2020-06-21 16:00:05,456]--test_invest.py--41--INFO:******************正在执行invest模块用例******************
[2020-06-21 16:00:05,456]--test_invest.py--42--INFO:正在执行第16条用例:投资金额校验--投资金额输入负数
[2020-06-21 16:00:05,457]--test_invest.py--43--INFO:请求的数据是{'case_id': 16, 'interface': 'invest', 'title': '投资金额校验--投资金额输入负数', 'method': 'POST', 'url': '/member/invest', 'data': '{"member_id":"#member_id#","loan_id":"#loanid#","amount":"-100"}', 'headers': '{"X-Lemonban-Media-Type": "lemonban.v2","Authorization":"#token#"}', 'yes_or_no': 'NO', 'expected': '{"code": 2,"msg": "充值金额必须大于100，并且可以被100整除"}', 'actucal': "{'code': 2, 'msg': '充值金额必须大于100，并且可以被100整除', 'data': None, 'copyright': 'Copyright 柠檬班 © 2017-2020 湖南省零檬信息技术有限公司 All Rights Reserved'}", 'test_result': 'PASS'}
[2020-06-21 16:00:05,457]--test_invest.py--133--INFO:======================正在查询原始投资记录条数=======================
[2020-06-21 16:00:05,464]--test_invest.py--137--INFO:账户id为173720的原始投资记录条数为73
[2020-06-21 16:00:05,465]--test_invest.py--140--INFO:======================正在查询原始投资流水记录条数=======================
[2020-06-21 16:00:05,480]--test_invest.py--144--INFO:账户id为173720的原始投资流水条数为73
[2020-06-21 16:00:05,500]--test_invest.py--193--INFO:第16条用例执行结果为PASS
[2020-06-21 16:00:05,500]--test_invest.py--199--INFO:*************开始回写数据***************
[2020-06-21 16:00:05,855]--test_invest.py--201--INFO:正在回写实际结果actual：{'code': 2, 'msg': '充值金额必须大于100，并且可以被100整除', 'data': None, 'copyright': 'Copyright 柠檬班 © 2017-2020 湖南省零檬信息技术有限公司 All Rights Reserved'}
[2020-06-21 16:00:06,189]--test_invest.py--203--INFO:正在回写测试结果test_result：PASS
[2020-06-21 16:00:06,189]--test_invest.py--204--INFO:*************结束回写数据***************
[2020-06-21 16:00:06,332]--test_invest.py--41--INFO:******************正在执行invest模块用例******************
[2020-06-21 16:00:06,332]--test_invest.py--42--INFO:正在执行第17条用例:投资金额校验--投资金额输入小数
[2020-06-21 16:00:06,332]--test_invest.py--43--INFO:请求的数据是{'case_id': 17, 'interface': 'invest', 'title': '投资金额校验--投资金额输入小数', 'method': 'POST', 'url': '/member/invest', 'data': '{"member_id":"#member_id#","loan_id":"#loanid#","amount":"100.88"}', 'headers': '{"X-Lemonban-Media-Type": "lemonban.v2","Authorization":"#token#"}', 'yes_or_no': 'NO', 'expected': '{"code": 2,"msg": "充值金额必须大于100，并且可以被100整除"}', 'actucal': "{'code': 2, 'msg': '充值金额必须大于100，并且可以被100整除', 'data': None, 'copyright': 'Copyright 柠檬班 © 2017-2020 湖南省零檬信息技术有限公司 All Rights Reserved'}", 'test_result': 'PASS'}
[2020-06-21 16:00:06,332]--test_invest.py--133--INFO:======================正在查询原始投资记录条数=======================
[2020-06-21 16:00:06,344]--test_invest.py--137--INFO:账户id为173720的原始投资记录条数为73
[2020-06-21 16:00:06,344]--test_invest.py--140--INFO:======================正在查询原始投资流水记录条数=======================
[2020-06-21 16:00:06,361]--test_invest.py--144--INFO:账户id为173720的原始投资流水条数为73
[2020-06-21 16:00:06,384]--test_invest.py--193--INFO:第17条用例执行结果为PASS
[2020-06-21 16:00:06,384]--test_invest.py--199--INFO:*************开始回写数据***************
[2020-06-21 16:00:06,805]--test_invest.py--201--INFO:正在回写实际结果actual：{'code': 2, 'msg': '充值金额必须大于100，并且可以被100整除', 'data': None, 'copyright': 'Copyright 柠檬班 © 2017-2020 湖南省零檬信息技术有限公司 All Rights Reserved'}
[2020-06-21 16:00:07,124]--test_invest.py--203--INFO:正在回写测试结果test_result：PASS
[2020-06-21 16:00:07,124]--test_invest.py--204--INFO:*************结束回写数据***************
[2020-06-21 16:00:07,259]--test_invest.py--41--INFO:******************正在执行invest模块用例******************
[2020-06-21 16:00:07,259]--test_invest.py--42--INFO:正在执行第18条用例:投资金额校验--投资金额输入非法字符
[2020-06-21 16:00:07,259]--test_invest.py--43--INFO:请求的数据是{'case_id': 18, 'interface': 'invest', 'title': '投资金额校验--投资金额输入非法字符', 'method': 'POST', 'url': '/member/invest', 'data': '{"member_id":"#member_id#","loan_id":"#loanid#","amount":"ddd"}', 'headers': '{"X-Lemonban-Media-Type": "lemonban.v2","Authorization":"#token#"}', 'yes_or_no': 'NO', 'expected': '{"code": 2,"msg": "数值参数格式错误"}', 'actucal': "{'code': 2, 'msg': '数值参数格式错误', 'data': None, 'copyright': 'Copyright 柠檬班 © 2017-2020 湖南省零檬信息技术有限公司 All Rights Reserved'}", 'test_result': 'PASS'}
[2020-06-21 16:00:07,260]--test_invest.py--133--INFO:======================正在查询原始投资记录条数=======================
[2020-06-21 16:00:07,275]--test_invest.py--137--INFO:账户id为173720的原始投资记录条数为73
[2020-06-21 16:00:07,276]--test_invest.py--140--INFO:======================正在查询原始投资流水记录条数=======================
[2020-06-21 16:00:07,298]--test_invest.py--144--INFO:账户id为173720的原始投资流水条数为73
[2020-06-21 16:00:07,314]--test_invest.py--193--INFO:第18条用例执行结果为PASS
[2020-06-21 16:00:07,314]--test_invest.py--199--INFO:*************开始回写数据***************
[2020-06-21 16:00:07,633]--test_invest.py--201--INFO:正在回写实际结果actual：{'code': 2, 'msg': '数值参数格式错误', 'data': None, 'copyright': 'Copyright 柠檬班 © 2017-2020 湖南省零檬信息技术有限公司 All Rights Reserved'}
[2020-06-21 16:00:07,971]--test_invest.py--203--INFO:正在回写测试结果test_result：PASS
[2020-06-21 16:00:07,971]--test_invest.py--204--INFO:*************结束回写数据***************
[2020-06-21 16:00:08,126]--test_invest.py--41--INFO:******************正在执行invest模块用例******************
[2020-06-21 16:00:08,126]--test_invest.py--42--INFO:正在执行第19条用例:投资金额校验--投资金额输入大于可投标金额
[2020-06-21 16:00:08,126]--test_invest.py--43--INFO:请求的数据是{'case_id': 19, 'interface': 'invest', 'title': '投资金额校验--投资金额输入大于可投标金额', 'method': 'POST', 'url': '/member/invest', 'data': '{"member_id":"#member_id#","loan_id":"#max_id#","amount":"30000"}', 'headers': '{"X-Lemonban-Media-Type": "lemonban.v2","Authorization":"#token#"}', 'yes_or_no': 'NO', 'expected': '{"code": 2,"msg": "该标可投金额不足,可投金额：5100.0"}', 'actucal': "{'code': 2, 'msg': '该标可投金额不足,可投金额：5100.0', 'data': None, 'copyright': 'Copyright 柠檬班 © 2017-2020 湖南省零檬信息技术有限公司 All Rights Reserved'}", 'test_result': 'PASS'}
[2020-06-21 16:00:08,141]--test_invest.py--133--INFO:======================正在查询原始投资记录条数=======================
[2020-06-21 16:00:08,157]--test_invest.py--137--INFO:账户id为173720的原始投资记录条数为73
[2020-06-21 16:00:08,157]--test_invest.py--140--INFO:======================正在查询原始投资流水记录条数=======================
[2020-06-21 16:00:08,178]--test_invest.py--144--INFO:账户id为173720的原始投资流水条数为73
[2020-06-21 16:00:08,197]--test_invest.py--193--INFO:第19条用例执行结果为PASS
[2020-06-21 16:00:08,197]--test_invest.py--199--INFO:*************开始回写数据***************
[2020-06-21 16:00:08,519]--test_invest.py--201--INFO:正在回写实际结果actual：{'code': 2, 'msg': '该标可投金额不足,可投金额：5100.0', 'data': None, 'copyright': 'Copyright 柠檬班 © 2017-2020 湖南省零檬信息技术有限公司 All Rights Reserved'}
[2020-06-21 16:00:08,855]--test_invest.py--203--INFO:正在回写测试结果test_result：PASS
[2020-06-21 16:00:08,856]--test_invest.py--204--INFO:*************结束回写数据***************
[2020-06-21 16:00:08,985]--test_invest.py--41--INFO:******************正在执行invest模块用例******************
[2020-06-21 16:00:08,986]--test_invest.py--42--INFO:正在执行第20条用例:投资金额校验--投资金额输入等于可投标金额,投标完成
[2020-06-21 16:00:08,986]--test_invest.py--43--INFO:请求的数据是{'case_id': 20, 'interface': 'invest', 'title': '投资金额校验--投资金额输入等于可投标金额,投标完成', 'method': 'POST', 'url': '/member/invest', 'data': '{"member_id":"#member_id#","loan_id":"#loanid#","amount":"#amount#"}', 'headers': '{"X-Lemonban-Media-Type": "lemonban.v2","Authorization":"#token#"}', 'yes_or_no': 'YES', 'expected': '{"code": 0,"msg": "OK"}', 'actucal': "{'code': 0, 'msg': 'OK', 'data': {'id': 2091, 'member_id': 173720, 'loan_id': 1246872, 'amount': 80000.0, 'create_time': '2020-06-21 15:57:19', 'is_valid': 1}, 'copyright': 'Copyright 柠檬班 © 2017-2020 湖南省零檬信息技术有限公司 All Rights Reserved'}", 'test_result': 'PASS'}
[2020-06-21 16:00:08,995]--test_invest.py--93--INFO:======================正在查询原始金额=======================
[2020-06-21 16:00:09,003]--test_invest.py--104--INFO:账户id为173720的账户原始金额是97400.00
[2020-06-21 16:00:09,004]--test_invest.py--133--INFO:======================正在查询原始投资记录条数=======================
[2020-06-21 16:00:09,013]--test_invest.py--137--INFO:账户id为173720的原始投资记录条数为73
[2020-06-21 16:00:09,013]--test_invest.py--140--INFO:======================正在查询原始投资流水记录条数=======================
[2020-06-21 16:00:09,028]--test_invest.py--144--INFO:账户id为173720的原始投资流水条数为73
[2020-06-21 16:00:09,075]--test_invest.py--164--INFO:======================正在查询投资后金额=======================
[2020-06-21 16:00:09,084]--test_invest.py--168--INFO:账户id为173720的账户投资后的余额是17400.00
[2020-06-21 16:00:09,085]--test_invest.py--169--INFO:账户id为173720的账户原始金额-投资金额后的余额是17400.00
[2020-06-21 16:00:09,085]--test_invest.py--170--INFO:======================正在金额比对=======================
[2020-06-21 16:00:09,085]--test_invest.py--172--INFO:======================金额比对通过=======================
[2020-06-21 16:00:09,085]--test_invest.py--173--INFO:======================正在查询投资后流水记录=======================
[2020-06-21 16:00:09,100]--test_invest.py--177--INFO:账户id为173720的投资后流水条数为74
[2020-06-21 16:00:09,101]--test_invest.py--178--INFO:======================正在投资流水记录比对=======================
[2020-06-21 16:00:09,101]--test_invest.py--180--INFO:======================正在查询投资记录=======================
[2020-06-21 16:00:09,119]--test_invest.py--199--INFO:*************开始回写数据***************
[2020-06-21 16:00:09,464]--test_invest.py--201--INFO:正在回写实际结果actual：{'code': 0, 'msg': 'OK', 'data': {'id': 2097, 'member_id': 173720, 'loan_id': 1246937, 'amount': 80000.0, 'create_time': '2020-06-21 16:00:10', 'is_valid': 1}, 'copyright': 'Copyright 柠檬班 © 2017-2020 湖南省零檬信息技术有限公司 All Rights Reserved'}
[2020-06-21 16:00:09,802]--test_invest.py--203--INFO:正在回写测试结果test_result：PASS
[2020-06-21 16:00:09,803]--test_invest.py--204--INFO:*************结束回写数据***************
[2020-06-21 16:00:10,008]--test_invest.py--41--INFO:******************正在执行invest模块用例******************
[2020-06-21 16:00:10,009]--test_invest.py--42--INFO:正在执行第21条用例:投资金额校验--投资金额输入大于用户余额,余额不足
[2020-06-21 16:00:10,009]--test_invest.py--43--INFO:请求的数据是{'case_id': 21, 'interface': 'invest', 'title': '投资金额校验--投资金额输入大于用户余额,余额不足', 'method': 'POST', 'url': '/member/invest', 'data': '{"member_id":"#member_id#","loan_id":"#loanid#","amount":"#min_amt#"}', 'headers': '{"X-Lemonban-Media-Type": "lemonban.v2","Authorization":"#token#"}', 'yes_or_no': 'NO', 'expected': '{"code": 0,"msg": "OK"}', 'actucal': "{'code': 2, 'msg': '该标可投金额不足,可投金额：80000.0', 'data': None, 'copyright': 'Copyright 柠檬班 © 2017-2020 湖南省零檬信息技术有限公司 All Rights Reserved'}", 'test_result': 'FAILED'}
[2020-06-21 16:00:10,009]--test_invest.py--133--INFO:======================正在查询原始投资记录条数=======================
[2020-06-21 16:00:10,024]--test_invest.py--137--INFO:账户id为173720的原始投资记录条数为74
[2020-06-21 16:00:10,025]--test_invest.py--140--INFO:======================正在查询原始投资流水记录条数=======================
[2020-06-21 16:00:10,047]--test_invest.py--144--INFO:账户id为173720的原始投资流水条数为74
[2020-06-21 16:00:10,071]--test_invest.py--195--ERROR:执行接口测试出现错误，错误是False is not true
[2020-06-21 16:00:10,072]--test_invest.py--197--ERROR:第21条用例执行结果为FAILED
[2020-06-21 16:00:10,073]--test_invest.py--199--INFO:*************开始回写数据***************
[2020-06-21 16:00:10,402]--test_invest.py--201--INFO:正在回写实际结果actual：{'code': 2, 'msg': '该标可投金额不足,可投金额：80000.0', 'data': None, 'copyright': 'Copyright 柠檬班 © 2017-2020 湖南省零檬信息技术有限公司 All Rights Reserved'}
[2020-06-21 16:00:10,736]--test_invest.py--203--INFO:正在回写测试结果test_result：FAILED
[2020-06-21 16:00:10,736]--test_invest.py--204--INFO:*************结束回写数据***************
