[2020-06-21 00:44:39,041]--test_invest.py--42--INFO:******************正在执行invest模块用例******************
[2020-06-21 00:44:39,042]--test_invest.py--43--INFO:正在执行第1条用例:用户id校验--输入已注册用户id
[2020-06-21 00:44:39,043]--test_invest.py--44--INFO:请求的数据是{'case_id': 1, 'interface': 'invest', 'title': '用户id校验--输入已注册用户id', 'method': 'POST', 'url': '/member/invest', 'data': '{"member_id":"#member_id#","loan_id":"#loanid#","amount":"1000"}', 'headers': '{"X-Lemonban-Media-Type": "lemonban.v2","Authorization":"#token#"}', 'yes_or_no': 'YES', 'expected': '{"code": 0,"msg": "OK"}', 'actucal': "{'code': 0, 'msg': 'OK', 'data': {'id': 1906, 'member_id': 13217, 'loan_id': 1245280, 'amount': 1000.0, 'create_time': '2020-06-21 00:14:31', 'is_valid': 1}, 'copyright': 'Copyright 柠檬班 © 2017-2020 湖南省零檬信息技术有限公司 All Rights Reserved'}", 'test_result': 'PASS'}
[2020-06-21 00:44:39,044]--test_invest.py--94--INFO:======================正在查询原始金额=======================
[2020-06-21 00:44:39,073]--test_invest.py--105--INFO:账户id为13217的账户原始金额是1931200.65
[2020-06-21 00:44:39,074]--test_invest.py--129--INFO:======================正在查询原始投资记录条数=======================
[2020-06-21 00:44:39,088]--test_invest.py--133--INFO:账户id为13217的原始投资记录条数为30
[2020-06-21 00:44:39,088]--test_invest.py--136--INFO:======================正在查询原始投资流水记录条数=======================
[2020-06-21 00:44:39,107]--test_invest.py--140--INFO:账户id为13217的原始投资流水条数为105
[2020-06-21 00:44:39,144]--test_invest.py--174--INFO:第1条用例执行结果为PASS
[2020-06-21 00:44:39,145]--test_invest.py--180--INFO:*************开始回写数据***************
[2020-06-21 00:44:39,609]--test_invest.py--42--INFO:******************正在执行invest模块用例******************
[2020-06-21 00:44:39,609]--test_invest.py--43--INFO:正在执行第2条用例:用户id校验--输入不存在的用户id
[2020-06-21 00:44:39,610]--test_invest.py--44--INFO:请求的数据是{'case_id': 2, 'interface': 'invest', 'title': '用户id校验--输入不存在的用户id', 'method': 'POST', 'url': '/member/invest', 'data': '{"member_id":"s13361","loan_id":"#loanid#","amount":"20000"}', 'headers': '{"X-Lemonban-Media-Type": "lemonban.v2","Authorization":"#token#"}', 'yes_or_no': 'NO', 'expected': '{"code": 2,"msg": "数值参数格式错误"}', 'actucal': "{'code': 2, 'msg': '数值参数格式错误', 'data': None, 'copyright': 'Copyright 柠檬班 © 2017-2020 湖南省零檬信息技术有限公司 All Rights Reserved'}", 'test_result': 'PASS'}
[2020-06-21 00:44:39,610]--test_invest.py--129--INFO:======================正在查询原始投资记录条数=======================
[2020-06-21 00:44:39,623]--test_invest.py--133--INFO:账户id为13217的原始投资记录条数为31
[2020-06-21 00:44:39,623]--test_invest.py--136--INFO:======================正在查询原始投资流水记录条数=======================
[2020-06-21 00:44:39,644]--test_invest.py--140--INFO:账户id为13217的原始投资流水条数为106
[2020-06-21 00:44:39,662]--test_invest.py--174--INFO:第2条用例执行结果为PASS
[2020-06-21 00:44:39,663]--test_invest.py--180--INFO:*************开始回写数据***************
[2020-06-21 00:44:39,921]--test_invest.py--42--INFO:******************正在执行invest模块用例******************
[2020-06-21 00:44:39,921]--test_invest.py--43--INFO:正在执行第3条用例:用户id校验--id输入为空
[2020-06-21 00:44:39,921]--test_invest.py--44--INFO:请求的数据是{'case_id': 3, 'interface': 'invest', 'title': '用户id校验--id输入为空', 'method': 'POST', 'url': '/member/invest', 'data': '{"member_id":"","loan_id":"#loanid#","amount":"100"}', 'headers': '{"X-Lemonban-Media-Type": "lemonban.v2","Authorization":"#token#"}', 'yes_or_no': 'NO', 'expected': '{"code": 2,"msg": "数值参数格式错误"}', 'actucal': "{'code': 2, 'msg': '数值参数格式错误', 'data': None, 'copyright': 'Copyright 柠檬班 © 2017-2020 湖南省零檬信息技术有限公司 All Rights Reserved'}", 'test_result': 'PASS'}
[2020-06-21 00:44:39,922]--test_invest.py--129--INFO:======================正在查询原始投资记录条数=======================
[2020-06-21 00:44:39,932]--test_invest.py--133--INFO:账户id为13217的原始投资记录条数为31
[2020-06-21 00:44:39,933]--test_invest.py--136--INFO:======================正在查询原始投资流水记录条数=======================
[2020-06-21 00:44:39,947]--test_invest.py--140--INFO:账户id为13217的原始投资流水条数为106
[2020-06-21 00:44:39,968]--test_invest.py--174--INFO:第3条用例执行结果为PASS
[2020-06-21 00:44:39,969]--test_invest.py--180--INFO:*************开始回写数据***************
[2020-06-21 00:44:40,246]--test_invest.py--42--INFO:******************正在执行invest模块用例******************
[2020-06-21 00:44:40,247]--test_invest.py--43--INFO:正在执行第4条用例:投资项目id校验--输入投标中状态2(竞标中)的项目id
[2020-06-21 00:44:40,247]--test_invest.py--44--INFO:请求的数据是{'case_id': 4, 'interface': 'invest', 'title': '投资项目id校验--输入投标中状态2(竞标中)的项目id', 'method': 'POST', 'url': '/member/invest', 'data': '{"member_id":"#member_id#","loan_id":"#loanid#","amount":"100"}', 'headers': '{"X-Lemonban-Media-Type": "lemonban.v2","Authorization":"#token#"}', 'yes_or_no': 'YES', 'expected': '{"code": 0,"msg": "OK"}', 'actucal': "{'code': 0, 'msg': 'OK', 'data': {'id': 1907, 'member_id': 13217, 'loan_id': 1245283, 'amount': 100.0, 'create_time': '2020-06-21 00:14:34', 'is_valid': 1}, 'copyright': 'Copyright 柠檬班 © 2017-2020 湖南省零檬信息技术有限公司 All Rights Reserved'}", 'test_result': 'PASS'}
[2020-06-21 00:44:40,247]--test_invest.py--94--INFO:======================正在查询原始金额=======================
[2020-06-21 00:44:40,269]--test_invest.py--105--INFO:账户id为13217的账户原始金额是1930200.65
[2020-06-21 00:44:40,269]--test_invest.py--129--INFO:======================正在查询原始投资记录条数=======================
[2020-06-21 00:44:40,287]--test_invest.py--133--INFO:账户id为13217的原始投资记录条数为31
[2020-06-21 00:44:40,288]--test_invest.py--136--INFO:======================正在查询原始投资流水记录条数=======================
[2020-06-21 00:44:40,309]--test_invest.py--140--INFO:账户id为13217的原始投资流水条数为106
[2020-06-21 00:44:40,341]--test_invest.py--174--INFO:第4条用例执行结果为PASS
[2020-06-21 00:44:40,342]--test_invest.py--180--INFO:*************开始回写数据***************
[2020-06-21 00:44:40,676]--test_invest.py--42--INFO:******************正在执行invest模块用例******************
[2020-06-21 00:44:40,677]--test_invest.py--43--INFO:正在执行第5条用例:投资项目id校验--输入非投标中状态为1(审核中)的项目id
[2020-06-21 00:44:40,677]--test_invest.py--44--INFO:请求的数据是{'case_id': 5, 'interface': 'invest', 'title': '投资项目id校验--输入非投标中状态为1(审核中)的项目id', 'method': 'POST', 'url': '/member/invest', 'data': '{"member_id":"#member_id#","loan_id":"#shz#","amount":"100"}', 'headers': '{"X-Lemonban-Media-Type": "lemonban.v2","Authorization":"#token#"}', 'yes_or_no': 'NO', 'expected': '{"code": 2,"msg": "该项目不在竞标中状态"}', 'actucal': "{'code': 2, 'msg': '该项目不在竞标中状态', 'data': None, 'copyright': 'Copyright 柠檬班 © 2017-2020 湖南省零檬信息技术有限公司 All Rights Reserved'}", 'test_result': 'PASS'}
[2020-06-21 00:44:40,686]--test_invest.py--129--INFO:======================正在查询原始投资记录条数=======================
[2020-06-21 00:44:40,695]--test_invest.py--133--INFO:账户id为13217的原始投资记录条数为32
[2020-06-21 00:44:40,696]--test_invest.py--136--INFO:======================正在查询原始投资流水记录条数=======================
[2020-06-21 00:44:40,710]--test_invest.py--140--INFO:账户id为13217的原始投资流水条数为107
[2020-06-21 00:44:40,731]--test_invest.py--174--INFO:第5条用例执行结果为PASS
[2020-06-21 00:44:40,731]--test_invest.py--180--INFO:*************开始回写数据***************
[2020-06-21 00:44:41,393]--test_invest.py--42--INFO:******************正在执行invest模块用例******************
[2020-06-21 00:44:41,393]--test_invest.py--43--INFO:正在执行第6条用例:投资项目id校验--输入非投标中状态3(还款中)的项目id
[2020-06-21 00:44:41,394]--test_invest.py--44--INFO:请求的数据是{'case_id': 6, 'interface': 'invest', 'title': '投资项目id校验--输入非投标中状态3(还款中)的项目id', 'method': 'POST', 'url': '/member/invest', 'data': '{"member_id":"#member_id#","loan_id":"#hkz#","amount":"100"}', 'headers': '{"X-Lemonban-Media-Type": "lemonban.v2","Authorization":"#token#"}', 'yes_or_no': 'NO', 'expected': '{"code": 2,"msg": "该项目不在竞标中状态"}', 'actucal': "{'code': 2, 'msg': '该项目不在竞标中状态', 'data': None, 'copyright': 'Copyright 柠檬班 © 2017-2020 湖南省零檬信息技术有限公司 All Rights Reserved'}", 'test_result': 'PASS'}
[2020-06-21 00:44:41,411]--test_invest.py--129--INFO:======================正在查询原始投资记录条数=======================
[2020-06-21 00:44:41,427]--test_invest.py--133--INFO:账户id为13217的原始投资记录条数为32
[2020-06-21 00:44:41,428]--test_invest.py--136--INFO:======================正在查询原始投资流水记录条数=======================
[2020-06-21 00:44:41,450]--test_invest.py--140--INFO:账户id为13217的原始投资流水条数为107
[2020-06-21 00:44:41,472]--test_invest.py--174--INFO:第6条用例执行结果为PASS
[2020-06-21 00:44:41,472]--test_invest.py--180--INFO:*************开始回写数据***************
[2020-06-21 00:44:41,750]--test_invest.py--42--INFO:******************正在执行invest模块用例******************
[2020-06-21 00:44:41,750]--test_invest.py--43--INFO:正在执行第7条用例:投资项目id校验--输入非投标中状态4(还款完成)的项目id
[2020-06-21 00:44:41,751]--test_invest.py--44--INFO:请求的数据是{'case_id': 7, 'interface': 'invest', 'title': '投资项目id校验--输入非投标中状态4(还款完成)的项目id', 'method': 'POST', 'url': '/member/invest', 'data': '{"member_id":"#member_id#","loan_id":"#hwc#","amount":"100"}', 'headers': '{"X-Lemonban-Media-Type": "lemonban.v2","Authorization":"#token#"}', 'yes_or_no': 'NO', 'expected': '{"code": 2,"msg": "该项目不在竞标中状态"}', 'actucal': "{'code': 2, 'msg': '该项目不在竞标中状态', 'data': None, 'copyright': 'Copyright 柠檬班 © 2017-2020 湖南省零檬信息技术有限公司 All Rights Reserved'}", 'test_result': 'PASS'}
[2020-06-21 00:44:41,761]--test_invest.py--129--INFO:======================正在查询原始投资记录条数=======================
[2020-06-21 00:44:41,770]--test_invest.py--133--INFO:账户id为13217的原始投资记录条数为32
[2020-06-21 00:44:41,771]--test_invest.py--136--INFO:======================正在查询原始投资流水记录条数=======================
[2020-06-21 00:44:41,786]--test_invest.py--140--INFO:账户id为13217的原始投资流水条数为107
[2020-06-21 00:44:41,808]--test_invest.py--174--INFO:第7条用例执行结果为PASS
[2020-06-21 00:44:41,808]--test_invest.py--180--INFO:*************开始回写数据***************
[2020-06-21 00:44:42,070]--test_invest.py--42--INFO:******************正在执行invest模块用例******************
[2020-06-21 00:44:42,070]--test_invest.py--43--INFO:正在执行第8条用例:投资项目id校验--输入非投标中状态5(审核不通过)的项目id
[2020-06-21 00:44:42,071]--test_invest.py--44--INFO:请求的数据是{'case_id': 8, 'interface': 'invest', 'title': '投资项目id校验--输入非投标中状态5(审核不通过)的项目id', 'method': 'POST', 'url': '/member/invest', 'data': '{"member_id":"#member_id#","loan_id":"#btg#","amount":"100"}', 'headers': '{"X-Lemonban-Media-Type": "lemonban.v2","Authorization":"#token#"}', 'yes_or_no': 'NO', 'expected': '{"code": 2,"msg": "该项目不在竞标中状态"}', 'actucal': "{'code': 2, 'msg': '该项目不在竞标中状态', 'data': None, 'copyright': 'Copyright 柠檬班 © 2017-2020 湖南省零檬信息技术有限公司 All Rights Reserved'}", 'test_result': 'PASS'}
[2020-06-21 00:44:42,080]--test_invest.py--129--INFO:======================正在查询原始投资记录条数=======================
[2020-06-21 00:44:42,090]--test_invest.py--133--INFO:账户id为13217的原始投资记录条数为32
[2020-06-21 00:44:42,090]--test_invest.py--136--INFO:======================正在查询原始投资流水记录条数=======================
[2020-06-21 00:44:42,105]--test_invest.py--140--INFO:账户id为13217的原始投资流水条数为107
[2020-06-21 00:44:42,129]--test_invest.py--174--INFO:第8条用例执行结果为PASS
[2020-06-21 00:44:42,130]--test_invest.py--180--INFO:*************开始回写数据***************
[2020-06-21 00:44:42,396]--test_invest.py--42--INFO:******************正在执行invest模块用例******************
[2020-06-21 00:44:42,397]--test_invest.py--43--INFO:正在执行第9条用例:投资项目id校验--输入用户自己创建的项目id
[2020-06-21 00:44:42,397]--test_invest.py--44--INFO:请求的数据是{'case_id': 9, 'interface': 'invest', 'title': '投资项目id校验--输入用户自己创建的项目id', 'method': 'POST', 'url': '/member/invest', 'data': '{"member_id":"#member_id#","loan_id":"#loanid#","amount":"100"}', 'headers': '{"X-Lemonban-Media-Type": "lemonban.v2","Authorization":"#token#"}', 'yes_or_no': 'YES', 'expected': '{"code": 0,"msg": "OK"}', 'actucal': "{'code': 0, 'msg': 'OK', 'data': {'id': 1908, 'member_id': 13217, 'loan_id': 1245288, 'amount': 100.0, 'create_time': '2020-06-21 00:14:39', 'is_valid': 1}, 'copyright': 'Copyright 柠檬班 © 2017-2020 湖南省零檬信息技术有限公司 All Rights Reserved'}", 'test_result': 'PASS'}
[2020-06-21 00:44:42,397]--test_invest.py--94--INFO:======================正在查询原始金额=======================
[2020-06-21 00:44:42,411]--test_invest.py--105--INFO:账户id为13217的账户原始金额是1930100.65
[2020-06-21 00:44:42,412]--test_invest.py--129--INFO:======================正在查询原始投资记录条数=======================
[2020-06-21 00:44:42,426]--test_invest.py--133--INFO:账户id为13217的原始投资记录条数为32
[2020-06-21 00:44:42,427]--test_invest.py--136--INFO:======================正在查询原始投资流水记录条数=======================
[2020-06-21 00:44:42,448]--test_invest.py--140--INFO:账户id为13217的原始投资流水条数为107
[2020-06-21 00:44:42,486]--test_invest.py--174--INFO:第9条用例执行结果为PASS
[2020-06-21 00:44:42,487]--test_invest.py--180--INFO:*************开始回写数据***************
[2020-06-21 00:44:42,856]--test_invest.py--42--INFO:******************正在执行invest模块用例******************
[2020-06-21 00:44:42,857]--test_invest.py--43--INFO:正在执行第10条用例:投资项目id校验--输入其他用户创建的项目id
[2020-06-21 00:44:42,857]--test_invest.py--44--INFO:请求的数据是{'case_id': 10, 'interface': 'invest', 'title': '投资项目id校验--输入其他用户创建的项目id', 'method': 'POST', 'url': '/member/invest', 'data': '{"member_id":"#member_id#","loan_id":"#other_id#","amount":"600"}', 'headers': '{"X-Lemonban-Media-Type": "lemonban.v2","Authorization":"#token#"}', 'yes_or_no': 'YES', 'expected': '{"code": 0,"msg": "OK"}', 'actucal': "{'code': 0, 'msg': 'OK', 'data': {'id': 1909, 'member_id': 13217, 'loan_id': 14, 'amount': 100.0, 'create_time': '2020-06-21 00:14:41', 'is_valid': 1}, 'copyright': 'Copyright 柠檬班 © 2017-2020 湖南省零檬信息技术有限公司 All Rights Reserved'}", 'test_result': 'PASS'}
[2020-06-21 00:44:42,857]--test_invest.py--94--INFO:======================正在查询原始金额=======================
[2020-06-21 00:44:42,874]--test_invest.py--105--INFO:账户id为13217的账户原始金额是1930000.65
[2020-06-21 00:44:42,890]--test_invest.py--129--INFO:======================正在查询原始投资记录条数=======================
[2020-06-21 00:44:42,905]--test_invest.py--133--INFO:账户id为13217的原始投资记录条数为33
[2020-06-21 00:44:42,906]--test_invest.py--136--INFO:======================正在查询原始投资流水记录条数=======================
[2020-06-21 00:44:42,929]--test_invest.py--140--INFO:账户id为13217的原始投资流水条数为108
[2020-06-21 00:44:42,963]--test_invest.py--174--INFO:第10条用例执行结果为PASS
[2020-06-21 00:44:42,963]--test_invest.py--180--INFO:*************开始回写数据***************
[2020-06-21 00:44:43,267]--test_invest.py--42--INFO:******************正在执行invest模块用例******************
[2020-06-21 00:44:43,267]--test_invest.py--43--INFO:正在执行第11条用例:投资项目id校验--输入不存在的项目id
[2020-06-21 00:44:43,268]--test_invest.py--44--INFO:请求的数据是{'case_id': 11, 'interface': 'invest', 'title': '投资项目id校验--输入不存在的项目id', 'method': 'POST', 'url': '/member/invest', 'data': '{"member_id":"#member_id#","loan_id":"888888888","amount":"100"}', 'headers': '{"X-Lemonban-Media-Type": "lemonban.v2","Authorization":"#token#"}', 'yes_or_no': 'NO', 'expected': '{"code": 2,"msg": "项目不存在"}', 'actucal': "{'code': 2, 'msg': '项目不存在', 'data': None, 'copyright': 'Copyright 柠檬班 © 2017-2020 湖南省零檬信息技术有限公司 All Rights Reserved'}", 'test_result': 'PASS'}
[2020-06-21 00:44:43,268]--test_invest.py--129--INFO:======================正在查询原始投资记录条数=======================
[2020-06-21 00:44:43,276]--test_invest.py--133--INFO:账户id为13217的原始投资记录条数为34
[2020-06-21 00:44:43,276]--test_invest.py--136--INFO:======================正在查询原始投资流水记录条数=======================
[2020-06-21 00:44:43,290]--test_invest.py--140--INFO:账户id为13217的原始投资流水条数为109
[2020-06-21 00:44:43,311]--test_invest.py--174--INFO:第11条用例执行结果为PASS
[2020-06-21 00:44:43,311]--test_invest.py--180--INFO:*************开始回写数据***************
[2020-06-21 00:44:43,559]--test_invest.py--42--INFO:******************正在执行invest模块用例******************
[2020-06-21 00:44:43,559]--test_invest.py--43--INFO:正在执行第12条用例:投资项目id校验--项目id输入为空
[2020-06-21 00:44:43,559]--test_invest.py--44--INFO:请求的数据是{'case_id': 12, 'interface': 'invest', 'title': '投资项目id校验--项目id输入为空', 'method': 'POST', 'url': '/member/invest', 'data': '{"member_id":"#member_id#","loan_id":"","amount":"100"}', 'headers': '{"X-Lemonban-Media-Type": "lemonban.v2","Authorization":"#token#"}', 'yes_or_no': 'NO', 'expected': '{"code": 2,"msg": "数值参数格式错误"}', 'actucal': "{'code': 2, 'msg': '数值参数格式错误', 'data': None, 'copyright': 'Copyright 柠檬班 © 2017-2020 湖南省零檬信息技术有限公司 All Rights Reserved'}", 'test_result': 'PASS'}
[2020-06-21 00:44:43,559]--test_invest.py--129--INFO:======================正在查询原始投资记录条数=======================
[2020-06-21 00:44:43,574]--test_invest.py--133--INFO:账户id为13217的原始投资记录条数为34
[2020-06-21 00:44:43,575]--test_invest.py--136--INFO:======================正在查询原始投资流水记录条数=======================
[2020-06-21 00:44:43,596]--test_invest.py--140--INFO:账户id为13217的原始投资流水条数为109
[2020-06-21 00:44:43,615]--test_invest.py--174--INFO:第12条用例执行结果为PASS
[2020-06-21 00:44:43,616]--test_invest.py--180--INFO:*************开始回写数据***************
[2020-06-21 00:44:43,861]--test_invest.py--42--INFO:******************正在执行invest模块用例******************
[2020-06-21 00:44:43,862]--test_invest.py--43--INFO:正在执行第13条用例:投资金额校验--投资金额输入为空
[2020-06-21 00:44:43,862]--test_invest.py--44--INFO:请求的数据是{'case_id': 13, 'interface': 'invest', 'title': '投资金额校验--投资金额输入为空', 'method': 'POST', 'url': '/member/invest', 'data': '{"member_id":"#member_id#","loan_id":"#loanid#","amount":""}', 'headers': '{"X-Lemonban-Media-Type": "lemonban.v2","Authorization":"#token#"}', 'yes_or_no': 'NO', 'expected': '{"code": 2,"msg": "数值参数格式错误"}', 'actucal': "{'code': 2, 'msg': '数值参数格式错误', 'data': None, 'copyright': 'Copyright 柠檬班 © 2017-2020 湖南省零檬信息技术有限公司 All Rights Reserved'}", 'test_result': 'PASS'}
[2020-06-21 00:44:43,862]--test_invest.py--129--INFO:======================正在查询原始投资记录条数=======================
[2020-06-21 00:44:43,871]--test_invest.py--133--INFO:账户id为13217的原始投资记录条数为34
[2020-06-21 00:44:43,871]--test_invest.py--136--INFO:======================正在查询原始投资流水记录条数=======================
[2020-06-21 00:44:43,887]--test_invest.py--140--INFO:账户id为13217的原始投资流水条数为109
[2020-06-21 00:44:43,904]--test_invest.py--174--INFO:第13条用例执行结果为PASS
[2020-06-21 00:44:43,904]--test_invest.py--180--INFO:*************开始回写数据***************
[2020-06-21 00:44:44,139]--test_invest.py--42--INFO:******************正在执行invest模块用例******************
[2020-06-21 00:44:44,139]--test_invest.py--43--INFO:正在执行第14条用例:投资金额校验--投资金额输入为能被100整除的正整数
[2020-06-21 00:44:44,139]--test_invest.py--44--INFO:请求的数据是{'case_id': 14, 'interface': 'invest', 'title': '投资金额校验--投资金额输入为能被100整除的正整数', 'method': 'POST', 'url': '/member/invest', 'data': '{"member_id":"#member_id#","loan_id":"#loanid#","amount":"200"}', 'headers': '{"X-Lemonban-Media-Type": "lemonban.v2","Authorization":"#token#"}', 'yes_or_no': 'YES', 'expected': '{"code": 0,"msg": "OK"}', 'actucal': "{'code': 0, 'msg': 'OK', 'data': {'id': 1910, 'member_id': 13217, 'loan_id': 1245293, 'amount': 200.0, 'create_time': '2020-06-21 00:14:45', 'is_valid': 1}, 'copyright': 'Copyright 柠檬班 © 2017-2020 湖南省零檬信息技术有限公司 All Rights Reserved'}", 'test_result': 'PASS'}
[2020-06-21 00:44:44,139]--test_invest.py--94--INFO:======================正在查询原始金额=======================
[2020-06-21 00:44:44,149]--test_invest.py--105--INFO:账户id为13217的账户原始金额是1929400.65
[2020-06-21 00:44:44,149]--test_invest.py--129--INFO:======================正在查询原始投资记录条数=======================
[2020-06-21 00:44:44,159]--test_invest.py--133--INFO:账户id为13217的原始投资记录条数为34
[2020-06-21 00:44:44,159]--test_invest.py--136--INFO:======================正在查询原始投资流水记录条数=======================
[2020-06-21 00:44:44,175]--test_invest.py--140--INFO:账户id为13217的原始投资流水条数为109
[2020-06-21 00:44:44,210]--test_invest.py--174--INFO:第14条用例执行结果为PASS
[2020-06-21 00:44:44,210]--test_invest.py--180--INFO:*************开始回写数据***************
[2020-06-21 00:44:44,533]--test_invest.py--42--INFO:******************正在执行invest模块用例******************
[2020-06-21 00:44:44,533]--test_invest.py--43--INFO:正在执行第15条用例:投资金额校验--投资金额输入为不能被100整除的正整数
[2020-06-21 00:44:44,582]--test_invest.py--44--INFO:请求的数据是{'case_id': 15, 'interface': 'invest', 'title': '投资金额校验--投资金额输入为不能被100整除的正整数', 'method': 'POST', 'url': '/member/invest', 'data': '{"member_id":"#member_id#","loan_id":"#loanid#","amount":"101"}', 'headers': '{"X-Lemonban-Media-Type": "lemonban.v2","Authorization":"#token#"}', 'yes_or_no': 'NO', 'expected': '{"code": 2,"msg": "充值金额必须大于100，并且可以被100整除"}', 'actucal': "{'code': 2, 'msg': '充值金额必须大于100，并且可以被100整除', 'data': None, 'copyright': 'Copyright 柠檬班 © 2017-2020 湖南省零檬信息技术有限公司 All Rights Reserved'}", 'test_result': 'PASS'}
[2020-06-21 00:44:44,582]--test_invest.py--129--INFO:======================正在查询原始投资记录条数=======================
[2020-06-21 00:44:44,593]--test_invest.py--133--INFO:账户id为13217的原始投资记录条数为35
[2020-06-21 00:44:44,594]--test_invest.py--136--INFO:======================正在查询原始投资流水记录条数=======================
[2020-06-21 00:44:44,610]--test_invest.py--140--INFO:账户id为13217的原始投资流水条数为110
[2020-06-21 00:44:44,628]--test_invest.py--174--INFO:第15条用例执行结果为PASS
[2020-06-21 00:44:44,629]--test_invest.py--180--INFO:*************开始回写数据***************
[2020-06-21 00:44:44,875]--test_invest.py--42--INFO:******************正在执行invest模块用例******************
[2020-06-21 00:44:44,876]--test_invest.py--43--INFO:正在执行第16条用例:投资金额校验--投资金额输入负数
[2020-06-21 00:44:44,876]--test_invest.py--44--INFO:请求的数据是{'case_id': 16, 'interface': 'invest', 'title': '投资金额校验--投资金额输入负数', 'method': 'POST', 'url': '/member/invest', 'data': '{"member_id":"#member_id#","loan_id":"#loanid#","amount":"-100"}', 'headers': '{"X-Lemonban-Media-Type": "lemonban.v2","Authorization":"#token#"}', 'yes_or_no': 'NO', 'expected': '{"code": 2,"msg": "充值金额必须大于100，并且可以被100整除"}', 'actucal': "{'code': 2, 'msg': '充值金额必须大于100，并且可以被100整除', 'data': None, 'copyright': 'Copyright 柠檬班 © 2017-2020 湖南省零檬信息技术有限公司 All Rights Reserved'}", 'test_result': 'PASS'}
[2020-06-21 00:44:44,877]--test_invest.py--129--INFO:======================正在查询原始投资记录条数=======================
[2020-06-21 00:44:44,889]--test_invest.py--133--INFO:账户id为13217的原始投资记录条数为35
[2020-06-21 00:44:44,889]--test_invest.py--136--INFO:======================正在查询原始投资流水记录条数=======================
[2020-06-21 00:44:44,908]--test_invest.py--140--INFO:账户id为13217的原始投资流水条数为110
[2020-06-21 00:44:44,929]--test_invest.py--174--INFO:第16条用例执行结果为PASS
[2020-06-21 00:44:44,929]--test_invest.py--180--INFO:*************开始回写数据***************
[2020-06-21 00:44:45,187]--test_invest.py--42--INFO:******************正在执行invest模块用例******************
[2020-06-21 00:44:45,188]--test_invest.py--43--INFO:正在执行第17条用例:投资金额校验--投资金额输入小数
[2020-06-21 00:44:45,188]--test_invest.py--44--INFO:请求的数据是{'case_id': 17, 'interface': 'invest', 'title': '投资金额校验--投资金额输入小数', 'method': 'POST', 'url': '/member/invest', 'data': '{"member_id":"#member_id#","loan_id":"#loanid#","amount":"100.88"}', 'headers': '{"X-Lemonban-Media-Type": "lemonban.v2","Authorization":"#token#"}', 'yes_or_no': 'NO', 'expected': '{"code": 2,"msg": "充值金额必须大于100，并且可以被100整除"}', 'actucal': "{'code': 2, 'msg': '充值金额必须大于100，并且可以被100整除', 'data': None, 'copyright': 'Copyright 柠檬班 © 2017-2020 湖南省零檬信息技术有限公司 All Rights Reserved'}", 'test_result': 'PASS'}
[2020-06-21 00:44:45,188]--test_invest.py--129--INFO:======================正在查询原始投资记录条数=======================
[2020-06-21 00:44:45,197]--test_invest.py--133--INFO:账户id为13217的原始投资记录条数为35
[2020-06-21 00:44:45,198]--test_invest.py--136--INFO:======================正在查询原始投资流水记录条数=======================
[2020-06-21 00:44:45,213]--test_invest.py--140--INFO:账户id为13217的原始投资流水条数为110
[2020-06-21 00:44:45,231]--test_invest.py--174--INFO:第17条用例执行结果为PASS
[2020-06-21 00:44:45,231]--test_invest.py--180--INFO:*************开始回写数据***************
[2020-06-21 00:44:45,560]--test_invest.py--42--INFO:******************正在执行invest模块用例******************
[2020-06-21 00:44:45,561]--test_invest.py--43--INFO:正在执行第18条用例:投资金额校验--投资金额输入非法字符
[2020-06-21 00:44:45,561]--test_invest.py--44--INFO:请求的数据是{'case_id': 18, 'interface': 'invest', 'title': '投资金额校验--投资金额输入非法字符', 'method': 'POST', 'url': '/member/invest', 'data': '{"member_id":"#member_id#","loan_id":"#loanid#","amount":"ddd"}', 'headers': '{"X-Lemonban-Media-Type": "lemonban.v2","Authorization":"#token#"}', 'yes_or_no': 'NO', 'expected': '{"code": 2,"msg": "数值参数格式错误"}', 'actucal': "{'code': 2, 'msg': '数值参数格式错误', 'data': None, 'copyright': 'Copyright 柠檬班 © 2017-2020 湖南省零檬信息技术有限公司 All Rights Reserved'}", 'test_result': 'PASS'}
[2020-06-21 00:44:45,561]--test_invest.py--129--INFO:======================正在查询原始投资记录条数=======================
[2020-06-21 00:44:45,577]--test_invest.py--133--INFO:账户id为13217的原始投资记录条数为35
[2020-06-21 00:44:45,577]--test_invest.py--136--INFO:======================正在查询原始投资流水记录条数=======================
[2020-06-21 00:44:45,598]--test_invest.py--140--INFO:账户id为13217的原始投资流水条数为110
[2020-06-21 00:44:45,622]--test_invest.py--174--INFO:第18条用例执行结果为PASS
[2020-06-21 00:44:45,622]--test_invest.py--180--INFO:*************开始回写数据***************
[2020-06-21 00:44:45,896]--test_invest.py--42--INFO:******************正在执行invest模块用例******************
[2020-06-21 00:44:45,896]--test_invest.py--43--INFO:正在执行第19条用例:投资金额校验--投资金额输入大于可投标金额
[2020-06-21 00:44:45,896]--test_invest.py--44--INFO:请求的数据是{'case_id': 19, 'interface': 'invest', 'title': '投资金额校验--投资金额输入大于可投标金额', 'method': 'POST', 'url': '/member/invest', 'data': '{"member_id":"#member_id#","loan_id":"#otherid#","amount":"#max_amt#"}', 'headers': '{"X-Lemonban-Media-Type": "lemonban.v2","Authorization":"#token#"}', 'yes_or_no': 'NO', 'expected': '{"code": 2,"msg": "该标可投金额不足,可投金额：9800.0"}', 'actucal': "{'code': 2, 'msg': '该标可投金额不足,可投金额：9700.0', 'data': None, 'copyright': 'Copyright 柠檬班 © 2017-2020 湖南省零檬信息技术有限公司 All Rights Reserved'}", 'test_result': 'FAILED'}
[2020-06-21 00:44:45,912]--test_invest.py--129--INFO:======================正在查询原始投资记录条数=======================
[2020-06-21 00:44:45,927]--test_invest.py--133--INFO:账户id为13217的原始投资记录条数为35
[2020-06-21 00:44:45,927]--test_invest.py--136--INFO:======================正在查询原始投资流水记录条数=======================
[2020-06-21 00:44:45,948]--test_invest.py--140--INFO:账户id为13217的原始投资流水条数为110
[2020-06-21 00:44:45,972]--test_invest.py--176--ERROR:执行接口测试出现错误，错误是False is not true
[2020-06-21 00:44:45,973]--test_invest.py--178--ERROR:第19条用例执行结果为FAILED
[2020-06-21 00:44:45,973]--test_invest.py--180--INFO:*************开始回写数据***************
[2020-06-21 00:44:46,233]--test_invest.py--42--INFO:******************正在执行invest模块用例******************
[2020-06-21 00:44:46,233]--test_invest.py--43--INFO:正在执行第20条用例:投资金额校验--投资金额输入等于可投标金额,投标完成
[2020-06-21 00:44:46,234]--test_invest.py--44--INFO:请求的数据是{'case_id': 20, 'interface': 'invest', 'title': '投资金额校验--投资金额输入等于可投标金额,投标完成', 'method': 'POST', 'url': '/member/invest', 'data': '{"member_id":"#member_id#","loan_id":"#loanid#","amount":"#amount#"}', 'headers': '{"X-Lemonban-Media-Type": "lemonban.v2","Authorization":"#token#"}', 'yes_or_no': 'YES', 'expected': '{"code": 0,"msg": "OK"}', 'actucal': "{'code': 0, 'msg': 'OK', 'data': {'id': 1911, 'member_id': 13217, 'loan_id': 1245299, 'amount': 80000.0, 'create_time': '2020-06-21 00:14:53', 'is_valid': 1}, 'copyright': 'Copyright 柠檬班 © 2017-2020 湖南省零檬信息技术有限公司 All Rights Reserved'}", 'test_result': 'PASS'}
[2020-06-21 00:44:46,249]--test_invest.py--94--INFO:======================正在查询原始金额=======================
[2020-06-21 00:44:46,264]--test_invest.py--105--INFO:账户id为13217的账户原始金额是1929200.65
[2020-06-21 00:44:46,265]--test_invest.py--129--INFO:======================正在查询原始投资记录条数=======================
[2020-06-21 00:44:46,282]--test_invest.py--133--INFO:账户id为13217的原始投资记录条数为35
[2020-06-21 00:44:46,282]--test_invest.py--136--INFO:======================正在查询原始投资流水记录条数=======================
[2020-06-21 00:44:46,312]--test_invest.py--140--INFO:账户id为13217的原始投资流水条数为110
[2020-06-21 00:44:46,400]--test_invest.py--174--INFO:第20条用例执行结果为PASS
[2020-06-21 00:44:46,400]--test_invest.py--180--INFO:*************开始回写数据***************
[2020-06-21 00:44:46,863]--test_invest.py--42--INFO:******************正在执行invest模块用例******************
[2020-06-21 00:44:46,863]--test_invest.py--43--INFO:正在执行第21条用例:投资金额校验--投资金额输入大于用户余额,余额不足
[2020-06-21 00:44:46,863]--test_invest.py--44--INFO:请求的数据是{'case_id': 21, 'interface': 'invest', 'title': '投资金额校验--投资金额输入大于用户余额,余额不足', 'method': 'POST', 'url': '/member/invest', 'data': '{"member_id":"#member_id#","loan_id":"#loanid#","amount":"#min_amt#"}', 'headers': '{"X-Lemonban-Media-Type": "lemonban.v2","Authorization":"#token#"}', 'yes_or_no': 'NO', 'expected': '{"code": 0,"msg": "OK"}', 'actucal': "{'code': 2, 'msg': '数值参数格式错误', 'data': None, 'copyright': 'Copyright 柠檬班 © 2017-2020 湖南省零檬信息技术有限公司 All Rights Reserved'}", 'test_result': 'FAILED'}
[2020-06-21 00:44:46,864]--test_invest.py--129--INFO:======================正在查询原始投资记录条数=======================
[2020-06-21 00:44:46,879]--test_invest.py--133--INFO:账户id为13217的原始投资记录条数为36
[2020-06-21 00:44:46,879]--test_invest.py--136--INFO:======================正在查询原始投资流水记录条数=======================
[2020-06-21 00:44:46,903]--test_invest.py--140--INFO:账户id为13217的原始投资流水条数为111
[2020-06-21 00:44:46,921]--test_invest.py--176--ERROR:执行接口测试出现错误，错误是False is not true
[2020-06-21 00:44:46,922]--test_invest.py--178--ERROR:第21条用例执行结果为FAILED
[2020-06-21 00:44:46,922]--test_invest.py--180--INFO:*************开始回写数据***************
