[2020-06-21 08:56:02,079]--test_invest.py--42--INFO:******************正在执行invest模块用例******************
[2020-06-21 08:56:02,080]--test_invest.py--43--INFO:正在执行第1条用例:用户id校验--输入已注册用户id
[2020-06-21 08:56:02,080]--test_invest.py--44--INFO:请求的数据是{'case_id': 1, 'interface': 'invest', 'title': '用户id校验--输入已注册用户id', 'method': 'POST', 'url': '/member/invest', 'data': '{"member_id":"#member_id#","loan_id":"#loanid#","amount":"1000"}', 'headers': '{"X-Lemonban-Media-Type": "lemonban.v2","Authorization":"#token#"}', 'yes_or_no': 'YES', 'expected': '{"code": 0,"msg": "OK"}', 'actucal': "{'code': 0, 'msg': 'OK', 'data': {'id': 1918, 'member_id': 13217, 'loan_id': 1245401, 'amount': 1000.0, 'create_time': '2020-06-21 00:45:12', 'is_valid': 1}, 'copyright': 'Copyright 柠檬班 © 2017-2020 湖南省零檬信息技术有限公司 All Rights Reserved'}", 'test_result': 'PASS'}
[2020-06-21 08:56:02,122]--test_invest.py--94--INFO:======================正在查询原始金额=======================
[2020-06-21 08:56:02,191]--test_invest.py--102--INFO:账户id为173720的账户原始金额是0.00
[2020-06-21 08:56:02,192]--test_invest.py--129--INFO:======================正在查询原始投资记录条数=======================
[2020-06-21 08:56:02,201]--test_invest.py--133--INFO:账户id为173720的原始投资记录条数为1
[2020-06-21 08:56:02,202]--test_invest.py--136--INFO:======================正在查询原始投资流水记录条数=======================
[2020-06-21 08:56:02,219]--test_invest.py--140--INFO:账户id为173720的原始投资流水条数为1
[2020-06-21 08:56:02,258]--test_invest.py--160--INFO:======================正在查询提现后金额=======================
[2020-06-21 08:56:02,267]--test_invest.py--164--INFO:账户id为173720的账户提现后的金额是-1000.00
[2020-06-21 08:56:02,268]--test_invest.py--165--INFO:账户id为173720的账户原始金额-提现金额后的余额是-1000.00
[2020-06-21 08:56:02,268]--test_invest.py--166--INFO:======================正在金额比对=======================
[2020-06-21 08:56:02,268]--test_invest.py--168--INFO:======================金额比对通过=======================
[2020-06-21 08:56:02,268]--test_invest.py--169--INFO:======================正在查询提现后流水记录=======================
[2020-06-21 08:56:02,284]--test_invest.py--173--INFO:账户id为173720的提现后流水条数为2
[2020-06-21 08:56:02,285]--test_invest.py--174--INFO:======================正在提现流水比对=======================
[2020-06-21 08:56:02,285]--test_invest.py--183--INFO:*************开始回写数据***************
[2020-06-21 08:56:02,670]--test_invest.py--185--INFO:正在回写实际结果actual：{'code': 0, 'msg': 'OK', 'data': {'id': 1930, 'member_id': 173720, 'loan_id': 1245753, 'amount': 1000.0, 'create_time': '2020-06-21 08:56:03', 'is_valid': 1}, 'copyright': 'Copyright 柠檬班 © 2017-2020 湖南省零檬信息技术有限公司 All Rights Reserved'}
[2020-06-21 08:56:03,914]--test_invest.py--42--INFO:******************正在执行invest模块用例******************
[2020-06-21 08:56:03,915]--test_invest.py--43--INFO:正在执行第2条用例:用户id校验--输入不存在的用户id
[2020-06-21 08:56:03,915]--test_invest.py--44--INFO:请求的数据是{'case_id': 2, 'interface': 'invest', 'title': '用户id校验--输入不存在的用户id', 'method': 'POST', 'url': '/member/invest', 'data': '{"member_id":"s13361","loan_id":"#loanid#","amount":"20000"}', 'headers': '{"X-Lemonban-Media-Type": "lemonban.v2","Authorization":"#token#"}', 'yes_or_no': 'NO', 'expected': '{"code": 2,"msg": "数值参数格式错误"}', 'actucal': "{'code': 2, 'msg': '数值参数格式错误', 'data': None, 'copyright': 'Copyright 柠檬班 © 2017-2020 湖南省零檬信息技术有限公司 All Rights Reserved'}", 'test_result': 'PASS'}
[2020-06-21 08:56:03,915]--test_invest.py--129--INFO:======================正在查询原始投资记录条数=======================
[2020-06-21 08:56:03,924]--test_invest.py--133--INFO:账户id为173720的原始投资记录条数为2
[2020-06-21 08:56:03,925]--test_invest.py--136--INFO:======================正在查询原始投资流水记录条数=======================
[2020-06-21 08:56:03,940]--test_invest.py--140--INFO:账户id为173720的原始投资流水条数为2
[2020-06-21 08:56:03,957]--test_invest.py--177--INFO:第2条用例执行结果为PASS
[2020-06-21 08:56:03,957]--test_invest.py--183--INFO:*************开始回写数据***************
[2020-06-21 08:56:04,332]--test_invest.py--185--INFO:正在回写实际结果actual：{'code': 2, 'msg': '数值参数格式错误', 'data': None, 'copyright': 'Copyright 柠檬班 © 2017-2020 湖南省零檬信息技术有限公司 All Rights Reserved'}
[2020-06-21 08:56:04,696]--test_invest.py--187--INFO:正在回写测试结果test_result：PASS
[2020-06-21 08:56:04,696]--test_invest.py--188--INFO:*************结束回写数据***************
[2020-06-21 08:56:04,824]--test_invest.py--42--INFO:******************正在执行invest模块用例******************
[2020-06-21 08:56:04,825]--test_invest.py--43--INFO:正在执行第3条用例:用户id校验--id输入为空
[2020-06-21 08:56:04,825]--test_invest.py--44--INFO:请求的数据是{'case_id': 3, 'interface': 'invest', 'title': '用户id校验--id输入为空', 'method': 'POST', 'url': '/member/invest', 'data': '{"member_id":"","loan_id":"#loanid#","amount":"100"}', 'headers': '{"X-Lemonban-Media-Type": "lemonban.v2","Authorization":"#token#"}', 'yes_or_no': 'NO', 'expected': '{"code": 2,"msg": "数值参数格式错误"}', 'actucal': "{'code': 2, 'msg': '数值参数格式错误', 'data': None, 'copyright': 'Copyright 柠檬班 © 2017-2020 湖南省零檬信息技术有限公司 All Rights Reserved'}", 'test_result': 'PASS'}
[2020-06-21 08:56:04,825]--test_invest.py--129--INFO:======================正在查询原始投资记录条数=======================
[2020-06-21 08:56:04,835]--test_invest.py--133--INFO:账户id为173720的原始投资记录条数为2
[2020-06-21 08:56:04,836]--test_invest.py--136--INFO:======================正在查询原始投资流水记录条数=======================
[2020-06-21 08:56:04,852]--test_invest.py--140--INFO:账户id为173720的原始投资流水条数为2
[2020-06-21 08:56:04,869]--test_invest.py--177--INFO:第3条用例执行结果为PASS
[2020-06-21 08:56:04,870]--test_invest.py--183--INFO:*************开始回写数据***************
[2020-06-21 08:56:05,233]--test_invest.py--185--INFO:正在回写实际结果actual：{'code': 2, 'msg': '数值参数格式错误', 'data': None, 'copyright': 'Copyright 柠檬班 © 2017-2020 湖南省零檬信息技术有限公司 All Rights Reserved'}
[2020-06-21 08:56:05,613]--test_invest.py--187--INFO:正在回写测试结果test_result：PASS
[2020-06-21 08:56:05,614]--test_invest.py--188--INFO:*************结束回写数据***************
[2020-06-21 08:56:05,757]--test_invest.py--42--INFO:******************正在执行invest模块用例******************
[2020-06-21 08:56:05,757]--test_invest.py--43--INFO:正在执行第4条用例:投资项目id校验--输入投标中状态2(竞标中)的项目id
[2020-06-21 08:56:05,758]--test_invest.py--44--INFO:请求的数据是{'case_id': 4, 'interface': 'invest', 'title': '投资项目id校验--输入投标中状态2(竞标中)的项目id', 'method': 'POST', 'url': '/member/invest', 'data': '{"member_id":"#member_id#","loan_id":"#loanid#","amount":"100"}', 'headers': '{"X-Lemonban-Media-Type": "lemonban.v2","Authorization":"#token#"}', 'yes_or_no': 'YES', 'expected': '{"code": 0,"msg": "OK"}', 'actucal': "{'code': 0, 'msg': 'OK', 'data': {'id': 1919, 'member_id': 13217, 'loan_id': 1245404, 'amount': 100.0, 'create_time': '2020-06-21 00:45:16', 'is_valid': 1}, 'copyright': 'Copyright 柠檬班 © 2017-2020 湖南省零檬信息技术有限公司 All Rights Reserved'}", 'test_result': 'PASS'}
[2020-06-21 08:56:05,758]--test_invest.py--94--INFO:======================正在查询原始金额=======================
[2020-06-21 08:56:05,808]--test_invest.py--102--INFO:账户id为173720的账户原始金额是9000.00
[2020-06-21 08:56:05,809]--test_invest.py--129--INFO:======================正在查询原始投资记录条数=======================
[2020-06-21 08:56:05,819]--test_invest.py--133--INFO:账户id为173720的原始投资记录条数为2
[2020-06-21 08:56:05,819]--test_invest.py--136--INFO:======================正在查询原始投资流水记录条数=======================
[2020-06-21 08:56:05,834]--test_invest.py--140--INFO:账户id为173720的原始投资流水条数为2
[2020-06-21 08:56:05,868]--test_invest.py--160--INFO:======================正在查询提现后金额=======================
[2020-06-21 08:56:05,876]--test_invest.py--164--INFO:账户id为173720的账户提现后的金额是8900.00
[2020-06-21 08:56:05,877]--test_invest.py--165--INFO:账户id为173720的账户原始金额-提现金额后的余额是8900.00
[2020-06-21 08:56:05,877]--test_invest.py--166--INFO:======================正在金额比对=======================
[2020-06-21 08:56:05,877]--test_invest.py--168--INFO:======================金额比对通过=======================
[2020-06-21 08:56:05,877]--test_invest.py--169--INFO:======================正在查询提现后流水记录=======================
[2020-06-21 08:56:05,892]--test_invest.py--173--INFO:账户id为173720的提现后流水条数为3
[2020-06-21 08:56:05,892]--test_invest.py--174--INFO:======================正在提现流水比对=======================
[2020-06-21 08:56:05,893]--test_invest.py--183--INFO:*************开始回写数据***************
[2020-06-21 08:56:06,333]--test_invest.py--185--INFO:正在回写实际结果actual：{'code': 0, 'msg': 'OK', 'data': {'id': 1931, 'member_id': 173720, 'loan_id': 1245756, 'amount': 100.0, 'create_time': '2020-06-21 08:56:07', 'is_valid': 1}, 'copyright': 'Copyright 柠檬班 © 2017-2020 湖南省零檬信息技术有限公司 All Rights Reserved'}
[2020-06-21 08:56:06,690]--test_invest.py--187--INFO:正在回写测试结果test_result：PASS
[2020-06-21 08:56:06,690]--test_invest.py--188--INFO:*************结束回写数据***************
[2020-06-21 08:56:07,919]--test_invest.py--42--INFO:******************正在执行invest模块用例******************
[2020-06-21 08:56:07,920]--test_invest.py--43--INFO:正在执行第5条用例:投资项目id校验--输入非投标中状态为1(审核中)的项目id
[2020-06-21 08:56:07,920]--test_invest.py--44--INFO:请求的数据是{'case_id': 5, 'interface': 'invest', 'title': '投资项目id校验--输入非投标中状态为1(审核中)的项目id', 'method': 'POST', 'url': '/member/invest', 'data': '{"member_id":"#member_id#","loan_id":"#shz#","amount":"100"}', 'headers': '{"X-Lemonban-Media-Type": "lemonban.v2","Authorization":"#token#"}', 'yes_or_no': 'NO', 'expected': '{"code": 2,"msg": "该项目不在竞标中状态"}', 'actucal': "{'code': 2, 'msg': '该项目不在竞标中状态', 'data': None, 'copyright': 'Copyright 柠檬班 © 2017-2020 湖南省零檬信息技术有限公司 All Rights Reserved'}", 'test_result': 'PASS'}
[2020-06-21 08:56:07,929]--test_invest.py--129--INFO:======================正在查询原始投资记录条数=======================
[2020-06-21 08:56:07,938]--test_invest.py--133--INFO:账户id为173720的原始投资记录条数为3
[2020-06-21 08:56:07,939]--test_invest.py--136--INFO:======================正在查询原始投资流水记录条数=======================
[2020-06-21 08:56:07,956]--test_invest.py--140--INFO:账户id为173720的原始投资流水条数为3
[2020-06-21 08:56:08,030]--test_invest.py--177--INFO:第5条用例执行结果为PASS
[2020-06-21 08:56:08,031]--test_invest.py--183--INFO:*************开始回写数据***************
[2020-06-21 08:56:08,383]--test_invest.py--185--INFO:正在回写实际结果actual：{'code': 2, 'msg': '该项目不在竞标中状态', 'data': None, 'copyright': 'Copyright 柠檬班 © 2017-2020 湖南省零檬信息技术有限公司 All Rights Reserved'}
[2020-06-21 08:56:08,720]--test_invest.py--187--INFO:正在回写测试结果test_result：PASS
[2020-06-21 08:56:08,720]--test_invest.py--188--INFO:*************结束回写数据***************
[2020-06-21 08:56:08,858]--test_invest.py--42--INFO:******************正在执行invest模块用例******************
[2020-06-21 08:56:08,859]--test_invest.py--43--INFO:正在执行第6条用例:投资项目id校验--输入非投标中状态3(还款中)的项目id
[2020-06-21 08:56:08,859]--test_invest.py--44--INFO:请求的数据是{'case_id': 6, 'interface': 'invest', 'title': '投资项目id校验--输入非投标中状态3(还款中)的项目id', 'method': 'POST', 'url': '/member/invest', 'data': '{"member_id":"#member_id#","loan_id":"#hkz#","amount":"100"}', 'headers': '{"X-Lemonban-Media-Type": "lemonban.v2","Authorization":"#token#"}', 'yes_or_no': 'NO', 'expected': '{"code": 2,"msg": "该项目不在竞标中状态"}', 'actucal': "{'code': 2, 'msg': '该项目不在竞标中状态', 'data': None, 'copyright': 'Copyright 柠檬班 © 2017-2020 湖南省零檬信息技术有限公司 All Rights Reserved'}", 'test_result': 'PASS'}
[2020-06-21 08:56:08,869]--test_invest.py--129--INFO:======================正在查询原始投资记录条数=======================
[2020-06-21 08:56:08,880]--test_invest.py--133--INFO:账户id为173720的原始投资记录条数为3
[2020-06-21 08:56:08,881]--test_invest.py--136--INFO:======================正在查询原始投资流水记录条数=======================
[2020-06-21 08:56:08,897]--test_invest.py--140--INFO:账户id为173720的原始投资流水条数为3
[2020-06-21 08:56:08,923]--test_invest.py--177--INFO:第6条用例执行结果为PASS
[2020-06-21 08:56:08,924]--test_invest.py--183--INFO:*************开始回写数据***************
[2020-06-21 08:56:09,304]--test_invest.py--185--INFO:正在回写实际结果actual：{'code': 2, 'msg': '该项目不在竞标中状态', 'data': None, 'copyright': 'Copyright 柠檬班 © 2017-2020 湖南省零檬信息技术有限公司 All Rights Reserved'}
[2020-06-21 08:56:09,675]--test_invest.py--187--INFO:正在回写测试结果test_result：PASS
[2020-06-21 08:56:09,675]--test_invest.py--188--INFO:*************结束回写数据***************
[2020-06-21 08:56:09,803]--test_invest.py--42--INFO:******************正在执行invest模块用例******************
[2020-06-21 08:56:09,804]--test_invest.py--43--INFO:正在执行第7条用例:投资项目id校验--输入非投标中状态4(还款完成)的项目id
[2020-06-21 08:56:09,804]--test_invest.py--44--INFO:请求的数据是{'case_id': 7, 'interface': 'invest', 'title': '投资项目id校验--输入非投标中状态4(还款完成)的项目id', 'method': 'POST', 'url': '/member/invest', 'data': '{"member_id":"#member_id#","loan_id":"#hwc#","amount":"100"}', 'headers': '{"X-Lemonban-Media-Type": "lemonban.v2","Authorization":"#token#"}', 'yes_or_no': 'NO', 'expected': '{"code": 2,"msg": "该项目不在竞标中状态"}', 'actucal': "{'code': 2, 'msg': '该项目不在竞标中状态', 'data': None, 'copyright': 'Copyright 柠檬班 © 2017-2020 湖南省零檬信息技术有限公司 All Rights Reserved'}", 'test_result': 'PASS'}
[2020-06-21 08:56:09,815]--test_invest.py--129--INFO:======================正在查询原始投资记录条数=======================
[2020-06-21 08:56:09,824]--test_invest.py--133--INFO:账户id为173720的原始投资记录条数为3
[2020-06-21 08:56:09,824]--test_invest.py--136--INFO:======================正在查询原始投资流水记录条数=======================
[2020-06-21 08:56:09,839]--test_invest.py--140--INFO:账户id为173720的原始投资流水条数为3
[2020-06-21 08:56:09,862]--test_invest.py--177--INFO:第7条用例执行结果为PASS
[2020-06-21 08:56:09,862]--test_invest.py--183--INFO:*************开始回写数据***************
[2020-06-21 08:56:10,221]--test_invest.py--185--INFO:正在回写实际结果actual：{'code': 2, 'msg': '该项目不在竞标中状态', 'data': None, 'copyright': 'Copyright 柠檬班 © 2017-2020 湖南省零檬信息技术有限公司 All Rights Reserved'}
[2020-06-21 08:56:10,646]--test_invest.py--187--INFO:正在回写测试结果test_result：PASS
[2020-06-21 08:56:10,647]--test_invest.py--188--INFO:*************结束回写数据***************
[2020-06-21 08:56:10,785]--test_invest.py--42--INFO:******************正在执行invest模块用例******************
[2020-06-21 08:56:10,786]--test_invest.py--43--INFO:正在执行第8条用例:投资项目id校验--输入非投标中状态5(审核不通过)的项目id
[2020-06-21 08:56:10,786]--test_invest.py--44--INFO:请求的数据是{'case_id': 8, 'interface': 'invest', 'title': '投资项目id校验--输入非投标中状态5(审核不通过)的项目id', 'method': 'POST', 'url': '/member/invest', 'data': '{"member_id":"#member_id#","loan_id":"#btg#","amount":"100"}', 'headers': '{"X-Lemonban-Media-Type": "lemonban.v2","Authorization":"#token#"}', 'yes_or_no': 'NO', 'expected': '{"code": 2,"msg": "该项目不在竞标中状态"}', 'actucal': "{'code': 2, 'msg': '该项目不在竞标中状态', 'data': None, 'copyright': 'Copyright 柠檬班 © 2017-2020 湖南省零檬信息技术有限公司 All Rights Reserved'}", 'test_result': 'PASS'}
[2020-06-21 08:56:10,801]--test_invest.py--129--INFO:======================正在查询原始投资记录条数=======================
[2020-06-21 08:56:10,817]--test_invest.py--133--INFO:账户id为173720的原始投资记录条数为3
[2020-06-21 08:56:10,818]--test_invest.py--136--INFO:======================正在查询原始投资流水记录条数=======================
[2020-06-21 08:56:10,840]--test_invest.py--140--INFO:账户id为173720的原始投资流水条数为3
[2020-06-21 08:56:10,861]--test_invest.py--177--INFO:第8条用例执行结果为PASS
[2020-06-21 08:56:10,861]--test_invest.py--183--INFO:*************开始回写数据***************
[2020-06-21 08:56:11,212]--test_invest.py--185--INFO:正在回写实际结果actual：{'code': 2, 'msg': '该项目不在竞标中状态', 'data': None, 'copyright': 'Copyright 柠檬班 © 2017-2020 湖南省零檬信息技术有限公司 All Rights Reserved'}
[2020-06-21 08:56:11,554]--test_invest.py--187--INFO:正在回写测试结果test_result：PASS
[2020-06-21 08:56:11,554]--test_invest.py--188--INFO:*************结束回写数据***************
[2020-06-21 08:56:11,694]--test_invest.py--42--INFO:******************正在执行invest模块用例******************
[2020-06-21 08:56:11,694]--test_invest.py--43--INFO:正在执行第9条用例:投资项目id校验--输入用户自己创建的项目id
[2020-06-21 08:56:11,694]--test_invest.py--44--INFO:请求的数据是{'case_id': 9, 'interface': 'invest', 'title': '投资项目id校验--输入用户自己创建的项目id', 'method': 'POST', 'url': '/member/invest', 'data': '{"member_id":"#member_id#","loan_id":"#loanid#","amount":"100"}', 'headers': '{"X-Lemonban-Media-Type": "lemonban.v2","Authorization":"#token#"}', 'yes_or_no': 'YES', 'expected': '{"code": 0,"msg": "OK"}', 'actucal': "{'code': 0, 'msg': 'OK', 'data': {'id': 1920, 'member_id': 13217, 'loan_id': 1245409, 'amount': 100.0, 'create_time': '2020-06-21 00:45:23', 'is_valid': 1}, 'copyright': 'Copyright 柠檬班 © 2017-2020 湖南省零檬信息技术有限公司 All Rights Reserved'}", 'test_result': 'PASS'}
[2020-06-21 08:56:11,695]--test_invest.py--94--INFO:======================正在查询原始金额=======================
[2020-06-21 08:56:11,753]--test_invest.py--102--INFO:账户id为173720的账户原始金额是18900.00
[2020-06-21 08:56:11,754]--test_invest.py--129--INFO:======================正在查询原始投资记录条数=======================
[2020-06-21 08:56:11,769]--test_invest.py--133--INFO:账户id为173720的原始投资记录条数为3
[2020-06-21 08:56:11,769]--test_invest.py--136--INFO:======================正在查询原始投资流水记录条数=======================
[2020-06-21 08:56:11,798]--test_invest.py--140--INFO:账户id为173720的原始投资流水条数为3
[2020-06-21 08:56:11,832]--test_invest.py--160--INFO:======================正在查询提现后金额=======================
[2020-06-21 08:56:11,846]--test_invest.py--164--INFO:账户id为173720的账户提现后的金额是18800.00
[2020-06-21 08:56:11,846]--test_invest.py--165--INFO:账户id为173720的账户原始金额-提现金额后的余额是18800.00
[2020-06-21 08:56:11,847]--test_invest.py--166--INFO:======================正在金额比对=======================
[2020-06-21 08:56:11,847]--test_invest.py--168--INFO:======================金额比对通过=======================
[2020-06-21 08:56:11,847]--test_invest.py--169--INFO:======================正在查询提现后流水记录=======================
[2020-06-21 08:56:11,868]--test_invest.py--173--INFO:账户id为173720的提现后流水条数为4
[2020-06-21 08:56:11,869]--test_invest.py--174--INFO:======================正在提现流水比对=======================
[2020-06-21 08:56:11,869]--test_invest.py--183--INFO:*************开始回写数据***************
[2020-06-21 08:56:12,227]--test_invest.py--185--INFO:正在回写实际结果actual：{'code': 0, 'msg': 'OK', 'data': {'id': 1932, 'member_id': 173720, 'loan_id': 1245761, 'amount': 100.0, 'create_time': '2020-06-21 08:56:13', 'is_valid': 1}, 'copyright': 'Copyright 柠檬班 © 2017-2020 湖南省零檬信息技术有限公司 All Rights Reserved'}
[2020-06-21 08:56:12,564]--test_invest.py--187--INFO:正在回写测试结果test_result：PASS
[2020-06-21 08:56:12,565]--test_invest.py--188--INFO:*************结束回写数据***************
[2020-06-21 08:56:12,757]--test_invest.py--42--INFO:******************正在执行invest模块用例******************
[2020-06-21 08:56:12,758]--test_invest.py--43--INFO:正在执行第10条用例:投资项目id校验--输入其他用户创建的项目id
[2020-06-21 08:56:12,758]--test_invest.py--44--INFO:请求的数据是{'case_id': 10, 'interface': 'invest', 'title': '投资项目id校验--输入其他用户创建的项目id', 'method': 'POST', 'url': '/member/invest', 'data': '{"member_id":"#member_id#","loan_id":"#other_id#","amount":"600"}', 'headers': '{"X-Lemonban-Media-Type": "lemonban.v2","Authorization":"#token#"}', 'yes_or_no': 'YES', 'expected': '{"code": 0,"msg": "OK"}', 'actucal': "{'code': 0, 'msg': 'OK', 'data': {'id': 1921, 'member_id': 13217, 'loan_id': 14, 'amount': 600.0, 'create_time': '2020-06-21 00:45:24', 'is_valid': 1}, 'copyright': 'Copyright 柠檬班 © 2017-2020 湖南省零檬信息技术有限公司 All Rights Reserved'}", 'test_result': 'PASS'}
[2020-06-21 08:56:12,758]--test_invest.py--94--INFO:======================正在查询原始金额=======================
[2020-06-21 08:56:12,802]--test_invest.py--102--INFO:账户id为173720的账户原始金额是28800.00
[2020-06-21 08:56:12,811]--test_invest.py--129--INFO:======================正在查询原始投资记录条数=======================
[2020-06-21 08:56:12,819]--test_invest.py--133--INFO:账户id为173720的原始投资记录条数为4
[2020-06-21 08:56:12,819]--test_invest.py--136--INFO:======================正在查询原始投资流水记录条数=======================
[2020-06-21 08:56:12,834]--test_invest.py--140--INFO:账户id为173720的原始投资流水条数为4
[2020-06-21 08:56:12,868]--test_invest.py--160--INFO:======================正在查询提现后金额=======================
[2020-06-21 08:56:12,877]--test_invest.py--164--INFO:账户id为173720的账户提现后的金额是28200.00
[2020-06-21 08:56:12,877]--test_invest.py--165--INFO:账户id为173720的账户原始金额-提现金额后的余额是28200.00
[2020-06-21 08:56:12,878]--test_invest.py--166--INFO:======================正在金额比对=======================
[2020-06-21 08:56:12,878]--test_invest.py--168--INFO:======================金额比对通过=======================
[2020-06-21 08:56:12,878]--test_invest.py--169--INFO:======================正在查询提现后流水记录=======================
[2020-06-21 08:56:12,893]--test_invest.py--173--INFO:账户id为173720的提现后流水条数为5
[2020-06-21 08:56:12,893]--test_invest.py--174--INFO:======================正在提现流水比对=======================
[2020-06-21 08:56:12,894]--test_invest.py--183--INFO:*************开始回写数据***************
[2020-06-21 08:56:13,244]--test_invest.py--185--INFO:正在回写实际结果actual：{'code': 0, 'msg': 'OK', 'data': {'id': 1933, 'member_id': 173720, 'loan_id': 14, 'amount': 600.0, 'create_time': '2020-06-21 08:56:14', 'is_valid': 1}, 'copyright': 'Copyright 柠檬班 © 2017-2020 湖南省零檬信息技术有限公司 All Rights Reserved'}
[2020-06-21 08:56:13,597]--test_invest.py--187--INFO:正在回写测试结果test_result：PASS
[2020-06-21 08:56:13,597]--test_invest.py--188--INFO:*************结束回写数据***************
[2020-06-21 08:56:13,805]--test_invest.py--42--INFO:******************正在执行invest模块用例******************
[2020-06-21 08:56:13,805]--test_invest.py--43--INFO:正在执行第11条用例:投资项目id校验--输入不存在的项目id
[2020-06-21 08:56:13,805]--test_invest.py--44--INFO:请求的数据是{'case_id': 11, 'interface': 'invest', 'title': '投资项目id校验--输入不存在的项目id', 'method': 'POST', 'url': '/member/invest', 'data': '{"member_id":"#member_id#","loan_id":"888888888","amount":"100"}', 'headers': '{"X-Lemonban-Media-Type": "lemonban.v2","Authorization":"#token#"}', 'yes_or_no': 'NO', 'expected': '{"code": 2,"msg": "项目不存在"}', 'actucal': "{'code': 2, 'msg': '项目不存在', 'data': None, 'copyright': 'Copyright 柠檬班 © 2017-2020 湖南省零檬信息技术有限公司 All Rights Reserved'}", 'test_result': 'PASS'}
[2020-06-21 08:56:13,806]--test_invest.py--129--INFO:======================正在查询原始投资记录条数=======================
[2020-06-21 08:56:13,819]--test_invest.py--133--INFO:账户id为173720的原始投资记录条数为5
[2020-06-21 08:56:13,819]--test_invest.py--136--INFO:======================正在查询原始投资流水记录条数=======================
[2020-06-21 08:56:13,837]--test_invest.py--140--INFO:账户id为173720的原始投资流水条数为5
[2020-06-21 08:56:13,857]--test_invest.py--177--INFO:第11条用例执行结果为PASS
[2020-06-21 08:56:13,858]--test_invest.py--183--INFO:*************开始回写数据***************
[2020-06-21 08:56:14,232]--test_invest.py--185--INFO:正在回写实际结果actual：{'code': 2, 'msg': '项目不存在', 'data': None, 'copyright': 'Copyright 柠檬班 © 2017-2020 湖南省零檬信息技术有限公司 All Rights Reserved'}
[2020-06-21 08:56:14,576]--test_invest.py--187--INFO:正在回写测试结果test_result：PASS
[2020-06-21 08:56:14,576]--test_invest.py--188--INFO:*************结束回写数据***************
[2020-06-21 08:56:14,704]--test_invest.py--42--INFO:******************正在执行invest模块用例******************
[2020-06-21 08:56:14,704]--test_invest.py--43--INFO:正在执行第12条用例:投资项目id校验--项目id输入为空
[2020-06-21 08:56:14,705]--test_invest.py--44--INFO:请求的数据是{'case_id': 12, 'interface': 'invest', 'title': '投资项目id校验--项目id输入为空', 'method': 'POST', 'url': '/member/invest', 'data': '{"member_id":"#member_id#","loan_id":"","amount":"100"}', 'headers': '{"X-Lemonban-Media-Type": "lemonban.v2","Authorization":"#token#"}', 'yes_or_no': 'NO', 'expected': '{"code": 2,"msg": "数值参数格式错误"}', 'actucal': "{'code': 2, 'msg': '数值参数格式错误', 'data': None, 'copyright': 'Copyright 柠檬班 © 2017-2020 湖南省零檬信息技术有限公司 All Rights Reserved'}", 'test_result': 'PASS'}
[2020-06-21 08:56:14,705]--test_invest.py--129--INFO:======================正在查询原始投资记录条数=======================
[2020-06-21 08:56:14,718]--test_invest.py--133--INFO:账户id为173720的原始投资记录条数为5
[2020-06-21 08:56:14,719]--test_invest.py--136--INFO:======================正在查询原始投资流水记录条数=======================
[2020-06-21 08:56:14,734]--test_invest.py--140--INFO:账户id为173720的原始投资流水条数为5
[2020-06-21 08:56:14,751]--test_invest.py--177--INFO:第12条用例执行结果为PASS
[2020-06-21 08:56:14,752]--test_invest.py--183--INFO:*************开始回写数据***************
[2020-06-21 08:56:15,182]--test_invest.py--185--INFO:正在回写实际结果actual：{'code': 2, 'msg': '数值参数格式错误', 'data': None, 'copyright': 'Copyright 柠檬班 © 2017-2020 湖南省零檬信息技术有限公司 All Rights Reserved'}
[2020-06-21 08:56:15,527]--test_invest.py--187--INFO:正在回写测试结果test_result：PASS
[2020-06-21 08:56:15,527]--test_invest.py--188--INFO:*************结束回写数据***************
[2020-06-21 08:56:15,659]--test_invest.py--42--INFO:******************正在执行invest模块用例******************
[2020-06-21 08:56:15,659]--test_invest.py--43--INFO:正在执行第13条用例:投资金额校验--投资金额输入为空
[2020-06-21 08:56:15,660]--test_invest.py--44--INFO:请求的数据是{'case_id': 13, 'interface': 'invest', 'title': '投资金额校验--投资金额输入为空', 'method': 'POST', 'url': '/member/invest', 'data': '{"member_id":"#member_id#","loan_id":"#loanid#","amount":""}', 'headers': '{"X-Lemonban-Media-Type": "lemonban.v2","Authorization":"#token#"}', 'yes_or_no': 'NO', 'expected': '{"code": 2,"msg": "数值参数格式错误"}', 'actucal': "{'code': 2, 'msg': '数值参数格式错误', 'data': None, 'copyright': 'Copyright 柠檬班 © 2017-2020 湖南省零檬信息技术有限公司 All Rights Reserved'}", 'test_result': 'PASS'}
[2020-06-21 08:56:15,660]--test_invest.py--129--INFO:======================正在查询原始投资记录条数=======================
[2020-06-21 08:56:15,675]--test_invest.py--133--INFO:账户id为173720的原始投资记录条数为5
[2020-06-21 08:56:15,675]--test_invest.py--136--INFO:======================正在查询原始投资流水记录条数=======================
[2020-06-21 08:56:15,697]--test_invest.py--140--INFO:账户id为173720的原始投资流水条数为5
[2020-06-21 08:56:15,715]--test_invest.py--177--INFO:第13条用例执行结果为PASS
[2020-06-21 08:56:15,716]--test_invest.py--183--INFO:*************开始回写数据***************
[2020-06-21 08:56:16,074]--test_invest.py--185--INFO:正在回写实际结果actual：{'code': 2, 'msg': '数值参数格式错误', 'data': None, 'copyright': 'Copyright 柠檬班 © 2017-2020 湖南省零檬信息技术有限公司 All Rights Reserved'}
[2020-06-21 08:56:16,413]--test_invest.py--187--INFO:正在回写测试结果test_result：PASS
[2020-06-21 08:56:16,415]--test_invest.py--188--INFO:*************结束回写数据***************
[2020-06-21 08:56:16,562]--test_invest.py--42--INFO:******************正在执行invest模块用例******************
[2020-06-21 08:56:16,562]--test_invest.py--43--INFO:正在执行第14条用例:投资金额校验--投资金额输入为能被100整除的正整数
[2020-06-21 08:56:16,562]--test_invest.py--44--INFO:请求的数据是{'case_id': 14, 'interface': 'invest', 'title': '投资金额校验--投资金额输入为能被100整除的正整数', 'method': 'POST', 'url': '/member/invest', 'data': '{"member_id":"#member_id#","loan_id":"#loanid#","amount":"200"}', 'headers': '{"X-Lemonban-Media-Type": "lemonban.v2","Authorization":"#token#"}', 'yes_or_no': 'YES', 'expected': '{"code": 0,"msg": "OK"}', 'actucal': "{'code': 0, 'msg': 'OK', 'data': {'id': 1922, 'member_id': 13217, 'loan_id': 1245414, 'amount': 200.0, 'create_time': '2020-06-21 00:45:29', 'is_valid': 1}, 'copyright': 'Copyright 柠檬班 © 2017-2020 湖南省零檬信息技术有限公司 All Rights Reserved'}", 'test_result': 'PASS'}
[2020-06-21 08:56:16,563]--test_invest.py--94--INFO:======================正在查询原始金额=======================
[2020-06-21 08:56:16,613]--test_invest.py--102--INFO:账户id为173720的账户原始金额是38200.00
[2020-06-21 08:56:16,613]--test_invest.py--129--INFO:======================正在查询原始投资记录条数=======================
[2020-06-21 08:56:16,622]--test_invest.py--133--INFO:账户id为173720的原始投资记录条数为5
[2020-06-21 08:56:16,622]--test_invest.py--136--INFO:======================正在查询原始投资流水记录条数=======================
[2020-06-21 08:56:16,638]--test_invest.py--140--INFO:账户id为173720的原始投资流水条数为5
[2020-06-21 08:56:16,672]--test_invest.py--160--INFO:======================正在查询提现后金额=======================
[2020-06-21 08:56:16,680]--test_invest.py--164--INFO:账户id为173720的账户提现后的金额是38000.00
[2020-06-21 08:56:16,681]--test_invest.py--165--INFO:账户id为173720的账户原始金额-提现金额后的余额是38000.00
[2020-06-21 08:56:16,681]--test_invest.py--166--INFO:======================正在金额比对=======================
[2020-06-21 08:56:16,681]--test_invest.py--168--INFO:======================金额比对通过=======================
[2020-06-21 08:56:16,681]--test_invest.py--169--INFO:======================正在查询提现后流水记录=======================
[2020-06-21 08:56:16,702]--test_invest.py--173--INFO:账户id为173720的提现后流水条数为6
[2020-06-21 08:56:16,703]--test_invest.py--174--INFO:======================正在提现流水比对=======================
[2020-06-21 08:56:16,703]--test_invest.py--183--INFO:*************开始回写数据***************
[2020-06-21 08:56:17,048]--test_invest.py--185--INFO:正在回写实际结果actual：{'code': 0, 'msg': 'OK', 'data': {'id': 1934, 'member_id': 173720, 'loan_id': 1245766, 'amount': 200.0, 'create_time': '2020-06-21 08:56:18', 'is_valid': 1}, 'copyright': 'Copyright 柠檬班 © 2017-2020 湖南省零檬信息技术有限公司 All Rights Reserved'}
[2020-06-21 08:56:17,393]--test_invest.py--187--INFO:正在回写测试结果test_result：PASS
[2020-06-21 08:56:17,393]--test_invest.py--188--INFO:*************结束回写数据***************
[2020-06-21 08:56:17,581]--test_invest.py--42--INFO:******************正在执行invest模块用例******************
[2020-06-21 08:56:17,582]--test_invest.py--43--INFO:正在执行第15条用例:投资金额校验--投资金额输入为不能被100整除的正整数
[2020-06-21 08:56:17,582]--test_invest.py--44--INFO:请求的数据是{'case_id': 15, 'interface': 'invest', 'title': '投资金额校验--投资金额输入为不能被100整除的正整数', 'method': 'POST', 'url': '/member/invest', 'data': '{"member_id":"#member_id#","loan_id":"#loanid#","amount":"101"}', 'headers': '{"X-Lemonban-Media-Type": "lemonban.v2","Authorization":"#token#"}', 'yes_or_no': 'NO', 'expected': '{"code": 2,"msg": "充值金额必须大于100，并且可以被100整除"}', 'actucal': "{'code': 2, 'msg': '充值金额必须大于100，并且可以被100整除', 'data': None, 'copyright': 'Copyright 柠檬班 © 2017-2020 湖南省零檬信息技术有限公司 All Rights Reserved'}", 'test_result': 'PASS'}
[2020-06-21 08:56:17,582]--test_invest.py--129--INFO:======================正在查询原始投资记录条数=======================
[2020-06-21 08:56:17,592]--test_invest.py--133--INFO:账户id为173720的原始投资记录条数为6
[2020-06-21 08:56:17,592]--test_invest.py--136--INFO:======================正在查询原始投资流水记录条数=======================
[2020-06-21 08:56:17,609]--test_invest.py--140--INFO:账户id为173720的原始投资流水条数为6
[2020-06-21 08:56:17,629]--test_invest.py--177--INFO:第15条用例执行结果为PASS
[2020-06-21 08:56:17,629]--test_invest.py--183--INFO:*************开始回写数据***************
[2020-06-21 08:56:17,993]--test_invest.py--185--INFO:正在回写实际结果actual：{'code': 2, 'msg': '充值金额必须大于100，并且可以被100整除', 'data': None, 'copyright': 'Copyright 柠檬班 © 2017-2020 湖南省零檬信息技术有限公司 All Rights Reserved'}
[2020-06-21 08:56:18,333]--test_invest.py--187--INFO:正在回写测试结果test_result：PASS
[2020-06-21 08:56:18,334]--test_invest.py--188--INFO:*************结束回写数据***************
[2020-06-21 08:56:18,742]--test_invest.py--42--INFO:******************正在执行invest模块用例******************
[2020-06-21 08:56:18,742]--test_invest.py--43--INFO:正在执行第16条用例:投资金额校验--投资金额输入负数
[2020-06-21 08:56:18,742]--test_invest.py--44--INFO:请求的数据是{'case_id': 16, 'interface': 'invest', 'title': '投资金额校验--投资金额输入负数', 'method': 'POST', 'url': '/member/invest', 'data': '{"member_id":"#member_id#","loan_id":"#loanid#","amount":"-100"}', 'headers': '{"X-Lemonban-Media-Type": "lemonban.v2","Authorization":"#token#"}', 'yes_or_no': 'NO', 'expected': '{"code": 2,"msg": "充值金额必须大于100，并且可以被100整除"}', 'actucal': "{'code': 2, 'msg': '充值金额必须大于100，并且可以被100整除', 'data': None, 'copyright': 'Copyright 柠檬班 © 2017-2020 湖南省零檬信息技术有限公司 All Rights Reserved'}", 'test_result': 'PASS'}
[2020-06-21 08:56:18,743]--test_invest.py--129--INFO:======================正在查询原始投资记录条数=======================
[2020-06-21 08:56:18,751]--test_invest.py--133--INFO:账户id为173720的原始投资记录条数为6
[2020-06-21 08:56:18,752]--test_invest.py--136--INFO:======================正在查询原始投资流水记录条数=======================
[2020-06-21 08:56:18,772]--test_invest.py--140--INFO:账户id为173720的原始投资流水条数为6
[2020-06-21 08:56:18,792]--test_invest.py--177--INFO:第16条用例执行结果为PASS
[2020-06-21 08:56:18,793]--test_invest.py--183--INFO:*************开始回写数据***************
[2020-06-21 08:56:19,171]--test_invest.py--185--INFO:正在回写实际结果actual：{'code': 2, 'msg': '充值金额必须大于100，并且可以被100整除', 'data': None, 'copyright': 'Copyright 柠檬班 © 2017-2020 湖南省零檬信息技术有限公司 All Rights Reserved'}
[2020-06-21 08:56:19,507]--test_invest.py--187--INFO:正在回写测试结果test_result：PASS
[2020-06-21 08:56:19,507]--test_invest.py--188--INFO:*************结束回写数据***************
[2020-06-21 08:56:19,645]--test_invest.py--42--INFO:******************正在执行invest模块用例******************
[2020-06-21 08:56:19,646]--test_invest.py--43--INFO:正在执行第17条用例:投资金额校验--投资金额输入小数
[2020-06-21 08:56:19,646]--test_invest.py--44--INFO:请求的数据是{'case_id': 17, 'interface': 'invest', 'title': '投资金额校验--投资金额输入小数', 'method': 'POST', 'url': '/member/invest', 'data': '{"member_id":"#member_id#","loan_id":"#loanid#","amount":"100.88"}', 'headers': '{"X-Lemonban-Media-Type": "lemonban.v2","Authorization":"#token#"}', 'yes_or_no': 'NO', 'expected': '{"code": 2,"msg": "充值金额必须大于100，并且可以被100整除"}', 'actucal': "{'code': 2, 'msg': '充值金额必须大于100，并且可以被100整除', 'data': None, 'copyright': 'Copyright 柠檬班 © 2017-2020 湖南省零檬信息技术有限公司 All Rights Reserved'}", 'test_result': 'PASS'}
[2020-06-21 08:56:19,646]--test_invest.py--129--INFO:======================正在查询原始投资记录条数=======================
[2020-06-21 08:56:19,663]--test_invest.py--133--INFO:账户id为173720的原始投资记录条数为6
[2020-06-21 08:56:19,663]--test_invest.py--136--INFO:======================正在查询原始投资流水记录条数=======================
[2020-06-21 08:56:19,688]--test_invest.py--140--INFO:账户id为173720的原始投资流水条数为6
[2020-06-21 08:56:19,705]--test_invest.py--177--INFO:第17条用例执行结果为PASS
[2020-06-21 08:56:19,705]--test_invest.py--183--INFO:*************开始回写数据***************
[2020-06-21 08:56:20,171]--test_invest.py--185--INFO:正在回写实际结果actual：{'code': 2, 'msg': '充值金额必须大于100，并且可以被100整除', 'data': None, 'copyright': 'Copyright 柠檬班 © 2017-2020 湖南省零檬信息技术有限公司 All Rights Reserved'}
[2020-06-21 08:56:20,521]--test_invest.py--187--INFO:正在回写测试结果test_result：PASS
[2020-06-21 08:56:20,521]--test_invest.py--188--INFO:*************结束回写数据***************
[2020-06-21 08:56:20,659]--test_invest.py--42--INFO:******************正在执行invest模块用例******************
[2020-06-21 08:56:20,659]--test_invest.py--43--INFO:正在执行第18条用例:投资金额校验--投资金额输入非法字符
[2020-06-21 08:56:20,659]--test_invest.py--44--INFO:请求的数据是{'case_id': 18, 'interface': 'invest', 'title': '投资金额校验--投资金额输入非法字符', 'method': 'POST', 'url': '/member/invest', 'data': '{"member_id":"#member_id#","loan_id":"#loanid#","amount":"ddd"}', 'headers': '{"X-Lemonban-Media-Type": "lemonban.v2","Authorization":"#token#"}', 'yes_or_no': 'NO', 'expected': '{"code": 2,"msg": "数值参数格式错误"}', 'actucal': "{'code': 2, 'msg': '数值参数格式错误', 'data': None, 'copyright': 'Copyright 柠檬班 © 2017-2020 湖南省零檬信息技术有限公司 All Rights Reserved'}", 'test_result': 'PASS'}
[2020-06-21 08:56:20,659]--test_invest.py--129--INFO:======================正在查询原始投资记录条数=======================
[2020-06-21 08:56:20,674]--test_invest.py--133--INFO:账户id为173720的原始投资记录条数为6
[2020-06-21 08:56:20,674]--test_invest.py--136--INFO:======================正在查询原始投资流水记录条数=======================
[2020-06-21 08:56:20,695]--test_invest.py--140--INFO:账户id为173720的原始投资流水条数为6
[2020-06-21 08:56:20,714]--test_invest.py--177--INFO:第18条用例执行结果为PASS
[2020-06-21 08:56:20,714]--test_invest.py--183--INFO:*************开始回写数据***************
[2020-06-21 08:56:21,086]--test_invest.py--185--INFO:正在回写实际结果actual：{'code': 2, 'msg': '数值参数格式错误', 'data': None, 'copyright': 'Copyright 柠檬班 © 2017-2020 湖南省零檬信息技术有限公司 All Rights Reserved'}
[2020-06-21 08:56:21,439]--test_invest.py--187--INFO:正在回写测试结果test_result：PASS
[2020-06-21 08:56:21,440]--test_invest.py--188--INFO:*************结束回写数据***************
[2020-06-21 08:56:21,572]--test_invest.py--42--INFO:******************正在执行invest模块用例******************
[2020-06-21 08:56:21,573]--test_invest.py--43--INFO:正在执行第19条用例:投资金额校验--投资金额输入大于可投标金额
[2020-06-21 08:56:21,573]--test_invest.py--44--INFO:请求的数据是{'case_id': 19, 'interface': 'invest', 'title': '投资金额校验--投资金额输入大于可投标金额', 'method': 'POST', 'url': '/member/invest', 'data': '{"member_id":"#member_id#","loan_id":"#otherid#","amount":"#max_amt#"}', 'headers': '{"X-Lemonban-Media-Type": "lemonban.v2","Authorization":"#token#"}', 'yes_or_no': 'NO', 'expected': '{"code": 2,"msg": "该标可投金额不足,可投金额：9800.0"}', 'actucal': "{'code': 2, 'msg': '该标可投金额不足,可投金额：8500.0', 'data': None, 'copyright': 'Copyright 柠檬班 © 2017-2020 湖南省零檬信息技术有限公司 All Rights Reserved'}", 'test_result': 'FAILED'}
[2020-06-21 08:56:21,596]--test_invest.py--129--INFO:======================正在查询原始投资记录条数=======================
[2020-06-21 08:56:21,613]--test_invest.py--133--INFO:账户id为173720的原始投资记录条数为6
[2020-06-21 08:56:21,613]--test_invest.py--136--INFO:======================正在查询原始投资流水记录条数=======================
[2020-06-21 08:56:21,635]--test_invest.py--140--INFO:账户id为173720的原始投资流水条数为6
[2020-06-21 08:56:21,657]--test_invest.py--179--ERROR:执行接口测试出现错误，错误是False is not true
[2020-06-21 08:56:21,658]--test_invest.py--181--ERROR:第19条用例执行结果为FAILED
[2020-06-21 08:56:21,658]--test_invest.py--183--INFO:*************开始回写数据***************
[2020-06-21 08:56:22,039]--test_invest.py--185--INFO:正在回写实际结果actual：{'code': 2, 'msg': '该标可投金额不足,可投金额：7900.0', 'data': None, 'copyright': 'Copyright 柠檬班 © 2017-2020 湖南省零檬信息技术有限公司 All Rights Reserved'}
[2020-06-21 08:56:22,386]--test_invest.py--187--INFO:正在回写测试结果test_result：FAILED
[2020-06-21 08:56:22,387]--test_invest.py--188--INFO:*************结束回写数据***************
[2020-06-21 08:56:22,552]--test_invest.py--42--INFO:******************正在执行invest模块用例******************
[2020-06-21 08:56:22,552]--test_invest.py--43--INFO:正在执行第20条用例:投资金额校验--投资金额输入等于可投标金额,投标完成
[2020-06-21 08:56:22,552]--test_invest.py--44--INFO:请求的数据是{'case_id': 20, 'interface': 'invest', 'title': '投资金额校验--投资金额输入等于可投标金额,投标完成', 'method': 'POST', 'url': '/member/invest', 'data': '{"member_id":"#member_id#","loan_id":"#loanid#","amount":"#amount#"}', 'headers': '{"X-Lemonban-Media-Type": "lemonban.v2","Authorization":"#token#"}', 'yes_or_no': 'YES', 'expected': '{"code": 0,"msg": "OK"}', 'actucal': "{'code': 0, 'msg': 'OK', 'data': {'id': 1923, 'member_id': 13217, 'loan_id': 1245420, 'amount': 80000.0, 'create_time': '2020-06-21 00:45:36', 'is_valid': 1}, 'copyright': 'Copyright 柠檬班 © 2017-2020 湖南省零檬信息技术有限公司 All Rights Reserved'}", 'test_result': 'PASS'}
[2020-06-21 08:56:22,568]--test_invest.py--94--INFO:======================正在查询原始金额=======================
[2020-06-21 08:56:22,632]--test_invest.py--102--INFO:账户id为173720的账户原始金额是48000.00
[2020-06-21 08:56:22,633]--test_invest.py--129--INFO:======================正在查询原始投资记录条数=======================
[2020-06-21 08:56:22,650]--test_invest.py--133--INFO:账户id为173720的原始投资记录条数为6
[2020-06-21 08:56:22,650]--test_invest.py--136--INFO:======================正在查询原始投资流水记录条数=======================
[2020-06-21 08:56:22,673]--test_invest.py--140--INFO:账户id为173720的原始投资流水条数为6
[2020-06-21 08:56:22,719]--test_invest.py--160--INFO:======================正在查询提现后金额=======================
[2020-06-21 08:56:22,735]--test_invest.py--164--INFO:账户id为173720的账户提现后的金额是-32000.00
[2020-06-21 08:56:22,735]--test_invest.py--165--INFO:账户id为173720的账户原始金额-提现金额后的余额是-32000.00
[2020-06-21 08:56:22,736]--test_invest.py--166--INFO:======================正在金额比对=======================
[2020-06-21 08:56:22,736]--test_invest.py--168--INFO:======================金额比对通过=======================
[2020-06-21 08:56:22,736]--test_invest.py--169--INFO:======================正在查询提现后流水记录=======================
[2020-06-21 08:56:22,759]--test_invest.py--173--INFO:账户id为173720的提现后流水条数为7
[2020-06-21 08:56:22,759]--test_invest.py--174--INFO:======================正在提现流水比对=======================
[2020-06-21 08:56:22,759]--test_invest.py--183--INFO:*************开始回写数据***************
[2020-06-21 08:56:23,125]--test_invest.py--185--INFO:正在回写实际结果actual：{'code': 0, 'msg': 'OK', 'data': {'id': 1935, 'member_id': 173720, 'loan_id': 1245772, 'amount': 80000.0, 'create_time': '2020-06-21 08:56:24', 'is_valid': 1}, 'copyright': 'Copyright 柠檬班 © 2017-2020 湖南省零檬信息技术有限公司 All Rights Reserved'}
[2020-06-21 08:56:23,463]--test_invest.py--187--INFO:正在回写测试结果test_result：FAILED
[2020-06-21 08:56:23,463]--test_invest.py--188--INFO:*************结束回写数据***************
[2020-06-21 08:56:23,830]--test_invest.py--42--INFO:******************正在执行invest模块用例******************
[2020-06-21 08:56:23,831]--test_invest.py--43--INFO:正在执行第21条用例:投资金额校验--投资金额输入大于用户余额,余额不足
[2020-06-21 08:56:23,831]--test_invest.py--44--INFO:请求的数据是{'case_id': 21, 'interface': 'invest', 'title': '投资金额校验--投资金额输入大于用户余额,余额不足', 'method': 'POST', 'url': '/member/invest', 'data': '{"member_id":"#member_id#","loan_id":"#loanid#","amount":"#min_amt#"}', 'headers': '{"X-Lemonban-Media-Type": "lemonban.v2","Authorization":"#token#"}', 'yes_or_no': 'NO', 'expected': '{"code": 0,"msg": "OK"}', 'actucal': "{'code': 0, 'msg': 'OK', 'data': {'id': 1929, 'member_id': 173720, 'loan_id': 1245750, 'amount': 10000.0, 'create_time': '2020-06-21 08:54:33', 'is_valid': 1}, 'copyright': 'Copyright 柠檬班 © 2017-2020 湖南省零檬信息技术有限公司 All Rights Reserved'}", 'test_result': 'FAILED'}
[2020-06-21 08:56:23,831]--test_invest.py--129--INFO:======================正在查询原始投资记录条数=======================
[2020-06-21 08:56:23,848]--test_invest.py--133--INFO:账户id为173720的原始投资记录条数为7
[2020-06-21 08:56:23,849]--test_invest.py--136--INFO:======================正在查询原始投资流水记录条数=======================
[2020-06-21 08:56:23,872]--test_invest.py--140--INFO:账户id为173720的原始投资流水条数为7
