[2020-06-21 00:45:11,642]--test_invest.py--42--INFO:******************正在执行invest模块用例******************
[2020-06-21 00:45:11,649]--test_invest.py--43--INFO:正在执行第1条用例:用户id校验--输入已注册用户id
[2020-06-21 00:45:11,656]--test_invest.py--44--INFO:请求的数据是{'case_id': 1, 'interface': 'invest', 'title': '用户id校验--输入已注册用户id', 'method': 'POST', 'url': '/member/invest', 'data': '{"member_id":"#member_id#","loan_id":"#loanid#","amount":"1000"}', 'headers': '{"X-Lemonban-Media-Type": "lemonban.v2","Authorization":"#token#"}', 'yes_or_no': 'YES', 'expected': '{"code": 0,"msg": "OK"}', 'actucal': "{'code': 0, 'msg': 'OK', 'data': {'id': 1906, 'member_id': 13217, 'loan_id': 1245280, 'amount': 1000.0, 'create_time': '2020-06-21 00:14:31', 'is_valid': 1}, 'copyright': 'Copyright 柠檬班 © 2017-2020 湖南省零檬信息技术有限公司 All Rights Reserved'}", 'test_result': 'PASS'}
[2020-06-21 00:45:11,657]--test_invest.py--94--INFO:======================正在查询原始金额=======================
[2020-06-21 00:45:11,667]--test_invest.py--105--INFO:账户id为13217的账户原始金额是1849200.65
[2020-06-21 00:45:11,667]--test_invest.py--129--INFO:======================正在查询原始投资记录条数=======================
[2020-06-21 00:45:11,677]--test_invest.py--133--INFO:账户id为13217的原始投资记录条数为36
[2020-06-21 00:45:11,678]--test_invest.py--136--INFO:======================正在查询原始投资流水记录条数=======================
[2020-06-21 00:45:11,699]--test_invest.py--140--INFO:账户id为13217的原始投资流水条数为111
[2020-06-21 00:45:11,736]--test_invest.py--174--INFO:第1条用例执行结果为PASS
[2020-06-21 00:45:11,736]--test_invest.py--180--INFO:*************开始回写数据***************
[2020-06-21 00:45:12,369]--test_invest.py--182--INFO:正在回写实际结果actual：{'code': 0, 'msg': 'OK', 'data': {'id': 1918, 'member_id': 13217, 'loan_id': 1245401, 'amount': 1000.0, 'create_time': '2020-06-21 00:45:12', 'is_valid': 1}, 'copyright': 'Copyright 柠檬班 © 2017-2020 湖南省零檬信息技术有限公司 All Rights Reserved'}
[2020-06-21 00:45:12,869]--test_invest.py--184--INFO:正在回写测试结果test_result：PASS
[2020-06-21 00:45:12,870]--test_invest.py--185--INFO:*************结束回写数据***************
[2020-06-21 00:45:13,086]--test_invest.py--42--INFO:******************正在执行invest模块用例******************
[2020-06-21 00:45:13,087]--test_invest.py--43--INFO:正在执行第2条用例:用户id校验--输入不存在的用户id
[2020-06-21 00:45:13,087]--test_invest.py--44--INFO:请求的数据是{'case_id': 2, 'interface': 'invest', 'title': '用户id校验--输入不存在的用户id', 'method': 'POST', 'url': '/member/invest', 'data': '{"member_id":"s13361","loan_id":"#loanid#","amount":"20000"}', 'headers': '{"X-Lemonban-Media-Type": "lemonban.v2","Authorization":"#token#"}', 'yes_or_no': 'NO', 'expected': '{"code": 2,"msg": "数值参数格式错误"}', 'actucal': "{'code': 2, 'msg': '数值参数格式错误', 'data': None, 'copyright': 'Copyright 柠檬班 © 2017-2020 湖南省零檬信息技术有限公司 All Rights Reserved'}", 'test_result': 'PASS'}
[2020-06-21 00:45:13,087]--test_invest.py--129--INFO:======================正在查询原始投资记录条数=======================
[2020-06-21 00:45:13,100]--test_invest.py--133--INFO:账户id为13217的原始投资记录条数为37
[2020-06-21 00:45:13,101]--test_invest.py--136--INFO:======================正在查询原始投资流水记录条数=======================
[2020-06-21 00:45:13,119]--test_invest.py--140--INFO:账户id为13217的原始投资流水条数为112
[2020-06-21 00:45:13,140]--test_invest.py--174--INFO:第2条用例执行结果为PASS
[2020-06-21 00:45:13,141]--test_invest.py--180--INFO:*************开始回写数据***************
[2020-06-21 00:45:13,832]--test_invest.py--182--INFO:正在回写实际结果actual：{'code': 2, 'msg': '数值参数格式错误', 'data': None, 'copyright': 'Copyright 柠檬班 © 2017-2020 湖南省零檬信息技术有限公司 All Rights Reserved'}
[2020-06-21 00:45:14,218]--test_invest.py--184--INFO:正在回写测试结果test_result：PASS
[2020-06-21 00:45:14,218]--test_invest.py--185--INFO:*************结束回写数据***************
[2020-06-21 00:45:14,356]--test_invest.py--42--INFO:******************正在执行invest模块用例******************
[2020-06-21 00:45:14,357]--test_invest.py--43--INFO:正在执行第3条用例:用户id校验--id输入为空
[2020-06-21 00:45:14,357]--test_invest.py--44--INFO:请求的数据是{'case_id': 3, 'interface': 'invest', 'title': '用户id校验--id输入为空', 'method': 'POST', 'url': '/member/invest', 'data': '{"member_id":"","loan_id":"#loanid#","amount":"100"}', 'headers': '{"X-Lemonban-Media-Type": "lemonban.v2","Authorization":"#token#"}', 'yes_or_no': 'NO', 'expected': '{"code": 2,"msg": "数值参数格式错误"}', 'actucal': "{'code': 2, 'msg': '数值参数格式错误', 'data': None, 'copyright': 'Copyright 柠檬班 © 2017-2020 湖南省零檬信息技术有限公司 All Rights Reserved'}", 'test_result': 'PASS'}
[2020-06-21 00:45:14,357]--test_invest.py--129--INFO:======================正在查询原始投资记录条数=======================
[2020-06-21 00:45:14,366]--test_invest.py--133--INFO:账户id为13217的原始投资记录条数为37
[2020-06-21 00:45:14,367]--test_invest.py--136--INFO:======================正在查询原始投资流水记录条数=======================
[2020-06-21 00:45:14,383]--test_invest.py--140--INFO:账户id为13217的原始投资流水条数为112
[2020-06-21 00:45:14,403]--test_invest.py--174--INFO:第3条用例执行结果为PASS
[2020-06-21 00:45:14,403]--test_invest.py--180--INFO:*************开始回写数据***************
[2020-06-21 00:45:14,923]--test_invest.py--182--INFO:正在回写实际结果actual：{'code': 2, 'msg': '数值参数格式错误', 'data': None, 'copyright': 'Copyright 柠檬班 © 2017-2020 湖南省零檬信息技术有限公司 All Rights Reserved'}
[2020-06-21 00:45:15,345]--test_invest.py--184--INFO:正在回写测试结果test_result：PASS
[2020-06-21 00:45:15,346]--test_invest.py--185--INFO:*************结束回写数据***************
[2020-06-21 00:45:15,566]--test_invest.py--42--INFO:******************正在执行invest模块用例******************
[2020-06-21 00:45:15,566]--test_invest.py--43--INFO:正在执行第4条用例:投资项目id校验--输入投标中状态2(竞标中)的项目id
[2020-06-21 00:45:15,567]--test_invest.py--44--INFO:请求的数据是{'case_id': 4, 'interface': 'invest', 'title': '投资项目id校验--输入投标中状态2(竞标中)的项目id', 'method': 'POST', 'url': '/member/invest', 'data': '{"member_id":"#member_id#","loan_id":"#loanid#","amount":"100"}', 'headers': '{"X-Lemonban-Media-Type": "lemonban.v2","Authorization":"#token#"}', 'yes_or_no': 'YES', 'expected': '{"code": 0,"msg": "OK"}', 'actucal': "{'code': 0, 'msg': 'OK', 'data': {'id': 1907, 'member_id': 13217, 'loan_id': 1245283, 'amount': 100.0, 'create_time': '2020-06-21 00:14:34', 'is_valid': 1}, 'copyright': 'Copyright 柠檬班 © 2017-2020 湖南省零檬信息技术有限公司 All Rights Reserved'}", 'test_result': 'PASS'}
[2020-06-21 00:45:15,567]--test_invest.py--94--INFO:======================正在查询原始金额=======================
[2020-06-21 00:45:15,583]--test_invest.py--105--INFO:账户id为13217的账户原始金额是1848200.65
[2020-06-21 00:45:15,584]--test_invest.py--129--INFO:======================正在查询原始投资记录条数=======================
[2020-06-21 00:45:15,601]--test_invest.py--133--INFO:账户id为13217的原始投资记录条数为37
[2020-06-21 00:45:15,601]--test_invest.py--136--INFO:======================正在查询原始投资流水记录条数=======================
[2020-06-21 00:45:15,626]--test_invest.py--140--INFO:账户id为13217的原始投资流水条数为112
[2020-06-21 00:45:15,663]--test_invest.py--174--INFO:第4条用例执行结果为PASS
[2020-06-21 00:45:15,664]--test_invest.py--180--INFO:*************开始回写数据***************
[2020-06-21 00:45:16,204]--test_invest.py--182--INFO:正在回写实际结果actual：{'code': 0, 'msg': 'OK', 'data': {'id': 1919, 'member_id': 13217, 'loan_id': 1245404, 'amount': 100.0, 'create_time': '2020-06-21 00:45:16', 'is_valid': 1}, 'copyright': 'Copyright 柠檬班 © 2017-2020 湖南省零檬信息技术有限公司 All Rights Reserved'}
[2020-06-21 00:45:16,755]--test_invest.py--184--INFO:正在回写测试结果test_result：PASS
[2020-06-21 00:45:16,756]--test_invest.py--185--INFO:*************结束回写数据***************
[2020-06-21 00:45:16,945]--test_invest.py--42--INFO:******************正在执行invest模块用例******************
[2020-06-21 00:45:16,946]--test_invest.py--43--INFO:正在执行第5条用例:投资项目id校验--输入非投标中状态为1(审核中)的项目id
[2020-06-21 00:45:16,946]--test_invest.py--44--INFO:请求的数据是{'case_id': 5, 'interface': 'invest', 'title': '投资项目id校验--输入非投标中状态为1(审核中)的项目id', 'method': 'POST', 'url': '/member/invest', 'data': '{"member_id":"#member_id#","loan_id":"#shz#","amount":"100"}', 'headers': '{"X-Lemonban-Media-Type": "lemonban.v2","Authorization":"#token#"}', 'yes_or_no': 'NO', 'expected': '{"code": 2,"msg": "该项目不在竞标中状态"}', 'actucal': "{'code': 2, 'msg': '该项目不在竞标中状态', 'data': None, 'copyright': 'Copyright 柠檬班 © 2017-2020 湖南省零檬信息技术有限公司 All Rights Reserved'}", 'test_result': 'PASS'}
[2020-06-21 00:45:16,960]--test_invest.py--129--INFO:======================正在查询原始投资记录条数=======================
[2020-06-21 00:45:16,974]--test_invest.py--133--INFO:账户id为13217的原始投资记录条数为38
[2020-06-21 00:45:16,975]--test_invest.py--136--INFO:======================正在查询原始投资流水记录条数=======================
[2020-06-21 00:45:16,995]--test_invest.py--140--INFO:账户id为13217的原始投资流水条数为113
[2020-06-21 00:45:17,020]--test_invest.py--174--INFO:第5条用例执行结果为PASS
[2020-06-21 00:45:17,021]--test_invest.py--180--INFO:*************开始回写数据***************
[2020-06-21 00:45:17,451]--test_invest.py--182--INFO:正在回写实际结果actual：{'code': 2, 'msg': '该项目不在竞标中状态', 'data': None, 'copyright': 'Copyright 柠檬班 © 2017-2020 湖南省零檬信息技术有限公司 All Rights Reserved'}
[2020-06-21 00:45:18,217]--test_invest.py--184--INFO:正在回写测试结果test_result：PASS
[2020-06-21 00:45:18,218]--test_invest.py--185--INFO:*************结束回写数据***************
[2020-06-21 00:45:18,343]--test_invest.py--42--INFO:******************正在执行invest模块用例******************
[2020-06-21 00:45:18,344]--test_invest.py--43--INFO:正在执行第6条用例:投资项目id校验--输入非投标中状态3(还款中)的项目id
[2020-06-21 00:45:18,344]--test_invest.py--44--INFO:请求的数据是{'case_id': 6, 'interface': 'invest', 'title': '投资项目id校验--输入非投标中状态3(还款中)的项目id', 'method': 'POST', 'url': '/member/invest', 'data': '{"member_id":"#member_id#","loan_id":"#hkz#","amount":"100"}', 'headers': '{"X-Lemonban-Media-Type": "lemonban.v2","Authorization":"#token#"}', 'yes_or_no': 'NO', 'expected': '{"code": 2,"msg": "该项目不在竞标中状态"}', 'actucal': "{'code': 2, 'msg': '该项目不在竞标中状态', 'data': None, 'copyright': 'Copyright 柠檬班 © 2017-2020 湖南省零檬信息技术有限公司 All Rights Reserved'}", 'test_result': 'PASS'}
[2020-06-21 00:45:18,361]--test_invest.py--129--INFO:======================正在查询原始投资记录条数=======================
[2020-06-21 00:45:18,370]--test_invest.py--133--INFO:账户id为13217的原始投资记录条数为38
[2020-06-21 00:45:18,370]--test_invest.py--136--INFO:======================正在查询原始投资流水记录条数=======================
[2020-06-21 00:45:18,386]--test_invest.py--140--INFO:账户id为13217的原始投资流水条数为113
[2020-06-21 00:45:18,410]--test_invest.py--174--INFO:第6条用例执行结果为PASS
[2020-06-21 00:45:18,410]--test_invest.py--180--INFO:*************开始回写数据***************
[2020-06-21 00:45:18,958]--test_invest.py--182--INFO:正在回写实际结果actual：{'code': 2, 'msg': '该项目不在竞标中状态', 'data': None, 'copyright': 'Copyright 柠檬班 © 2017-2020 湖南省零檬信息技术有限公司 All Rights Reserved'}
[2020-06-21 00:45:19,379]--test_invest.py--184--INFO:正在回写测试结果test_result：PASS
[2020-06-21 00:45:19,380]--test_invest.py--185--INFO:*************结束回写数据***************
[2020-06-21 00:45:19,522]--test_invest.py--42--INFO:******************正在执行invest模块用例******************
[2020-06-21 00:45:19,523]--test_invest.py--43--INFO:正在执行第7条用例:投资项目id校验--输入非投标中状态4(还款完成)的项目id
[2020-06-21 00:45:19,523]--test_invest.py--44--INFO:请求的数据是{'case_id': 7, 'interface': 'invest', 'title': '投资项目id校验--输入非投标中状态4(还款完成)的项目id', 'method': 'POST', 'url': '/member/invest', 'data': '{"member_id":"#member_id#","loan_id":"#hwc#","amount":"100"}', 'headers': '{"X-Lemonban-Media-Type": "lemonban.v2","Authorization":"#token#"}', 'yes_or_no': 'NO', 'expected': '{"code": 2,"msg": "该项目不在竞标中状态"}', 'actucal': "{'code': 2, 'msg': '该项目不在竞标中状态', 'data': None, 'copyright': 'Copyright 柠檬班 © 2017-2020 湖南省零檬信息技术有限公司 All Rights Reserved'}", 'test_result': 'PASS'}
[2020-06-21 00:45:19,539]--test_invest.py--129--INFO:======================正在查询原始投资记录条数=======================
[2020-06-21 00:45:19,556]--test_invest.py--133--INFO:账户id为13217的原始投资记录条数为38
[2020-06-21 00:45:19,556]--test_invest.py--136--INFO:======================正在查询原始投资流水记录条数=======================
[2020-06-21 00:45:19,579]--test_invest.py--140--INFO:账户id为13217的原始投资流水条数为113
[2020-06-21 00:45:19,600]--test_invest.py--174--INFO:第7条用例执行结果为PASS
[2020-06-21 00:45:19,602]--test_invest.py--180--INFO:*************开始回写数据***************
[2020-06-21 00:45:20,253]--test_invest.py--182--INFO:正在回写实际结果actual：{'code': 2, 'msg': '该项目不在竞标中状态', 'data': None, 'copyright': 'Copyright 柠檬班 © 2017-2020 湖南省零檬信息技术有限公司 All Rights Reserved'}
[2020-06-21 00:45:20,735]--test_invest.py--184--INFO:正在回写测试结果test_result：PASS
[2020-06-21 00:45:20,736]--test_invest.py--185--INFO:*************结束回写数据***************
[2020-06-21 00:45:20,869]--test_invest.py--42--INFO:******************正在执行invest模块用例******************
[2020-06-21 00:45:20,870]--test_invest.py--43--INFO:正在执行第8条用例:投资项目id校验--输入非投标中状态5(审核不通过)的项目id
[2020-06-21 00:45:20,870]--test_invest.py--44--INFO:请求的数据是{'case_id': 8, 'interface': 'invest', 'title': '投资项目id校验--输入非投标中状态5(审核不通过)的项目id', 'method': 'POST', 'url': '/member/invest', 'data': '{"member_id":"#member_id#","loan_id":"#btg#","amount":"100"}', 'headers': '{"X-Lemonban-Media-Type": "lemonban.v2","Authorization":"#token#"}', 'yes_or_no': 'NO', 'expected': '{"code": 2,"msg": "该项目不在竞标中状态"}', 'actucal': "{'code': 2, 'msg': '该项目不在竞标中状态', 'data': None, 'copyright': 'Copyright 柠檬班 © 2017-2020 湖南省零檬信息技术有限公司 All Rights Reserved'}", 'test_result': 'PASS'}
[2020-06-21 00:45:20,879]--test_invest.py--129--INFO:======================正在查询原始投资记录条数=======================
[2020-06-21 00:45:20,889]--test_invest.py--133--INFO:账户id为13217的原始投资记录条数为38
[2020-06-21 00:45:20,889]--test_invest.py--136--INFO:======================正在查询原始投资流水记录条数=======================
[2020-06-21 00:45:20,914]--test_invest.py--140--INFO:账户id为13217的原始投资流水条数为113
[2020-06-21 00:45:20,934]--test_invest.py--174--INFO:第8条用例执行结果为PASS
[2020-06-21 00:45:20,935]--test_invest.py--180--INFO:*************开始回写数据***************
[2020-06-21 00:45:21,421]--test_invest.py--182--INFO:正在回写实际结果actual：{'code': 2, 'msg': '该项目不在竞标中状态', 'data': None, 'copyright': 'Copyright 柠檬班 © 2017-2020 湖南省零檬信息技术有限公司 All Rights Reserved'}
[2020-06-21 00:45:21,892]--test_invest.py--184--INFO:正在回写测试结果test_result：PASS
[2020-06-21 00:45:21,893]--test_invest.py--185--INFO:*************结束回写数据***************
[2020-06-21 00:45:22,030]--test_invest.py--42--INFO:******************正在执行invest模块用例******************
[2020-06-21 00:45:22,030]--test_invest.py--43--INFO:正在执行第9条用例:投资项目id校验--输入用户自己创建的项目id
[2020-06-21 00:45:22,031]--test_invest.py--44--INFO:请求的数据是{'case_id': 9, 'interface': 'invest', 'title': '投资项目id校验--输入用户自己创建的项目id', 'method': 'POST', 'url': '/member/invest', 'data': '{"member_id":"#member_id#","loan_id":"#loanid#","amount":"100"}', 'headers': '{"X-Lemonban-Media-Type": "lemonban.v2","Authorization":"#token#"}', 'yes_or_no': 'YES', 'expected': '{"code": 0,"msg": "OK"}', 'actucal': "{'code': 0, 'msg': 'OK', 'data': {'id': 1908, 'member_id': 13217, 'loan_id': 1245288, 'amount': 100.0, 'create_time': '2020-06-21 00:14:39', 'is_valid': 1}, 'copyright': 'Copyright 柠檬班 © 2017-2020 湖南省零檬信息技术有限公司 All Rights Reserved'}", 'test_result': 'PASS'}
[2020-06-21 00:45:22,031]--test_invest.py--94--INFO:======================正在查询原始金额=======================
[2020-06-21 00:45:22,042]--test_invest.py--105--INFO:账户id为13217的账户原始金额是1848100.65
[2020-06-21 00:45:22,042]--test_invest.py--129--INFO:======================正在查询原始投资记录条数=======================
[2020-06-21 00:45:22,052]--test_invest.py--133--INFO:账户id为13217的原始投资记录条数为38
[2020-06-21 00:45:22,052]--test_invest.py--136--INFO:======================正在查询原始投资流水记录条数=======================
[2020-06-21 00:45:22,069]--test_invest.py--140--INFO:账户id为13217的原始投资流水条数为113
[2020-06-21 00:45:22,109]--test_invest.py--174--INFO:第9条用例执行结果为PASS
[2020-06-21 00:45:22,109]--test_invest.py--180--INFO:*************开始回写数据***************
[2020-06-21 00:45:22,617]--test_invest.py--182--INFO:正在回写实际结果actual：{'code': 0, 'msg': 'OK', 'data': {'id': 1920, 'member_id': 13217, 'loan_id': 1245409, 'amount': 100.0, 'create_time': '2020-06-21 00:45:23', 'is_valid': 1}, 'copyright': 'Copyright 柠檬班 © 2017-2020 湖南省零檬信息技术有限公司 All Rights Reserved'}
[2020-06-21 00:45:23,429]--test_invest.py--184--INFO:正在回写测试结果test_result：PASS
[2020-06-21 00:45:23,429]--test_invest.py--185--INFO:*************结束回写数据***************
[2020-06-21 00:45:23,619]--test_invest.py--42--INFO:******************正在执行invest模块用例******************
[2020-06-21 00:45:23,619]--test_invest.py--43--INFO:正在执行第10条用例:投资项目id校验--输入其他用户创建的项目id
[2020-06-21 00:45:23,620]--test_invest.py--44--INFO:请求的数据是{'case_id': 10, 'interface': 'invest', 'title': '投资项目id校验--输入其他用户创建的项目id', 'method': 'POST', 'url': '/member/invest', 'data': '{"member_id":"#member_id#","loan_id":"#other_id#","amount":"600"}', 'headers': '{"X-Lemonban-Media-Type": "lemonban.v2","Authorization":"#token#"}', 'yes_or_no': 'YES', 'expected': '{"code": 0,"msg": "OK"}', 'actucal': "{'code': 0, 'msg': 'OK', 'data': {'id': 1909, 'member_id': 13217, 'loan_id': 14, 'amount': 100.0, 'create_time': '2020-06-21 00:14:41', 'is_valid': 1}, 'copyright': 'Copyright 柠檬班 © 2017-2020 湖南省零檬信息技术有限公司 All Rights Reserved'}", 'test_result': 'PASS'}
[2020-06-21 00:45:23,620]--test_invest.py--94--INFO:======================正在查询原始金额=======================
[2020-06-21 00:45:23,631]--test_invest.py--105--INFO:账户id为13217的账户原始金额是1848000.65
[2020-06-21 00:45:23,640]--test_invest.py--129--INFO:======================正在查询原始投资记录条数=======================
[2020-06-21 00:45:23,650]--test_invest.py--133--INFO:账户id为13217的原始投资记录条数为39
[2020-06-21 00:45:23,650]--test_invest.py--136--INFO:======================正在查询原始投资流水记录条数=======================
[2020-06-21 00:45:23,667]--test_invest.py--140--INFO:账户id为13217的原始投资流水条数为114
[2020-06-21 00:45:23,703]--test_invest.py--174--INFO:第10条用例执行结果为PASS
[2020-06-21 00:45:23,704]--test_invest.py--180--INFO:*************开始回写数据***************
[2020-06-21 00:45:24,127]--test_invest.py--182--INFO:正在回写实际结果actual：{'code': 0, 'msg': 'OK', 'data': {'id': 1921, 'member_id': 13217, 'loan_id': 14, 'amount': 600.0, 'create_time': '2020-06-21 00:45:24', 'is_valid': 1}, 'copyright': 'Copyright 柠檬班 © 2017-2020 湖南省零檬信息技术有限公司 All Rights Reserved'}
[2020-06-21 00:45:24,514]--test_invest.py--184--INFO:正在回写测试结果test_result：PASS
[2020-06-21 00:45:24,515]--test_invest.py--185--INFO:*************结束回写数据***************
[2020-06-21 00:45:24,736]--test_invest.py--42--INFO:******************正在执行invest模块用例******************
[2020-06-21 00:45:24,736]--test_invest.py--43--INFO:正在执行第11条用例:投资项目id校验--输入不存在的项目id
[2020-06-21 00:45:24,737]--test_invest.py--44--INFO:请求的数据是{'case_id': 11, 'interface': 'invest', 'title': '投资项目id校验--输入不存在的项目id', 'method': 'POST', 'url': '/member/invest', 'data': '{"member_id":"#member_id#","loan_id":"888888888","amount":"100"}', 'headers': '{"X-Lemonban-Media-Type": "lemonban.v2","Authorization":"#token#"}', 'yes_or_no': 'NO', 'expected': '{"code": 2,"msg": "项目不存在"}', 'actucal': "{'code': 2, 'msg': '项目不存在', 'data': None, 'copyright': 'Copyright 柠檬班 © 2017-2020 湖南省零檬信息技术有限公司 All Rights Reserved'}", 'test_result': 'PASS'}
[2020-06-21 00:45:24,737]--test_invest.py--129--INFO:======================正在查询原始投资记录条数=======================
[2020-06-21 00:45:24,753]--test_invest.py--133--INFO:账户id为13217的原始投资记录条数为40
[2020-06-21 00:45:24,753]--test_invest.py--136--INFO:======================正在查询原始投资流水记录条数=======================
[2020-06-21 00:45:24,776]--test_invest.py--140--INFO:账户id为13217的原始投资流水条数为115
[2020-06-21 00:45:24,800]--test_invest.py--174--INFO:第11条用例执行结果为PASS
[2020-06-21 00:45:24,800]--test_invest.py--180--INFO:*************开始回写数据***************
[2020-06-21 00:45:25,283]--test_invest.py--182--INFO:正在回写实际结果actual：{'code': 2, 'msg': '项目不存在', 'data': None, 'copyright': 'Copyright 柠檬班 © 2017-2020 湖南省零檬信息技术有限公司 All Rights Reserved'}
[2020-06-21 00:45:25,913]--test_invest.py--184--INFO:正在回写测试结果test_result：PASS
[2020-06-21 00:45:25,914]--test_invest.py--185--INFO:*************结束回写数据***************
[2020-06-21 00:45:26,065]--test_invest.py--42--INFO:******************正在执行invest模块用例******************
[2020-06-21 00:45:26,066]--test_invest.py--43--INFO:正在执行第12条用例:投资项目id校验--项目id输入为空
[2020-06-21 00:45:26,066]--test_invest.py--44--INFO:请求的数据是{'case_id': 12, 'interface': 'invest', 'title': '投资项目id校验--项目id输入为空', 'method': 'POST', 'url': '/member/invest', 'data': '{"member_id":"#member_id#","loan_id":"","amount":"100"}', 'headers': '{"X-Lemonban-Media-Type": "lemonban.v2","Authorization":"#token#"}', 'yes_or_no': 'NO', 'expected': '{"code": 2,"msg": "数值参数格式错误"}', 'actucal': "{'code': 2, 'msg': '数值参数格式错误', 'data': None, 'copyright': 'Copyright 柠檬班 © 2017-2020 湖南省零檬信息技术有限公司 All Rights Reserved'}", 'test_result': 'PASS'}
[2020-06-21 00:45:26,066]--test_invest.py--129--INFO:======================正在查询原始投资记录条数=======================
[2020-06-21 00:45:26,082]--test_invest.py--133--INFO:账户id为13217的原始投资记录条数为40
[2020-06-21 00:45:26,083]--test_invest.py--136--INFO:======================正在查询原始投资流水记录条数=======================
[2020-06-21 00:45:26,104]--test_invest.py--140--INFO:账户id为13217的原始投资流水条数为115
[2020-06-21 00:45:26,123]--test_invest.py--174--INFO:第12条用例执行结果为PASS
[2020-06-21 00:45:26,123]--test_invest.py--180--INFO:*************开始回写数据***************
[2020-06-21 00:45:26,605]--test_invest.py--182--INFO:正在回写实际结果actual：{'code': 2, 'msg': '数值参数格式错误', 'data': None, 'copyright': 'Copyright 柠檬班 © 2017-2020 湖南省零檬信息技术有限公司 All Rights Reserved'}
[2020-06-21 00:45:27,074]--test_invest.py--184--INFO:正在回写测试结果test_result：PASS
[2020-06-21 00:45:27,075]--test_invest.py--185--INFO:*************结束回写数据***************
[2020-06-21 00:45:27,259]--test_invest.py--42--INFO:******************正在执行invest模块用例******************
[2020-06-21 00:45:27,259]--test_invest.py--43--INFO:正在执行第13条用例:投资金额校验--投资金额输入为空
[2020-06-21 00:45:27,259]--test_invest.py--44--INFO:请求的数据是{'case_id': 13, 'interface': 'invest', 'title': '投资金额校验--投资金额输入为空', 'method': 'POST', 'url': '/member/invest', 'data': '{"member_id":"#member_id#","loan_id":"#loanid#","amount":""}', 'headers': '{"X-Lemonban-Media-Type": "lemonban.v2","Authorization":"#token#"}', 'yes_or_no': 'NO', 'expected': '{"code": 2,"msg": "数值参数格式错误"}', 'actucal': "{'code': 2, 'msg': '数值参数格式错误', 'data': None, 'copyright': 'Copyright 柠檬班 © 2017-2020 湖南省零檬信息技术有限公司 All Rights Reserved'}", 'test_result': 'PASS'}
[2020-06-21 00:45:27,260]--test_invest.py--129--INFO:======================正在查询原始投资记录条数=======================
[2020-06-21 00:45:27,278]--test_invest.py--133--INFO:账户id为13217的原始投资记录条数为40
[2020-06-21 00:45:27,279]--test_invest.py--136--INFO:======================正在查询原始投资流水记录条数=======================
[2020-06-21 00:45:27,301]--test_invest.py--140--INFO:账户id为13217的原始投资流水条数为115
[2020-06-21 00:45:27,317]--test_invest.py--174--INFO:第13条用例执行结果为PASS
[2020-06-21 00:45:27,318]--test_invest.py--180--INFO:*************开始回写数据***************
[2020-06-21 00:45:27,702]--test_invest.py--182--INFO:正在回写实际结果actual：{'code': 2, 'msg': '数值参数格式错误', 'data': None, 'copyright': 'Copyright 柠檬班 © 2017-2020 湖南省零檬信息技术有限公司 All Rights Reserved'}
[2020-06-21 00:45:28,119]--test_invest.py--184--INFO:正在回写测试结果test_result：PASS
[2020-06-21 00:45:28,119]--test_invest.py--185--INFO:*************结束回写数据***************
[2020-06-21 00:45:28,270]--test_invest.py--42--INFO:******************正在执行invest模块用例******************
[2020-06-21 00:45:28,270]--test_invest.py--43--INFO:正在执行第14条用例:投资金额校验--投资金额输入为能被100整除的正整数
[2020-06-21 00:45:28,271]--test_invest.py--44--INFO:请求的数据是{'case_id': 14, 'interface': 'invest', 'title': '投资金额校验--投资金额输入为能被100整除的正整数', 'method': 'POST', 'url': '/member/invest', 'data': '{"member_id":"#member_id#","loan_id":"#loanid#","amount":"200"}', 'headers': '{"X-Lemonban-Media-Type": "lemonban.v2","Authorization":"#token#"}', 'yes_or_no': 'YES', 'expected': '{"code": 0,"msg": "OK"}', 'actucal': "{'code': 0, 'msg': 'OK', 'data': {'id': 1910, 'member_id': 13217, 'loan_id': 1245293, 'amount': 200.0, 'create_time': '2020-06-21 00:14:45', 'is_valid': 1}, 'copyright': 'Copyright 柠檬班 © 2017-2020 湖南省零檬信息技术有限公司 All Rights Reserved'}", 'test_result': 'PASS'}
[2020-06-21 00:45:28,271]--test_invest.py--94--INFO:======================正在查询原始金额=======================
[2020-06-21 00:45:28,281]--test_invest.py--105--INFO:账户id为13217的账户原始金额是1847400.65
[2020-06-21 00:45:28,282]--test_invest.py--129--INFO:======================正在查询原始投资记录条数=======================
[2020-06-21 00:45:28,293]--test_invest.py--133--INFO:账户id为13217的原始投资记录条数为40
[2020-06-21 00:45:28,293]--test_invest.py--136--INFO:======================正在查询原始投资流水记录条数=======================
[2020-06-21 00:45:28,311]--test_invest.py--140--INFO:账户id为13217的原始投资流水条数为115
[2020-06-21 00:45:28,346]--test_invest.py--174--INFO:第14条用例执行结果为PASS
[2020-06-21 00:45:28,347]--test_invest.py--180--INFO:*************开始回写数据***************
[2020-06-21 00:45:28,824]--test_invest.py--182--INFO:正在回写实际结果actual：{'code': 0, 'msg': 'OK', 'data': {'id': 1922, 'member_id': 13217, 'loan_id': 1245414, 'amount': 200.0, 'create_time': '2020-06-21 00:45:29', 'is_valid': 1}, 'copyright': 'Copyright 柠檬班 © 2017-2020 湖南省零檬信息技术有限公司 All Rights Reserved'}
[2020-06-21 00:45:29,241]--test_invest.py--184--INFO:正在回写测试结果test_result：PASS
[2020-06-21 00:45:29,242]--test_invest.py--185--INFO:*************结束回写数据***************
[2020-06-21 00:45:29,437]--test_invest.py--42--INFO:******************正在执行invest模块用例******************
[2020-06-21 00:45:29,437]--test_invest.py--43--INFO:正在执行第15条用例:投资金额校验--投资金额输入为不能被100整除的正整数
[2020-06-21 00:45:29,460]--test_invest.py--44--INFO:请求的数据是{'case_id': 15, 'interface': 'invest', 'title': '投资金额校验--投资金额输入为不能被100整除的正整数', 'method': 'POST', 'url': '/member/invest', 'data': '{"member_id":"#member_id#","loan_id":"#loanid#","amount":"101"}', 'headers': '{"X-Lemonban-Media-Type": "lemonban.v2","Authorization":"#token#"}', 'yes_or_no': 'NO', 'expected': '{"code": 2,"msg": "充值金额必须大于100，并且可以被100整除"}', 'actucal': "{'code': 2, 'msg': '充值金额必须大于100，并且可以被100整除', 'data': None, 'copyright': 'Copyright 柠檬班 © 2017-2020 湖南省零檬信息技术有限公司 All Rights Reserved'}", 'test_result': 'PASS'}
[2020-06-21 00:45:29,461]--test_invest.py--129--INFO:======================正在查询原始投资记录条数=======================
[2020-06-21 00:45:29,470]--test_invest.py--133--INFO:账户id为13217的原始投资记录条数为41
[2020-06-21 00:45:29,471]--test_invest.py--136--INFO:======================正在查询原始投资流水记录条数=======================
[2020-06-21 00:45:29,492]--test_invest.py--140--INFO:账户id为13217的原始投资流水条数为116
[2020-06-21 00:45:29,510]--test_invest.py--174--INFO:第15条用例执行结果为PASS
[2020-06-21 00:45:29,510]--test_invest.py--180--INFO:*************开始回写数据***************
[2020-06-21 00:45:29,905]--test_invest.py--182--INFO:正在回写实际结果actual：{'code': 2, 'msg': '充值金额必须大于100，并且可以被100整除', 'data': None, 'copyright': 'Copyright 柠檬班 © 2017-2020 湖南省零檬信息技术有限公司 All Rights Reserved'}
[2020-06-21 00:45:30,288]--test_invest.py--184--INFO:正在回写测试结果test_result：PASS
[2020-06-21 00:45:30,288]--test_invest.py--185--INFO:*************结束回写数据***************
[2020-06-21 00:45:30,428]--test_invest.py--42--INFO:******************正在执行invest模块用例******************
[2020-06-21 00:45:30,428]--test_invest.py--43--INFO:正在执行第16条用例:投资金额校验--投资金额输入负数
[2020-06-21 00:45:30,429]--test_invest.py--44--INFO:请求的数据是{'case_id': 16, 'interface': 'invest', 'title': '投资金额校验--投资金额输入负数', 'method': 'POST', 'url': '/member/invest', 'data': '{"member_id":"#member_id#","loan_id":"#loanid#","amount":"-100"}', 'headers': '{"X-Lemonban-Media-Type": "lemonban.v2","Authorization":"#token#"}', 'yes_or_no': 'NO', 'expected': '{"code": 2,"msg": "充值金额必须大于100，并且可以被100整除"}', 'actucal': "{'code': 2, 'msg': '充值金额必须大于100，并且可以被100整除', 'data': None, 'copyright': 'Copyright 柠檬班 © 2017-2020 湖南省零檬信息技术有限公司 All Rights Reserved'}", 'test_result': 'PASS'}
[2020-06-21 00:45:30,429]--test_invest.py--129--INFO:======================正在查询原始投资记录条数=======================
[2020-06-21 00:45:30,438]--test_invest.py--133--INFO:账户id为13217的原始投资记录条数为41
[2020-06-21 00:45:30,439]--test_invest.py--136--INFO:======================正在查询原始投资流水记录条数=======================
[2020-06-21 00:45:30,457]--test_invest.py--140--INFO:账户id为13217的原始投资流水条数为116
[2020-06-21 00:45:30,476]--test_invest.py--174--INFO:第16条用例执行结果为PASS
[2020-06-21 00:45:30,476]--test_invest.py--180--INFO:*************开始回写数据***************
[2020-06-21 00:45:30,863]--test_invest.py--182--INFO:正在回写实际结果actual：{'code': 2, 'msg': '充值金额必须大于100，并且可以被100整除', 'data': None, 'copyright': 'Copyright 柠檬班 © 2017-2020 湖南省零檬信息技术有限公司 All Rights Reserved'}
[2020-06-21 00:45:31,296]--test_invest.py--184--INFO:正在回写测试结果test_result：PASS
[2020-06-21 00:45:31,296]--test_invest.py--185--INFO:*************结束回写数据***************
[2020-06-21 00:45:31,519]--test_invest.py--42--INFO:******************正在执行invest模块用例******************
[2020-06-21 00:45:31,519]--test_invest.py--43--INFO:正在执行第17条用例:投资金额校验--投资金额输入小数
[2020-06-21 00:45:31,520]--test_invest.py--44--INFO:请求的数据是{'case_id': 17, 'interface': 'invest', 'title': '投资金额校验--投资金额输入小数', 'method': 'POST', 'url': '/member/invest', 'data': '{"member_id":"#member_id#","loan_id":"#loanid#","amount":"100.88"}', 'headers': '{"X-Lemonban-Media-Type": "lemonban.v2","Authorization":"#token#"}', 'yes_or_no': 'NO', 'expected': '{"code": 2,"msg": "充值金额必须大于100，并且可以被100整除"}', 'actucal': "{'code': 2, 'msg': '充值金额必须大于100，并且可以被100整除', 'data': None, 'copyright': 'Copyright 柠檬班 © 2017-2020 湖南省零檬信息技术有限公司 All Rights Reserved'}", 'test_result': 'PASS'}
[2020-06-21 00:45:31,520]--test_invest.py--129--INFO:======================正在查询原始投资记录条数=======================
[2020-06-21 00:45:31,535]--test_invest.py--133--INFO:账户id为13217的原始投资记录条数为41
[2020-06-21 00:45:31,536]--test_invest.py--136--INFO:======================正在查询原始投资流水记录条数=======================
[2020-06-21 00:45:31,554]--test_invest.py--140--INFO:账户id为13217的原始投资流水条数为116
[2020-06-21 00:45:31,576]--test_invest.py--174--INFO:第17条用例执行结果为PASS
[2020-06-21 00:45:31,576]--test_invest.py--180--INFO:*************开始回写数据***************
[2020-06-21 00:45:32,147]--test_invest.py--182--INFO:正在回写实际结果actual：{'code': 2, 'msg': '充值金额必须大于100，并且可以被100整除', 'data': None, 'copyright': 'Copyright 柠檬班 © 2017-2020 湖南省零檬信息技术有限公司 All Rights Reserved'}
[2020-06-21 00:45:32,525]--test_invest.py--184--INFO:正在回写测试结果test_result：PASS
[2020-06-21 00:45:32,528]--test_invest.py--185--INFO:*************结束回写数据***************
[2020-06-21 00:45:32,791]--test_invest.py--42--INFO:******************正在执行invest模块用例******************
[2020-06-21 00:45:32,791]--test_invest.py--43--INFO:正在执行第18条用例:投资金额校验--投资金额输入非法字符
[2020-06-21 00:45:32,791]--test_invest.py--44--INFO:请求的数据是{'case_id': 18, 'interface': 'invest', 'title': '投资金额校验--投资金额输入非法字符', 'method': 'POST', 'url': '/member/invest', 'data': '{"member_id":"#member_id#","loan_id":"#loanid#","amount":"ddd"}', 'headers': '{"X-Lemonban-Media-Type": "lemonban.v2","Authorization":"#token#"}', 'yes_or_no': 'NO', 'expected': '{"code": 2,"msg": "数值参数格式错误"}', 'actucal': "{'code': 2, 'msg': '数值参数格式错误', 'data': None, 'copyright': 'Copyright 柠檬班 © 2017-2020 湖南省零檬信息技术有限公司 All Rights Reserved'}", 'test_result': 'PASS'}
[2020-06-21 00:45:32,792]--test_invest.py--129--INFO:======================正在查询原始投资记录条数=======================
[2020-06-21 00:45:32,807]--test_invest.py--133--INFO:账户id为13217的原始投资记录条数为41
[2020-06-21 00:45:32,807]--test_invest.py--136--INFO:======================正在查询原始投资流水记录条数=======================
[2020-06-21 00:45:32,827]--test_invest.py--140--INFO:账户id为13217的原始投资流水条数为116
[2020-06-21 00:45:32,847]--test_invest.py--174--INFO:第18条用例执行结果为PASS
[2020-06-21 00:45:32,847]--test_invest.py--180--INFO:*************开始回写数据***************
[2020-06-21 00:45:33,271]--test_invest.py--182--INFO:正在回写实际结果actual：{'code': 2, 'msg': '数值参数格式错误', 'data': None, 'copyright': 'Copyright 柠檬班 © 2017-2020 湖南省零檬信息技术有限公司 All Rights Reserved'}
[2020-06-21 00:45:33,705]--test_invest.py--184--INFO:正在回写测试结果test_result：PASS
[2020-06-21 00:45:33,705]--test_invest.py--185--INFO:*************结束回写数据***************
[2020-06-21 00:45:33,891]--test_invest.py--42--INFO:******************正在执行invest模块用例******************
[2020-06-21 00:45:33,892]--test_invest.py--43--INFO:正在执行第19条用例:投资金额校验--投资金额输入大于可投标金额
[2020-06-21 00:45:33,892]--test_invest.py--44--INFO:请求的数据是{'case_id': 19, 'interface': 'invest', 'title': '投资金额校验--投资金额输入大于可投标金额', 'method': 'POST', 'url': '/member/invest', 'data': '{"member_id":"#member_id#","loan_id":"#otherid#","amount":"#max_amt#"}', 'headers': '{"X-Lemonban-Media-Type": "lemonban.v2","Authorization":"#token#"}', 'yes_or_no': 'NO', 'expected': '{"code": 2,"msg": "该标可投金额不足,可投金额：9800.0"}', 'actucal': "{'code': 2, 'msg': '该标可投金额不足,可投金额：9700.0', 'data': None, 'copyright': 'Copyright 柠檬班 © 2017-2020 湖南省零檬信息技术有限公司 All Rights Reserved'}", 'test_result': 'FAILED'}
[2020-06-21 00:45:33,910]--test_invest.py--129--INFO:======================正在查询原始投资记录条数=======================
[2020-06-21 00:45:33,925]--test_invest.py--133--INFO:账户id为13217的原始投资记录条数为41
[2020-06-21 00:45:33,925]--test_invest.py--136--INFO:======================正在查询原始投资流水记录条数=======================
[2020-06-21 00:45:33,947]--test_invest.py--140--INFO:账户id为13217的原始投资流水条数为116
[2020-06-21 00:45:33,969]--test_invest.py--176--ERROR:执行接口测试出现错误，错误是False is not true
[2020-06-21 00:45:33,969]--test_invest.py--178--ERROR:第19条用例执行结果为FAILED
[2020-06-21 00:45:33,969]--test_invest.py--180--INFO:*************开始回写数据***************
[2020-06-21 00:45:34,333]--test_invest.py--182--INFO:正在回写实际结果actual：{'code': 2, 'msg': '该标可投金额不足,可投金额：8500.0', 'data': None, 'copyright': 'Copyright 柠檬班 © 2017-2020 湖南省零檬信息技术有限公司 All Rights Reserved'}
[2020-06-21 00:45:34,771]--test_invest.py--184--INFO:正在回写测试结果test_result：FAILED
[2020-06-21 00:45:34,771]--test_invest.py--185--INFO:*************结束回写数据***************
[2020-06-21 00:45:34,951]--test_invest.py--42--INFO:******************正在执行invest模块用例******************
[2020-06-21 00:45:34,951]--test_invest.py--43--INFO:正在执行第20条用例:投资金额校验--投资金额输入等于可投标金额,投标完成
[2020-06-21 00:45:34,951]--test_invest.py--44--INFO:请求的数据是{'case_id': 20, 'interface': 'invest', 'title': '投资金额校验--投资金额输入等于可投标金额,投标完成', 'method': 'POST', 'url': '/member/invest', 'data': '{"member_id":"#member_id#","loan_id":"#loanid#","amount":"#amount#"}', 'headers': '{"X-Lemonban-Media-Type": "lemonban.v2","Authorization":"#token#"}', 'yes_or_no': 'YES', 'expected': '{"code": 0,"msg": "OK"}', 'actucal': "{'code': 0, 'msg': 'OK', 'data': {'id': 1911, 'member_id': 13217, 'loan_id': 1245299, 'amount': 80000.0, 'create_time': '2020-06-21 00:14:53', 'is_valid': 1}, 'copyright': 'Copyright 柠檬班 © 2017-2020 湖南省零檬信息技术有限公司 All Rights Reserved'}", 'test_result': 'PASS'}
[2020-06-21 00:45:34,960]--test_invest.py--94--INFO:======================正在查询原始金额=======================
[2020-06-21 00:45:34,970]--test_invest.py--105--INFO:账户id为13217的账户原始金额是1847200.65
[2020-06-21 00:45:34,970]--test_invest.py--129--INFO:======================正在查询原始投资记录条数=======================
[2020-06-21 00:45:34,979]--test_invest.py--133--INFO:账户id为13217的原始投资记录条数为41
[2020-06-21 00:45:34,980]--test_invest.py--136--INFO:======================正在查询原始投资流水记录条数=======================
[2020-06-21 00:45:34,995]--test_invest.py--140--INFO:账户id为13217的原始投资流水条数为116
[2020-06-21 00:45:35,293]--test_invest.py--174--INFO:第20条用例执行结果为PASS
[2020-06-21 00:45:35,294]--test_invest.py--180--INFO:*************开始回写数据***************
[2020-06-21 00:45:35,909]--test_invest.py--182--INFO:正在回写实际结果actual：{'code': 0, 'msg': 'OK', 'data': {'id': 1923, 'member_id': 13217, 'loan_id': 1245420, 'amount': 80000.0, 'create_time': '2020-06-21 00:45:36', 'is_valid': 1}, 'copyright': 'Copyright 柠檬班 © 2017-2020 湖南省零檬信息技术有限公司 All Rights Reserved'}
[2020-06-21 00:45:36,706]--test_invest.py--184--INFO:正在回写测试结果test_result：PASS
[2020-06-21 00:45:36,706]--test_invest.py--185--INFO:*************结束回写数据***************
[2020-06-21 00:45:36,900]--test_invest.py--42--INFO:******************正在执行invest模块用例******************
[2020-06-21 00:45:36,901]--test_invest.py--43--INFO:正在执行第21条用例:投资金额校验--投资金额输入大于用户余额,余额不足
[2020-06-21 00:45:36,901]--test_invest.py--44--INFO:请求的数据是{'case_id': 21, 'interface': 'invest', 'title': '投资金额校验--投资金额输入大于用户余额,余额不足', 'method': 'POST', 'url': '/member/invest', 'data': '{"member_id":"#member_id#","loan_id":"#loanid#","amount":"#min_amt#"}', 'headers': '{"X-Lemonban-Media-Type": "lemonban.v2","Authorization":"#token#"}', 'yes_or_no': 'NO', 'expected': '{"code": 0,"msg": "OK"}', 'actucal': "{'code': 2, 'msg': '数值参数格式错误', 'data': None, 'copyright': 'Copyright 柠檬班 © 2017-2020 湖南省零檬信息技术有限公司 All Rights Reserved'}", 'test_result': 'FAILED'}
[2020-06-21 00:45:36,902]--test_invest.py--129--INFO:======================正在查询原始投资记录条数=======================
[2020-06-21 00:45:36,911]--test_invest.py--133--INFO:账户id为13217的原始投资记录条数为42
[2020-06-21 00:45:36,912]--test_invest.py--136--INFO:======================正在查询原始投资流水记录条数=======================
[2020-06-21 00:45:36,927]--test_invest.py--140--INFO:账户id为13217的原始投资流水条数为117
[2020-06-21 00:45:36,947]--test_invest.py--176--ERROR:执行接口测试出现错误，错误是False is not true
[2020-06-21 00:45:36,947]--test_invest.py--178--ERROR:第21条用例执行结果为FAILED
[2020-06-21 00:45:36,947]--test_invest.py--180--INFO:*************开始回写数据***************
[2020-06-21 00:45:37,439]--test_invest.py--182--INFO:正在回写实际结果actual：{'code': 2, 'msg': '充值金额必须大于100，并且可以被100整除', 'data': None, 'copyright': 'Copyright 柠檬班 © 2017-2020 湖南省零檬信息技术有限公司 All Rights Reserved'}
[2020-06-21 00:45:37,889]--test_invest.py--184--INFO:正在回写测试结果test_result：FAILED
[2020-06-21 00:45:37,890]--test_invest.py--185--INFO:*************结束回写数据***************
