[2020-06-21 15:39:14,181]--test_invest.py--42--INFO:******************正在执行invest模块用例******************
[2020-06-21 15:39:14,181]--test_invest.py--43--INFO:正在执行第1条用例:用户id校验--输入已注册用户id
[2020-06-21 15:39:14,181]--test_invest.py--44--INFO:请求的数据是{'case_id': 1, 'interface': 'invest', 'title': '用户id校验--输入已注册用户id', 'method': 'POST', 'url': '/member/invest', 'data': '{"member_id":"#member_id#","loan_id":"#loanid#","amount":"1000"}', 'headers': '{"X-Lemonban-Media-Type": "lemonban.v2","Authorization":"#token#"}', 'yes_or_no': 'YES', 'expected': '{"code": 0,"msg": "OK"}', 'actucal': "{'code': 0, 'msg': 'OK', 'data': {'id': 2067, 'member_id': 173720, 'loan_id': 1246649, 'amount': 1000.0, 'create_time': '2020-06-21 15:34:49', 'is_valid': 1}, 'copyright': 'Copyright 柠檬班 © 2017-2020 湖南省零檬信息技术有限公司 All Rights Reserved'}", 'test_result': 'PASS'}
[2020-06-21 15:39:14,181]--test_invest.py--94--INFO:======================正在查询原始金额=======================
[2020-06-21 15:39:15,274]--test_invest.py--102--INFO:账户id为173720的账户原始金额是23400.00
[2020-06-21 15:39:15,274]--test_invest.py--134--INFO:======================正在查询原始投资记录条数=======================
[2020-06-21 15:39:15,281]--test_invest.py--138--INFO:账户id为173720的原始投资记录条数为56
[2020-06-21 15:39:15,281]--test_invest.py--141--INFO:======================正在查询原始投资流水记录条数=======================
[2020-06-21 15:39:15,296]--test_invest.py--145--INFO:账户id为173720的原始投资流水条数为56
[2020-06-21 15:39:15,327]--test_invest.py--165--INFO:======================正在查询投资后金额=======================
[2020-06-21 15:39:15,343]--test_invest.py--169--INFO:账户id为173720的账户投资后的余额是22400.00
[2020-06-21 15:39:15,343]--test_invest.py--170--INFO:账户id为173720的账户原始金额-投资金额后的余额是22400.00
[2020-06-21 15:39:15,343]--test_invest.py--171--INFO:======================正在金额比对=======================
[2020-06-21 15:39:15,343]--test_invest.py--173--INFO:======================金额比对通过=======================
[2020-06-21 15:39:15,343]--test_invest.py--174--INFO:======================正在查询投资后流水记录=======================
[2020-06-21 15:39:15,359]--test_invest.py--178--INFO:账户id为173720的投资后流水条数为57
[2020-06-21 15:39:15,359]--test_invest.py--179--INFO:======================正在投资后流水比对=======================
[2020-06-21 15:39:15,359]--test_invest.py--182--INFO:第1条用例执行结果为PASS
[2020-06-21 15:39:15,359]--test_invest.py--188--INFO:*************开始回写数据***************
[2020-06-21 15:39:15,659]--test_invest.py--190--INFO:正在回写实际结果actual：{'code': 0, 'msg': 'OK', 'data': {'id': 2075, 'member_id': 173720, 'loan_id': 1246674, 'amount': 1000.0, 'create_time': '2020-06-21 15:39:16', 'is_valid': 1}, 'copyright': 'Copyright 柠檬班 © 2017-2020 湖南省零檬信息技术有限公司 All Rights Reserved'}
[2020-06-21 15:39:15,944]--test_invest.py--192--INFO:正在回写测试结果test_result：PASS
[2020-06-21 15:39:15,944]--test_invest.py--193--INFO:*************结束回写数据***************
[2020-06-21 15:39:16,244]--test_invest.py--42--INFO:******************正在执行invest模块用例******************
[2020-06-21 15:39:16,244]--test_invest.py--43--INFO:正在执行第2条用例:用户id校验--输入不存在的用户id
[2020-06-21 15:39:16,244]--test_invest.py--44--INFO:请求的数据是{'case_id': 2, 'interface': 'invest', 'title': '用户id校验--输入不存在的用户id', 'method': 'POST', 'url': '/member/invest', 'data': '{"member_id":"s13361","loan_id":"#loanid#","amount":"20000"}', 'headers': '{"X-Lemonban-Media-Type": "lemonban.v2","Authorization":"#token#"}', 'yes_or_no': 'NO', 'expected': '{"code": 2,"msg": "数值参数格式错误"}', 'actucal': "{'code': 2, 'msg': '数值参数格式错误', 'data': None, 'copyright': 'Copyright 柠檬班 © 2017-2020 湖南省零檬信息技术有限公司 All Rights Reserved'}", 'test_result': 'PASS'}
[2020-06-21 15:39:16,244]--test_invest.py--134--INFO:======================正在查询原始投资记录条数=======================
[2020-06-21 15:39:16,260]--test_invest.py--138--INFO:账户id为173720的原始投资记录条数为57
[2020-06-21 15:39:16,260]--test_invest.py--141--INFO:======================正在查询原始投资流水记录条数=======================
[2020-06-21 15:39:16,281]--test_invest.py--145--INFO:账户id为173720的原始投资流水条数为57
[2020-06-21 15:39:16,297]--test_invest.py--182--INFO:第2条用例执行结果为PASS
[2020-06-21 15:39:16,297]--test_invest.py--188--INFO:*************开始回写数据***************
[2020-06-21 15:39:16,613]--test_invest.py--190--INFO:正在回写实际结果actual：{'code': 2, 'msg': '数值参数格式错误', 'data': None, 'copyright': 'Copyright 柠檬班 © 2017-2020 湖南省零檬信息技术有限公司 All Rights Reserved'}
[2020-06-21 15:39:16,898]--test_invest.py--192--INFO:正在回写测试结果test_result：PASS
[2020-06-21 15:39:16,898]--test_invest.py--193--INFO:*************结束回写数据***************
[2020-06-21 15:39:17,076]--test_invest.py--42--INFO:******************正在执行invest模块用例******************
[2020-06-21 15:39:17,076]--test_invest.py--43--INFO:正在执行第3条用例:用户id校验--id输入为空
[2020-06-21 15:39:17,076]--test_invest.py--44--INFO:请求的数据是{'case_id': 3, 'interface': 'invest', 'title': '用户id校验--id输入为空', 'method': 'POST', 'url': '/member/invest', 'data': '{"member_id":"","loan_id":"#loanid#","amount":"100"}', 'headers': '{"X-Lemonban-Media-Type": "lemonban.v2","Authorization":"#token#"}', 'yes_or_no': 'NO', 'expected': '{"code": 2,"msg": "数值参数格式错误"}', 'actucal': "{'code': 2, 'msg': '数值参数格式错误', 'data': None, 'copyright': 'Copyright 柠檬班 © 2017-2020 湖南省零檬信息技术有限公司 All Rights Reserved'}", 'test_result': 'PASS'}
[2020-06-21 15:39:17,076]--test_invest.py--134--INFO:======================正在查询原始投资记录条数=======================
[2020-06-21 15:39:17,098]--test_invest.py--138--INFO:账户id为173720的原始投资记录条数为57
[2020-06-21 15:39:17,098]--test_invest.py--141--INFO:======================正在查询原始投资流水记录条数=======================
[2020-06-21 15:39:17,129]--test_invest.py--145--INFO:账户id为173720的原始投资流水条数为57
[2020-06-21 15:39:17,145]--test_invest.py--182--INFO:第3条用例执行结果为PASS
[2020-06-21 15:39:17,145]--test_invest.py--188--INFO:*************开始回写数据***************
[2020-06-21 15:39:17,430]--test_invest.py--190--INFO:正在回写实际结果actual：{'code': 2, 'msg': '数值参数格式错误', 'data': None, 'copyright': 'Copyright 柠檬班 © 2017-2020 湖南省零檬信息技术有限公司 All Rights Reserved'}
[2020-06-21 15:39:17,747]--test_invest.py--192--INFO:正在回写测试结果test_result：PASS
[2020-06-21 15:39:17,747]--test_invest.py--193--INFO:*************结束回写数据***************
[2020-06-21 15:39:21,021]--test_invest.py--42--INFO:******************正在执行invest模块用例******************
[2020-06-21 15:39:21,021]--test_invest.py--43--INFO:正在执行第4条用例:投资项目id校验--输入投标中状态2(竞标中)的项目id
[2020-06-21 15:39:21,021]--test_invest.py--44--INFO:请求的数据是{'case_id': 4, 'interface': 'invest', 'title': '投资项目id校验--输入投标中状态2(竞标中)的项目id', 'method': 'POST', 'url': '/member/invest', 'data': '{"member_id":"#member_id#","loan_id":"#loanid#","amount":"100"}', 'headers': '{"X-Lemonban-Media-Type": "lemonban.v2","Authorization":"#token#"}', 'yes_or_no': 'YES', 'expected': '{"code": 0,"msg": "OK"}', 'actucal': "{'code': 0, 'msg': 'OK', 'data': {'id': 2068, 'member_id': 173720, 'loan_id': 1246652, 'amount': 100.0, 'create_time': '2020-06-21 15:34:51', 'is_valid': 1}, 'copyright': 'Copyright 柠檬班 © 2017-2020 湖南省零檬信息技术有限公司 All Rights Reserved'}", 'test_result': 'PASS'}
[2020-06-21 15:39:21,021]--test_invest.py--94--INFO:======================正在查询原始金额=======================
[2020-06-21 15:39:22,069]--test_invest.py--102--INFO:账户id为173720的账户原始金额是42400.00
[2020-06-21 15:39:22,069]--test_invest.py--134--INFO:======================正在查询原始投资记录条数=======================
[2020-06-21 15:39:22,091]--test_invest.py--138--INFO:账户id为173720的原始投资记录条数为57
[2020-06-21 15:39:22,091]--test_invest.py--141--INFO:======================正在查询原始投资流水记录条数=======================
[2020-06-21 15:39:22,107]--test_invest.py--145--INFO:账户id为173720的原始投资流水条数为57
[2020-06-21 15:39:22,138]--test_invest.py--165--INFO:======================正在查询投资后金额=======================
[2020-06-21 15:39:22,153]--test_invest.py--169--INFO:账户id为173720的账户投资后的余额是42300.00
[2020-06-21 15:39:22,153]--test_invest.py--170--INFO:账户id为173720的账户原始金额-投资金额后的余额是42300.00
[2020-06-21 15:39:22,153]--test_invest.py--171--INFO:======================正在金额比对=======================
[2020-06-21 15:39:22,153]--test_invest.py--173--INFO:======================金额比对通过=======================
[2020-06-21 15:39:22,153]--test_invest.py--174--INFO:======================正在查询投资后流水记录=======================
[2020-06-21 15:39:22,169]--test_invest.py--178--INFO:账户id为173720的投资后流水条数为58
[2020-06-21 15:39:22,169]--test_invest.py--179--INFO:======================正在投资后流水比对=======================
[2020-06-21 15:39:22,169]--test_invest.py--182--INFO:第4条用例执行结果为PASS
[2020-06-21 15:39:22,169]--test_invest.py--188--INFO:*************开始回写数据***************
[2020-06-21 15:39:22,486]--test_invest.py--190--INFO:正在回写实际结果actual：{'code': 0, 'msg': 'OK', 'data': {'id': 2076, 'member_id': 173720, 'loan_id': 1246677, 'amount': 100.0, 'create_time': '2020-06-21 15:39:23', 'is_valid': 1}, 'copyright': 'Copyright 柠檬班 © 2017-2020 湖南省零檬信息技术有限公司 All Rights Reserved'}
[2020-06-21 15:39:22,754]--test_invest.py--192--INFO:正在回写测试结果test_result：PASS
[2020-06-21 15:39:22,754]--test_invest.py--193--INFO:*************结束回写数据***************
[2020-06-21 15:39:22,971]--test_invest.py--42--INFO:******************正在执行invest模块用例******************
[2020-06-21 15:39:22,971]--test_invest.py--43--INFO:正在执行第5条用例:投资项目id校验--输入非投标中状态为1(审核中)的项目id
[2020-06-21 15:39:22,971]--test_invest.py--44--INFO:请求的数据是{'case_id': 5, 'interface': 'invest', 'title': '投资项目id校验--输入非投标中状态为1(审核中)的项目id', 'method': 'POST', 'url': '/member/invest', 'data': '{"member_id":"#member_id#","loan_id":"#shz#","amount":"100"}', 'headers': '{"X-Lemonban-Media-Type": "lemonban.v2","Authorization":"#token#"}', 'yes_or_no': 'NO', 'expected': '{"code": 2,"msg": "该项目不在竞标中状态"}', 'actucal': "{'code': 2, 'msg': '该项目不在竞标中状态', 'data': None, 'copyright': 'Copyright 柠檬班 © 2017-2020 湖南省零檬信息技术有限公司 All Rights Reserved'}", 'test_result': 'PASS'}
[2020-06-21 15:39:22,971]--test_invest.py--134--INFO:======================正在查询原始投资记录条数=======================
[2020-06-21 15:39:22,993]--test_invest.py--138--INFO:账户id为173720的原始投资记录条数为58
[2020-06-21 15:39:22,993]--test_invest.py--141--INFO:======================正在查询原始投资流水记录条数=======================
[2020-06-21 15:39:23,009]--test_invest.py--145--INFO:账户id为173720的原始投资流水条数为58
[2020-06-21 15:39:23,071]--test_invest.py--182--INFO:第5条用例执行结果为PASS
[2020-06-21 15:39:23,071]--test_invest.py--188--INFO:*************开始回写数据***************
[2020-06-21 15:39:23,425]--test_invest.py--190--INFO:正在回写实际结果actual：{'code': 2, 'msg': '该项目不在竞标中状态', 'data': None, 'copyright': 'Copyright 柠檬班 © 2017-2020 湖南省零檬信息技术有限公司 All Rights Reserved'}
[2020-06-21 15:39:23,695]--test_invest.py--192--INFO:正在回写测试结果test_result：PASS
[2020-06-21 15:39:23,695]--test_invest.py--193--INFO:*************结束回写数据***************
[2020-06-21 15:39:23,858]--test_invest.py--42--INFO:******************正在执行invest模块用例******************
[2020-06-21 15:39:23,858]--test_invest.py--43--INFO:正在执行第6条用例:投资项目id校验--输入非投标中状态3(还款中)的项目id
[2020-06-21 15:39:23,858]--test_invest.py--44--INFO:请求的数据是{'case_id': 6, 'interface': 'invest', 'title': '投资项目id校验--输入非投标中状态3(还款中)的项目id', 'method': 'POST', 'url': '/member/invest', 'data': '{"member_id":"#member_id#","loan_id":"#hkz#","amount":"100"}', 'headers': '{"X-Lemonban-Media-Type": "lemonban.v2","Authorization":"#token#"}', 'yes_or_no': 'NO', 'expected': '{"code": 2,"msg": "该项目不在竞标中状态"}', 'actucal': "{'code': 2, 'msg': '该项目不在竞标中状态', 'data': None, 'copyright': 'Copyright 柠檬班 © 2017-2020 湖南省零檬信息技术有限公司 All Rights Reserved'}", 'test_result': 'PASS'}
[2020-06-21 15:39:23,858]--test_invest.py--134--INFO:======================正在查询原始投资记录条数=======================
[2020-06-21 15:39:23,873]--test_invest.py--138--INFO:账户id为173720的原始投资记录条数为58
[2020-06-21 15:39:23,873]--test_invest.py--141--INFO:======================正在查询原始投资流水记录条数=======================
[2020-06-21 15:39:23,889]--test_invest.py--145--INFO:账户id为173720的原始投资流水条数为58
[2020-06-21 15:39:23,911]--test_invest.py--182--INFO:第6条用例执行结果为PASS
[2020-06-21 15:39:23,911]--test_invest.py--188--INFO:*************开始回写数据***************
[2020-06-21 15:39:24,195]--test_invest.py--190--INFO:正在回写实际结果actual：{'code': 2, 'msg': '该项目不在竞标中状态', 'data': None, 'copyright': 'Copyright 柠檬班 © 2017-2020 湖南省零檬信息技术有限公司 All Rights Reserved'}
[2020-06-21 15:39:24,490]--test_invest.py--192--INFO:正在回写测试结果test_result：PASS
[2020-06-21 15:39:24,490]--test_invest.py--193--INFO:*************结束回写数据***************
[2020-06-21 15:39:24,644]--test_invest.py--42--INFO:******************正在执行invest模块用例******************
[2020-06-21 15:39:24,644]--test_invest.py--43--INFO:正在执行第7条用例:投资项目id校验--输入非投标中状态4(还款完成)的项目id
[2020-06-21 15:39:24,644]--test_invest.py--44--INFO:请求的数据是{'case_id': 7, 'interface': 'invest', 'title': '投资项目id校验--输入非投标中状态4(还款完成)的项目id', 'method': 'POST', 'url': '/member/invest', 'data': '{"member_id":"#member_id#","loan_id":"#hwc#","amount":"100"}', 'headers': '{"X-Lemonban-Media-Type": "lemonban.v2","Authorization":"#token#"}', 'yes_or_no': 'NO', 'expected': '{"code": 2,"msg": "该项目不在竞标中状态"}', 'actucal': "{'code': 2, 'msg': '该项目不在竞标中状态', 'data': None, 'copyright': 'Copyright 柠檬班 © 2017-2020 湖南省零檬信息技术有限公司 All Rights Reserved'}", 'test_result': 'PASS'}
[2020-06-21 15:39:24,659]--test_invest.py--134--INFO:======================正在查询原始投资记录条数=======================
[2020-06-21 15:39:24,675]--test_invest.py--138--INFO:账户id为173720的原始投资记录条数为58
[2020-06-21 15:39:24,675]--test_invest.py--141--INFO:======================正在查询原始投资流水记录条数=======================
[2020-06-21 15:39:24,697]--test_invest.py--145--INFO:账户id为173720的原始投资流水条数为58
[2020-06-21 15:39:24,713]--test_invest.py--182--INFO:第7条用例执行结果为PASS
[2020-06-21 15:39:24,713]--test_invest.py--188--INFO:*************开始回写数据***************
[2020-06-21 15:39:25,099]--test_invest.py--190--INFO:正在回写实际结果actual：{'code': 2, 'msg': '该项目不在竞标中状态', 'data': None, 'copyright': 'Copyright 柠檬班 © 2017-2020 湖南省零檬信息技术有限公司 All Rights Reserved'}
[2020-06-21 15:39:25,377]--test_invest.py--192--INFO:正在回写测试结果test_result：PASS
[2020-06-21 15:39:25,377]--test_invest.py--193--INFO:*************结束回写数据***************
[2020-06-21 15:39:25,531]--test_invest.py--42--INFO:******************正在执行invest模块用例******************
[2020-06-21 15:39:25,531]--test_invest.py--43--INFO:正在执行第8条用例:投资项目id校验--输入非投标中状态5(审核不通过)的项目id
[2020-06-21 15:39:25,531]--test_invest.py--44--INFO:请求的数据是{'case_id': 8, 'interface': 'invest', 'title': '投资项目id校验--输入非投标中状态5(审核不通过)的项目id', 'method': 'POST', 'url': '/member/invest', 'data': '{"member_id":"#member_id#","loan_id":"#btg#","amount":"100"}', 'headers': '{"X-Lemonban-Media-Type": "lemonban.v2","Authorization":"#token#"}', 'yes_or_no': 'NO', 'expected': '{"code": 2,"msg": "该项目不在竞标中状态"}', 'actucal': "{'code': 2, 'msg': '该项目不在竞标中状态', 'data': None, 'copyright': 'Copyright 柠檬班 © 2017-2020 湖南省零檬信息技术有限公司 All Rights Reserved'}", 'test_result': 'PASS'}
[2020-06-21 15:39:25,546]--test_invest.py--134--INFO:======================正在查询原始投资记录条数=======================
[2020-06-21 15:39:25,562]--test_invest.py--138--INFO:账户id为173720的原始投资记录条数为58
[2020-06-21 15:39:25,562]--test_invest.py--141--INFO:======================正在查询原始投资流水记录条数=======================
[2020-06-21 15:39:25,593]--test_invest.py--145--INFO:账户id为173720的原始投资流水条数为58
[2020-06-21 15:39:25,615]--test_invest.py--182--INFO:第8条用例执行结果为PASS
[2020-06-21 15:39:25,615]--test_invest.py--188--INFO:*************开始回写数据***************
[2020-06-21 15:39:25,916]--test_invest.py--190--INFO:正在回写实际结果actual：{'code': 2, 'msg': '该项目不在竞标中状态', 'data': None, 'copyright': 'Copyright 柠檬班 © 2017-2020 湖南省零檬信息技术有限公司 All Rights Reserved'}
[2020-06-21 15:39:26,201]--test_invest.py--192--INFO:正在回写测试结果test_result：PASS
[2020-06-21 15:39:26,201]--test_invest.py--193--INFO:*************结束回写数据***************
[2020-06-21 15:39:27,350]--test_invest.py--42--INFO:******************正在执行invest模块用例******************
[2020-06-21 15:39:27,350]--test_invest.py--43--INFO:正在执行第9条用例:投资项目id校验--输入用户自己创建的项目id
[2020-06-21 15:39:27,350]--test_invest.py--44--INFO:请求的数据是{'case_id': 9, 'interface': 'invest', 'title': '投资项目id校验--输入用户自己创建的项目id', 'method': 'POST', 'url': '/member/invest', 'data': '{"member_id":"#member_id#","loan_id":"#loanid#","amount":"100"}', 'headers': '{"X-Lemonban-Media-Type": "lemonban.v2","Authorization":"#token#"}', 'yes_or_no': 'YES', 'expected': '{"code": 0,"msg": "OK"}', 'actucal': "{'code': 0, 'msg': 'OK', 'data': {'id': 2069, 'member_id': 173720, 'loan_id': 1246657, 'amount': 100.0, 'create_time': '2020-06-21 15:34:56', 'is_valid': 1}, 'copyright': 'Copyright 柠檬班 © 2017-2020 湖南省零檬信息技术有限公司 All Rights Reserved'}", 'test_result': 'PASS'}
[2020-06-21 15:39:27,350]--test_invest.py--94--INFO:======================正在查询原始金额=======================
[2020-06-21 15:39:27,403]--test_invest.py--102--INFO:账户id为173720的账户原始金额是62300.00
[2020-06-21 15:39:27,403]--test_invest.py--134--INFO:======================正在查询原始投资记录条数=======================
[2020-06-21 15:39:27,419]--test_invest.py--138--INFO:账户id为173720的原始投资记录条数为58
[2020-06-21 15:39:27,419]--test_invest.py--141--INFO:======================正在查询原始投资流水记录条数=======================
[2020-06-21 15:39:27,435]--test_invest.py--145--INFO:账户id为173720的原始投资流水条数为58
[2020-06-21 15:39:27,481]--test_invest.py--165--INFO:======================正在查询投资后金额=======================
[2020-06-21 15:39:27,535]--test_invest.py--169--INFO:账户id为173720的账户投资后的余额是62200.00
[2020-06-21 15:39:27,535]--test_invest.py--170--INFO:账户id为173720的账户原始金额-投资金额后的余额是62200.00
[2020-06-21 15:39:27,535]--test_invest.py--171--INFO:======================正在金额比对=======================
[2020-06-21 15:39:27,535]--test_invest.py--173--INFO:======================金额比对通过=======================
[2020-06-21 15:39:27,535]--test_invest.py--174--INFO:======================正在查询投资后流水记录=======================
[2020-06-21 15:39:27,566]--test_invest.py--178--INFO:账户id为173720的投资后流水条数为59
[2020-06-21 15:39:27,566]--test_invest.py--179--INFO:======================正在投资后流水比对=======================
[2020-06-21 15:39:27,566]--test_invest.py--182--INFO:第9条用例执行结果为PASS
[2020-06-21 15:39:27,566]--test_invest.py--188--INFO:*************开始回写数据***************
[2020-06-21 15:39:27,867]--test_invest.py--190--INFO:正在回写实际结果actual：{'code': 0, 'msg': 'OK', 'data': {'id': 2077, 'member_id': 173720, 'loan_id': 1246682, 'amount': 100.0, 'create_time': '2020-06-21 15:39:28', 'is_valid': 1}, 'copyright': 'Copyright 柠檬班 © 2017-2020 湖南省零檬信息技术有限公司 All Rights Reserved'}
[2020-06-21 15:39:28,152]--test_invest.py--192--INFO:正在回写测试结果test_result：PASS
[2020-06-21 15:39:28,167]--test_invest.py--193--INFO:*************结束回写数据***************
[2020-06-21 15:39:28,452]--test_invest.py--42--INFO:******************正在执行invest模块用例******************
[2020-06-21 15:39:28,452]--test_invest.py--43--INFO:正在执行第10条用例:投资项目id校验--输入其他用户创建的项目id
[2020-06-21 15:39:28,452]--test_invest.py--44--INFO:请求的数据是{'case_id': 10, 'interface': 'invest', 'title': '投资项目id校验--输入其他用户创建的项目id', 'method': 'POST', 'url': '/member/invest', 'data': '{"member_id":"#member_id#","loan_id":"#other_id#","amount":"600"}', 'headers': '{"X-Lemonban-Media-Type": "lemonban.v2","Authorization":"#token#"}', 'yes_or_no': 'YES', 'expected': '{"code": 0,"msg": "OK"}', 'actucal': "{'code': 0, 'msg': 'OK', 'data': {'id': 2070, 'member_id': 173720, 'loan_id': 11, 'amount': 600.0, 'create_time': '2020-06-21 15:34:57', 'is_valid': 1}, 'copyright': 'Copyright 柠檬班 © 2017-2020 湖南省零檬信息技术有限公司 All Rights Reserved'}", 'test_result': 'PASS'}
[2020-06-21 15:39:28,452]--test_invest.py--94--INFO:======================正在查询原始金额=======================
[2020-06-21 15:39:28,553]--test_invest.py--102--INFO:账户id为173720的账户原始金额是82200.00
[2020-06-21 15:39:28,553]--test_invest.py--134--INFO:======================正在查询原始投资记录条数=======================
[2020-06-21 15:39:28,568]--test_invest.py--138--INFO:账户id为173720的原始投资记录条数为59
[2020-06-21 15:39:28,568]--test_invest.py--141--INFO:======================正在查询原始投资流水记录条数=======================
[2020-06-21 15:39:28,584]--test_invest.py--145--INFO:账户id为173720的原始投资流水条数为59
[2020-06-21 15:39:28,684]--test_invest.py--165--INFO:======================正在查询投资后金额=======================
[2020-06-21 15:39:28,684]--test_invest.py--169--INFO:账户id为173720的账户投资后的余额是81600.00
[2020-06-21 15:39:28,684]--test_invest.py--170--INFO:账户id为173720的账户原始金额-投资金额后的余额是81600.00
[2020-06-21 15:39:28,700]--test_invest.py--171--INFO:======================正在金额比对=======================
[2020-06-21 15:39:28,700]--test_invest.py--173--INFO:======================金额比对通过=======================
[2020-06-21 15:39:28,700]--test_invest.py--174--INFO:======================正在查询投资后流水记录=======================
[2020-06-21 15:39:28,706]--test_invest.py--178--INFO:账户id为173720的投资后流水条数为60
[2020-06-21 15:39:28,706]--test_invest.py--179--INFO:======================正在投资后流水比对=======================
[2020-06-21 15:39:28,706]--test_invest.py--182--INFO:第10条用例执行结果为PASS
[2020-06-21 15:39:28,706]--test_invest.py--188--INFO:*************开始回写数据***************
[2020-06-21 15:39:29,054]--test_invest.py--190--INFO:正在回写实际结果actual：{'code': 0, 'msg': 'OK', 'data': {'id': 2078, 'member_id': 173720, 'loan_id': 11, 'amount': 600.0, 'create_time': '2020-06-21 15:39:29', 'is_valid': 1}, 'copyright': 'Copyright 柠檬班 © 2017-2020 湖南省零檬信息技术有限公司 All Rights Reserved'}
[2020-06-21 15:39:29,323]--test_invest.py--192--INFO:正在回写测试结果test_result：PASS
[2020-06-21 15:39:29,323]--test_invest.py--193--INFO:*************结束回写数据***************
[2020-06-21 15:39:29,554]--test_invest.py--42--INFO:******************正在执行invest模块用例******************
[2020-06-21 15:39:29,554]--test_invest.py--43--INFO:正在执行第11条用例:投资项目id校验--输入不存在的项目id
[2020-06-21 15:39:29,554]--test_invest.py--44--INFO:请求的数据是{'case_id': 11, 'interface': 'invest', 'title': '投资项目id校验--输入不存在的项目id', 'method': 'POST', 'url': '/member/invest', 'data': '{"member_id":"#member_id#","loan_id":"888888888","amount":"100"}', 'headers': '{"X-Lemonban-Media-Type": "lemonban.v2","Authorization":"#token#"}', 'yes_or_no': 'NO', 'expected': '{"code": 2,"msg": "项目不存在"}', 'actucal': "{'code': 2, 'msg': '项目不存在', 'data': None, 'copyright': 'Copyright 柠檬班 © 2017-2020 湖南省零檬信息技术有限公司 All Rights Reserved'}", 'test_result': 'PASS'}
[2020-06-21 15:39:29,554]--test_invest.py--134--INFO:======================正在查询原始投资记录条数=======================
[2020-06-21 15:39:29,570]--test_invest.py--138--INFO:账户id为173720的原始投资记录条数为60
[2020-06-21 15:39:29,570]--test_invest.py--141--INFO:======================正在查询原始投资流水记录条数=======================
[2020-06-21 15:39:29,601]--test_invest.py--145--INFO:账户id为173720的原始投资流水条数为60
[2020-06-21 15:39:29,623]--test_invest.py--182--INFO:第11条用例执行结果为PASS
[2020-06-21 15:39:29,623]--test_invest.py--188--INFO:*************开始回写数据***************
[2020-06-21 15:39:29,939]--test_invest.py--190--INFO:正在回写实际结果actual：{'code': 2, 'msg': '项目不存在', 'data': None, 'copyright': 'Copyright 柠檬班 © 2017-2020 湖南省零檬信息技术有限公司 All Rights Reserved'}
[2020-06-21 15:39:30,270]--test_invest.py--192--INFO:正在回写测试结果test_result：PASS
[2020-06-21 15:39:30,270]--test_invest.py--193--INFO:*************结束回写数据***************
[2020-06-21 15:39:30,408]--test_invest.py--42--INFO:******************正在执行invest模块用例******************
[2020-06-21 15:39:30,408]--test_invest.py--43--INFO:正在执行第12条用例:投资项目id校验--项目id输入为空
[2020-06-21 15:39:30,408]--test_invest.py--44--INFO:请求的数据是{'case_id': 12, 'interface': 'invest', 'title': '投资项目id校验--项目id输入为空', 'method': 'POST', 'url': '/member/invest', 'data': '{"member_id":"#member_id#","loan_id":"","amount":"100"}', 'headers': '{"X-Lemonban-Media-Type": "lemonban.v2","Authorization":"#token#"}', 'yes_or_no': 'NO', 'expected': '{"code": 2,"msg": "数值参数格式错误"}', 'actucal': "{'code': 2, 'msg': '数值参数格式错误', 'data': None, 'copyright': 'Copyright 柠檬班 © 2017-2020 湖南省零檬信息技术有限公司 All Rights Reserved'}", 'test_result': 'PASS'}
[2020-06-21 15:39:30,408]--test_invest.py--134--INFO:======================正在查询原始投资记录条数=======================
[2020-06-21 15:39:30,424]--test_invest.py--138--INFO:账户id为173720的原始投资记录条数为60
[2020-06-21 15:39:30,424]--test_invest.py--141--INFO:======================正在查询原始投资流水记录条数=======================
[2020-06-21 15:39:30,439]--test_invest.py--145--INFO:账户id为173720的原始投资流水条数为60
[2020-06-21 15:39:30,471]--test_invest.py--182--INFO:第12条用例执行结果为PASS
[2020-06-21 15:39:30,471]--test_invest.py--188--INFO:*************开始回写数据***************
[2020-06-21 15:39:30,772]--test_invest.py--190--INFO:正在回写实际结果actual：{'code': 2, 'msg': '数值参数格式错误', 'data': None, 'copyright': 'Copyright 柠檬班 © 2017-2020 湖南省零檬信息技术有限公司 All Rights Reserved'}
[2020-06-21 15:39:31,056]--test_invest.py--192--INFO:正在回写测试结果test_result：PASS
[2020-06-21 15:39:31,056]--test_invest.py--193--INFO:*************结束回写数据***************
[2020-06-21 15:39:38,296]--test_invest.py--42--INFO:******************正在执行invest模块用例******************
[2020-06-21 15:39:38,296]--test_invest.py--43--INFO:正在执行第13条用例:投资金额校验--投资金额输入为空
[2020-06-21 15:39:38,312]--test_invest.py--44--INFO:请求的数据是{'case_id': 13, 'interface': 'invest', 'title': '投资金额校验--投资金额输入为空', 'method': 'POST', 'url': '/member/invest', 'data': '{"member_id":"#member_id#","loan_id":"#loanid#","amount":""}', 'headers': '{"X-Lemonban-Media-Type": "lemonban.v2","Authorization":"#token#"}', 'yes_or_no': 'NO', 'expected': '{"code": 2,"msg": "数值参数格式错误"}', 'actucal': "{'code': 2, 'msg': '数值参数格式错误', 'data': None, 'copyright': 'Copyright 柠檬班 © 2017-2020 湖南省零檬信息技术有限公司 All Rights Reserved'}", 'test_result': 'PASS'}
[2020-06-21 15:39:38,312]--test_invest.py--134--INFO:======================正在查询原始投资记录条数=======================
[2020-06-21 15:39:38,318]--test_invest.py--138--INFO:账户id为173720的原始投资记录条数为60
[2020-06-21 15:39:38,318]--test_invest.py--141--INFO:======================正在查询原始投资流水记录条数=======================
[2020-06-21 15:39:38,350]--test_invest.py--145--INFO:账户id为173720的原始投资流水条数为60
[2020-06-21 15:39:38,365]--test_invest.py--182--INFO:第13条用例执行结果为PASS
[2020-06-21 15:39:38,365]--test_invest.py--188--INFO:*************开始回写数据***************
[2020-06-21 15:39:38,751]--test_invest.py--190--INFO:正在回写实际结果actual：{'code': 2, 'msg': '数值参数格式错误', 'data': None, 'copyright': 'Copyright 柠檬班 © 2017-2020 湖南省零檬信息技术有限公司 All Rights Reserved'}
[2020-06-21 15:39:39,067]--test_invest.py--192--INFO:正在回写测试结果test_result：PASS
[2020-06-21 15:39:39,067]--test_invest.py--193--INFO:*************结束回写数据***************
[2020-06-21 15:39:39,420]--test_invest.py--42--INFO:******************正在执行invest模块用例******************
[2020-06-21 15:39:39,420]--test_invest.py--43--INFO:正在执行第14条用例:投资金额校验--投资金额输入为能被100整除的正整数
[2020-06-21 15:39:39,420]--test_invest.py--44--INFO:请求的数据是{'case_id': 14, 'interface': 'invest', 'title': '投资金额校验--投资金额输入为能被100整除的正整数', 'method': 'POST', 'url': '/member/invest', 'data': '{"member_id":"#member_id#","loan_id":"#loanid#","amount":"200"}', 'headers': '{"X-Lemonban-Media-Type": "lemonban.v2","Authorization":"#token#"}', 'yes_or_no': 'YES', 'expected': '{"code": 0,"msg": "OK"}', 'actucal': "{'code': 0, 'msg': 'OK', 'data': {'id': 2071, 'member_id': 173720, 'loan_id': 1246662, 'amount': 200.0, 'create_time': '2020-06-21 15:35:02', 'is_valid': 1}, 'copyright': 'Copyright 柠檬班 © 2017-2020 湖南省零檬信息技术有限公司 All Rights Reserved'}", 'test_result': 'PASS'}
[2020-06-21 15:39:39,420]--test_invest.py--94--INFO:======================正在查询原始金额=======================
[2020-06-21 15:39:39,420]--test_invest.py--105--INFO:账户id为173720的账户原始金额是81600.00
[2020-06-21 15:39:39,420]--test_invest.py--134--INFO:======================正在查询原始投资记录条数=======================
[2020-06-21 15:39:39,436]--test_invest.py--138--INFO:账户id为173720的原始投资记录条数为60
[2020-06-21 15:39:39,436]--test_invest.py--141--INFO:======================正在查询原始投资流水记录条数=======================
[2020-06-21 15:39:39,452]--test_invest.py--145--INFO:账户id为173720的原始投资流水条数为60
[2020-06-21 15:39:39,483]--test_invest.py--165--INFO:======================正在查询投资后金额=======================
[2020-06-21 15:39:39,499]--test_invest.py--169--INFO:账户id为173720的账户投资后的余额是81400.00
[2020-06-21 15:39:39,499]--test_invest.py--170--INFO:账户id为173720的账户原始金额-投资金额后的余额是81400.00
[2020-06-21 15:39:39,499]--test_invest.py--171--INFO:======================正在金额比对=======================
[2020-06-21 15:39:39,499]--test_invest.py--173--INFO:======================金额比对通过=======================
[2020-06-21 15:39:39,499]--test_invest.py--174--INFO:======================正在查询投资后流水记录=======================
[2020-06-21 15:39:39,520]--test_invest.py--178--INFO:账户id为173720的投资后流水条数为61
[2020-06-21 15:39:39,520]--test_invest.py--179--INFO:======================正在投资后流水比对=======================
[2020-06-21 15:39:39,520]--test_invest.py--182--INFO:第14条用例执行结果为PASS
[2020-06-21 15:39:39,520]--test_invest.py--188--INFO:*************开始回写数据***************
[2020-06-21 15:39:39,852]--test_invest.py--190--INFO:正在回写实际结果actual：{'code': 0, 'msg': 'OK', 'data': {'id': 2079, 'member_id': 173720, 'loan_id': 1246687, 'amount': 200.0, 'create_time': '2020-06-21 15:39:40', 'is_valid': 1}, 'copyright': 'Copyright 柠檬班 © 2017-2020 湖南省零檬信息技术有限公司 All Rights Reserved'}
[2020-06-21 15:39:40,138]--test_invest.py--192--INFO:正在回写测试结果test_result：PASS
[2020-06-21 15:39:40,138]--test_invest.py--193--INFO:*************结束回写数据***************
[2020-06-21 15:39:40,354]--test_invest.py--42--INFO:******************正在执行invest模块用例******************
[2020-06-21 15:39:40,354]--test_invest.py--43--INFO:正在执行第15条用例:投资金额校验--投资金额输入为不能被100整除的正整数
[2020-06-21 15:39:40,354]--test_invest.py--44--INFO:请求的数据是{'case_id': 15, 'interface': 'invest', 'title': '投资金额校验--投资金额输入为不能被100整除的正整数', 'method': 'POST', 'url': '/member/invest', 'data': '{"member_id":"#member_id#","loan_id":"#loanid#","amount":"101"}', 'headers': '{"X-Lemonban-Media-Type": "lemonban.v2","Authorization":"#token#"}', 'yes_or_no': 'NO', 'expected': '{"code": 2,"msg": "充值金额必须大于100，并且可以被100整除"}', 'actucal': "{'code': 2, 'msg': '充值金额必须大于100，并且可以被100整除', 'data': None, 'copyright': 'Copyright 柠檬班 © 2017-2020 湖南省零檬信息技术有限公司 All Rights Reserved'}", 'test_result': 'PASS'}
[2020-06-21 15:39:40,354]--test_invest.py--134--INFO:======================正在查询原始投资记录条数=======================
[2020-06-21 15:39:40,369]--test_invest.py--138--INFO:账户id为173720的原始投资记录条数为61
[2020-06-21 15:39:40,369]--test_invest.py--141--INFO:======================正在查询原始投资流水记录条数=======================
[2020-06-21 15:39:40,401]--test_invest.py--145--INFO:账户id为173720的原始投资流水条数为61
[2020-06-21 15:39:40,423]--test_invest.py--182--INFO:第15条用例执行结果为PASS
[2020-06-21 15:39:40,423]--test_invest.py--188--INFO:*************开始回写数据***************
[2020-06-21 15:39:40,723]--test_invest.py--190--INFO:正在回写实际结果actual：{'code': 2, 'msg': '充值金额必须大于100，并且可以被100整除', 'data': None, 'copyright': 'Copyright 柠檬班 © 2017-2020 湖南省零檬信息技术有限公司 All Rights Reserved'}
[2020-06-21 15:39:41,054]--test_invest.py--192--INFO:正在回写测试结果test_result：PASS
[2020-06-21 15:39:41,054]--test_invest.py--193--INFO:*************结束回写数据***************
[2020-06-21 15:39:42,187]--test_invest.py--42--INFO:******************正在执行invest模块用例******************
[2020-06-21 15:39:42,187]--test_invest.py--43--INFO:正在执行第16条用例:投资金额校验--投资金额输入负数
[2020-06-21 15:39:42,187]--test_invest.py--44--INFO:请求的数据是{'case_id': 16, 'interface': 'invest', 'title': '投资金额校验--投资金额输入负数', 'method': 'POST', 'url': '/member/invest', 'data': '{"member_id":"#member_id#","loan_id":"#loanid#","amount":"-100"}', 'headers': '{"X-Lemonban-Media-Type": "lemonban.v2","Authorization":"#token#"}', 'yes_or_no': 'NO', 'expected': '{"code": 2,"msg": "充值金额必须大于100，并且可以被100整除"}', 'actucal': "{'code': 2, 'msg': '充值金额必须大于100，并且可以被100整除', 'data': None, 'copyright': 'Copyright 柠檬班 © 2017-2020 湖南省零檬信息技术有限公司 All Rights Reserved'}", 'test_result': 'PASS'}
[2020-06-21 15:39:42,187]--test_invest.py--134--INFO:======================正在查询原始投资记录条数=======================
[2020-06-21 15:39:42,203]--test_invest.py--138--INFO:账户id为173720的原始投资记录条数为61
[2020-06-21 15:39:42,203]--test_invest.py--141--INFO:======================正在查询原始投资流水记录条数=======================
[2020-06-21 15:39:42,225]--test_invest.py--145--INFO:账户id为173720的原始投资流水条数为61
[2020-06-21 15:39:42,256]--test_invest.py--182--INFO:第16条用例执行结果为PASS
[2020-06-21 15:39:42,256]--test_invest.py--188--INFO:*************开始回写数据***************
[2020-06-21 15:39:42,588]--test_invest.py--190--INFO:正在回写实际结果actual：{'code': 2, 'msg': '充值金额必须大于100，并且可以被100整除', 'data': None, 'copyright': 'Copyright 柠檬班 © 2017-2020 湖南省零檬信息技术有限公司 All Rights Reserved'}
[2020-06-21 15:39:42,926]--test_invest.py--192--INFO:正在回写测试结果test_result：PASS
[2020-06-21 15:39:42,926]--test_invest.py--193--INFO:*************结束回写数据***************
[2020-06-21 15:39:43,042]--test_invest.py--42--INFO:******************正在执行invest模块用例******************
[2020-06-21 15:39:43,042]--test_invest.py--43--INFO:正在执行第17条用例:投资金额校验--投资金额输入小数
[2020-06-21 15:39:43,042]--test_invest.py--44--INFO:请求的数据是{'case_id': 17, 'interface': 'invest', 'title': '投资金额校验--投资金额输入小数', 'method': 'POST', 'url': '/member/invest', 'data': '{"member_id":"#member_id#","loan_id":"#loanid#","amount":"100.88"}', 'headers': '{"X-Lemonban-Media-Type": "lemonban.v2","Authorization":"#token#"}', 'yes_or_no': 'NO', 'expected': '{"code": 2,"msg": "充值金额必须大于100，并且可以被100整除"}', 'actucal': "{'code': 2, 'msg': '充值金额必须大于100，并且可以被100整除', 'data': None, 'copyright': 'Copyright 柠檬班 © 2017-2020 湖南省零檬信息技术有限公司 All Rights Reserved'}", 'test_result': 'PASS'}
[2020-06-21 15:39:43,042]--test_invest.py--134--INFO:======================正在查询原始投资记录条数=======================
[2020-06-21 15:39:43,058]--test_invest.py--138--INFO:账户id为173720的原始投资记录条数为61
[2020-06-21 15:39:43,058]--test_invest.py--141--INFO:======================正在查询原始投资流水记录条数=======================
[2020-06-21 15:39:43,073]--test_invest.py--145--INFO:账户id为173720的原始投资流水条数为61
[2020-06-21 15:39:43,089]--test_invest.py--182--INFO:第17条用例执行结果为PASS
[2020-06-21 15:39:43,089]--test_invest.py--188--INFO:*************开始回写数据***************
[2020-06-21 15:39:43,428]--test_invest.py--190--INFO:正在回写实际结果actual：{'code': 2, 'msg': '充值金额必须大于100，并且可以被100整除', 'data': None, 'copyright': 'Copyright 柠檬班 © 2017-2020 湖南省零檬信息技术有限公司 All Rights Reserved'}
[2020-06-21 15:39:43,706]--test_invest.py--192--INFO:正在回写测试结果test_result：PASS
[2020-06-21 15:39:43,706]--test_invest.py--193--INFO:*************结束回写数据***************
[2020-06-21 15:39:43,860]--test_invest.py--42--INFO:******************正在执行invest模块用例******************
[2020-06-21 15:39:43,860]--test_invest.py--43--INFO:正在执行第18条用例:投资金额校验--投资金额输入非法字符
[2020-06-21 15:39:43,860]--test_invest.py--44--INFO:请求的数据是{'case_id': 18, 'interface': 'invest', 'title': '投资金额校验--投资金额输入非法字符', 'method': 'POST', 'url': '/member/invest', 'data': '{"member_id":"#member_id#","loan_id":"#loanid#","amount":"ddd"}', 'headers': '{"X-Lemonban-Media-Type": "lemonban.v2","Authorization":"#token#"}', 'yes_or_no': 'NO', 'expected': '{"code": 2,"msg": "数值参数格式错误"}', 'actucal': "{'code': 2, 'msg': '数值参数格式错误', 'data': None, 'copyright': 'Copyright 柠檬班 © 2017-2020 湖南省零檬信息技术有限公司 All Rights Reserved'}", 'test_result': 'PASS'}
[2020-06-21 15:39:43,860]--test_invest.py--134--INFO:======================正在查询原始投资记录条数=======================
[2020-06-21 15:39:43,875]--test_invest.py--138--INFO:账户id为173720的原始投资记录条数为61
[2020-06-21 15:39:43,875]--test_invest.py--141--INFO:======================正在查询原始投资流水记录条数=======================
[2020-06-21 15:39:43,891]--test_invest.py--145--INFO:账户id为173720的原始投资流水条数为61
[2020-06-21 15:39:43,907]--test_invest.py--182--INFO:第18条用例执行结果为PASS
[2020-06-21 15:39:43,907]--test_invest.py--188--INFO:*************开始回写数据***************
[2020-06-21 15:39:44,208]--test_invest.py--190--INFO:正在回写实际结果actual：{'code': 2, 'msg': '数值参数格式错误', 'data': None, 'copyright': 'Copyright 柠檬班 © 2017-2020 湖南省零檬信息技术有限公司 All Rights Reserved'}
[2020-06-21 15:39:44,509]--test_invest.py--192--INFO:正在回写测试结果test_result：PASS
[2020-06-21 15:39:44,509]--test_invest.py--193--INFO:*************结束回写数据***************
[2020-06-21 15:39:44,794]--test_invest.py--42--INFO:******************正在执行invest模块用例******************
[2020-06-21 15:39:44,794]--test_invest.py--43--INFO:正在执行第19条用例:投资金额校验--投资金额输入大于可投标金额
[2020-06-21 15:39:44,794]--test_invest.py--44--INFO:请求的数据是{'case_id': 19, 'interface': 'invest', 'title': '投资金额校验--投资金额输入大于可投标金额', 'method': 'POST', 'url': '/member/invest', 'data': '{"member_id":"#member_id#","loan_id":"#max_id#","amount":"30000"}', 'headers': '{"X-Lemonban-Media-Type": "lemonban.v2","Authorization":"#token#"}', 'yes_or_no': 'NO', 'expected': '{"code": 2,"msg": "该标可投金额不足,可投金额：5100.0"}', 'actucal': "{'code': 2, 'msg': '该标可投金额不足,可投金额：5100.0', 'data': None, 'copyright': 'Copyright 柠檬班 © 2017-2020 湖南省零檬信息技术有限公司 All Rights Reserved'}", 'test_result': 'PASS'}
[2020-06-21 15:39:44,810]--test_invest.py--134--INFO:======================正在查询原始投资记录条数=======================
[2020-06-21 15:39:44,810]--test_invest.py--138--INFO:账户id为173720的原始投资记录条数为61
[2020-06-21 15:39:44,810]--test_invest.py--141--INFO:======================正在查询原始投资流水记录条数=======================
[2020-06-21 15:39:44,848]--test_invest.py--145--INFO:账户id为173720的原始投资流水条数为61
[2020-06-21 15:39:44,871]--test_invest.py--182--INFO:第19条用例执行结果为PASS
[2020-06-21 15:39:44,871]--test_invest.py--188--INFO:*************开始回写数据***************
[2020-06-21 15:39:45,251]--test_invest.py--190--INFO:正在回写实际结果actual：{'code': 2, 'msg': '该标可投金额不足,可投金额：5100.0', 'data': None, 'copyright': 'Copyright 柠檬班 © 2017-2020 湖南省零檬信息技术有限公司 All Rights Reserved'}
[2020-06-21 15:39:45,631]--test_invest.py--192--INFO:正在回写测试结果test_result：PASS
[2020-06-21 15:39:45,632]--test_invest.py--193--INFO:*************结束回写数据***************
[2020-06-21 15:39:45,756]--test_invest.py--42--INFO:******************正在执行invest模块用例******************
[2020-06-21 15:39:45,756]--test_invest.py--43--INFO:正在执行第20条用例:投资金额校验--投资金额输入等于可投标金额,投标完成
[2020-06-21 15:39:45,757]--test_invest.py--44--INFO:请求的数据是{'case_id': 20, 'interface': 'invest', 'title': '投资金额校验--投资金额输入等于可投标金额,投标完成', 'method': 'POST', 'url': '/member/invest', 'data': '{"member_id":"#member_id#","loan_id":"#loanid#","amount":"#amount#"}', 'headers': '{"X-Lemonban-Media-Type": "lemonban.v2","Authorization":"#token#"}', 'yes_or_no': 'YES', 'expected': '{"code": 0,"msg": "OK"}', 'actucal': "{'code': 0, 'msg': 'OK', 'data': {'id': 2072, 'member_id': 173720, 'loan_id': 1246668, 'amount': 80000.0, 'create_time': '2020-06-21 15:35:16', 'is_valid': 1}, 'copyright': 'Copyright 柠檬班 © 2017-2020 湖南省零檬信息技术有限公司 All Rights Reserved'}", 'test_result': 'PASS'}
[2020-06-21 15:39:45,765]--test_invest.py--94--INFO:======================正在查询原始金额=======================
[2020-06-21 15:39:45,773]--test_invest.py--105--INFO:账户id为173720的账户原始金额是81400.00
[2020-06-21 15:39:45,773]--test_invest.py--134--INFO:======================正在查询原始投资记录条数=======================
[2020-06-21 15:39:45,783]--test_invest.py--138--INFO:账户id为173720的原始投资记录条数为61
[2020-06-21 15:39:45,784]--test_invest.py--141--INFO:======================正在查询原始投资流水记录条数=======================
[2020-06-21 15:39:45,799]--test_invest.py--145--INFO:账户id为173720的原始投资流水条数为61
[2020-06-21 15:39:45,844]--test_invest.py--165--INFO:======================正在查询投资后金额=======================
[2020-06-21 15:39:45,854]--test_invest.py--169--INFO:账户id为173720的账户投资后的余额是1400.00
[2020-06-21 15:39:45,854]--test_invest.py--170--INFO:账户id为173720的账户原始金额-投资金额后的余额是1400.00
[2020-06-21 15:39:45,854]--test_invest.py--171--INFO:======================正在金额比对=======================
[2020-06-21 15:39:45,854]--test_invest.py--173--INFO:======================金额比对通过=======================
[2020-06-21 15:39:45,854]--test_invest.py--174--INFO:======================正在查询投资后流水记录=======================
[2020-06-21 15:39:45,869]--test_invest.py--178--INFO:账户id为173720的投资后流水条数为62
[2020-06-21 15:39:45,869]--test_invest.py--179--INFO:======================正在投资后流水比对=======================
[2020-06-21 15:39:45,870]--test_invest.py--182--INFO:第20条用例执行结果为PASS
[2020-06-21 15:39:45,870]--test_invest.py--188--INFO:*************开始回写数据***************
[2020-06-21 15:39:46,224]--test_invest.py--190--INFO:正在回写实际结果actual：{'code': 0, 'msg': 'OK', 'data': {'id': 2080, 'member_id': 173720, 'loan_id': 1246693, 'amount': 80000.0, 'create_time': '2020-06-21 15:39:47', 'is_valid': 1}, 'copyright': 'Copyright 柠檬班 © 2017-2020 湖南省零檬信息技术有限公司 All Rights Reserved'}
[2020-06-21 15:39:46,564]--test_invest.py--192--INFO:正在回写测试结果test_result：PASS
[2020-06-21 15:39:46,564]--test_invest.py--193--INFO:*************结束回写数据***************
[2020-06-21 15:39:46,757]--test_invest.py--42--INFO:******************正在执行invest模块用例******************
[2020-06-21 15:39:46,757]--test_invest.py--43--INFO:正在执行第21条用例:投资金额校验--投资金额输入大于用户余额,余额不足
[2020-06-21 15:39:46,758]--test_invest.py--44--INFO:请求的数据是{'case_id': 21, 'interface': 'invest', 'title': '投资金额校验--投资金额输入大于用户余额,余额不足', 'method': 'POST', 'url': '/member/invest', 'data': '{"member_id":"#member_id#","loan_id":"#loanid#","amount":"#min_amt#"}', 'headers': '{"X-Lemonban-Media-Type": "lemonban.v2","Authorization":"#token#"}', 'yes_or_no': 'NO', 'expected': '{"code": 0,"msg": "OK"}', 'actucal': "{'code': 2, 'msg': '该标可投金额不足,可投金额：80000.0', 'data': None, 'copyright': 'Copyright 柠檬班 © 2017-2020 湖南省零檬信息技术有限公司 All Rights Reserved'}", 'test_result': 'FAILED'}
[2020-06-21 15:39:46,758]--test_invest.py--134--INFO:======================正在查询原始投资记录条数=======================
[2020-06-21 15:39:46,769]--test_invest.py--138--INFO:账户id为173720的原始投资记录条数为62
[2020-06-21 15:39:46,769]--test_invest.py--141--INFO:======================正在查询原始投资流水记录条数=======================
[2020-06-21 15:39:46,787]--test_invest.py--145--INFO:账户id为173720的原始投资流水条数为62
[2020-06-21 15:39:46,809]--test_invest.py--184--ERROR:执行接口测试出现错误，错误是False is not true
[2020-06-21 15:39:46,809]--test_invest.py--186--ERROR:第21条用例执行结果为FAILED
[2020-06-21 15:39:46,809]--test_invest.py--188--INFO:*************开始回写数据***************
[2020-06-21 15:39:47,137]--test_invest.py--190--INFO:正在回写实际结果actual：{'code': 2, 'msg': '该标可投金额不足,可投金额：80000.0', 'data': None, 'copyright': 'Copyright 柠檬班 © 2017-2020 湖南省零檬信息技术有限公司 All Rights Reserved'}
[2020-06-21 15:39:47,520]--test_invest.py--192--INFO:正在回写测试结果test_result：FAILED
[2020-06-21 15:39:47,521]--test_invest.py--193--INFO:*************结束回写数据***************
