[2020-06-21 14:40:28,016]--test_invest.py--42--INFO:******************正在执行invest模块用例******************
[2020-06-21 14:40:28,016]--test_invest.py--43--INFO:正在执行第1条用例:用户id校验--输入已注册用户id
[2020-06-21 14:40:28,016]--test_invest.py--44--INFO:请求的数据是{'case_id': 1, 'interface': 'invest', 'title': '用户id校验--输入已注册用户id', 'method': 'POST', 'url': '/member/invest', 'data': '{"member_id":"#member_id#","loan_id":"#loanid#","amount":"1000"}', 'headers': '{"X-Lemonban-Media-Type": "lemonban.v2","Authorization":"#token#"}', 'yes_or_no': 'YES', 'expected': '{"code": 0,"msg": "OK"}', 'actucal': "{'code': 0, 'msg': 'OK', 'data': {'id': 1955, 'member_id': 173720, 'loan_id': 1245840, 'amount': 1000.0, 'create_time': '2020-06-21 09:11:56', 'is_valid': 1}, 'copyright': 'Copyright 柠檬班 © 2017-2020 湖南省零檬信息技术有限公司 All Rights Reserved'}", 'test_result': 'PASS'}
[2020-06-21 14:40:28,016]--test_invest.py--94--INFO:======================正在查询原始金额=======================
[2020-06-21 14:40:28,085]--test_invest.py--102--INFO:账户id为173720的账户原始金额是11400.00
[2020-06-21 14:40:28,085]--test_invest.py--134--INFO:======================正在查询原始投资记录条数=======================
[2020-06-21 14:40:28,085]--test_invest.py--138--INFO:账户id为173720的原始投资记录条数为32
[2020-06-21 14:40:28,085]--test_invest.py--141--INFO:======================正在查询原始投资流水记录条数=======================
[2020-06-21 14:40:28,101]--test_invest.py--145--INFO:账户id为173720的原始投资流水条数为32
[2020-06-21 14:40:28,148]--test_invest.py--182--INFO:第1条用例执行结果为PASS
[2020-06-21 14:40:28,148]--test_invest.py--188--INFO:*************开始回写数据***************
[2020-06-21 14:40:28,750]--test_invest.py--190--INFO:正在回写实际结果actual：{'code': 0, 'msg': 'OK', 'data': {'id': 2029, 'member_id': 173720, 'loan_id': 1246415, 'amount': 1000.0, 'create_time': '2020-06-21 14:40:29', 'is_valid': 1}, 'copyright': 'Copyright 柠檬班 © 2017-2020 湖南省零檬信息技术有限公司 All Rights Reserved'}
[2020-06-21 14:40:29,050]--test_invest.py--192--INFO:正在回写测试结果test_result：PASS
[2020-06-21 14:40:29,050]--test_invest.py--193--INFO:*************结束回写数据***************
[2020-06-21 14:40:29,235]--test_invest.py--42--INFO:******************正在执行invest模块用例******************
[2020-06-21 14:40:29,235]--test_invest.py--43--INFO:正在执行第2条用例:用户id校验--输入不存在的用户id
[2020-06-21 14:40:29,235]--test_invest.py--44--INFO:请求的数据是{'case_id': 2, 'interface': 'invest', 'title': '用户id校验--输入不存在的用户id', 'method': 'POST', 'url': '/member/invest', 'data': '{"member_id":"s13361","loan_id":"#loanid#","amount":"20000"}', 'headers': '{"X-Lemonban-Media-Type": "lemonban.v2","Authorization":"#token#"}', 'yes_or_no': 'NO', 'expected': '{"code": 2,"msg": "数值参数格式错误"}', 'actucal': "{'code': 2, 'msg': '数值参数格式错误', 'data': None, 'copyright': 'Copyright 柠檬班 © 2017-2020 湖南省零檬信息技术有限公司 All Rights Reserved'}", 'test_result': 'PASS'}
[2020-06-21 14:40:29,250]--test_invest.py--134--INFO:======================正在查询原始投资记录条数=======================
[2020-06-21 14:40:29,250]--test_invest.py--138--INFO:账户id为173720的原始投资记录条数为33
[2020-06-21 14:40:29,250]--test_invest.py--141--INFO:======================正在查询原始投资流水记录条数=======================
[2020-06-21 14:40:29,266]--test_invest.py--145--INFO:账户id为173720的原始投资流水条数为33
[2020-06-21 14:40:29,288]--test_invest.py--182--INFO:第2条用例执行结果为PASS
[2020-06-21 14:40:29,288]--test_invest.py--188--INFO:*************开始回写数据***************
[2020-06-21 14:40:29,636]--test_invest.py--190--INFO:正在回写实际结果actual：{'code': 2, 'msg': '数值参数格式错误', 'data': None, 'copyright': 'Copyright 柠檬班 © 2017-2020 湖南省零檬信息技术有限公司 All Rights Reserved'}
[2020-06-21 14:40:29,921]--test_invest.py--192--INFO:正在回写测试结果test_result：PASS
[2020-06-21 14:40:29,921]--test_invest.py--193--INFO:*************结束回写数据***************
[2020-06-21 14:40:30,052]--test_invest.py--42--INFO:******************正在执行invest模块用例******************
[2020-06-21 14:40:30,052]--test_invest.py--43--INFO:正在执行第3条用例:用户id校验--id输入为空
[2020-06-21 14:40:30,052]--test_invest.py--44--INFO:请求的数据是{'case_id': 3, 'interface': 'invest', 'title': '用户id校验--id输入为空', 'method': 'POST', 'url': '/member/invest', 'data': '{"member_id":"","loan_id":"#loanid#","amount":"100"}', 'headers': '{"X-Lemonban-Media-Type": "lemonban.v2","Authorization":"#token#"}', 'yes_or_no': 'NO', 'expected': '{"code": 2,"msg": "数值参数格式错误"}', 'actucal': "{'code': 2, 'msg': '数值参数格式错误', 'data': None, 'copyright': 'Copyright 柠檬班 © 2017-2020 湖南省零檬信息技术有限公司 All Rights Reserved'}", 'test_result': 'PASS'}
[2020-06-21 14:40:30,052]--test_invest.py--134--INFO:======================正在查询原始投资记录条数=======================
[2020-06-21 14:40:30,068]--test_invest.py--138--INFO:账户id为173720的原始投资记录条数为33
[2020-06-21 14:40:30,068]--test_invest.py--141--INFO:======================正在查询原始投资流水记录条数=======================
[2020-06-21 14:40:30,084]--test_invest.py--145--INFO:账户id为173720的原始投资流水条数为33
[2020-06-21 14:40:30,106]--test_invest.py--182--INFO:第3条用例执行结果为PASS
[2020-06-21 14:40:30,106]--test_invest.py--188--INFO:*************开始回写数据***************
[2020-06-21 14:40:30,422]--test_invest.py--190--INFO:正在回写实际结果actual：{'code': 2, 'msg': '数值参数格式错误', 'data': None, 'copyright': 'Copyright 柠檬班 © 2017-2020 湖南省零檬信息技术有限公司 All Rights Reserved'}
[2020-06-21 14:40:30,706]--test_invest.py--192--INFO:正在回写测试结果test_result：PASS
[2020-06-21 14:40:30,706]--test_invest.py--193--INFO:*************结束回写数据***************
[2020-06-21 14:40:32,853]--test_invest.py--42--INFO:******************正在执行invest模块用例******************
[2020-06-21 14:40:32,853]--test_invest.py--43--INFO:正在执行第4条用例:投资项目id校验--输入投标中状态2(竞标中)的项目id
[2020-06-21 14:40:32,853]--test_invest.py--44--INFO:请求的数据是{'case_id': 4, 'interface': 'invest', 'title': '投资项目id校验--输入投标中状态2(竞标中)的项目id', 'method': 'POST', 'url': '/member/invest', 'data': '{"member_id":"#member_id#","loan_id":"#loanid#","amount":"100"}', 'headers': '{"X-Lemonban-Media-Type": "lemonban.v2","Authorization":"#token#"}', 'yes_or_no': 'YES', 'expected': '{"code": 0,"msg": "OK"}', 'actucal': "{'code': 0, 'msg': 'OK', 'data': {'id': 1956, 'member_id': 173720, 'loan_id': 1245843, 'amount': 100.0, 'create_time': '2020-06-21 09:11:59', 'is_valid': 1}, 'copyright': 'Copyright 柠檬班 © 2017-2020 湖南省零檬信息技术有限公司 All Rights Reserved'}", 'test_result': 'PASS'}
[2020-06-21 14:40:32,853]--test_invest.py--94--INFO:======================正在查询原始金额=======================
[2020-06-21 14:40:32,922]--test_invest.py--102--INFO:账户id为173720的账户原始金额是30400.00
[2020-06-21 14:40:32,922]--test_invest.py--134--INFO:======================正在查询原始投资记录条数=======================
[2020-06-21 14:40:32,938]--test_invest.py--138--INFO:账户id为173720的原始投资记录条数为33
[2020-06-21 14:40:32,938]--test_invest.py--141--INFO:======================正在查询原始投资流水记录条数=======================
[2020-06-21 14:40:32,969]--test_invest.py--145--INFO:账户id为173720的原始投资流水条数为33
[2020-06-21 14:40:32,991]--test_invest.py--182--INFO:第4条用例执行结果为PASS
[2020-06-21 14:40:32,991]--test_invest.py--188--INFO:*************开始回写数据***************
[2020-06-21 14:40:33,292]--test_invest.py--190--INFO:正在回写实际结果actual：{'code': 0, 'msg': 'OK', 'data': {'id': 2030, 'member_id': 173720, 'loan_id': 1246418, 'amount': 100.0, 'create_time': '2020-06-21 14:40:34', 'is_valid': 1}, 'copyright': 'Copyright 柠檬班 © 2017-2020 湖南省零檬信息技术有限公司 All Rights Reserved'}
[2020-06-21 14:40:33,570]--test_invest.py--192--INFO:正在回写测试结果test_result：PASS
[2020-06-21 14:40:33,570]--test_invest.py--193--INFO:*************结束回写数据***************
[2020-06-21 14:40:33,771]--test_invest.py--42--INFO:******************正在执行invest模块用例******************
[2020-06-21 14:40:33,771]--test_invest.py--43--INFO:正在执行第5条用例:投资项目id校验--输入非投标中状态为1(审核中)的项目id
[2020-06-21 14:40:33,771]--test_invest.py--44--INFO:请求的数据是{'case_id': 5, 'interface': 'invest', 'title': '投资项目id校验--输入非投标中状态为1(审核中)的项目id', 'method': 'POST', 'url': '/member/invest', 'data': '{"member_id":"#member_id#","loan_id":"#shz#","amount":"100"}', 'headers': '{"X-Lemonban-Media-Type": "lemonban.v2","Authorization":"#token#"}', 'yes_or_no': 'NO', 'expected': '{"code": 2,"msg": "该项目不在竞标中状态"}', 'actucal': "{'code': 2, 'msg': '该项目不在竞标中状态', 'data': None, 'copyright': 'Copyright 柠檬班 © 2017-2020 湖南省零檬信息技术有限公司 All Rights Reserved'}", 'test_result': 'PASS'}
[2020-06-21 14:40:33,793]--test_invest.py--134--INFO:======================正在查询原始投资记录条数=======================
[2020-06-21 14:40:33,793]--test_invest.py--138--INFO:账户id为173720的原始投资记录条数为34
[2020-06-21 14:40:33,793]--test_invest.py--141--INFO:======================正在查询原始投资流水记录条数=======================
[2020-06-21 14:40:33,809]--test_invest.py--145--INFO:账户id为173720的原始投资流水条数为34
[2020-06-21 14:40:33,840]--test_invest.py--182--INFO:第5条用例执行结果为PASS
[2020-06-21 14:40:33,840]--test_invest.py--188--INFO:*************开始回写数据***************
[2020-06-21 14:40:34,156]--test_invest.py--190--INFO:正在回写实际结果actual：{'code': 2, 'msg': '该项目不在竞标中状态', 'data': None, 'copyright': 'Copyright 柠檬班 © 2017-2020 湖南省零檬信息技术有限公司 All Rights Reserved'}
[2020-06-21 14:40:34,440]--test_invest.py--192--INFO:正在回写测试结果test_result：PASS
[2020-06-21 14:40:34,440]--test_invest.py--193--INFO:*************结束回写数据***************
[2020-06-21 14:40:34,640]--test_invest.py--42--INFO:******************正在执行invest模块用例******************
[2020-06-21 14:40:34,640]--test_invest.py--43--INFO:正在执行第6条用例:投资项目id校验--输入非投标中状态3(还款中)的项目id
[2020-06-21 14:40:34,640]--test_invest.py--44--INFO:请求的数据是{'case_id': 6, 'interface': 'invest', 'title': '投资项目id校验--输入非投标中状态3(还款中)的项目id', 'method': 'POST', 'url': '/member/invest', 'data': '{"member_id":"#member_id#","loan_id":"#hkz#","amount":"100"}', 'headers': '{"X-Lemonban-Media-Type": "lemonban.v2","Authorization":"#token#"}', 'yes_or_no': 'NO', 'expected': '{"code": 2,"msg": "该项目不在竞标中状态"}', 'actucal': "{'code': 2, 'msg': '该项目不在竞标中状态', 'data': None, 'copyright': 'Copyright 柠檬班 © 2017-2020 湖南省零檬信息技术有限公司 All Rights Reserved'}", 'test_result': 'PASS'}
[2020-06-21 14:40:34,656]--test_invest.py--134--INFO:======================正在查询原始投资记录条数=======================
[2020-06-21 14:40:34,671]--test_invest.py--138--INFO:账户id为173720的原始投资记录条数为34
[2020-06-21 14:40:34,671]--test_invest.py--141--INFO:======================正在查询原始投资流水记录条数=======================
[2020-06-21 14:40:34,693]--test_invest.py--145--INFO:账户id为173720的原始投资流水条数为34
[2020-06-21 14:40:34,709]--test_invest.py--182--INFO:第6条用例执行结果为PASS
[2020-06-21 14:40:34,709]--test_invest.py--188--INFO:*************开始回写数据***************
[2020-06-21 14:40:35,041]--test_invest.py--190--INFO:正在回写实际结果actual：{'code': 2, 'msg': '该项目不在竞标中状态', 'data': None, 'copyright': 'Copyright 柠檬班 © 2017-2020 湖南省零檬信息技术有限公司 All Rights Reserved'}
[2020-06-21 14:40:35,326]--test_invest.py--192--INFO:正在回写测试结果test_result：PASS
[2020-06-21 14:40:35,326]--test_invest.py--193--INFO:*************结束回写数据***************
[2020-06-21 14:40:35,542]--test_invest.py--42--INFO:******************正在执行invest模块用例******************
[2020-06-21 14:40:35,542]--test_invest.py--43--INFO:正在执行第7条用例:投资项目id校验--输入非投标中状态4(还款完成)的项目id
[2020-06-21 14:40:35,542]--test_invest.py--44--INFO:请求的数据是{'case_id': 7, 'interface': 'invest', 'title': '投资项目id校验--输入非投标中状态4(还款完成)的项目id', 'method': 'POST', 'url': '/member/invest', 'data': '{"member_id":"#member_id#","loan_id":"#hwc#","amount":"100"}', 'headers': '{"X-Lemonban-Media-Type": "lemonban.v2","Authorization":"#token#"}', 'yes_or_no': 'NO', 'expected': '{"code": 2,"msg": "该项目不在竞标中状态"}', 'actucal': "{'code': 2, 'msg': '该项目不在竞标中状态', 'data': None, 'copyright': 'Copyright 柠檬班 © 2017-2020 湖南省零檬信息技术有限公司 All Rights Reserved'}", 'test_result': 'PASS'}
[2020-06-21 14:40:35,557]--test_invest.py--134--INFO:======================正在查询原始投资记录条数=======================
[2020-06-21 14:40:35,557]--test_invest.py--138--INFO:账户id为173720的原始投资记录条数为34
[2020-06-21 14:40:35,557]--test_invest.py--141--INFO:======================正在查询原始投资流水记录条数=======================
[2020-06-21 14:40:35,573]--test_invest.py--145--INFO:账户id为173720的原始投资流水条数为34
[2020-06-21 14:40:35,611]--test_invest.py--182--INFO:第7条用例执行结果为PASS
[2020-06-21 14:40:35,611]--test_invest.py--188--INFO:*************开始回写数据***************
[2020-06-21 14:40:36,028]--test_invest.py--190--INFO:正在回写实际结果actual：{'code': 2, 'msg': '该项目不在竞标中状态', 'data': None, 'copyright': 'Copyright 柠檬班 © 2017-2020 湖南省零檬信息技术有限公司 All Rights Reserved'}
[2020-06-21 14:40:36,384]--test_invest.py--192--INFO:正在回写测试结果test_result：PASS
[2020-06-21 14:40:36,384]--test_invest.py--193--INFO:*************结束回写数据***************
[2020-06-21 14:40:36,645]--test_invest.py--42--INFO:******************正在执行invest模块用例******************
[2020-06-21 14:40:36,645]--test_invest.py--43--INFO:正在执行第8条用例:投资项目id校验--输入非投标中状态5(审核不通过)的项目id
[2020-06-21 14:40:36,645]--test_invest.py--44--INFO:请求的数据是{'case_id': 8, 'interface': 'invest', 'title': '投资项目id校验--输入非投标中状态5(审核不通过)的项目id', 'method': 'POST', 'url': '/member/invest', 'data': '{"member_id":"#member_id#","loan_id":"#btg#","amount":"100"}', 'headers': '{"X-Lemonban-Media-Type": "lemonban.v2","Authorization":"#token#"}', 'yes_or_no': 'NO', 'expected': '{"code": 2,"msg": "该项目不在竞标中状态"}', 'actucal': "{'code': 2, 'msg': '该项目不在竞标中状态', 'data': None, 'copyright': 'Copyright 柠檬班 © 2017-2020 湖南省零檬信息技术有限公司 All Rights Reserved'}", 'test_result': 'PASS'}
[2020-06-21 14:40:36,661]--test_invest.py--134--INFO:======================正在查询原始投资记录条数=======================
[2020-06-21 14:40:36,676]--test_invest.py--138--INFO:账户id为173720的原始投资记录条数为34
[2020-06-21 14:40:36,676]--test_invest.py--141--INFO:======================正在查询原始投资流水记录条数=======================
[2020-06-21 14:40:36,714]--test_invest.py--145--INFO:账户id为173720的原始投资流水条数为34
[2020-06-21 14:40:36,745]--test_invest.py--182--INFO:第8条用例执行结果为PASS
[2020-06-21 14:40:36,745]--test_invest.py--188--INFO:*************开始回写数据***************
[2020-06-21 14:40:37,099]--test_invest.py--190--INFO:正在回写实际结果actual：{'code': 2, 'msg': '该项目不在竞标中状态', 'data': None, 'copyright': 'Copyright 柠檬班 © 2017-2020 湖南省零檬信息技术有限公司 All Rights Reserved'}
[2020-06-21 14:40:37,431]--test_invest.py--192--INFO:正在回写测试结果test_result：PASS
[2020-06-21 14:40:37,431]--test_invest.py--193--INFO:*************结束回写数据***************
[2020-06-21 14:40:37,578]--test_invest.py--42--INFO:******************正在执行invest模块用例******************
[2020-06-21 14:40:37,578]--test_invest.py--43--INFO:正在执行第9条用例:投资项目id校验--输入用户自己创建的项目id
[2020-06-21 14:40:37,578]--test_invest.py--44--INFO:请求的数据是{'case_id': 9, 'interface': 'invest', 'title': '投资项目id校验--输入用户自己创建的项目id', 'method': 'POST', 'url': '/member/invest', 'data': '{"member_id":"#member_id#","loan_id":"#loanid#","amount":"100"}', 'headers': '{"X-Lemonban-Media-Type": "lemonban.v2","Authorization":"#token#"}', 'yes_or_no': 'YES', 'expected': '{"code": 0,"msg": "OK"}', 'actucal': "{'code': 0, 'msg': 'OK', 'data': {'id': 1957, 'member_id': 173720, 'loan_id': 1245848, 'amount': 100.0, 'create_time': '2020-06-21 09:12:04', 'is_valid': 1}, 'copyright': 'Copyright 柠檬班 © 2017-2020 湖南省零檬信息技术有限公司 All Rights Reserved'}", 'test_result': 'PASS'}
[2020-06-21 14:40:37,578]--test_invest.py--94--INFO:======================正在查询原始金额=======================
[2020-06-21 14:40:37,648]--test_invest.py--102--INFO:账户id为173720的账户原始金额是50300.00
[2020-06-21 14:40:37,648]--test_invest.py--134--INFO:======================正在查询原始投资记录条数=======================
[2020-06-21 14:40:37,663]--test_invest.py--138--INFO:账户id为173720的原始投资记录条数为34
[2020-06-21 14:40:37,663]--test_invest.py--141--INFO:======================正在查询原始投资流水记录条数=======================
[2020-06-21 14:40:37,679]--test_invest.py--145--INFO:账户id为173720的原始投资流水条数为34
[2020-06-21 14:40:37,717]--test_invest.py--182--INFO:第9条用例执行结果为PASS
[2020-06-21 14:40:37,717]--test_invest.py--188--INFO:*************开始回写数据***************
[2020-06-21 14:40:38,018]--test_invest.py--190--INFO:正在回写实际结果actual：{'code': 0, 'msg': 'OK', 'data': {'id': 2031, 'member_id': 173720, 'loan_id': 1246423, 'amount': 100.0, 'create_time': '2020-06-21 14:40:38', 'is_valid': 1}, 'copyright': 'Copyright 柠檬班 © 2017-2020 湖南省零檬信息技术有限公司 All Rights Reserved'}
[2020-06-21 14:40:38,334]--test_invest.py--192--INFO:正在回写测试结果test_result：PASS
[2020-06-21 14:40:38,334]--test_invest.py--193--INFO:*************结束回写数据***************
[2020-06-21 14:40:38,518]--test_invest.py--42--INFO:******************正在执行invest模块用例******************
[2020-06-21 14:40:38,518]--test_invest.py--43--INFO:正在执行第10条用例:投资项目id校验--输入其他用户创建的项目id
[2020-06-21 14:40:38,518]--test_invest.py--44--INFO:请求的数据是{'case_id': 10, 'interface': 'invest', 'title': '投资项目id校验--输入其他用户创建的项目id', 'method': 'POST', 'url': '/member/invest', 'data': '{"member_id":"#member_id#","loan_id":"#other_id#","amount":"600"}', 'headers': '{"X-Lemonban-Media-Type": "lemonban.v2","Authorization":"#token#"}', 'yes_or_no': 'YES', 'expected': '{"code": 0,"msg": "OK"}', 'actucal': "{'code': 0, 'msg': 'OK', 'data': {'id': 1958, 'member_id': 173720, 'loan_id': 10, 'amount': 600.0, 'create_time': '2020-06-21 09:12:05', 'is_valid': 1}, 'copyright': 'Copyright 柠檬班 © 2017-2020 湖南省零檬信息技术有限公司 All Rights Reserved'}", 'test_result': 'PASS'}
[2020-06-21 14:40:38,518]--test_invest.py--94--INFO:======================正在查询原始金额=======================
[2020-06-21 14:40:38,565]--test_invest.py--102--INFO:账户id为173720的账户原始金额是70200.00
[2020-06-21 14:40:38,565]--test_invest.py--134--INFO:======================正在查询原始投资记录条数=======================
[2020-06-21 14:40:38,581]--test_invest.py--138--INFO:账户id为173720的原始投资记录条数为35
[2020-06-21 14:40:38,581]--test_invest.py--141--INFO:======================正在查询原始投资流水记录条数=======================
[2020-06-21 14:40:38,603]--test_invest.py--145--INFO:账户id为173720的原始投资流水条数为35
[2020-06-21 14:40:38,634]--test_invest.py--182--INFO:第10条用例执行结果为PASS
[2020-06-21 14:40:38,649]--test_invest.py--188--INFO:*************开始回写数据***************
[2020-06-21 14:40:38,966]--test_invest.py--190--INFO:正在回写实际结果actual：{'code': 0, 'msg': 'OK', 'data': {'id': 2032, 'member_id': 173720, 'loan_id': 11, 'amount': 600.0, 'create_time': '2020-06-21 14:40:39', 'is_valid': 1}, 'copyright': 'Copyright 柠檬班 © 2017-2020 湖南省零檬信息技术有限公司 All Rights Reserved'}
[2020-06-21 14:40:39,273]--test_invest.py--192--INFO:正在回写测试结果test_result：PASS
[2020-06-21 14:40:39,273]--test_invest.py--193--INFO:*************结束回写数据***************
[2020-06-21 14:40:39,768]--test_invest.py--42--INFO:******************正在执行invest模块用例******************
[2020-06-21 14:40:39,768]--test_invest.py--43--INFO:正在执行第11条用例:投资项目id校验--输入不存在的项目id
[2020-06-21 14:40:39,768]--test_invest.py--44--INFO:请求的数据是{'case_id': 11, 'interface': 'invest', 'title': '投资项目id校验--输入不存在的项目id', 'method': 'POST', 'url': '/member/invest', 'data': '{"member_id":"#member_id#","loan_id":"888888888","amount":"100"}', 'headers': '{"X-Lemonban-Media-Type": "lemonban.v2","Authorization":"#token#"}', 'yes_or_no': 'NO', 'expected': '{"code": 2,"msg": "项目不存在"}', 'actucal': "{'code': 2, 'msg': '项目不存在', 'data': None, 'copyright': 'Copyright 柠檬班 © 2017-2020 湖南省零檬信息技术有限公司 All Rights Reserved'}", 'test_result': 'PASS'}
[2020-06-21 14:40:39,768]--test_invest.py--134--INFO:======================正在查询原始投资记录条数=======================
[2020-06-21 14:40:39,799]--test_invest.py--138--INFO:账户id为173720的原始投资记录条数为36
[2020-06-21 14:40:39,799]--test_invest.py--141--INFO:======================正在查询原始投资流水记录条数=======================
[2020-06-21 14:40:39,805]--test_invest.py--145--INFO:账户id为173720的原始投资流水条数为36
[2020-06-21 14:40:39,836]--test_invest.py--182--INFO:第11条用例执行结果为PASS
[2020-06-21 14:40:39,836]--test_invest.py--188--INFO:*************开始回写数据***************
[2020-06-21 14:40:40,153]--test_invest.py--190--INFO:正在回写实际结果actual：{'code': 2, 'msg': '项目不存在', 'data': None, 'copyright': 'Copyright 柠檬班 © 2017-2020 湖南省零檬信息技术有限公司 All Rights Reserved'}
[2020-06-21 14:40:40,506]--test_invest.py--192--INFO:正在回写测试结果test_result：PASS
[2020-06-21 14:40:40,506]--test_invest.py--193--INFO:*************结束回写数据***************
[2020-06-21 14:40:40,707]--test_invest.py--42--INFO:******************正在执行invest模块用例******************
[2020-06-21 14:40:40,707]--test_invest.py--43--INFO:正在执行第12条用例:投资项目id校验--项目id输入为空
[2020-06-21 14:40:40,707]--test_invest.py--44--INFO:请求的数据是{'case_id': 12, 'interface': 'invest', 'title': '投资项目id校验--项目id输入为空', 'method': 'POST', 'url': '/member/invest', 'data': '{"member_id":"#member_id#","loan_id":"","amount":"100"}', 'headers': '{"X-Lemonban-Media-Type": "lemonban.v2","Authorization":"#token#"}', 'yes_or_no': 'NO', 'expected': '{"code": 2,"msg": "数值参数格式错误"}', 'actucal': "{'code': 2, 'msg': '数值参数格式错误', 'data': None, 'copyright': 'Copyright 柠檬班 © 2017-2020 湖南省零檬信息技术有限公司 All Rights Reserved'}", 'test_result': 'PASS'}
[2020-06-21 14:40:40,707]--test_invest.py--134--INFO:======================正在查询原始投资记录条数=======================
[2020-06-21 14:40:40,722]--test_invest.py--138--INFO:账户id为173720的原始投资记录条数为36
[2020-06-21 14:40:40,722]--test_invest.py--141--INFO:======================正在查询原始投资流水记录条数=======================
[2020-06-21 14:40:40,754]--test_invest.py--145--INFO:账户id为173720的原始投资流水条数为36
[2020-06-21 14:40:40,769]--test_invest.py--182--INFO:第12条用例执行结果为PASS
[2020-06-21 14:40:40,769]--test_invest.py--188--INFO:*************开始回写数据***************
[2020-06-21 14:40:41,070]--test_invest.py--190--INFO:正在回写实际结果actual：{'code': 2, 'msg': '数值参数格式错误', 'data': None, 'copyright': 'Copyright 柠檬班 © 2017-2020 湖南省零檬信息技术有限公司 All Rights Reserved'}
[2020-06-21 14:40:41,354]--test_invest.py--192--INFO:正在回写测试结果test_result：PASS
[2020-06-21 14:40:41,354]--test_invest.py--193--INFO:*************结束回写数据***************
[2020-06-21 14:40:41,502]--test_invest.py--42--INFO:******************正在执行invest模块用例******************
[2020-06-21 14:40:41,502]--test_invest.py--43--INFO:正在执行第13条用例:投资金额校验--投资金额输入为空
[2020-06-21 14:40:41,502]--test_invest.py--44--INFO:请求的数据是{'case_id': 13, 'interface': 'invest', 'title': '投资金额校验--投资金额输入为空', 'method': 'POST', 'url': '/member/invest', 'data': '{"member_id":"#member_id#","loan_id":"#loanid#","amount":""}', 'headers': '{"X-Lemonban-Media-Type": "lemonban.v2","Authorization":"#token#"}', 'yes_or_no': 'NO', 'expected': '{"code": 2,"msg": "数值参数格式错误"}', 'actucal': "{'code': 2, 'msg': '数值参数格式错误', 'data': None, 'copyright': 'Copyright 柠檬班 © 2017-2020 湖南省零檬信息技术有限公司 All Rights Reserved'}", 'test_result': 'PASS'}
[2020-06-21 14:40:41,502]--test_invest.py--134--INFO:======================正在查询原始投资记录条数=======================
[2020-06-21 14:40:41,508]--test_invest.py--138--INFO:账户id为173720的原始投资记录条数为36
[2020-06-21 14:40:41,508]--test_invest.py--141--INFO:======================正在查询原始投资流水记录条数=======================
[2020-06-21 14:40:41,539]--test_invest.py--145--INFO:账户id为173720的原始投资流水条数为36
[2020-06-21 14:40:41,571]--test_invest.py--182--INFO:第13条用例执行结果为PASS
[2020-06-21 14:40:41,571]--test_invest.py--188--INFO:*************开始回写数据***************
[2020-06-21 14:40:41,887]--test_invest.py--190--INFO:正在回写实际结果actual：{'code': 2, 'msg': '数值参数格式错误', 'data': None, 'copyright': 'Copyright 柠檬班 © 2017-2020 湖南省零檬信息技术有限公司 All Rights Reserved'}
[2020-06-21 14:40:42,225]--test_invest.py--192--INFO:正在回写测试结果test_result：PASS
[2020-06-21 14:40:42,225]--test_invest.py--193--INFO:*************结束回写数据***************
[2020-06-21 14:40:42,388]--test_invest.py--42--INFO:******************正在执行invest模块用例******************
[2020-06-21 14:40:42,388]--test_invest.py--43--INFO:正在执行第14条用例:投资金额校验--投资金额输入为能被100整除的正整数
[2020-06-21 14:40:42,388]--test_invest.py--44--INFO:请求的数据是{'case_id': 14, 'interface': 'invest', 'title': '投资金额校验--投资金额输入为能被100整除的正整数', 'method': 'POST', 'url': '/member/invest', 'data': '{"member_id":"#member_id#","loan_id":"#loanid#","amount":"200"}', 'headers': '{"X-Lemonban-Media-Type": "lemonban.v2","Authorization":"#token#"}', 'yes_or_no': 'YES', 'expected': '{"code": 0,"msg": "OK"}', 'actucal': "{'code': 0, 'msg': 'OK', 'data': {'id': 1959, 'member_id': 173720, 'loan_id': 1245854, 'amount': 200.0, 'create_time': '2020-06-21 09:12:09', 'is_valid': 1}, 'copyright': 'Copyright 柠檬班 © 2017-2020 湖南省零檬信息技术有限公司 All Rights Reserved'}", 'test_result': 'PASS'}
[2020-06-21 14:40:42,388]--test_invest.py--94--INFO:======================正在查询原始金额=======================
[2020-06-21 14:40:42,457]--test_invest.py--102--INFO:账户id为173720的账户原始金额是89600.00
[2020-06-21 14:40:42,457]--test_invest.py--134--INFO:======================正在查询原始投资记录条数=======================
[2020-06-21 14:40:42,472]--test_invest.py--138--INFO:账户id为173720的原始投资记录条数为36
[2020-06-21 14:40:42,472]--test_invest.py--141--INFO:======================正在查询原始投资流水记录条数=======================
[2020-06-21 14:40:42,510]--test_invest.py--145--INFO:账户id为173720的原始投资流水条数为36
[2020-06-21 14:40:42,541]--test_invest.py--182--INFO:第14条用例执行结果为PASS
[2020-06-21 14:40:42,541]--test_invest.py--188--INFO:*************开始回写数据***************
[2020-06-21 14:40:42,874]--test_invest.py--190--INFO:正在回写实际结果actual：{'code': 0, 'msg': 'OK', 'data': {'id': 2033, 'member_id': 173720, 'loan_id': 1246428, 'amount': 200.0, 'create_time': '2020-06-21 14:40:43', 'is_valid': 1}, 'copyright': 'Copyright 柠檬班 © 2017-2020 湖南省零檬信息技术有限公司 All Rights Reserved'}
[2020-06-21 14:40:43,159]--test_invest.py--192--INFO:正在回写测试结果test_result：PASS
[2020-06-21 14:40:43,159]--test_invest.py--193--INFO:*************结束回写数据***************
[2020-06-21 14:40:43,359]--test_invest.py--42--INFO:******************正在执行invest模块用例******************
[2020-06-21 14:40:43,359]--test_invest.py--43--INFO:正在执行第15条用例:投资金额校验--投资金额输入为不能被100整除的正整数
[2020-06-21 14:40:43,412]--test_invest.py--44--INFO:请求的数据是{'case_id': 15, 'interface': 'invest', 'title': '投资金额校验--投资金额输入为不能被100整除的正整数', 'method': 'POST', 'url': '/member/invest', 'data': '{"member_id":"#member_id#","loan_id":"#loanid#","amount":"101"}', 'headers': '{"X-Lemonban-Media-Type": "lemonban.v2","Authorization":"#token#"}', 'yes_or_no': 'NO', 'expected': '{"code": 2,"msg": "充值金额必须大于100，并且可以被100整除"}', 'actucal': "{'code': 2, 'msg': '充值金额必须大于100，并且可以被100整除', 'data': None, 'copyright': 'Copyright 柠檬班 © 2017-2020 湖南省零檬信息技术有限公司 All Rights Reserved'}", 'test_result': 'PASS'}
[2020-06-21 14:40:43,412]--test_invest.py--134--INFO:======================正在查询原始投资记录条数=======================
[2020-06-21 14:40:43,443]--test_invest.py--138--INFO:账户id为173720的原始投资记录条数为37
[2020-06-21 14:40:43,443]--test_invest.py--141--INFO:======================正在查询原始投资流水记录条数=======================
[2020-06-21 14:40:43,475]--test_invest.py--145--INFO:账户id为173720的原始投资流水条数为37
[2020-06-21 14:40:43,490]--test_invest.py--182--INFO:第15条用例执行结果为PASS
[2020-06-21 14:40:43,490]--test_invest.py--188--INFO:*************开始回写数据***************
[2020-06-21 14:40:43,844]--test_invest.py--190--INFO:正在回写实际结果actual：{'code': 2, 'msg': '充值金额必须大于100，并且可以被100整除', 'data': None, 'copyright': 'Copyright 柠檬班 © 2017-2020 湖南省零檬信息技术有限公司 All Rights Reserved'}
[2020-06-21 14:40:44,128]--test_invest.py--192--INFO:正在回写测试结果test_result：PASS
[2020-06-21 14:40:44,128]--test_invest.py--193--INFO:*************结束回写数据***************
[2020-06-21 14:40:44,275]--test_invest.py--42--INFO:******************正在执行invest模块用例******************
[2020-06-21 14:40:44,275]--test_invest.py--43--INFO:正在执行第16条用例:投资金额校验--投资金额输入负数
[2020-06-21 14:40:44,275]--test_invest.py--44--INFO:请求的数据是{'case_id': 16, 'interface': 'invest', 'title': '投资金额校验--投资金额输入负数', 'method': 'POST', 'url': '/member/invest', 'data': '{"member_id":"#member_id#","loan_id":"#loanid#","amount":"-100"}', 'headers': '{"X-Lemonban-Media-Type": "lemonban.v2","Authorization":"#token#"}', 'yes_or_no': 'NO', 'expected': '{"code": 2,"msg": "充值金额必须大于100，并且可以被100整除"}', 'actucal': "{'code': 2, 'msg': '充值金额必须大于100，并且可以被100整除', 'data': None, 'copyright': 'Copyright 柠檬班 © 2017-2020 湖南省零檬信息技术有限公司 All Rights Reserved'}", 'test_result': 'PASS'}
[2020-06-21 14:40:44,275]--test_invest.py--134--INFO:======================正在查询原始投资记录条数=======================
[2020-06-21 14:40:44,291]--test_invest.py--138--INFO:账户id为173720的原始投资记录条数为37
[2020-06-21 14:40:44,291]--test_invest.py--141--INFO:======================正在查询原始投资流水记录条数=======================
[2020-06-21 14:40:44,328]--test_invest.py--145--INFO:账户id为173720的原始投资流水条数为37
[2020-06-21 14:40:44,344]--test_invest.py--182--INFO:第16条用例执行结果为PASS
[2020-06-21 14:40:44,344]--test_invest.py--188--INFO:*************开始回写数据***************
[2020-06-21 14:40:44,629]--test_invest.py--190--INFO:正在回写实际结果actual：{'code': 2, 'msg': '充值金额必须大于100，并且可以被100整除', 'data': None, 'copyright': 'Copyright 柠檬班 © 2017-2020 湖南省零檬信息技术有限公司 All Rights Reserved'}
[2020-06-21 14:40:45,007]--test_invest.py--192--INFO:正在回写测试结果test_result：PASS
[2020-06-21 14:40:45,007]--test_invest.py--193--INFO:*************结束回写数据***************
[2020-06-21 14:40:45,176]--test_invest.py--42--INFO:******************正在执行invest模块用例******************
[2020-06-21 14:40:45,176]--test_invest.py--43--INFO:正在执行第17条用例:投资金额校验--投资金额输入小数
[2020-06-21 14:40:45,176]--test_invest.py--44--INFO:请求的数据是{'case_id': 17, 'interface': 'invest', 'title': '投资金额校验--投资金额输入小数', 'method': 'POST', 'url': '/member/invest', 'data': '{"member_id":"#member_id#","loan_id":"#loanid#","amount":"100.88"}', 'headers': '{"X-Lemonban-Media-Type": "lemonban.v2","Authorization":"#token#"}', 'yes_or_no': 'NO', 'expected': '{"code": 2,"msg": "充值金额必须大于100，并且可以被100整除"}', 'actucal': "{'code': 2, 'msg': '充值金额必须大于100，并且可以被100整除', 'data': None, 'copyright': 'Copyright 柠檬班 © 2017-2020 湖南省零檬信息技术有限公司 All Rights Reserved'}", 'test_result': 'PASS'}
[2020-06-21 14:40:45,176]--test_invest.py--134--INFO:======================正在查询原始投资记录条数=======================
[2020-06-21 14:40:45,176]--test_invest.py--138--INFO:账户id为173720的原始投资记录条数为37
[2020-06-21 14:40:45,176]--test_invest.py--141--INFO:======================正在查询原始投资流水记录条数=======================
[2020-06-21 14:40:45,208]--test_invest.py--145--INFO:账户id为173720的原始投资流水条数为37
[2020-06-21 14:40:45,230]--test_invest.py--182--INFO:第17条用例执行结果为PASS
[2020-06-21 14:40:45,230]--test_invest.py--188--INFO:*************开始回写数据***************
[2020-06-21 14:40:45,531]--test_invest.py--190--INFO:正在回写实际结果actual：{'code': 2, 'msg': '充值金额必须大于100，并且可以被100整除', 'data': None, 'copyright': 'Copyright 柠檬班 © 2017-2020 湖南省零檬信息技术有限公司 All Rights Reserved'}
[2020-06-21 14:40:45,832]--test_invest.py--192--INFO:正在回写测试结果test_result：PASS
[2020-06-21 14:40:45,832]--test_invest.py--193--INFO:*************结束回写数据***************
[2020-06-21 14:40:46,996]--test_invest.py--42--INFO:******************正在执行invest模块用例******************
[2020-06-21 14:40:46,996]--test_invest.py--43--INFO:正在执行第18条用例:投资金额校验--投资金额输入非法字符
[2020-06-21 14:40:46,996]--test_invest.py--44--INFO:请求的数据是{'case_id': 18, 'interface': 'invest', 'title': '投资金额校验--投资金额输入非法字符', 'method': 'POST', 'url': '/member/invest', 'data': '{"member_id":"#member_id#","loan_id":"#loanid#","amount":"ddd"}', 'headers': '{"X-Lemonban-Media-Type": "lemonban.v2","Authorization":"#token#"}', 'yes_or_no': 'NO', 'expected': '{"code": 2,"msg": "数值参数格式错误"}', 'actucal': "{'code': 2, 'msg': '数值参数格式错误', 'data': None, 'copyright': 'Copyright 柠檬班 © 2017-2020 湖南省零檬信息技术有限公司 All Rights Reserved'}", 'test_result': 'PASS'}
[2020-06-21 14:40:46,996]--test_invest.py--134--INFO:======================正在查询原始投资记录条数=======================
[2020-06-21 14:40:47,018]--test_invest.py--138--INFO:账户id为173720的原始投资记录条数为37
[2020-06-21 14:40:47,018]--test_invest.py--141--INFO:======================正在查询原始投资流水记录条数=======================
[2020-06-21 14:40:47,034]--test_invest.py--145--INFO:账户id为173720的原始投资流水条数为37
[2020-06-21 14:40:47,065]--test_invest.py--182--INFO:第18条用例执行结果为PASS
[2020-06-21 14:40:47,065]--test_invest.py--188--INFO:*************开始回写数据***************
[2020-06-21 14:40:47,434]--test_invest.py--190--INFO:正在回写实际结果actual：{'code': 2, 'msg': '数值参数格式错误', 'data': None, 'copyright': 'Copyright 柠檬班 © 2017-2020 湖南省零檬信息技术有限公司 All Rights Reserved'}
[2020-06-21 14:40:47,697]--test_invest.py--192--INFO:正在回写测试结果test_result：PASS
[2020-06-21 14:40:47,697]--test_invest.py--193--INFO:*************结束回写数据***************
[2020-06-21 14:40:49,853]--test_invest.py--42--INFO:******************正在执行invest模块用例******************
[2020-06-21 14:40:49,853]--test_invest.py--43--INFO:正在执行第19条用例:投资金额校验--投资金额输入大于可投标金额
[2020-06-21 14:40:49,853]--test_invest.py--44--INFO:请求的数据是{'case_id': 19, 'interface': 'invest', 'title': '投资金额校验--投资金额输入大于可投标金额', 'method': 'POST', 'url': '/member/invest', 'data': '{"member_id":"#member_id#","loan_id":"#max_id#","amount":"#max_amt#"}', 'headers': '{"X-Lemonban-Media-Type": "lemonban.v2","Authorization":"#token#"}', 'yes_or_no': 'NO', 'expected': '{"code": 2,"msg": "该标可投金额不足,可投金额：7300.0"}', 'actucal': "{'code': 2, 'msg': '该标可投金额不足,可投金额：6700.0', 'data': None, 'copyright': 'Copyright 柠檬班 © 2017-2020 湖南省零檬信息技术有限公司 All Rights Reserved'}", 'test_result': 'FAILED'}
[2020-06-21 14:40:49,868]--test_invest.py--134--INFO:======================正在查询原始投资记录条数=======================
[2020-06-21 14:40:49,884]--test_invest.py--138--INFO:账户id为173720的原始投资记录条数为37
[2020-06-21 14:40:49,884]--test_invest.py--141--INFO:======================正在查询原始投资流水记录条数=======================
[2020-06-21 14:40:49,900]--test_invest.py--145--INFO:账户id为173720的原始投资流水条数为37
[2020-06-21 14:40:50,923]--test_invest.py--184--ERROR:执行接口测试出现错误，错误是False is not true
[2020-06-21 14:40:50,923]--test_invest.py--186--ERROR:第19条用例执行结果为FAILED
[2020-06-21 14:40:50,923]--test_invest.py--188--INFO:*************开始回写数据***************
[2020-06-21 14:40:51,223]--test_invest.py--190--INFO:正在回写实际结果actual：{'code': 2, 'msg': '该标可投金额不足,可投金额：5100.0', 'data': None, 'copyright': 'Copyright 柠檬班 © 2017-2020 湖南省零檬信息技术有限公司 All Rights Reserved'}
[2020-06-21 14:40:51,502]--test_invest.py--192--INFO:正在回写测试结果test_result：FAILED
[2020-06-21 14:40:51,502]--test_invest.py--193--INFO:*************结束回写数据***************
[2020-06-21 14:40:51,702]--test_invest.py--42--INFO:******************正在执行invest模块用例******************
[2020-06-21 14:40:51,702]--test_invest.py--43--INFO:正在执行第20条用例:投资金额校验--投资金额输入等于可投标金额,投标完成
[2020-06-21 14:40:51,702]--test_invest.py--44--INFO:请求的数据是{'case_id': 20, 'interface': 'invest', 'title': '投资金额校验--投资金额输入等于可投标金额,投标完成', 'method': 'POST', 'url': '/member/invest', 'data': '{"member_id":"#member_id#","loan_id":"#loanid#","amount":"#amount#"}', 'headers': '{"X-Lemonban-Media-Type": "lemonban.v2","Authorization":"#token#"}', 'yes_or_no': 'YES', 'expected': '{"code": 0,"msg": "OK"}', 'actucal': "{'code': 0, 'msg': 'OK', 'data': {'id': 1960, 'member_id': 173720, 'loan_id': 1245860, 'amount': 80000.0, 'create_time': '2020-06-21 09:12:15', 'is_valid': 1}, 'copyright': 'Copyright 柠檬班 © 2017-2020 湖南省零檬信息技术有限公司 All Rights Reserved'}", 'test_result': 'PASS'}
[2020-06-21 14:40:51,718]--test_invest.py--94--INFO:======================正在查询原始金额=======================
[2020-06-21 14:40:51,724]--test_invest.py--105--INFO:账户id为173720的账户原始金额是89400.00
[2020-06-21 14:40:51,724]--test_invest.py--134--INFO:======================正在查询原始投资记录条数=======================
[2020-06-21 14:40:51,740]--test_invest.py--138--INFO:账户id为173720的原始投资记录条数为37
[2020-06-21 14:40:51,740]--test_invest.py--141--INFO:======================正在查询原始投资流水记录条数=======================
[2020-06-21 14:40:51,771]--test_invest.py--145--INFO:账户id为173720的原始投资流水条数为37
[2020-06-21 14:40:51,818]--test_invest.py--182--INFO:第20条用例执行结果为PASS
[2020-06-21 14:40:51,818]--test_invest.py--188--INFO:*************开始回写数据***************
[2020-06-21 14:40:52,157]--test_invest.py--190--INFO:正在回写实际结果actual：{'code': 0, 'msg': 'OK', 'data': {'id': 2034, 'member_id': 173720, 'loan_id': 1246434, 'amount': 80000.0, 'create_time': '2020-06-21 14:40:53', 'is_valid': 1}, 'copyright': 'Copyright 柠檬班 © 2017-2020 湖南省零檬信息技术有限公司 All Rights Reserved'}
[2020-06-21 14:40:52,442]--test_invest.py--192--INFO:正在回写测试结果test_result：PASS
[2020-06-21 14:40:52,442]--test_invest.py--193--INFO:*************结束回写数据***************
[2020-06-21 14:40:52,657]--test_invest.py--42--INFO:******************正在执行invest模块用例******************
[2020-06-21 14:40:52,657]--test_invest.py--43--INFO:正在执行第21条用例:投资金额校验--投资金额输入大于用户余额,余额不足
[2020-06-21 14:40:52,657]--test_invest.py--44--INFO:请求的数据是{'case_id': 21, 'interface': 'invest', 'title': '投资金额校验--投资金额输入大于用户余额,余额不足', 'method': 'POST', 'url': '/member/invest', 'data': '{"member_id":"#member_id#","loan_id":"#loanid#","amount":"#min_amt#"}', 'headers': '{"X-Lemonban-Media-Type": "lemonban.v2","Authorization":"#token#"}', 'yes_or_no': 'NO', 'expected': '{"code": 0,"msg": "OK"}', 'actucal': "{'code': 2, 'msg': '该标可投金额不足,可投金额：80000.0', 'data': None, 'copyright': 'Copyright 柠檬班 © 2017-2020 湖南省零檬信息技术有限公司 All Rights Reserved'}", 'test_result': 'FAILED'}
[2020-06-21 14:40:52,657]--test_invest.py--134--INFO:======================正在查询原始投资记录条数=======================
[2020-06-21 14:40:52,673]--test_invest.py--138--INFO:账户id为173720的原始投资记录条数为38
[2020-06-21 14:40:52,673]--test_invest.py--141--INFO:======================正在查询原始投资流水记录条数=======================
[2020-06-21 14:40:52,688]--test_invest.py--145--INFO:账户id为173720的原始投资流水条数为38
[2020-06-21 14:40:52,720]--test_invest.py--184--ERROR:执行接口测试出现错误，错误是False is not true
[2020-06-21 14:40:52,720]--test_invest.py--186--ERROR:第21条用例执行结果为FAILED
[2020-06-21 14:40:52,720]--test_invest.py--188--INFO:*************开始回写数据***************
[2020-06-21 14:40:53,020]--test_invest.py--190--INFO:正在回写实际结果actual：{'code': 2, 'msg': '该标可投金额不足,可投金额：80000.0', 'data': None, 'copyright': 'Copyright 柠檬班 © 2017-2020 湖南省零檬信息技术有限公司 All Rights Reserved'}
[2020-06-21 14:40:53,326]--test_invest.py--192--INFO:正在回写测试结果test_result：FAILED
[2020-06-21 14:40:53,326]--test_invest.py--193--INFO:*************结束回写数据***************
