[2020-06-21 00:07:05,900]--test_invest.py--42--INFO:******************正在执行invest模块用例******************
[2020-06-21 00:07:05,907]--test_invest.py--43--INFO:正在执行第1条用例:用户id校验--输入已注册用户id
[2020-06-21 00:07:05,914]--test_invest.py--44--INFO:请求的数据是{'case_id': 1, 'interface': 'invest', 'title': '用户id校验--输入已注册用户id', 'method': 'POST', 'url': '/member/invest', 'data': '{"member_id":"#member_id#","loan_id":"#loanid#","amount":"1000"}', 'headers': '{"X-Lemonban-Media-Type": "lemonban.v2","Authorization":"#token#"}', 'yes_or_no': 'YES', 'expected': '{"code": 0,"msg": "OK"}', 'actucal': "{'code': 0, 'msg': 'OK', 'data': {'id': 1890, 'member_id': 13217, 'loan_id': 1245191, 'amount': 1000.0, 'create_time': '2020-06-20 23:59:55', 'is_valid': 1}, 'copyright': 'Copyright 柠檬班 © 2017-2020 湖南省零檬信息技术有限公司 All Rights Reserved'}", 'test_result': 'PASS'}
[2020-06-21 00:07:05,916]--test_invest.py--94--INFO:======================正在查询原始金额=======================
[2020-06-21 00:07:05,959]--test_invest.py--105--INFO:账户id为13217的账户原始金额是2095700.65
[2020-06-21 00:07:05,959]--test_invest.py--125--INFO:======================正在查询原始投资记录条数=======================
[2020-06-21 00:07:05,968]--test_invest.py--129--INFO:账户id为13217的原始投资记录条数为13
[2020-06-21 00:07:05,969]--test_invest.py--132--INFO:======================正在查询原始投资流水记录条数=======================
[2020-06-21 00:07:05,984]--test_invest.py--136--INFO:账户id为13217的原始投资流水条数为88
[2020-06-21 00:07:06,018]--test_invest.py--170--INFO:第1条用例执行结果为PASS
[2020-06-21 00:07:06,018]--test_invest.py--176--INFO:*************开始回写数据***************
[2020-06-21 00:07:07,035]--test_invest.py--178--INFO:正在回写实际结果actual：{'code': 0, 'msg': 'OK', 'data': {'id': 1895, 'member_id': 13217, 'loan_id': 1245229, 'amount': 1000.0, 'create_time': '2020-06-21 00:07:07', 'is_valid': 1}, 'copyright': 'Copyright 柠檬班 © 2017-2020 湖南省零檬信息技术有限公司 All Rights Reserved'}
[2020-06-21 00:07:07,418]--test_invest.py--180--INFO:正在回写测试结果test_result：PASS
[2020-06-21 00:07:07,419]--test_invest.py--181--INFO:*************结束回写数据***************
[2020-06-21 00:07:07,603]--test_invest.py--42--INFO:******************正在执行invest模块用例******************
[2020-06-21 00:07:07,603]--test_invest.py--43--INFO:正在执行第2条用例:用户id校验--输入不存在的用户id
[2020-06-21 00:07:07,603]--test_invest.py--44--INFO:请求的数据是{'case_id': 2, 'interface': 'invest', 'title': '用户id校验--输入不存在的用户id', 'method': 'POST', 'url': '/member/invest', 'data': '{"member_id":"s13361","loan_id":"#loanid#","amount":"20000"}', 'headers': '{"X-Lemonban-Media-Type": "lemonban.v2","Authorization":"#token#"}', 'yes_or_no': 'NO', 'expected': '{"code": 2,"msg": "数值参数格式错误"}', 'actucal': "{'code': 2, 'msg': '数值参数格式错误', 'data': None, 'copyright': 'Copyright 柠檬班 © 2017-2020 湖南省零檬信息技术有限公司 All Rights Reserved'}", 'test_result': 'PASS'}
[2020-06-21 00:07:07,603]--test_invest.py--125--INFO:======================正在查询原始投资记录条数=======================
[2020-06-21 00:07:07,618]--test_invest.py--129--INFO:账户id为13217的原始投资记录条数为14
[2020-06-21 00:07:07,618]--test_invest.py--132--INFO:======================正在查询原始投资流水记录条数=======================
[2020-06-21 00:07:07,639]--test_invest.py--136--INFO:账户id为13217的原始投资流水条数为89
[2020-06-21 00:07:07,659]--test_invest.py--170--INFO:第2条用例执行结果为PASS
[2020-06-21 00:07:07,659]--test_invest.py--176--INFO:*************开始回写数据***************
[2020-06-21 00:07:08,074]--test_invest.py--178--INFO:正在回写实际结果actual：{'code': 2, 'msg': '数值参数格式错误', 'data': None, 'copyright': 'Copyright 柠檬班 © 2017-2020 湖南省零檬信息技术有限公司 All Rights Reserved'}
[2020-06-21 00:07:08,476]--test_invest.py--180--INFO:正在回写测试结果test_result：PASS
[2020-06-21 00:07:08,476]--test_invest.py--181--INFO:*************结束回写数据***************
[2020-06-21 00:07:08,611]--test_invest.py--42--INFO:******************正在执行invest模块用例******************
[2020-06-21 00:07:08,611]--test_invest.py--43--INFO:正在执行第3条用例:用户id校验--id输入为空
[2020-06-21 00:07:08,612]--test_invest.py--44--INFO:请求的数据是{'case_id': 3, 'interface': 'invest', 'title': '用户id校验--id输入为空', 'method': 'POST', 'url': '/member/invest', 'data': '{"member_id":"","loan_id":"#loanid#","amount":"100"}', 'headers': '{"X-Lemonban-Media-Type": "lemonban.v2","Authorization":"#token#"}', 'yes_or_no': 'NO', 'expected': '{"code": 2,"msg": "数值参数格式错误"}', 'actucal': "{'code': 2, 'msg': '数值参数格式错误', 'data': None, 'copyright': 'Copyright 柠檬班 © 2017-2020 湖南省零檬信息技术有限公司 All Rights Reserved'}", 'test_result': 'PASS'}
[2020-06-21 00:07:08,612]--test_invest.py--125--INFO:======================正在查询原始投资记录条数=======================
[2020-06-21 00:07:08,622]--test_invest.py--129--INFO:账户id为13217的原始投资记录条数为14
[2020-06-21 00:07:08,622]--test_invest.py--132--INFO:======================正在查询原始投资流水记录条数=======================
[2020-06-21 00:07:08,637]--test_invest.py--136--INFO:账户id为13217的原始投资流水条数为89
[2020-06-21 00:07:08,657]--test_invest.py--170--INFO:第3条用例执行结果为PASS
[2020-06-21 00:07:08,657]--test_invest.py--176--INFO:*************开始回写数据***************
[2020-06-21 00:07:09,025]--test_invest.py--178--INFO:正在回写实际结果actual：{'code': 2, 'msg': '数值参数格式错误', 'data': None, 'copyright': 'Copyright 柠檬班 © 2017-2020 湖南省零檬信息技术有限公司 All Rights Reserved'}
[2020-06-21 00:07:09,400]--test_invest.py--180--INFO:正在回写测试结果test_result：PASS
[2020-06-21 00:07:09,401]--test_invest.py--181--INFO:*************结束回写数据***************
[2020-06-21 00:07:09,558]--test_invest.py--42--INFO:******************正在执行invest模块用例******************
[2020-06-21 00:07:09,559]--test_invest.py--43--INFO:正在执行第4条用例:投资项目id校验--输入投标中状态2(竞标中)的项目id
[2020-06-21 00:07:09,560]--test_invest.py--44--INFO:请求的数据是{'case_id': 4, 'interface': 'invest', 'title': '投资项目id校验--输入投标中状态2(竞标中)的项目id', 'method': 'POST', 'url': '/member/invest', 'data': '{"member_id":"#member_id#","loan_id":"#loanid#","amount":"100"}', 'headers': '{"X-Lemonban-Media-Type": "lemonban.v2","Authorization":"#token#"}', 'yes_or_no': 'YES', 'expected': '{"code": 0,"msg": "OK"}', 'actucal': "{'code': 0, 'msg': 'OK', 'data': {'id': 1891, 'member_id': 13217, 'loan_id': 1245194, 'amount': 100.0, 'create_time': '2020-06-21 00:00:00', 'is_valid': 1}, 'copyright': 'Copyright 柠檬班 © 2017-2020 湖南省零檬信息技术有限公司 All Rights Reserved'}", 'test_result': 'PASS'}
[2020-06-21 00:07:09,560]--test_invest.py--94--INFO:======================正在查询原始金额=======================
[2020-06-21 00:07:09,585]--test_invest.py--105--INFO:账户id为13217的账户原始金额是2094700.65
[2020-06-21 00:07:09,586]--test_invest.py--125--INFO:======================正在查询原始投资记录条数=======================
[2020-06-21 00:07:09,602]--test_invest.py--129--INFO:账户id为13217的原始投资记录条数为14
[2020-06-21 00:07:09,603]--test_invest.py--132--INFO:======================正在查询原始投资流水记录条数=======================
[2020-06-21 00:07:09,627]--test_invest.py--136--INFO:账户id为13217的原始投资流水条数为89
[2020-06-21 00:07:09,670]--test_invest.py--170--INFO:第4条用例执行结果为PASS
[2020-06-21 00:07:09,671]--test_invest.py--176--INFO:*************开始回写数据***************
[2020-06-21 00:07:10,061]--test_invest.py--178--INFO:正在回写实际结果actual：{'code': 0, 'msg': 'OK', 'data': {'id': 1896, 'member_id': 13217, 'loan_id': 1245232, 'amount': 100.0, 'create_time': '2020-06-21 00:07:10', 'is_valid': 1}, 'copyright': 'Copyright 柠檬班 © 2017-2020 湖南省零檬信息技术有限公司 All Rights Reserved'}
[2020-06-21 00:07:10,478]--test_invest.py--180--INFO:正在回写测试结果test_result：PASS
[2020-06-21 00:07:10,478]--test_invest.py--181--INFO:*************结束回写数据***************
[2020-06-21 00:07:10,669]--test_invest.py--42--INFO:******************正在执行invest模块用例******************
[2020-06-21 00:07:10,669]--test_invest.py--43--INFO:正在执行第5条用例:投资项目id校验--输入非投标中状态为1(审核中)的项目id
[2020-06-21 00:07:10,669]--test_invest.py--44--INFO:请求的数据是{'case_id': 5, 'interface': 'invest', 'title': '投资项目id校验--输入非投标中状态为1(审核中)的项目id', 'method': 'POST', 'url': '/member/invest', 'data': '{"member_id":"#member_id#","loan_id":"#shz#","amount":"100"}', 'headers': '{"X-Lemonban-Media-Type": "lemonban.v2","Authorization":"#token#"}', 'yes_or_no': 'NO', 'expected': '{"code": 2,"msg": "该项目不在竞标中状态"}', 'actucal': "{'code': 2, 'msg': '该项目不在竞标中状态', 'data': None, 'copyright': 'Copyright 柠檬班 © 2017-2020 湖南省零檬信息技术有限公司 All Rights Reserved'}", 'test_result': 'PASS'}
[2020-06-21 00:07:10,686]--test_invest.py--125--INFO:======================正在查询原始投资记录条数=======================
[2020-06-21 00:07:10,701]--test_invest.py--129--INFO:账户id为13217的原始投资记录条数为15
[2020-06-21 00:07:10,701]--test_invest.py--132--INFO:======================正在查询原始投资流水记录条数=======================
[2020-06-21 00:07:10,723]--test_invest.py--136--INFO:账户id为13217的原始投资流水条数为90
[2020-06-21 00:07:10,746]--test_invest.py--170--INFO:第5条用例执行结果为PASS
[2020-06-21 00:07:10,746]--test_invest.py--176--INFO:*************开始回写数据***************
[2020-06-21 00:07:11,156]--test_invest.py--178--INFO:正在回写实际结果actual：{'code': 2, 'msg': '该项目不在竞标中状态', 'data': None, 'copyright': 'Copyright 柠檬班 © 2017-2020 湖南省零檬信息技术有限公司 All Rights Reserved'}
[2020-06-21 00:07:11,532]--test_invest.py--180--INFO:正在回写测试结果test_result：PASS
[2020-06-21 00:07:11,532]--test_invest.py--181--INFO:*************结束回写数据***************
[2020-06-21 00:07:11,653]--test_invest.py--42--INFO:******************正在执行invest模块用例******************
[2020-06-21 00:07:11,653]--test_invest.py--43--INFO:正在执行第6条用例:投资项目id校验--输入非投标中状态3(还款中)的项目id
[2020-06-21 00:07:11,654]--test_invest.py--44--INFO:请求的数据是{'case_id': 6, 'interface': 'invest', 'title': '投资项目id校验--输入非投标中状态3(还款中)的项目id', 'method': 'POST', 'url': '/member/invest', 'data': '{"member_id":"#member_id#","loan_id":"#hkz#","amount":"100"}', 'headers': '{"X-Lemonban-Media-Type": "lemonban.v2","Authorization":"#token#"}', 'yes_or_no': 'NO', 'expected': '{"code": 2,"msg": "该项目不在竞标中状态"}', 'actucal': "{'code': 2, 'msg': '该项目不在竞标中状态', 'data': None, 'copyright': 'Copyright 柠檬班 © 2017-2020 湖南省零檬信息技术有限公司 All Rights Reserved'}", 'test_result': 'PASS'}
[2020-06-21 00:07:11,662]--test_invest.py--125--INFO:======================正在查询原始投资记录条数=======================
[2020-06-21 00:07:11,669]--test_invest.py--129--INFO:账户id为13217的原始投资记录条数为15
[2020-06-21 00:07:11,670]--test_invest.py--132--INFO:======================正在查询原始投资流水记录条数=======================
[2020-06-21 00:07:11,684]--test_invest.py--136--INFO:账户id为13217的原始投资流水条数为90
[2020-06-21 00:07:11,704]--test_invest.py--170--INFO:第6条用例执行结果为PASS
[2020-06-21 00:07:11,705]--test_invest.py--176--INFO:*************开始回写数据***************
[2020-06-21 00:07:12,070]--test_invest.py--178--INFO:正在回写实际结果actual：{'code': 2, 'msg': '该项目不在竞标中状态', 'data': None, 'copyright': 'Copyright 柠檬班 © 2017-2020 湖南省零檬信息技术有限公司 All Rights Reserved'}
[2020-06-21 00:07:12,489]--test_invest.py--180--INFO:正在回写测试结果test_result：PASS
[2020-06-21 00:07:12,490]--test_invest.py--181--INFO:*************结束回写数据***************
[2020-06-21 00:07:12,641]--test_invest.py--42--INFO:******************正在执行invest模块用例******************
[2020-06-21 00:07:12,641]--test_invest.py--43--INFO:正在执行第7条用例:投资项目id校验--输入非投标中状态4(还款完成)的项目id
[2020-06-21 00:07:12,642]--test_invest.py--44--INFO:请求的数据是{'case_id': 7, 'interface': 'invest', 'title': '投资项目id校验--输入非投标中状态4(还款完成)的项目id', 'method': 'POST', 'url': '/member/invest', 'data': '{"member_id":"#member_id#","loan_id":"#hwc#","amount":"100"}', 'headers': '{"X-Lemonban-Media-Type": "lemonban.v2","Authorization":"#token#"}', 'yes_or_no': 'NO', 'expected': '{"code": 2,"msg": "该项目不在竞标中状态"}', 'actucal': "{'code': 2, 'msg': '该项目不在竞标中状态', 'data': None, 'copyright': 'Copyright 柠檬班 © 2017-2020 湖南省零檬信息技术有限公司 All Rights Reserved'}", 'test_result': 'PASS'}
[2020-06-21 00:07:12,661]--test_invest.py--125--INFO:======================正在查询原始投资记录条数=======================
[2020-06-21 00:07:12,678]--test_invest.py--129--INFO:账户id为13217的原始投资记录条数为15
[2020-06-21 00:07:12,678]--test_invest.py--132--INFO:======================正在查询原始投资流水记录条数=======================
[2020-06-21 00:07:12,701]--test_invest.py--136--INFO:账户id为13217的原始投资流水条数为90
[2020-06-21 00:07:12,721]--test_invest.py--170--INFO:第7条用例执行结果为PASS
[2020-06-21 00:07:12,721]--test_invest.py--176--INFO:*************开始回写数据***************
[2020-06-21 00:07:13,155]--test_invest.py--178--INFO:正在回写实际结果actual：{'code': 2, 'msg': '该项目不在竞标中状态', 'data': None, 'copyright': 'Copyright 柠檬班 © 2017-2020 湖南省零檬信息技术有限公司 All Rights Reserved'}
[2020-06-21 00:07:13,509]--test_invest.py--180--INFO:正在回写测试结果test_result：PASS
[2020-06-21 00:07:13,509]--test_invest.py--181--INFO:*************结束回写数据***************
[2020-06-21 00:07:13,660]--test_invest.py--42--INFO:******************正在执行invest模块用例******************
[2020-06-21 00:07:13,660]--test_invest.py--43--INFO:正在执行第8条用例:投资项目id校验--输入非投标中状态5(审核不通过)的项目id
[2020-06-21 00:07:13,660]--test_invest.py--44--INFO:请求的数据是{'case_id': 8, 'interface': 'invest', 'title': '投资项目id校验--输入非投标中状态5(审核不通过)的项目id', 'method': 'POST', 'url': '/member/invest', 'data': '{"member_id":"#member_id#","loan_id":"#btg#","amount":"100"}', 'headers': '{"X-Lemonban-Media-Type": "lemonban.v2","Authorization":"#token#"}', 'yes_or_no': 'NO', 'expected': '{"code": 2,"msg": "该项目不在竞标中状态"}', 'actucal': "{'code': 2, 'msg': '该项目不在竞标中状态', 'data': None, 'copyright': 'Copyright 柠檬班 © 2017-2020 湖南省零檬信息技术有限公司 All Rights Reserved'}", 'test_result': 'PASS'}
[2020-06-21 00:07:13,684]--test_invest.py--125--INFO:======================正在查询原始投资记录条数=======================
[2020-06-21 00:07:13,701]--test_invest.py--129--INFO:账户id为13217的原始投资记录条数为15
[2020-06-21 00:07:13,701]--test_invest.py--132--INFO:======================正在查询原始投资流水记录条数=======================
[2020-06-21 00:07:13,722]--test_invest.py--136--INFO:账户id为13217的原始投资流水条数为90
[2020-06-21 00:07:13,742]--test_invest.py--170--INFO:第8条用例执行结果为PASS
[2020-06-21 00:07:13,742]--test_invest.py--176--INFO:*************开始回写数据***************
[2020-06-21 00:07:14,199]--test_invest.py--178--INFO:正在回写实际结果actual：{'code': 2, 'msg': '该项目不在竞标中状态', 'data': None, 'copyright': 'Copyright 柠檬班 © 2017-2020 湖南省零檬信息技术有限公司 All Rights Reserved'}
[2020-06-21 00:07:14,567]--test_invest.py--180--INFO:正在回写测试结果test_result：PASS
[2020-06-21 00:07:14,567]--test_invest.py--181--INFO:*************结束回写数据***************
[2020-06-21 00:07:14,703]--test_invest.py--42--INFO:******************正在执行invest模块用例******************
[2020-06-21 00:07:14,707]--test_invest.py--43--INFO:正在执行第9条用例:投资项目id校验--输入用户自己创建的项目id
[2020-06-21 00:07:14,708]--test_invest.py--44--INFO:请求的数据是{'case_id': 9, 'interface': 'invest', 'title': '投资项目id校验--输入用户自己创建的项目id', 'method': 'POST', 'url': '/member/invest', 'data': '{"member_id":"#member_id#","loan_id":"#loanid#","amount":"100"}', 'headers': '{"X-Lemonban-Media-Type": "lemonban.v2","Authorization":"#token#"}', 'yes_or_no': 'YES', 'expected': '{"code": 0,"msg": "OK"}', 'actucal': "{'code': 0, 'msg': 'OK', 'data': {'id': 1892, 'member_id': 13217, 'loan_id': 1245199, 'amount': 100.0, 'create_time': '2020-06-21 00:00:15', 'is_valid': 1}, 'copyright': 'Copyright 柠檬班 © 2017-2020 湖南省零檬信息技术有限公司 All Rights Reserved'}", 'test_result': 'PASS'}
[2020-06-21 00:07:14,708]--test_invest.py--94--INFO:======================正在查询原始金额=======================
[2020-06-21 00:07:14,718]--test_invest.py--105--INFO:账户id为13217的账户原始金额是2094600.65
[2020-06-21 00:07:14,719]--test_invest.py--125--INFO:======================正在查询原始投资记录条数=======================
[2020-06-21 00:07:14,729]--test_invest.py--129--INFO:账户id为13217的原始投资记录条数为15
[2020-06-21 00:07:14,730]--test_invest.py--132--INFO:======================正在查询原始投资流水记录条数=======================
[2020-06-21 00:07:14,744]--test_invest.py--136--INFO:账户id为13217的原始投资流水条数为90
[2020-06-21 00:07:14,780]--test_invest.py--170--INFO:第9条用例执行结果为PASS
[2020-06-21 00:07:14,781]--test_invest.py--176--INFO:*************开始回写数据***************
[2020-06-21 00:07:15,192]--test_invest.py--178--INFO:正在回写实际结果actual：{'code': 0, 'msg': 'OK', 'data': {'id': 1897, 'member_id': 13217, 'loan_id': 1245237, 'amount': 100.0, 'create_time': '2020-06-21 00:07:15', 'is_valid': 1}, 'copyright': 'Copyright 柠檬班 © 2017-2020 湖南省零檬信息技术有限公司 All Rights Reserved'}
[2020-06-21 00:07:15,582]--test_invest.py--180--INFO:正在回写测试结果test_result：PASS
[2020-06-21 00:07:15,582]--test_invest.py--181--INFO:*************结束回写数据***************
[2020-06-21 00:07:15,771]--test_invest.py--42--INFO:******************正在执行invest模块用例******************
[2020-06-21 00:07:15,772]--test_invest.py--43--INFO:正在执行第10条用例:投资项目id校验--输入其他用户创建的项目id
[2020-06-21 00:07:15,772]--test_invest.py--44--INFO:请求的数据是{'case_id': 10, 'interface': 'invest', 'title': '投资项目id校验--输入其他用户创建的项目id', 'method': 'POST', 'url': '/member/invest', 'data': '{"member_id":"#member_id#","loan_id":"#otherid#","amount":"100"}', 'headers': '{"X-Lemonban-Media-Type": "lemonban.v2","Authorization":"#token#"}', 'yes_or_no': 'YES', 'expected': '{"code": 0,"msg": "OK"}', 'actucal': "{'code': 0, 'msg': 'OK', 'data': {'id': 1893, 'member_id': 13217, 'loan_id': 12, 'amount': 100.0, 'create_time': '2020-06-21 00:00:16', 'is_valid': 1}, 'copyright': 'Copyright 柠檬班 © 2017-2020 湖南省零檬信息技术有限公司 All Rights Reserved'}", 'test_result': 'PASS'}
[2020-06-21 00:07:15,783]--test_invest.py--94--INFO:======================正在查询原始金额=======================
[2020-06-21 00:07:15,792]--test_invest.py--105--INFO:账户id为13217的账户原始金额是2094500.65
[2020-06-21 00:07:15,792]--test_invest.py--125--INFO:======================正在查询原始投资记录条数=======================
[2020-06-21 00:07:15,802]--test_invest.py--129--INFO:账户id为13217的原始投资记录条数为16
[2020-06-21 00:07:15,802]--test_invest.py--132--INFO:======================正在查询原始投资流水记录条数=======================
[2020-06-21 00:07:15,818]--test_invest.py--136--INFO:账户id为13217的原始投资流水条数为91
[2020-06-21 00:07:15,853]--test_invest.py--170--INFO:第10条用例执行结果为PASS
[2020-06-21 00:07:15,853]--test_invest.py--176--INFO:*************开始回写数据***************
[2020-06-21 00:07:16,360]--test_invest.py--178--INFO:正在回写实际结果actual：{'code': 0, 'msg': 'OK', 'data': {'id': 1898, 'member_id': 13217, 'loan_id': 14, 'amount': 100.0, 'create_time': '2020-06-21 00:07:16', 'is_valid': 1}, 'copyright': 'Copyright 柠檬班 © 2017-2020 湖南省零檬信息技术有限公司 All Rights Reserved'}
[2020-06-21 00:07:16,727]--test_invest.py--180--INFO:正在回写测试结果test_result：PASS
[2020-06-21 00:07:16,728]--test_invest.py--181--INFO:*************结束回写数据***************
[2020-06-21 00:07:17,033]--test_invest.py--42--INFO:******************正在执行invest模块用例******************
[2020-06-21 00:07:17,033]--test_invest.py--43--INFO:正在执行第11条用例:投资项目id校验--输入不存在的项目id
[2020-06-21 00:07:17,033]--test_invest.py--44--INFO:请求的数据是{'case_id': 11, 'interface': 'invest', 'title': '投资项目id校验--输入不存在的项目id', 'method': 'POST', 'url': '/member/invest', 'data': '{"member_id":"#member_id#","loan_id":"8d88","amount":"100"}', 'headers': '{"X-Lemonban-Media-Type": "lemonban.v2","Authorization":"#token#"}', 'yes_or_no': 'NO', 'expected': '{"code": 2,"msg": "项目不存在"}', 'actucal': "{'code': 2, 'msg': '数值参数格式错误', 'data': None, 'copyright': 'Copyright 柠檬班 © 2017-2020 湖南省零檬信息技术有限公司 All Rights Reserved'}", 'test_result': 'FAILED'}
[2020-06-21 00:07:17,034]--test_invest.py--125--INFO:======================正在查询原始投资记录条数=======================
[2020-06-21 00:07:17,043]--test_invest.py--129--INFO:账户id为13217的原始投资记录条数为17
[2020-06-21 00:07:17,043]--test_invest.py--132--INFO:======================正在查询原始投资流水记录条数=======================
[2020-06-21 00:07:17,058]--test_invest.py--136--INFO:账户id为13217的原始投资流水条数为92
[2020-06-21 00:07:17,081]--test_invest.py--172--ERROR:执行接口测试出现错误，错误是False is not true
[2020-06-21 00:07:17,082]--test_invest.py--174--ERROR:第11条用例执行结果为FAILED
[2020-06-21 00:07:17,082]--test_invest.py--176--INFO:*************开始回写数据***************
[2020-06-21 00:07:17,594]--test_invest.py--178--INFO:正在回写实际结果actual：{'code': 2, 'msg': '数值参数格式错误', 'data': None, 'copyright': 'Copyright 柠檬班 © 2017-2020 湖南省零檬信息技术有限公司 All Rights Reserved'}
[2020-06-21 00:07:18,030]--test_invest.py--180--INFO:正在回写测试结果test_result：FAILED
[2020-06-21 00:07:18,030]--test_invest.py--181--INFO:*************结束回写数据***************
[2020-06-21 00:07:21,182]--test_invest.py--42--INFO:******************正在执行invest模块用例******************
[2020-06-21 00:07:21,182]--test_invest.py--43--INFO:正在执行第12条用例:投资项目id校验--项目id输入为空
[2020-06-21 00:07:21,182]--test_invest.py--44--INFO:请求的数据是{'case_id': 12, 'interface': 'invest', 'title': '投资项目id校验--项目id输入为空', 'method': 'POST', 'url': '/member/invest', 'data': '{"member_id":"#member_id#","loan_id":"","amount":"100"}', 'headers': '{"X-Lemonban-Media-Type": "lemonban.v2","Authorization":"#token#"}', 'yes_or_no': 'NO', 'expected': '{"code": 2,"msg": "数值参数格式错误"}', 'actucal': "{'code': 2, 'msg': '数值参数格式错误', 'data': None, 'copyright': 'Copyright 柠檬班 © 2017-2020 湖南省零檬信息技术有限公司 All Rights Reserved'}", 'test_result': 'PASS'}
[2020-06-21 00:07:21,182]--test_invest.py--125--INFO:======================正在查询原始投资记录条数=======================
[2020-06-21 00:07:21,198]--test_invest.py--129--INFO:账户id为13217的原始投资记录条数为17
[2020-06-21 00:07:21,198]--test_invest.py--132--INFO:======================正在查询原始投资流水记录条数=======================
[2020-06-21 00:07:21,221]--test_invest.py--136--INFO:账户id为13217的原始投资流水条数为92
[2020-06-21 00:07:21,245]--test_invest.py--170--INFO:第12条用例执行结果为PASS
[2020-06-21 00:07:21,245]--test_invest.py--176--INFO:*************开始回写数据***************
[2020-06-21 00:07:21,609]--test_invest.py--178--INFO:正在回写实际结果actual：{'code': 2, 'msg': '数值参数格式错误', 'data': None, 'copyright': 'Copyright 柠檬班 © 2017-2020 湖南省零檬信息技术有限公司 All Rights Reserved'}
[2020-06-21 00:07:22,017]--test_invest.py--180--INFO:正在回写测试结果test_result：PASS
[2020-06-21 00:07:22,017]--test_invest.py--181--INFO:*************结束回写数据***************
[2020-06-21 00:07:22,467]--test_invest.py--42--INFO:******************正在执行invest模块用例******************
[2020-06-21 00:07:22,468]--test_invest.py--43--INFO:正在执行第13条用例:投资金额校验--投资金额输入为空
[2020-06-21 00:07:22,468]--test_invest.py--44--INFO:请求的数据是{'case_id': 13, 'interface': 'invest', 'title': '投资金额校验--投资金额输入为空', 'method': 'POST', 'url': '/member/invest', 'data': '{"member_id":"#member_id#","loan_id":"#loanid#","amount":""}', 'headers': '{"X-Lemonban-Media-Type": "lemonban.v2","Authorization":"#token#"}', 'yes_or_no': 'NO', 'expected': '{"code": 2,"msg": "数值参数格式错误"}', 'actucal': "{'code': 2, 'msg': '数值参数格式错误', 'data': None, 'copyright': 'Copyright 柠檬班 © 2017-2020 湖南省零檬信息技术有限公司 All Rights Reserved'}", 'test_result': 'PASS'}
[2020-06-21 00:07:22,468]--test_invest.py--125--INFO:======================正在查询原始投资记录条数=======================
[2020-06-21 00:07:22,478]--test_invest.py--129--INFO:账户id为13217的原始投资记录条数为17
[2020-06-21 00:07:22,478]--test_invest.py--132--INFO:======================正在查询原始投资流水记录条数=======================
[2020-06-21 00:07:22,500]--test_invest.py--136--INFO:账户id为13217的原始投资流水条数为92
[2020-06-21 00:07:22,521]--test_invest.py--170--INFO:第13条用例执行结果为PASS
[2020-06-21 00:07:22,521]--test_invest.py--176--INFO:*************开始回写数据***************
[2020-06-21 00:07:22,913]--test_invest.py--178--INFO:正在回写实际结果actual：{'code': 2, 'msg': '数值参数格式错误', 'data': None, 'copyright': 'Copyright 柠檬班 © 2017-2020 湖南省零檬信息技术有限公司 All Rights Reserved'}
[2020-06-21 00:07:23,286]--test_invest.py--180--INFO:正在回写测试结果test_result：PASS
[2020-06-21 00:07:23,286]--test_invest.py--181--INFO:*************结束回写数据***************
[2020-06-21 00:07:23,460]--test_invest.py--42--INFO:******************正在执行invest模块用例******************
[2020-06-21 00:07:23,461]--test_invest.py--43--INFO:正在执行第14条用例:投资金额校验--投资金额输入为能被100整除的正整数
[2020-06-21 00:07:23,461]--test_invest.py--44--INFO:请求的数据是{'case_id': 14, 'interface': 'invest', 'title': '投资金额校验--投资金额输入为能被100整除的正整数', 'method': 'POST', 'url': '/member/invest', 'data': '{"member_id":"#member_id#","loan_id":"#loanid#","amount":"200"}', 'headers': '{"X-Lemonban-Media-Type": "lemonban.v2","Authorization":"#token#"}', 'yes_or_no': 'YES', 'expected': '{"code": 0,"msg": "OK"}', 'actucal': "{'code': 0, 'msg': 'OK', 'data': {'id': 1894, 'member_id': 13217, 'loan_id': 1245204, 'amount': 200.0, 'create_time': '2020-06-21 00:00:21', 'is_valid': 1}, 'copyright': 'Copyright 柠檬班 © 2017-2020 湖南省零檬信息技术有限公司 All Rights Reserved'}", 'test_result': 'PASS'}
[2020-06-21 00:07:23,461]--test_invest.py--94--INFO:======================正在查询原始金额=======================
[2020-06-21 00:07:23,479]--test_invest.py--105--INFO:账户id为13217的账户原始金额是2094400.65
[2020-06-21 00:07:23,480]--test_invest.py--125--INFO:======================正在查询原始投资记录条数=======================
[2020-06-21 00:07:23,493]--test_invest.py--129--INFO:账户id为13217的原始投资记录条数为17
[2020-06-21 00:07:23,493]--test_invest.py--132--INFO:======================正在查询原始投资流水记录条数=======================
[2020-06-21 00:07:23,514]--test_invest.py--136--INFO:账户id为13217的原始投资流水条数为92
[2020-06-21 00:07:23,557]--test_invest.py--170--INFO:第14条用例执行结果为PASS
[2020-06-21 00:07:23,557]--test_invest.py--176--INFO:*************开始回写数据***************
[2020-06-21 00:07:23,931]--test_invest.py--178--INFO:正在回写实际结果actual：{'code': 0, 'msg': 'OK', 'data': {'id': 1899, 'member_id': 13217, 'loan_id': 1245242, 'amount': 200.0, 'create_time': '2020-06-21 00:07:24', 'is_valid': 1}, 'copyright': 'Copyright 柠檬班 © 2017-2020 湖南省零檬信息技术有限公司 All Rights Reserved'}
[2020-06-21 00:07:24,297]--test_invest.py--180--INFO:正在回写测试结果test_result：PASS
[2020-06-21 00:07:24,298]--test_invest.py--181--INFO:*************结束回写数据***************
[2020-06-21 00:07:24,542]--test_invest.py--42--INFO:******************正在执行invest模块用例******************
[2020-06-21 00:07:24,543]--test_invest.py--43--INFO:正在执行第15条用例:投资金额校验--投资金额输入为不能被100整除的正整数
[2020-06-21 00:07:24,543]--test_invest.py--44--INFO:请求的数据是{'case_id': 15, 'interface': 'invest', 'title': '投资金额校验--投资金额输入为不能被100整除的正整数', 'method': 'POST', 'url': '/member/invest', 'data': '{"member_id":"#member_id#","loan_id":"#loanid#","amount":"101"}', 'headers': '{"X-Lemonban-Media-Type": "lemonban.v2","Authorization":"#token#"}', 'yes_or_no': 'NO', 'expected': '{"code": 2,"msg": "充值金额必须大于100，并且可以被100整除"}', 'actucal': "{'code': 2, 'msg': '充值金额必须大于100，并且可以被100整除', 'data': None, 'copyright': 'Copyright 柠檬班 © 2017-2020 湖南省零檬信息技术有限公司 All Rights Reserved'}", 'test_result': 'PASS'}
[2020-06-21 00:07:24,543]--test_invest.py--125--INFO:======================正在查询原始投资记录条数=======================
[2020-06-21 00:07:24,558]--test_invest.py--129--INFO:账户id为13217的原始投资记录条数为18
[2020-06-21 00:07:24,559]--test_invest.py--132--INFO:======================正在查询原始投资流水记录条数=======================
[2020-06-21 00:07:24,581]--test_invest.py--136--INFO:账户id为13217的原始投资流水条数为93
[2020-06-21 00:07:24,601]--test_invest.py--170--INFO:第15条用例执行结果为PASS
[2020-06-21 00:07:24,601]--test_invest.py--176--INFO:*************开始回写数据***************
[2020-06-21 00:07:24,965]--test_invest.py--178--INFO:正在回写实际结果actual：{'code': 2, 'msg': '充值金额必须大于100，并且可以被100整除', 'data': None, 'copyright': 'Copyright 柠檬班 © 2017-2020 湖南省零檬信息技术有限公司 All Rights Reserved'}
[2020-06-21 00:07:25,318]--test_invest.py--180--INFO:正在回写测试结果test_result：PASS
[2020-06-21 00:07:25,318]--test_invest.py--181--INFO:*************结束回写数据***************
[2020-06-21 00:07:25,460]--test_invest.py--42--INFO:******************正在执行invest模块用例******************
[2020-06-21 00:07:25,460]--test_invest.py--43--INFO:正在执行第16条用例:投资金额校验--投资金额输入负数
[2020-06-21 00:07:25,460]--test_invest.py--44--INFO:请求的数据是{'case_id': 16, 'interface': 'invest', 'title': '投资金额校验--投资金额输入负数', 'method': 'POST', 'url': '/member/invest', 'data': '{"member_id":"#member_id#","loan_id":"#loanid#","amount":"-100"}', 'headers': '{"X-Lemonban-Media-Type": "lemonban.v2","Authorization":"#token#"}', 'yes_or_no': 'NO', 'expected': '{"code": 2,"msg": "充值金额必须大于100，并且可以被100整除"}', 'actucal': "{'code': 2, 'msg': '充值金额必须大于100，并且可以被100整除', 'data': None, 'copyright': 'Copyright 柠檬班 © 2017-2020 湖南省零檬信息技术有限公司 All Rights Reserved'}", 'test_result': 'PASS'}
[2020-06-21 00:07:25,461]--test_invest.py--125--INFO:======================正在查询原始投资记录条数=======================
[2020-06-21 00:07:25,476]--test_invest.py--129--INFO:账户id为13217的原始投资记录条数为18
[2020-06-21 00:07:25,477]--test_invest.py--132--INFO:======================正在查询原始投资流水记录条数=======================
[2020-06-21 00:07:25,499]--test_invest.py--136--INFO:账户id为13217的原始投资流水条数为93
[2020-06-21 00:07:25,518]--test_invest.py--170--INFO:第16条用例执行结果为PASS
[2020-06-21 00:07:25,518]--test_invest.py--176--INFO:*************开始回写数据***************
[2020-06-21 00:07:25,917]--test_invest.py--178--INFO:正在回写实际结果actual：{'code': 2, 'msg': '充值金额必须大于100，并且可以被100整除', 'data': None, 'copyright': 'Copyright 柠檬班 © 2017-2020 湖南省零檬信息技术有限公司 All Rights Reserved'}
[2020-06-21 00:07:26,325]--test_invest.py--180--INFO:正在回写测试结果test_result：PASS
[2020-06-21 00:07:26,326]--test_invest.py--181--INFO:*************结束回写数据***************
[2020-06-21 00:07:26,498]--test_invest.py--42--INFO:******************正在执行invest模块用例******************
[2020-06-21 00:07:26,499]--test_invest.py--43--INFO:正在执行第17条用例:投资金额校验--投资金额输入小数
[2020-06-21 00:07:26,499]--test_invest.py--44--INFO:请求的数据是{'case_id': 17, 'interface': 'invest', 'title': '投资金额校验--投资金额输入小数', 'method': 'POST', 'url': '/member/invest', 'data': '{"member_id":"#member_id#","loan_id":"#loanid#","amount":"100.88"}', 'headers': '{"X-Lemonban-Media-Type": "lemonban.v2","Authorization":"#token#"}', 'yes_or_no': 'NO', 'expected': '{"code": 2,"msg": "充值金额必须大于100，并且可以被100整除"}', 'actucal': "{'code': 2, 'msg': '充值金额必须大于100，并且可以被100整除', 'data': None, 'copyright': 'Copyright 柠檬班 © 2017-2020 湖南省零檬信息技术有限公司 All Rights Reserved'}", 'test_result': 'PASS'}
[2020-06-21 00:07:26,500]--test_invest.py--125--INFO:======================正在查询原始投资记录条数=======================
[2020-06-21 00:07:26,516]--test_invest.py--129--INFO:账户id为13217的原始投资记录条数为18
[2020-06-21 00:07:26,516]--test_invest.py--132--INFO:======================正在查询原始投资流水记录条数=======================
[2020-06-21 00:07:26,539]--test_invest.py--136--INFO:账户id为13217的原始投资流水条数为93
[2020-06-21 00:07:26,558]--test_invest.py--170--INFO:第17条用例执行结果为PASS
[2020-06-21 00:07:26,558]--test_invest.py--176--INFO:*************开始回写数据***************
[2020-06-21 00:07:26,920]--test_invest.py--178--INFO:正在回写实际结果actual：{'code': 2, 'msg': '充值金额必须大于100，并且可以被100整除', 'data': None, 'copyright': 'Copyright 柠檬班 © 2017-2020 湖南省零檬信息技术有限公司 All Rights Reserved'}
[2020-06-21 00:07:27,308]--test_invest.py--180--INFO:正在回写测试结果test_result：PASS
[2020-06-21 00:07:27,309]--test_invest.py--181--INFO:*************结束回写数据***************
[2020-06-21 00:07:27,904]--test_invest.py--42--INFO:******************正在执行invest模块用例******************
[2020-06-21 00:07:27,905]--test_invest.py--43--INFO:正在执行第18条用例:投资金额校验--投资金额输入非法字符
[2020-06-21 00:07:27,905]--test_invest.py--44--INFO:请求的数据是{'case_id': 18, 'interface': 'invest', 'title': '投资金额校验--投资金额输入非法字符', 'method': 'POST', 'url': '/member/invest', 'data': '{"member_id":"#member_id#","loan_id":"#loanid#","amount":"ddd"}', 'headers': '{"X-Lemonban-Media-Type": "lemonban.v2","Authorization":"#token#"}', 'yes_or_no': 'NO', 'expected': '{"code": 2,"msg": "数值参数格式错误"}', 'actucal': "{'code': 2, 'msg': '数值参数格式错误', 'data': None, 'copyright': 'Copyright 柠檬班 © 2017-2020 湖南省零檬信息技术有限公司 All Rights Reserved'}", 'test_result': 'PASS'}
[2020-06-21 00:07:27,905]--test_invest.py--125--INFO:======================正在查询原始投资记录条数=======================
[2020-06-21 00:07:27,916]--test_invest.py--129--INFO:账户id为13217的原始投资记录条数为18
[2020-06-21 00:07:27,916]--test_invest.py--132--INFO:======================正在查询原始投资流水记录条数=======================
[2020-06-21 00:07:27,932]--test_invest.py--136--INFO:账户id为13217的原始投资流水条数为93
[2020-06-21 00:07:27,951]--test_invest.py--170--INFO:第18条用例执行结果为PASS
[2020-06-21 00:07:27,951]--test_invest.py--176--INFO:*************开始回写数据***************
[2020-06-21 00:07:28,328]--test_invest.py--178--INFO:正在回写实际结果actual：{'code': 2, 'msg': '数值参数格式错误', 'data': None, 'copyright': 'Copyright 柠檬班 © 2017-2020 湖南省零檬信息技术有限公司 All Rights Reserved'}
[2020-06-21 00:07:28,746]--test_invest.py--180--INFO:正在回写测试结果test_result：PASS
[2020-06-21 00:07:28,746]--test_invest.py--181--INFO:*************结束回写数据***************
[2020-06-21 00:07:28,883]--test_invest.py--42--INFO:******************正在执行invest模块用例******************
[2020-06-21 00:07:28,883]--test_invest.py--43--INFO:正在执行第19条用例:投资金额校验--投资金额输入大于可投标金额
[2020-06-21 00:07:28,883]--test_invest.py--44--INFO:请求的数据是{'case_id': 19, 'interface': 'invest', 'title': '投资金额校验--投资金额输入大于可投标金额', 'method': 'POST', 'url': '/member/invest', 'data': '{"member_id":"#member_id#","loan_id":"#otherid#","amount":"#max_amt#"}', 'headers': '{"X-Lemonban-Media-Type": "lemonban.v2","Authorization":"#token#"}', 'yes_or_no': 'NO', 'expected': '{"code": 2,"msg": "该标可投金额不足,可投金额：6900.0"}', 'actucal': None, 'test_result': None}
[2020-06-21 00:07:28,893]--test_invest.py--125--INFO:======================正在查询原始投资记录条数=======================
[2020-06-21 00:07:28,902]--test_invest.py--129--INFO:账户id为13217的原始投资记录条数为18
[2020-06-21 00:07:28,902]--test_invest.py--132--INFO:======================正在查询原始投资流水记录条数=======================
[2020-06-21 00:07:28,920]--test_invest.py--136--INFO:账户id为13217的原始投资流水条数为93
[2020-06-21 00:07:28,939]--test_invest.py--172--ERROR:执行接口测试出现错误，错误是False is not true
[2020-06-21 00:07:28,940]--test_invest.py--174--ERROR:第19条用例执行结果为FAILED
[2020-06-21 00:07:28,940]--test_invest.py--176--INFO:*************开始回写数据***************
[2020-06-21 00:07:29,322]--test_invest.py--178--INFO:正在回写实际结果actual：{'code': 2, 'msg': '该标可投金额不足,可投金额：9900.0', 'data': None, 'copyright': 'Copyright 柠檬班 © 2017-2020 湖南省零檬信息技术有限公司 All Rights Reserved'}
[2020-06-21 00:07:29,684]--test_invest.py--180--INFO:正在回写测试结果test_result：FAILED
[2020-06-21 00:07:29,684]--test_invest.py--181--INFO:*************结束回写数据***************
[2020-06-21 00:07:29,855]--test_invest.py--42--INFO:******************正在执行invest模块用例******************
[2020-06-21 00:07:29,856]--test_invest.py--43--INFO:正在执行第20条用例:投资金额校验--投资金额输入等于可投标金额,投标完成
[2020-06-21 00:07:29,856]--test_invest.py--44--INFO:请求的数据是{'case_id': 20, 'interface': 'invest', 'title': '投资金额校验--投资金额输入等于可投标金额,投标完成', 'method': 'POST', 'url': '/member/invest', 'data': '{"member_id":"#member_id#","loan_id":"#loanid#","amount":"#amount#"}', 'headers': '{"X-Lemonban-Media-Type": "lemonban.v2","Authorization":"#token#"}', 'yes_or_no': 'YES', 'expected': '{"code": 2,"msg": "该标可投金额不足,可投金额：6900.0"}', 'actucal': None, 'test_result': None}
[2020-06-21 00:07:30,031]--test_invest.py--42--INFO:******************正在执行invest模块用例******************
[2020-06-21 00:07:30,031]--test_invest.py--43--INFO:正在执行第21条用例:投资金额校验--投资金额输入大于用户余额,余额不足
[2020-06-21 00:07:30,031]--test_invest.py--44--INFO:请求的数据是{'case_id': 21, 'interface': 'invest', 'title': '投资金额校验--投资金额输入大于用户余额,余额不足', 'method': 'POST', 'url': '/member/invest', 'data': '{"member_id":"#member_id#","loan_id":"#loanid#","amount":"#min_amt#"}', 'headers': '{"X-Lemonban-Media-Type": "lemonban.v2","Authorization":"#token#"}', 'yes_or_no': 'NO', 'expected': '{"code": 0,"msg": "OK"}', 'actucal': "{'code': 2, 'msg': '数值参数格式错误', 'data': None, 'copyright': 'Copyright 柠檬班 © 2017-2020 湖南省零檬信息技术有限公司 All Rights Reserved'}", 'test_result': 'FAILED'}
[2020-06-21 00:07:30,031]--test_invest.py--125--INFO:======================正在查询原始投资记录条数=======================
[2020-06-21 00:07:30,041]--test_invest.py--129--INFO:账户id为13217的原始投资记录条数为18
[2020-06-21 00:07:30,041]--test_invest.py--132--INFO:======================正在查询原始投资流水记录条数=======================
[2020-06-21 00:07:30,056]--test_invest.py--136--INFO:账户id为13217的原始投资流水条数为93
[2020-06-21 00:07:30,073]--test_invest.py--172--ERROR:执行接口测试出现错误，错误是False is not true
[2020-06-21 00:07:30,074]--test_invest.py--174--ERROR:第21条用例执行结果为FAILED
[2020-06-21 00:07:30,074]--test_invest.py--176--INFO:*************开始回写数据***************
[2020-06-21 00:07:30,493]--test_invest.py--178--INFO:正在回写实际结果actual：{'code': 2, 'msg': '数值参数格式错误', 'data': None, 'copyright': 'Copyright 柠檬班 © 2017-2020 湖南省零檬信息技术有限公司 All Rights Reserved'}
[2020-06-21 00:07:30,850]--test_invest.py--180--INFO:正在回写测试结果test_result：FAILED
[2020-06-21 00:07:30,851]--test_invest.py--181--INFO:*************结束回写数据***************
