[2020-06-21 09:07:05,266]--test_invest.py--42--INFO:******************正在执行invest模块用例******************
[2020-06-21 09:07:05,267]--test_invest.py--43--INFO:正在执行第1条用例:用户id校验--输入已注册用户id
[2020-06-21 09:07:05,267]--test_invest.py--44--INFO:请求的数据是{'case_id': 1, 'interface': 'invest', 'title': '用户id校验--输入已注册用户id', 'method': 'POST', 'url': '/member/invest', 'data': '{"member_id":"#member_id#","loan_id":"#loanid#","amount":"1000"}', 'headers': '{"X-Lemonban-Media-Type": "lemonban.v2","Authorization":"#token#"}', 'yes_or_no': 'YES', 'expected': '{"code": 0,"msg": "OK"}', 'actucal': "{'code': 0, 'msg': 'OK', 'data': {'id': 1936, 'member_id': 173720, 'loan_id': 1245774, 'amount': 1000.0, 'create_time': '2020-06-21 08:58:54', 'is_valid': 1}, 'copyright': 'Copyright 柠檬班 © 2017-2020 湖南省零檬信息技术有限公司 All Rights Reserved'}", 'test_result': 'PASS'}
[2020-06-21 09:07:05,269]--test_invest.py--94--INFO:======================正在查询原始金额=======================
[2020-06-21 09:07:05,313]--test_invest.py--102--INFO:账户id为173720的账户原始金额是-80000.00
[2020-06-21 09:07:05,313]--test_invest.py--134--INFO:======================正在查询原始投资记录条数=======================
[2020-06-21 09:07:05,323]--test_invest.py--138--INFO:账户id为173720的原始投资记录条数为14
[2020-06-21 09:07:05,323]--test_invest.py--141--INFO:======================正在查询原始投资流水记录条数=======================
[2020-06-21 09:07:05,343]--test_invest.py--145--INFO:账户id为173720的原始投资流水条数为14
[2020-06-21 09:07:05,376]--test_invest.py--182--INFO:第1条用例执行结果为PASS
[2020-06-21 09:07:05,377]--test_invest.py--188--INFO:*************开始回写数据***************
[2020-06-21 09:07:05,689]--test_invest.py--190--INFO:正在回写实际结果actual：{'code': 0, 'msg': 'OK', 'data': {'id': 1943, 'member_id': 173720, 'loan_id': 1245795, 'amount': 1000.0, 'create_time': '2020-06-21 09:07:07', 'is_valid': 1}, 'copyright': 'Copyright 柠檬班 © 2017-2020 湖南省零檬信息技术有限公司 All Rights Reserved'}
[2020-06-21 09:07:06,014]--test_invest.py--192--INFO:正在回写测试结果test_result：PASS
[2020-06-21 09:07:06,014]--test_invest.py--193--INFO:*************结束回写数据***************
[2020-06-21 09:07:06,199]--test_invest.py--42--INFO:******************正在执行invest模块用例******************
[2020-06-21 09:07:06,200]--test_invest.py--43--INFO:正在执行第2条用例:用户id校验--输入不存在的用户id
[2020-06-21 09:07:06,200]--test_invest.py--44--INFO:请求的数据是{'case_id': 2, 'interface': 'invest', 'title': '用户id校验--输入不存在的用户id', 'method': 'POST', 'url': '/member/invest', 'data': '{"member_id":"s13361","loan_id":"#loanid#","amount":"20000"}', 'headers': '{"X-Lemonban-Media-Type": "lemonban.v2","Authorization":"#token#"}', 'yes_or_no': 'NO', 'expected': '{"code": 2,"msg": "数值参数格式错误"}', 'actucal': "{'code': 2, 'msg': '数值参数格式错误', 'data': None, 'copyright': 'Copyright 柠檬班 © 2017-2020 湖南省零檬信息技术有限公司 All Rights Reserved'}", 'test_result': 'PASS'}
[2020-06-21 09:07:06,200]--test_invest.py--134--INFO:======================正在查询原始投资记录条数=======================
[2020-06-21 09:07:06,215]--test_invest.py--138--INFO:账户id为173720的原始投资记录条数为15
[2020-06-21 09:07:06,215]--test_invest.py--141--INFO:======================正在查询原始投资流水记录条数=======================
[2020-06-21 09:07:06,236]--test_invest.py--145--INFO:账户id为173720的原始投资流水条数为15
[2020-06-21 09:07:06,254]--test_invest.py--182--INFO:第2条用例执行结果为PASS
[2020-06-21 09:07:06,254]--test_invest.py--188--INFO:*************开始回写数据***************
[2020-06-21 09:07:06,629]--test_invest.py--190--INFO:正在回写实际结果actual：{'code': 2, 'msg': '数值参数格式错误', 'data': None, 'copyright': 'Copyright 柠檬班 © 2017-2020 湖南省零檬信息技术有限公司 All Rights Reserved'}
[2020-06-21 09:07:06,969]--test_invest.py--192--INFO:正在回写测试结果test_result：PASS
[2020-06-21 09:07:06,969]--test_invest.py--193--INFO:*************结束回写数据***************
[2020-06-21 09:07:07,104]--test_invest.py--42--INFO:******************正在执行invest模块用例******************
[2020-06-21 09:07:07,104]--test_invest.py--43--INFO:正在执行第3条用例:用户id校验--id输入为空
[2020-06-21 09:07:07,104]--test_invest.py--44--INFO:请求的数据是{'case_id': 3, 'interface': 'invest', 'title': '用户id校验--id输入为空', 'method': 'POST', 'url': '/member/invest', 'data': '{"member_id":"","loan_id":"#loanid#","amount":"100"}', 'headers': '{"X-Lemonban-Media-Type": "lemonban.v2","Authorization":"#token#"}', 'yes_or_no': 'NO', 'expected': '{"code": 2,"msg": "数值参数格式错误"}', 'actucal': "{'code': 2, 'msg': '数值参数格式错误', 'data': None, 'copyright': 'Copyright 柠檬班 © 2017-2020 湖南省零檬信息技术有限公司 All Rights Reserved'}", 'test_result': 'PASS'}
[2020-06-21 09:07:07,104]--test_invest.py--134--INFO:======================正在查询原始投资记录条数=======================
[2020-06-21 09:07:07,115]--test_invest.py--138--INFO:账户id为173720的原始投资记录条数为15
[2020-06-21 09:07:07,116]--test_invest.py--141--INFO:======================正在查询原始投资流水记录条数=======================
[2020-06-21 09:07:07,131]--test_invest.py--145--INFO:账户id为173720的原始投资流水条数为15
[2020-06-21 09:07:07,150]--test_invest.py--182--INFO:第3条用例执行结果为PASS
[2020-06-21 09:07:07,150]--test_invest.py--188--INFO:*************开始回写数据***************
[2020-06-21 09:07:07,491]--test_invest.py--190--INFO:正在回写实际结果actual：{'code': 2, 'msg': '数值参数格式错误', 'data': None, 'copyright': 'Copyright 柠檬班 © 2017-2020 湖南省零檬信息技术有限公司 All Rights Reserved'}
[2020-06-21 09:07:07,823]--test_invest.py--192--INFO:正在回写测试结果test_result：PASS
[2020-06-21 09:07:07,824]--test_invest.py--193--INFO:*************结束回写数据***************
[2020-06-21 09:07:08,155]--test_invest.py--42--INFO:******************正在执行invest模块用例******************
[2020-06-21 09:07:08,155]--test_invest.py--43--INFO:正在执行第4条用例:投资项目id校验--输入投标中状态2(竞标中)的项目id
[2020-06-21 09:07:08,155]--test_invest.py--44--INFO:请求的数据是{'case_id': 4, 'interface': 'invest', 'title': '投资项目id校验--输入投标中状态2(竞标中)的项目id', 'method': 'POST', 'url': '/member/invest', 'data': '{"member_id":"#member_id#","loan_id":"#loanid#","amount":"100"}', 'headers': '{"X-Lemonban-Media-Type": "lemonban.v2","Authorization":"#token#"}', 'yes_or_no': 'YES', 'expected': '{"code": 0,"msg": "OK"}', 'actucal': "{'code': 0, 'msg': 'OK', 'data': {'id': 1937, 'member_id': 173720, 'loan_id': 1245777, 'amount': 100.0, 'create_time': '2020-06-21 08:58:57', 'is_valid': 1}, 'copyright': 'Copyright 柠檬班 © 2017-2020 湖南省零檬信息技术有限公司 All Rights Reserved'}", 'test_result': 'PASS'}
[2020-06-21 09:07:08,156]--test_invest.py--94--INFO:======================正在查询原始金额=======================
[2020-06-21 09:07:08,199]--test_invest.py--102--INFO:账户id为173720的账户原始金额是-71000.00
[2020-06-21 09:07:08,200]--test_invest.py--134--INFO:======================正在查询原始投资记录条数=======================
[2020-06-21 09:07:08,212]--test_invest.py--138--INFO:账户id为173720的原始投资记录条数为15
[2020-06-21 09:07:08,212]--test_invest.py--141--INFO:======================正在查询原始投资流水记录条数=======================
[2020-06-21 09:07:08,228]--test_invest.py--145--INFO:账户id为173720的原始投资流水条数为15
[2020-06-21 09:07:08,267]--test_invest.py--182--INFO:第4条用例执行结果为PASS
[2020-06-21 09:07:08,267]--test_invest.py--188--INFO:*************开始回写数据***************
[2020-06-21 09:07:08,629]--test_invest.py--190--INFO:正在回写实际结果actual：{'code': 0, 'msg': 'OK', 'data': {'id': 1944, 'member_id': 173720, 'loan_id': 1245798, 'amount': 100.0, 'create_time': '2020-06-21 09:07:09', 'is_valid': 1}, 'copyright': 'Copyright 柠檬班 © 2017-2020 湖南省零檬信息技术有限公司 All Rights Reserved'}
[2020-06-21 09:07:08,956]--test_invest.py--192--INFO:正在回写测试结果test_result：PASS
[2020-06-21 09:07:08,956]--test_invest.py--193--INFO:*************结束回写数据***************
[2020-06-21 09:07:09,146]--test_invest.py--42--INFO:******************正在执行invest模块用例******************
[2020-06-21 09:07:09,146]--test_invest.py--43--INFO:正在执行第5条用例:投资项目id校验--输入非投标中状态为1(审核中)的项目id
[2020-06-21 09:07:09,147]--test_invest.py--44--INFO:请求的数据是{'case_id': 5, 'interface': 'invest', 'title': '投资项目id校验--输入非投标中状态为1(审核中)的项目id', 'method': 'POST', 'url': '/member/invest', 'data': '{"member_id":"#member_id#","loan_id":"#shz#","amount":"100"}', 'headers': '{"X-Lemonban-Media-Type": "lemonban.v2","Authorization":"#token#"}', 'yes_or_no': 'NO', 'expected': '{"code": 2,"msg": "该项目不在竞标中状态"}', 'actucal': "{'code': 2, 'msg': '该项目不在竞标中状态', 'data': None, 'copyright': 'Copyright 柠檬班 © 2017-2020 湖南省零檬信息技术有限公司 All Rights Reserved'}", 'test_result': 'PASS'}
[2020-06-21 09:07:09,162]--test_invest.py--134--INFO:======================正在查询原始投资记录条数=======================
[2020-06-21 09:07:09,183]--test_invest.py--138--INFO:账户id为173720的原始投资记录条数为16
[2020-06-21 09:07:09,183]--test_invest.py--141--INFO:======================正在查询原始投资流水记录条数=======================
[2020-06-21 09:07:09,204]--test_invest.py--145--INFO:账户id为173720的原始投资流水条数为16
[2020-06-21 09:07:09,229]--test_invest.py--182--INFO:第5条用例执行结果为PASS
[2020-06-21 09:07:09,229]--test_invest.py--188--INFO:*************开始回写数据***************
[2020-06-21 09:07:09,633]--test_invest.py--190--INFO:正在回写实际结果actual：{'code': 2, 'msg': '该项目不在竞标中状态', 'data': None, 'copyright': 'Copyright 柠檬班 © 2017-2020 湖南省零檬信息技术有限公司 All Rights Reserved'}
[2020-06-21 09:07:09,955]--test_invest.py--192--INFO:正在回写测试结果test_result：PASS
[2020-06-21 09:07:09,955]--test_invest.py--193--INFO:*************结束回写数据***************
[2020-06-21 09:07:10,131]--test_invest.py--42--INFO:******************正在执行invest模块用例******************
[2020-06-21 09:07:10,131]--test_invest.py--43--INFO:正在执行第6条用例:投资项目id校验--输入非投标中状态3(还款中)的项目id
[2020-06-21 09:07:10,131]--test_invest.py--44--INFO:请求的数据是{'case_id': 6, 'interface': 'invest', 'title': '投资项目id校验--输入非投标中状态3(还款中)的项目id', 'method': 'POST', 'url': '/member/invest', 'data': '{"member_id":"#member_id#","loan_id":"#hkz#","amount":"100"}', 'headers': '{"X-Lemonban-Media-Type": "lemonban.v2","Authorization":"#token#"}', 'yes_or_no': 'NO', 'expected': '{"code": 2,"msg": "该项目不在竞标中状态"}', 'actucal': "{'code': 2, 'msg': '该项目不在竞标中状态', 'data': None, 'copyright': 'Copyright 柠檬班 © 2017-2020 湖南省零檬信息技术有限公司 All Rights Reserved'}", 'test_result': 'PASS'}
[2020-06-21 09:07:10,146]--test_invest.py--134--INFO:======================正在查询原始投资记录条数=======================
[2020-06-21 09:07:10,162]--test_invest.py--138--INFO:账户id为173720的原始投资记录条数为16
[2020-06-21 09:07:10,162]--test_invest.py--141--INFO:======================正在查询原始投资流水记录条数=======================
[2020-06-21 09:07:10,185]--test_invest.py--145--INFO:账户id为173720的原始投资流水条数为16
[2020-06-21 09:07:10,206]--test_invest.py--182--INFO:第6条用例执行结果为PASS
[2020-06-21 09:07:10,207]--test_invest.py--188--INFO:*************开始回写数据***************
[2020-06-21 09:07:10,539]--test_invest.py--190--INFO:正在回写实际结果actual：{'code': 2, 'msg': '该项目不在竞标中状态', 'data': None, 'copyright': 'Copyright 柠檬班 © 2017-2020 湖南省零檬信息技术有限公司 All Rights Reserved'}
[2020-06-21 09:07:10,871]--test_invest.py--192--INFO:正在回写测试结果test_result：PASS
[2020-06-21 09:07:10,872]--test_invest.py--193--INFO:*************结束回写数据***************
[2020-06-21 09:07:11,999]--test_invest.py--42--INFO:******************正在执行invest模块用例******************
[2020-06-21 09:07:12,000]--test_invest.py--43--INFO:正在执行第7条用例:投资项目id校验--输入非投标中状态4(还款完成)的项目id
[2020-06-21 09:07:12,000]--test_invest.py--44--INFO:请求的数据是{'case_id': 7, 'interface': 'invest', 'title': '投资项目id校验--输入非投标中状态4(还款完成)的项目id', 'method': 'POST', 'url': '/member/invest', 'data': '{"member_id":"#member_id#","loan_id":"#hwc#","amount":"100"}', 'headers': '{"X-Lemonban-Media-Type": "lemonban.v2","Authorization":"#token#"}', 'yes_or_no': 'NO', 'expected': '{"code": 2,"msg": "该项目不在竞标中状态"}', 'actucal': "{'code': 2, 'msg': '该项目不在竞标中状态', 'data': None, 'copyright': 'Copyright 柠檬班 © 2017-2020 湖南省零檬信息技术有限公司 All Rights Reserved'}", 'test_result': 'PASS'}
[2020-06-21 09:07:12,009]--test_invest.py--134--INFO:======================正在查询原始投资记录条数=======================
[2020-06-21 09:07:12,018]--test_invest.py--138--INFO:账户id为173720的原始投资记录条数为16
[2020-06-21 09:07:12,019]--test_invest.py--141--INFO:======================正在查询原始投资流水记录条数=======================
[2020-06-21 09:07:12,033]--test_invest.py--145--INFO:账户id为173720的原始投资流水条数为16
[2020-06-21 09:07:12,054]--test_invest.py--182--INFO:第7条用例执行结果为PASS
[2020-06-21 09:07:12,054]--test_invest.py--188--INFO:*************开始回写数据***************
[2020-06-21 09:07:12,457]--test_invest.py--190--INFO:正在回写实际结果actual：{'code': 2, 'msg': '该项目不在竞标中状态', 'data': None, 'copyright': 'Copyright 柠檬班 © 2017-2020 湖南省零檬信息技术有限公司 All Rights Reserved'}
[2020-06-21 09:07:12,793]--test_invest.py--192--INFO:正在回写测试结果test_result：PASS
[2020-06-21 09:07:12,794]--test_invest.py--193--INFO:*************结束回写数据***************
[2020-06-21 09:07:12,961]--test_invest.py--42--INFO:******************正在执行invest模块用例******************
[2020-06-21 09:07:12,962]--test_invest.py--43--INFO:正在执行第8条用例:投资项目id校验--输入非投标中状态5(审核不通过)的项目id
[2020-06-21 09:07:12,962]--test_invest.py--44--INFO:请求的数据是{'case_id': 8, 'interface': 'invest', 'title': '投资项目id校验--输入非投标中状态5(审核不通过)的项目id', 'method': 'POST', 'url': '/member/invest', 'data': '{"member_id":"#member_id#","loan_id":"#btg#","amount":"100"}', 'headers': '{"X-Lemonban-Media-Type": "lemonban.v2","Authorization":"#token#"}', 'yes_or_no': 'NO', 'expected': '{"code": 2,"msg": "该项目不在竞标中状态"}', 'actucal': "{'code': 2, 'msg': '该项目不在竞标中状态', 'data': None, 'copyright': 'Copyright 柠檬班 © 2017-2020 湖南省零檬信息技术有限公司 All Rights Reserved'}", 'test_result': 'PASS'}
[2020-06-21 09:07:12,978]--test_invest.py--134--INFO:======================正在查询原始投资记录条数=======================
[2020-06-21 09:07:12,993]--test_invest.py--138--INFO:账户id为173720的原始投资记录条数为16
[2020-06-21 09:07:12,993]--test_invest.py--141--INFO:======================正在查询原始投资流水记录条数=======================
[2020-06-21 09:07:13,015]--test_invest.py--145--INFO:账户id为173720的原始投资流水条数为16
[2020-06-21 09:07:13,038]--test_invest.py--182--INFO:第8条用例执行结果为PASS
[2020-06-21 09:07:13,038]--test_invest.py--188--INFO:*************开始回写数据***************
[2020-06-21 09:07:13,395]--test_invest.py--190--INFO:正在回写实际结果actual：{'code': 2, 'msg': '该项目不在竞标中状态', 'data': None, 'copyright': 'Copyright 柠檬班 © 2017-2020 湖南省零檬信息技术有限公司 All Rights Reserved'}
[2020-06-21 09:07:13,767]--test_invest.py--192--INFO:正在回写测试结果test_result：PASS
[2020-06-21 09:07:13,767]--test_invest.py--193--INFO:*************结束回写数据***************
[2020-06-21 09:07:13,902]--test_invest.py--42--INFO:******************正在执行invest模块用例******************
[2020-06-21 09:07:13,903]--test_invest.py--43--INFO:正在执行第9条用例:投资项目id校验--输入用户自己创建的项目id
[2020-06-21 09:07:13,903]--test_invest.py--44--INFO:请求的数据是{'case_id': 9, 'interface': 'invest', 'title': '投资项目id校验--输入用户自己创建的项目id', 'method': 'POST', 'url': '/member/invest', 'data': '{"member_id":"#member_id#","loan_id":"#loanid#","amount":"100"}', 'headers': '{"X-Lemonban-Media-Type": "lemonban.v2","Authorization":"#token#"}', 'yes_or_no': 'YES', 'expected': '{"code": 0,"msg": "OK"}', 'actucal': "{'code': 0, 'msg': 'OK', 'data': {'id': 1938, 'member_id': 173720, 'loan_id': 1245782, 'amount': 100.0, 'create_time': '2020-06-21 08:59:02', 'is_valid': 1}, 'copyright': 'Copyright 柠檬班 © 2017-2020 湖南省零檬信息技术有限公司 All Rights Reserved'}", 'test_result': 'PASS'}
[2020-06-21 09:07:13,903]--test_invest.py--94--INFO:======================正在查询原始金额=======================
[2020-06-21 09:07:13,962]--test_invest.py--102--INFO:账户id为173720的账户原始金额是-61100.00
[2020-06-21 09:07:13,963]--test_invest.py--134--INFO:======================正在查询原始投资记录条数=======================
[2020-06-21 09:07:13,979]--test_invest.py--138--INFO:账户id为173720的原始投资记录条数为16
[2020-06-21 09:07:13,979]--test_invest.py--141--INFO:======================正在查询原始投资流水记录条数=======================
[2020-06-21 09:07:14,001]--test_invest.py--145--INFO:账户id为173720的原始投资流水条数为16
[2020-06-21 09:07:14,034]--test_invest.py--182--INFO:第9条用例执行结果为PASS
[2020-06-21 09:07:14,034]--test_invest.py--188--INFO:*************开始回写数据***************
[2020-06-21 09:07:14,412]--test_invest.py--190--INFO:正在回写实际结果actual：{'code': 0, 'msg': 'OK', 'data': {'id': 1945, 'member_id': 173720, 'loan_id': 1245803, 'amount': 100.0, 'create_time': '2020-06-21 09:07:15', 'is_valid': 1}, 'copyright': 'Copyright 柠檬班 © 2017-2020 湖南省零檬信息技术有限公司 All Rights Reserved'}
[2020-06-21 09:07:14,712]--test_invest.py--192--INFO:正在回写测试结果test_result：PASS
[2020-06-21 09:07:14,713]--test_invest.py--193--INFO:*************结束回写数据***************
[2020-06-21 09:07:15,026]--test_invest.py--42--INFO:******************正在执行invest模块用例******************
[2020-06-21 09:07:15,027]--test_invest.py--43--INFO:正在执行第10条用例:投资项目id校验--输入其他用户创建的项目id
[2020-06-21 09:07:15,027]--test_invest.py--44--INFO:请求的数据是{'case_id': 10, 'interface': 'invest', 'title': '投资项目id校验--输入其他用户创建的项目id', 'method': 'POST', 'url': '/member/invest', 'data': '{"member_id":"#member_id#","loan_id":"#other_id#","amount":"600"}', 'headers': '{"X-Lemonban-Media-Type": "lemonban.v2","Authorization":"#token#"}', 'yes_or_no': 'YES', 'expected': '{"code": 0,"msg": "OK"}', 'actucal': "{'code': 0, 'msg': 'OK', 'data': {'id': 1939, 'member_id': 173720, 'loan_id': 14, 'amount': 600.0, 'create_time': '2020-06-21 08:59:04', 'is_valid': 1}, 'copyright': 'Copyright 柠檬班 © 2017-2020 湖南省零檬信息技术有限公司 All Rights Reserved'}", 'test_result': 'PASS'}
[2020-06-21 09:07:15,027]--test_invest.py--94--INFO:======================正在查询原始金额=======================
[2020-06-21 09:07:15,079]--test_invest.py--102--INFO:账户id为173720的账户原始金额是-51200.00
[2020-06-21 09:07:15,090]--test_invest.py--134--INFO:======================正在查询原始投资记录条数=======================
[2020-06-21 09:07:15,100]--test_invest.py--138--INFO:账户id为173720的原始投资记录条数为17
[2020-06-21 09:07:15,101]--test_invest.py--141--INFO:======================正在查询原始投资流水记录条数=======================
[2020-06-21 09:07:15,134]--test_invest.py--145--INFO:账户id为173720的原始投资流水条数为17
[2020-06-21 09:07:15,172]--test_invest.py--182--INFO:第10条用例执行结果为PASS
[2020-06-21 09:07:15,172]--test_invest.py--188--INFO:*************开始回写数据***************
[2020-06-21 09:07:15,557]--test_invest.py--190--INFO:正在回写实际结果actual：{'code': 0, 'msg': 'OK', 'data': {'id': 1946, 'member_id': 173720, 'loan_id': 14, 'amount': 600.0, 'create_time': '2020-06-21 09:07:16', 'is_valid': 1}, 'copyright': 'Copyright 柠檬班 © 2017-2020 湖南省零檬信息技术有限公司 All Rights Reserved'}
[2020-06-21 09:07:15,876]--test_invest.py--192--INFO:正在回写测试结果test_result：PASS
[2020-06-21 09:07:15,876]--test_invest.py--193--INFO:*************结束回写数据***************
[2020-06-21 09:07:16,064]--test_invest.py--42--INFO:******************正在执行invest模块用例******************
[2020-06-21 09:07:16,064]--test_invest.py--43--INFO:正在执行第11条用例:投资项目id校验--输入不存在的项目id
[2020-06-21 09:07:16,064]--test_invest.py--44--INFO:请求的数据是{'case_id': 11, 'interface': 'invest', 'title': '投资项目id校验--输入不存在的项目id', 'method': 'POST', 'url': '/member/invest', 'data': '{"member_id":"#member_id#","loan_id":"888888888","amount":"100"}', 'headers': '{"X-Lemonban-Media-Type": "lemonban.v2","Authorization":"#token#"}', 'yes_or_no': 'NO', 'expected': '{"code": 2,"msg": "项目不存在"}', 'actucal': "{'code': 2, 'msg': '项目不存在', 'data': None, 'copyright': 'Copyright 柠檬班 © 2017-2020 湖南省零檬信息技术有限公司 All Rights Reserved'}", 'test_result': 'PASS'}
[2020-06-21 09:07:16,064]--test_invest.py--134--INFO:======================正在查询原始投资记录条数=======================
[2020-06-21 09:07:16,075]--test_invest.py--138--INFO:账户id为173720的原始投资记录条数为18
[2020-06-21 09:07:16,075]--test_invest.py--141--INFO:======================正在查询原始投资流水记录条数=======================
[2020-06-21 09:07:16,093]--test_invest.py--145--INFO:账户id为173720的原始投资流水条数为18
[2020-06-21 09:07:16,114]--test_invest.py--182--INFO:第11条用例执行结果为PASS
[2020-06-21 09:07:16,115]--test_invest.py--188--INFO:*************开始回写数据***************
[2020-06-21 09:07:16,493]--test_invest.py--190--INFO:正在回写实际结果actual：{'code': 2, 'msg': '项目不存在', 'data': None, 'copyright': 'Copyright 柠檬班 © 2017-2020 湖南省零檬信息技术有限公司 All Rights Reserved'}
[2020-06-21 09:07:16,888]--test_invest.py--192--INFO:正在回写测试结果test_result：PASS
[2020-06-21 09:07:16,888]--test_invest.py--193--INFO:*************结束回写数据***************
[2020-06-21 09:07:17,023]--test_invest.py--42--INFO:******************正在执行invest模块用例******************
[2020-06-21 09:07:17,023]--test_invest.py--43--INFO:正在执行第12条用例:投资项目id校验--项目id输入为空
[2020-06-21 09:07:17,023]--test_invest.py--44--INFO:请求的数据是{'case_id': 12, 'interface': 'invest', 'title': '投资项目id校验--项目id输入为空', 'method': 'POST', 'url': '/member/invest', 'data': '{"member_id":"#member_id#","loan_id":"","amount":"100"}', 'headers': '{"X-Lemonban-Media-Type": "lemonban.v2","Authorization":"#token#"}', 'yes_or_no': 'NO', 'expected': '{"code": 2,"msg": "数值参数格式错误"}', 'actucal': "{'code': 2, 'msg': '数值参数格式错误', 'data': None, 'copyright': 'Copyright 柠檬班 © 2017-2020 湖南省零檬信息技术有限公司 All Rights Reserved'}", 'test_result': 'PASS'}
[2020-06-21 09:07:17,023]--test_invest.py--134--INFO:======================正在查询原始投资记录条数=======================
[2020-06-21 09:07:17,039]--test_invest.py--138--INFO:账户id为173720的原始投资记录条数为18
[2020-06-21 09:07:17,040]--test_invest.py--141--INFO:======================正在查询原始投资流水记录条数=======================
[2020-06-21 09:07:17,063]--test_invest.py--145--INFO:账户id为173720的原始投资流水条数为18
[2020-06-21 09:07:17,081]--test_invest.py--182--INFO:第12条用例执行结果为PASS
[2020-06-21 09:07:17,081]--test_invest.py--188--INFO:*************开始回写数据***************
[2020-06-21 09:07:17,456]--test_invest.py--190--INFO:正在回写实际结果actual：{'code': 2, 'msg': '数值参数格式错误', 'data': None, 'copyright': 'Copyright 柠檬班 © 2017-2020 湖南省零檬信息技术有限公司 All Rights Reserved'}
[2020-06-21 09:07:17,788]--test_invest.py--192--INFO:正在回写测试结果test_result：PASS
[2020-06-21 09:07:17,788]--test_invest.py--193--INFO:*************结束回写数据***************
[2020-06-21 09:07:17,909]--test_invest.py--42--INFO:******************正在执行invest模块用例******************
[2020-06-21 09:07:17,910]--test_invest.py--43--INFO:正在执行第13条用例:投资金额校验--投资金额输入为空
[2020-06-21 09:07:17,910]--test_invest.py--44--INFO:请求的数据是{'case_id': 13, 'interface': 'invest', 'title': '投资金额校验--投资金额输入为空', 'method': 'POST', 'url': '/member/invest', 'data': '{"member_id":"#member_id#","loan_id":"#loanid#","amount":""}', 'headers': '{"X-Lemonban-Media-Type": "lemonban.v2","Authorization":"#token#"}', 'yes_or_no': 'NO', 'expected': '{"code": 2,"msg": "数值参数格式错误"}', 'actucal': "{'code': 2, 'msg': '数值参数格式错误', 'data': None, 'copyright': 'Copyright 柠檬班 © 2017-2020 湖南省零檬信息技术有限公司 All Rights Reserved'}", 'test_result': 'PASS'}
[2020-06-21 09:07:17,910]--test_invest.py--134--INFO:======================正在查询原始投资记录条数=======================
[2020-06-21 09:07:17,920]--test_invest.py--138--INFO:账户id为173720的原始投资记录条数为18
[2020-06-21 09:07:17,920]--test_invest.py--141--INFO:======================正在查询原始投资流水记录条数=======================
[2020-06-21 09:07:17,937]--test_invest.py--145--INFO:账户id为173720的原始投资流水条数为18
[2020-06-21 09:07:17,954]--test_invest.py--182--INFO:第13条用例执行结果为PASS
[2020-06-21 09:07:17,954]--test_invest.py--188--INFO:*************开始回写数据***************
[2020-06-21 09:07:18,311]--test_invest.py--190--INFO:正在回写实际结果actual：{'code': 2, 'msg': '数值参数格式错误', 'data': None, 'copyright': 'Copyright 柠檬班 © 2017-2020 湖南省零檬信息技术有限公司 All Rights Reserved'}
[2020-06-21 09:07:18,636]--test_invest.py--192--INFO:正在回写测试结果test_result：PASS
[2020-06-21 09:07:18,637]--test_invest.py--193--INFO:*************结束回写数据***************
[2020-06-21 09:07:18,951]--test_invest.py--42--INFO:******************正在执行invest模块用例******************
[2020-06-21 09:07:18,952]--test_invest.py--43--INFO:正在执行第14条用例:投资金额校验--投资金额输入为能被100整除的正整数
[2020-06-21 09:07:18,952]--test_invest.py--44--INFO:请求的数据是{'case_id': 14, 'interface': 'invest', 'title': '投资金额校验--投资金额输入为能被100整除的正整数', 'method': 'POST', 'url': '/member/invest', 'data': '{"member_id":"#member_id#","loan_id":"#loanid#","amount":"200"}', 'headers': '{"X-Lemonban-Media-Type": "lemonban.v2","Authorization":"#token#"}', 'yes_or_no': 'YES', 'expected': '{"code": 0,"msg": "OK"}', 'actucal': "{'code': 0, 'msg': 'OK', 'data': {'id': 1940, 'member_id': 173720, 'loan_id': 1245787, 'amount': 200.0, 'create_time': '2020-06-21 08:59:08', 'is_valid': 1}, 'copyright': 'Copyright 柠檬班 © 2017-2020 湖南省零檬信息技术有限公司 All Rights Reserved'}", 'test_result': 'PASS'}
[2020-06-21 09:07:18,952]--test_invest.py--94--INFO:======================正在查询原始金额=======================
[2020-06-21 09:07:18,997]--test_invest.py--102--INFO:账户id为173720的账户原始金额是-41800.00
[2020-06-21 09:07:18,997]--test_invest.py--134--INFO:======================正在查询原始投资记录条数=======================
[2020-06-21 09:07:19,007]--test_invest.py--138--INFO:账户id为173720的原始投资记录条数为18
[2020-06-21 09:07:19,007]--test_invest.py--141--INFO:======================正在查询原始投资流水记录条数=======================
[2020-06-21 09:07:19,023]--test_invest.py--145--INFO:账户id为173720的原始投资流水条数为18
[2020-06-21 09:07:19,056]--test_invest.py--182--INFO:第14条用例执行结果为PASS
[2020-06-21 09:07:19,056]--test_invest.py--188--INFO:*************开始回写数据***************
[2020-06-21 09:07:19,426]--test_invest.py--190--INFO:正在回写实际结果actual：{'code': 0, 'msg': 'OK', 'data': {'id': 1947, 'member_id': 173720, 'loan_id': 1245808, 'amount': 200.0, 'create_time': '2020-06-21 09:07:20', 'is_valid': 1}, 'copyright': 'Copyright 柠檬班 © 2017-2020 湖南省零檬信息技术有限公司 All Rights Reserved'}
[2020-06-21 09:07:19,753]--test_invest.py--192--INFO:正在回写测试结果test_result：PASS
[2020-06-21 09:07:19,753]--test_invest.py--193--INFO:*************结束回写数据***************
[2020-06-21 09:07:19,929]--test_invest.py--42--INFO:******************正在执行invest模块用例******************
[2020-06-21 09:07:19,929]--test_invest.py--43--INFO:正在执行第15条用例:投资金额校验--投资金额输入为不能被100整除的正整数
[2020-06-21 09:07:19,929]--test_invest.py--44--INFO:请求的数据是{'case_id': 15, 'interface': 'invest', 'title': '投资金额校验--投资金额输入为不能被100整除的正整数', 'method': 'POST', 'url': '/member/invest', 'data': '{"member_id":"#member_id#","loan_id":"#loanid#","amount":"101"}', 'headers': '{"X-Lemonban-Media-Type": "lemonban.v2","Authorization":"#token#"}', 'yes_or_no': 'NO', 'expected': '{"code": 2,"msg": "充值金额必须大于100，并且可以被100整除"}', 'actucal': "{'code': 2, 'msg': '充值金额必须大于100，并且可以被100整除', 'data': None, 'copyright': 'Copyright 柠檬班 © 2017-2020 湖南省零檬信息技术有限公司 All Rights Reserved'}", 'test_result': 'PASS'}
[2020-06-21 09:07:19,929]--test_invest.py--134--INFO:======================正在查询原始投资记录条数=======================
[2020-06-21 09:07:19,943]--test_invest.py--138--INFO:账户id为173720的原始投资记录条数为19
[2020-06-21 09:07:19,943]--test_invest.py--141--INFO:======================正在查询原始投资流水记录条数=======================
[2020-06-21 09:07:19,960]--test_invest.py--145--INFO:账户id为173720的原始投资流水条数为19
[2020-06-21 09:07:22,980]--test_invest.py--182--INFO:第15条用例执行结果为PASS
[2020-06-21 09:07:22,980]--test_invest.py--188--INFO:*************开始回写数据***************
[2020-06-21 09:07:23,315]--test_invest.py--190--INFO:正在回写实际结果actual：{'code': 2, 'msg': '充值金额必须大于100，并且可以被100整除', 'data': None, 'copyright': 'Copyright 柠檬班 © 2017-2020 湖南省零檬信息技术有限公司 All Rights Reserved'}
[2020-06-21 09:07:23,627]--test_invest.py--192--INFO:正在回写测试结果test_result：PASS
[2020-06-21 09:07:23,628]--test_invest.py--193--INFO:*************结束回写数据***************
[2020-06-21 09:07:23,754]--test_invest.py--42--INFO:******************正在执行invest模块用例******************
[2020-06-21 09:07:23,754]--test_invest.py--43--INFO:正在执行第16条用例:投资金额校验--投资金额输入负数
[2020-06-21 09:07:23,754]--test_invest.py--44--INFO:请求的数据是{'case_id': 16, 'interface': 'invest', 'title': '投资金额校验--投资金额输入负数', 'method': 'POST', 'url': '/member/invest', 'data': '{"member_id":"#member_id#","loan_id":"#loanid#","amount":"-100"}', 'headers': '{"X-Lemonban-Media-Type": "lemonban.v2","Authorization":"#token#"}', 'yes_or_no': 'NO', 'expected': '{"code": 2,"msg": "充值金额必须大于100，并且可以被100整除"}', 'actucal': "{'code': 2, 'msg': '充值金额必须大于100，并且可以被100整除', 'data': None, 'copyright': 'Copyright 柠檬班 © 2017-2020 湖南省零檬信息技术有限公司 All Rights Reserved'}", 'test_result': 'PASS'}
[2020-06-21 09:07:23,755]--test_invest.py--134--INFO:======================正在查询原始投资记录条数=======================
[2020-06-21 09:07:23,765]--test_invest.py--138--INFO:账户id为173720的原始投资记录条数为19
[2020-06-21 09:07:23,765]--test_invest.py--141--INFO:======================正在查询原始投资流水记录条数=======================
[2020-06-21 09:07:23,781]--test_invest.py--145--INFO:账户id为173720的原始投资流水条数为19
[2020-06-21 09:07:23,799]--test_invest.py--182--INFO:第16条用例执行结果为PASS
[2020-06-21 09:07:23,800]--test_invest.py--188--INFO:*************开始回写数据***************
[2020-06-21 09:07:24,159]--test_invest.py--190--INFO:正在回写实际结果actual：{'code': 2, 'msg': '充值金额必须大于100，并且可以被100整除', 'data': None, 'copyright': 'Copyright 柠檬班 © 2017-2020 湖南省零檬信息技术有限公司 All Rights Reserved'}
[2020-06-21 09:07:24,558]--test_invest.py--192--INFO:正在回写测试结果test_result：PASS
[2020-06-21 09:07:24,559]--test_invest.py--193--INFO:*************结束回写数据***************
[2020-06-21 09:07:24,683]--test_invest.py--42--INFO:******************正在执行invest模块用例******************
[2020-06-21 09:07:24,683]--test_invest.py--43--INFO:正在执行第17条用例:投资金额校验--投资金额输入小数
[2020-06-21 09:07:24,684]--test_invest.py--44--INFO:请求的数据是{'case_id': 17, 'interface': 'invest', 'title': '投资金额校验--投资金额输入小数', 'method': 'POST', 'url': '/member/invest', 'data': '{"member_id":"#member_id#","loan_id":"#loanid#","amount":"100.88"}', 'headers': '{"X-Lemonban-Media-Type": "lemonban.v2","Authorization":"#token#"}', 'yes_or_no': 'NO', 'expected': '{"code": 2,"msg": "充值金额必须大于100，并且可以被100整除"}', 'actucal': "{'code': 2, 'msg': '充值金额必须大于100，并且可以被100整除', 'data': None, 'copyright': 'Copyright 柠檬班 © 2017-2020 湖南省零檬信息技术有限公司 All Rights Reserved'}", 'test_result': 'PASS'}
[2020-06-21 09:07:24,684]--test_invest.py--134--INFO:======================正在查询原始投资记录条数=======================
[2020-06-21 09:07:24,694]--test_invest.py--138--INFO:账户id为173720的原始投资记录条数为19
[2020-06-21 09:07:24,694]--test_invest.py--141--INFO:======================正在查询原始投资流水记录条数=======================
[2020-06-21 09:07:24,712]--test_invest.py--145--INFO:账户id为173720的原始投资流水条数为19
[2020-06-21 09:07:24,731]--test_invest.py--182--INFO:第17条用例执行结果为PASS
[2020-06-21 09:07:24,731]--test_invest.py--188--INFO:*************开始回写数据***************
[2020-06-21 09:07:25,094]--test_invest.py--190--INFO:正在回写实际结果actual：{'code': 2, 'msg': '充值金额必须大于100，并且可以被100整除', 'data': None, 'copyright': 'Copyright 柠檬班 © 2017-2020 湖南省零檬信息技术有限公司 All Rights Reserved'}
[2020-06-21 09:07:25,424]--test_invest.py--192--INFO:正在回写测试结果test_result：PASS
[2020-06-21 09:07:25,424]--test_invest.py--193--INFO:*************结束回写数据***************
[2020-06-21 09:07:27,567]--test_invest.py--42--INFO:******************正在执行invest模块用例******************
[2020-06-21 09:07:27,567]--test_invest.py--43--INFO:正在执行第18条用例:投资金额校验--投资金额输入非法字符
[2020-06-21 09:07:27,567]--test_invest.py--44--INFO:请求的数据是{'case_id': 18, 'interface': 'invest', 'title': '投资金额校验--投资金额输入非法字符', 'method': 'POST', 'url': '/member/invest', 'data': '{"member_id":"#member_id#","loan_id":"#loanid#","amount":"ddd"}', 'headers': '{"X-Lemonban-Media-Type": "lemonban.v2","Authorization":"#token#"}', 'yes_or_no': 'NO', 'expected': '{"code": 2,"msg": "数值参数格式错误"}', 'actucal': "{'code': 2, 'msg': '数值参数格式错误', 'data': None, 'copyright': 'Copyright 柠檬班 © 2017-2020 湖南省零檬信息技术有限公司 All Rights Reserved'}", 'test_result': 'PASS'}
[2020-06-21 09:07:27,567]--test_invest.py--134--INFO:======================正在查询原始投资记录条数=======================
[2020-06-21 09:07:27,583]--test_invest.py--138--INFO:账户id为173720的原始投资记录条数为19
[2020-06-21 09:07:27,584]--test_invest.py--141--INFO:======================正在查询原始投资流水记录条数=======================
[2020-06-21 09:07:27,608]--test_invest.py--145--INFO:账户id为173720的原始投资流水条数为19
[2020-06-21 09:07:28,625]--test_invest.py--182--INFO:第18条用例执行结果为PASS
[2020-06-21 09:07:28,627]--test_invest.py--188--INFO:*************开始回写数据***************
[2020-06-21 09:07:28,915]--test_invest.py--190--INFO:正在回写实际结果actual：{'code': 2, 'msg': '数值参数格式错误', 'data': None, 'copyright': 'Copyright 柠檬班 © 2017-2020 湖南省零檬信息技术有限公司 All Rights Reserved'}
[2020-06-21 09:07:29,239]--test_invest.py--192--INFO:正在回写测试结果test_result：PASS
[2020-06-21 09:07:29,240]--test_invest.py--193--INFO:*************结束回写数据***************
[2020-06-21 09:07:29,366]--test_invest.py--42--INFO:******************正在执行invest模块用例******************
[2020-06-21 09:07:29,366]--test_invest.py--43--INFO:正在执行第19条用例:投资金额校验--投资金额输入大于可投标金额
[2020-06-21 09:07:29,367]--test_invest.py--44--INFO:请求的数据是{'case_id': 19, 'interface': 'invest', 'title': '投资金额校验--投资金额输入大于可投标金额', 'method': 'POST', 'url': '/member/invest', 'data': '{"member_id":"#member_id#","loan_id":"#max_id#","amount":"#max_amt#"}', 'headers': '{"X-Lemonban-Media-Type": "lemonban.v2","Authorization":"#token#"}', 'yes_or_no': 'NO', 'expected': '{"code": 2,"msg": "该标可投金额不足,可投金额：7300.0"}', 'actucal': "{'code': 2, 'msg': '该标可投金额不足,可投金额：7300.0', 'data': None, 'copyright': 'Copyright 柠檬班 © 2017-2020 湖南省零檬信息技术有限公司 All Rights Reserved'}", 'test_result': 'FAILED'}
[2020-06-21 09:07:29,375]--test_invest.py--134--INFO:======================正在查询原始投资记录条数=======================
[2020-06-21 09:07:29,385]--test_invest.py--138--INFO:账户id为173720的原始投资记录条数为19
[2020-06-21 09:07:29,385]--test_invest.py--141--INFO:======================正在查询原始投资流水记录条数=======================
[2020-06-21 09:07:29,402]--test_invest.py--145--INFO:账户id为173720的原始投资流水条数为19
[2020-06-21 09:07:29,423]--test_invest.py--184--ERROR:执行接口测试出现错误，错误是False is not true
[2020-06-21 09:07:29,424]--test_invest.py--186--ERROR:第19条用例执行结果为FAILED
[2020-06-21 09:07:29,424]--test_invest.py--188--INFO:*************开始回写数据***************
[2020-06-21 09:07:29,746]--test_invest.py--190--INFO:正在回写实际结果actual：{'code': 2, 'msg': '该标可投金额不足,可投金额：6700.0', 'data': None, 'copyright': 'Copyright 柠檬班 © 2017-2020 湖南省零檬信息技术有限公司 All Rights Reserved'}
[2020-06-21 09:07:30,082]--test_invest.py--192--INFO:正在回写测试结果test_result：FAILED
[2020-06-21 09:07:30,083]--test_invest.py--193--INFO:*************结束回写数据***************
[2020-06-21 09:07:30,212]--test_invest.py--42--INFO:******************正在执行invest模块用例******************
[2020-06-21 09:07:30,212]--test_invest.py--43--INFO:正在执行第20条用例:投资金额校验--投资金额输入等于可投标金额,投标完成
[2020-06-21 09:07:30,213]--test_invest.py--44--INFO:请求的数据是{'case_id': 20, 'interface': 'invest', 'title': '投资金额校验--投资金额输入等于可投标金额,投标完成', 'method': 'POST', 'url': '/member/invest', 'data': '{"member_id":"#member_id#","loan_id":"#loanid#","amount":"#amount#"}', 'headers': '{"X-Lemonban-Media-Type": "lemonban.v2","Authorization":"#token#"}', 'yes_or_no': 'YES', 'expected': '{"code": 0,"msg": "OK"}', 'actucal': "{'code': 0, 'msg': 'OK', 'data': {'id': 1941, 'member_id': 173720, 'loan_id': 1245793, 'amount': 80000.0, 'create_time': '2020-06-21 08:59:14', 'is_valid': 1}, 'copyright': 'Copyright 柠檬班 © 2017-2020 湖南省零檬信息技术有限公司 All Rights Reserved'}", 'test_result': 'PASS'}
[2020-06-21 09:07:30,222]--test_invest.py--94--INFO:======================正在查询原始金额=======================
[2020-06-21 09:07:30,270]--test_invest.py--102--INFO:账户id为173720的账户原始金额是-32000.00
[2020-06-21 09:07:30,271]--test_invest.py--134--INFO:======================正在查询原始投资记录条数=======================
[2020-06-21 09:07:30,282]--test_invest.py--138--INFO:账户id为173720的原始投资记录条数为19
[2020-06-21 09:07:30,282]--test_invest.py--141--INFO:======================正在查询原始投资流水记录条数=======================
[2020-06-21 09:07:30,299]--test_invest.py--145--INFO:账户id为173720的原始投资流水条数为19
[2020-06-21 09:07:30,345]--test_invest.py--182--INFO:第20条用例执行结果为PASS
[2020-06-21 09:07:30,345]--test_invest.py--188--INFO:*************开始回写数据***************
[2020-06-21 09:07:30,684]--test_invest.py--190--INFO:正在回写实际结果actual：{'code': 0, 'msg': 'OK', 'data': {'id': 1948, 'member_id': 173720, 'loan_id': 1245814, 'amount': 80000.0, 'create_time': '2020-06-21 09:07:32', 'is_valid': 1}, 'copyright': 'Copyright 柠檬班 © 2017-2020 湖南省零檬信息技术有限公司 All Rights Reserved'}
[2020-06-21 09:07:31,024]--test_invest.py--192--INFO:正在回写测试结果test_result：PASS
[2020-06-21 09:07:31,025]--test_invest.py--193--INFO:*************结束回写数据***************
[2020-06-21 09:07:32,206]--test_invest.py--42--INFO:******************正在执行invest模块用例******************
[2020-06-21 09:07:32,206]--test_invest.py--43--INFO:正在执行第21条用例:投资金额校验--投资金额输入大于用户余额,余额不足
[2020-06-21 09:07:32,206]--test_invest.py--44--INFO:请求的数据是{'case_id': 21, 'interface': 'invest', 'title': '投资金额校验--投资金额输入大于用户余额,余额不足', 'method': 'POST', 'url': '/member/invest', 'data': '{"member_id":"#member_id#","loan_id":"#loanid#","amount":"#min_amt#"}', 'headers': '{"X-Lemonban-Media-Type": "lemonban.v2","Authorization":"#token#"}', 'yes_or_no': 'NO', 'expected': '{"code": 0,"msg": "OK"}', 'actucal': "{'code': 0, 'msg': 'OK', 'data': {'id': 1942, 'member_id': 173720, 'loan_id': 1245794, 'amount': 36000.0, 'create_time': '2020-06-21 08:59:15', 'is_valid': 1}, 'copyright': 'Copyright 柠檬班 © 2017-2020 湖南省零檬信息技术有限公司 All Rights Reserved'}", 'test_result': 'PASS'}
[2020-06-21 09:07:32,206]--test_invest.py--134--INFO:======================正在查询原始投资记录条数=======================
[2020-06-21 09:07:32,215]--test_invest.py--138--INFO:账户id为173720的原始投资记录条数为20
[2020-06-21 09:07:32,216]--test_invest.py--141--INFO:======================正在查询原始投资流水记录条数=======================
[2020-06-21 09:07:32,233]--test_invest.py--145--INFO:账户id为173720的原始投资流水条数为20
[2020-06-21 09:07:32,249]--test_invest.py--184--ERROR:执行接口测试出现错误，错误是False is not true
[2020-06-21 09:07:32,249]--test_invest.py--186--ERROR:第21条用例执行结果为FAILED
[2020-06-21 09:07:32,250]--test_invest.py--188--INFO:*************开始回写数据***************
[2020-06-21 09:07:32,581]--test_invest.py--190--INFO:正在回写实际结果actual：{'code': 2, 'msg': '充值金额必须大于100，并且可以被100整除', 'data': None, 'copyright': 'Copyright 柠檬班 © 2017-2020 湖南省零檬信息技术有限公司 All Rights Reserved'}
[2020-06-21 09:07:33,030]--test_invest.py--192--INFO:正在回写测试结果test_result：FAILED
[2020-06-21 09:07:33,031]--test_invest.py--193--INFO:*************结束回写数据***************
