[2020-06-21 08:58:52,407]--test_invest.py--42--INFO:******************正在执行invest模块用例******************
[2020-06-21 08:58:52,408]--test_invest.py--43--INFO:正在执行第1条用例:用户id校验--输入已注册用户id
[2020-06-21 08:58:52,409]--test_invest.py--44--INFO:请求的数据是{'case_id': 1, 'interface': 'invest', 'title': '用户id校验--输入已注册用户id', 'method': 'POST', 'url': '/member/invest', 'data': '{"member_id":"#member_id#","loan_id":"#loanid#","amount":"1000"}', 'headers': '{"X-Lemonban-Media-Type": "lemonban.v2","Authorization":"#token#"}', 'yes_or_no': 'YES', 'expected': '{"code": 0,"msg": "OK"}', 'actucal': "{'code': 0, 'msg': 'OK', 'data': {'id': 1930, 'member_id': 173720, 'loan_id': 1245753, 'amount': 1000.0, 'create_time': '2020-06-21 08:56:03', 'is_valid': 1}, 'copyright': 'Copyright 柠檬班 © 2017-2020 湖南省零檬信息技术有限公司 All Rights Reserved'}", 'test_result': 'PASS'}
[2020-06-21 08:58:52,411]--test_invest.py--94--INFO:======================正在查询原始金额=======================
[2020-06-21 08:58:52,456]--test_invest.py--102--INFO:账户id为173720的账户原始金额是-22000.00
[2020-06-21 08:58:52,456]--test_invest.py--129--INFO:======================正在查询原始投资记录条数=======================
[2020-06-21 08:58:52,465]--test_invest.py--133--INFO:账户id为173720的原始投资记录条数为7
[2020-06-21 08:58:52,465]--test_invest.py--136--INFO:======================正在查询原始投资流水记录条数=======================
[2020-06-21 08:58:52,483]--test_invest.py--140--INFO:账户id为173720的原始投资流水条数为7
[2020-06-21 08:58:52,522]--test_invest.py--177--INFO:第1条用例执行结果为PASS
[2020-06-21 08:58:52,522]--test_invest.py--183--INFO:*************开始回写数据***************
[2020-06-21 08:58:52,961]--test_invest.py--185--INFO:正在回写实际结果actual：{'code': 0, 'msg': 'OK', 'data': {'id': 1936, 'member_id': 173720, 'loan_id': 1245774, 'amount': 1000.0, 'create_time': '2020-06-21 08:58:54', 'is_valid': 1}, 'copyright': 'Copyright 柠檬班 © 2017-2020 湖南省零檬信息技术有限公司 All Rights Reserved'}
[2020-06-21 08:58:53,326]--test_invest.py--187--INFO:正在回写测试结果test_result：PASS
[2020-06-21 08:58:53,327]--test_invest.py--188--INFO:*************结束回写数据***************
[2020-06-21 08:58:53,531]--test_invest.py--42--INFO:******************正在执行invest模块用例******************
[2020-06-21 08:58:53,532]--test_invest.py--43--INFO:正在执行第2条用例:用户id校验--输入不存在的用户id
[2020-06-21 08:58:53,532]--test_invest.py--44--INFO:请求的数据是{'case_id': 2, 'interface': 'invest', 'title': '用户id校验--输入不存在的用户id', 'method': 'POST', 'url': '/member/invest', 'data': '{"member_id":"s13361","loan_id":"#loanid#","amount":"20000"}', 'headers': '{"X-Lemonban-Media-Type": "lemonban.v2","Authorization":"#token#"}', 'yes_or_no': 'NO', 'expected': '{"code": 2,"msg": "数值参数格式错误"}', 'actucal': "{'code': 2, 'msg': '数值参数格式错误', 'data': None, 'copyright': 'Copyright 柠檬班 © 2017-2020 湖南省零檬信息技术有限公司 All Rights Reserved'}", 'test_result': 'PASS'}
[2020-06-21 08:58:53,532]--test_invest.py--129--INFO:======================正在查询原始投资记录条数=======================
[2020-06-21 08:58:53,542]--test_invest.py--133--INFO:账户id为173720的原始投资记录条数为8
[2020-06-21 08:58:53,543]--test_invest.py--136--INFO:======================正在查询原始投资流水记录条数=======================
[2020-06-21 08:58:53,560]--test_invest.py--140--INFO:账户id为173720的原始投资流水条数为8
[2020-06-21 08:58:53,583]--test_invest.py--177--INFO:第2条用例执行结果为PASS
[2020-06-21 08:58:53,584]--test_invest.py--183--INFO:*************开始回写数据***************
[2020-06-21 08:58:54,049]--test_invest.py--185--INFO:正在回写实际结果actual：{'code': 2, 'msg': '数值参数格式错误', 'data': None, 'copyright': 'Copyright 柠檬班 © 2017-2020 湖南省零檬信息技术有限公司 All Rights Reserved'}
[2020-06-21 08:58:54,474]--test_invest.py--187--INFO:正在回写测试结果test_result：PASS
[2020-06-21 08:58:54,474]--test_invest.py--188--INFO:*************结束回写数据***************
[2020-06-21 08:58:54,617]--test_invest.py--42--INFO:******************正在执行invest模块用例******************
[2020-06-21 08:58:54,617]--test_invest.py--43--INFO:正在执行第3条用例:用户id校验--id输入为空
[2020-06-21 08:58:54,617]--test_invest.py--44--INFO:请求的数据是{'case_id': 3, 'interface': 'invest', 'title': '用户id校验--id输入为空', 'method': 'POST', 'url': '/member/invest', 'data': '{"member_id":"","loan_id":"#loanid#","amount":"100"}', 'headers': '{"X-Lemonban-Media-Type": "lemonban.v2","Authorization":"#token#"}', 'yes_or_no': 'NO', 'expected': '{"code": 2,"msg": "数值参数格式错误"}', 'actucal': "{'code': 2, 'msg': '数值参数格式错误', 'data': None, 'copyright': 'Copyright 柠檬班 © 2017-2020 湖南省零檬信息技术有限公司 All Rights Reserved'}", 'test_result': 'PASS'}
[2020-06-21 08:58:54,617]--test_invest.py--129--INFO:======================正在查询原始投资记录条数=======================
[2020-06-21 08:58:54,628]--test_invest.py--133--INFO:账户id为173720的原始投资记录条数为8
[2020-06-21 08:58:54,628]--test_invest.py--136--INFO:======================正在查询原始投资流水记录条数=======================
[2020-06-21 08:58:54,645]--test_invest.py--140--INFO:账户id为173720的原始投资流水条数为8
[2020-06-21 08:58:54,666]--test_invest.py--177--INFO:第3条用例执行结果为PASS
[2020-06-21 08:58:54,667]--test_invest.py--183--INFO:*************开始回写数据***************
[2020-06-21 08:58:55,097]--test_invest.py--185--INFO:正在回写实际结果actual：{'code': 2, 'msg': '数值参数格式错误', 'data': None, 'copyright': 'Copyright 柠檬班 © 2017-2020 湖南省零檬信息技术有限公司 All Rights Reserved'}
[2020-06-21 08:58:55,504]--test_invest.py--187--INFO:正在回写测试结果test_result：PASS
[2020-06-21 08:58:55,505]--test_invest.py--188--INFO:*************结束回写数据***************
[2020-06-21 08:58:55,642]--test_invest.py--42--INFO:******************正在执行invest模块用例******************
[2020-06-21 08:58:55,642]--test_invest.py--43--INFO:正在执行第4条用例:投资项目id校验--输入投标中状态2(竞标中)的项目id
[2020-06-21 08:58:55,642]--test_invest.py--44--INFO:请求的数据是{'case_id': 4, 'interface': 'invest', 'title': '投资项目id校验--输入投标中状态2(竞标中)的项目id', 'method': 'POST', 'url': '/member/invest', 'data': '{"member_id":"#member_id#","loan_id":"#loanid#","amount":"100"}', 'headers': '{"X-Lemonban-Media-Type": "lemonban.v2","Authorization":"#token#"}', 'yes_or_no': 'YES', 'expected': '{"code": 0,"msg": "OK"}', 'actucal': "{'code': 0, 'msg': 'OK', 'data': {'id': 1931, 'member_id': 173720, 'loan_id': 1245756, 'amount': 100.0, 'create_time': '2020-06-21 08:56:07', 'is_valid': 1}, 'copyright': 'Copyright 柠檬班 © 2017-2020 湖南省零檬信息技术有限公司 All Rights Reserved'}", 'test_result': 'PASS'}
[2020-06-21 08:58:55,643]--test_invest.py--94--INFO:======================正在查询原始金额=======================
[2020-06-21 08:58:55,701]--test_invest.py--102--INFO:账户id为173720的账户原始金额是-13000.00
[2020-06-21 08:58:55,702]--test_invest.py--129--INFO:======================正在查询原始投资记录条数=======================
[2020-06-21 08:58:55,718]--test_invest.py--133--INFO:账户id为173720的原始投资记录条数为8
[2020-06-21 08:58:55,719]--test_invest.py--136--INFO:======================正在查询原始投资流水记录条数=======================
[2020-06-21 08:58:55,745]--test_invest.py--140--INFO:账户id为173720的原始投资流水条数为8
[2020-06-21 08:58:55,779]--test_invest.py--177--INFO:第4条用例执行结果为PASS
[2020-06-21 08:58:55,779]--test_invest.py--183--INFO:*************开始回写数据***************
[2020-06-21 08:58:56,146]--test_invest.py--185--INFO:正在回写实际结果actual：{'code': 0, 'msg': 'OK', 'data': {'id': 1937, 'member_id': 173720, 'loan_id': 1245777, 'amount': 100.0, 'create_time': '2020-06-21 08:58:57', 'is_valid': 1}, 'copyright': 'Copyright 柠檬班 © 2017-2020 湖南省零檬信息技术有限公司 All Rights Reserved'}
[2020-06-21 08:58:56,522]--test_invest.py--187--INFO:正在回写测试结果test_result：PASS
[2020-06-21 08:58:56,522]--test_invest.py--188--INFO:*************结束回写数据***************
[2020-06-21 08:58:56,737]--test_invest.py--42--INFO:******************正在执行invest模块用例******************
[2020-06-21 08:58:56,737]--test_invest.py--43--INFO:正在执行第5条用例:投资项目id校验--输入非投标中状态为1(审核中)的项目id
[2020-06-21 08:58:56,737]--test_invest.py--44--INFO:请求的数据是{'case_id': 5, 'interface': 'invest', 'title': '投资项目id校验--输入非投标中状态为1(审核中)的项目id', 'method': 'POST', 'url': '/member/invest', 'data': '{"member_id":"#member_id#","loan_id":"#shz#","amount":"100"}', 'headers': '{"X-Lemonban-Media-Type": "lemonban.v2","Authorization":"#token#"}', 'yes_or_no': 'NO', 'expected': '{"code": 2,"msg": "该项目不在竞标中状态"}', 'actucal': "{'code': 2, 'msg': '该项目不在竞标中状态', 'data': None, 'copyright': 'Copyright 柠檬班 © 2017-2020 湖南省零檬信息技术有限公司 All Rights Reserved'}", 'test_result': 'PASS'}
[2020-06-21 08:58:56,753]--test_invest.py--129--INFO:======================正在查询原始投资记录条数=======================
[2020-06-21 08:58:56,769]--test_invest.py--133--INFO:账户id为173720的原始投资记录条数为9
[2020-06-21 08:58:56,770]--test_invest.py--136--INFO:======================正在查询原始投资流水记录条数=======================
[2020-06-21 08:58:56,792]--test_invest.py--140--INFO:账户id为173720的原始投资流水条数为9
[2020-06-21 08:58:56,815]--test_invest.py--177--INFO:第5条用例执行结果为PASS
[2020-06-21 08:58:56,815]--test_invest.py--183--INFO:*************开始回写数据***************
[2020-06-21 08:58:57,187]--test_invest.py--185--INFO:正在回写实际结果actual：{'code': 2, 'msg': '该项目不在竞标中状态', 'data': None, 'copyright': 'Copyright 柠檬班 © 2017-2020 湖南省零檬信息技术有限公司 All Rights Reserved'}
[2020-06-21 08:58:57,552]--test_invest.py--187--INFO:正在回写测试结果test_result：PASS
[2020-06-21 08:58:57,552]--test_invest.py--188--INFO:*************结束回写数据***************
[2020-06-21 08:58:57,684]--test_invest.py--42--INFO:******************正在执行invest模块用例******************
[2020-06-21 08:58:57,684]--test_invest.py--43--INFO:正在执行第6条用例:投资项目id校验--输入非投标中状态3(还款中)的项目id
[2020-06-21 08:58:57,684]--test_invest.py--44--INFO:请求的数据是{'case_id': 6, 'interface': 'invest', 'title': '投资项目id校验--输入非投标中状态3(还款中)的项目id', 'method': 'POST', 'url': '/member/invest', 'data': '{"member_id":"#member_id#","loan_id":"#hkz#","amount":"100"}', 'headers': '{"X-Lemonban-Media-Type": "lemonban.v2","Authorization":"#token#"}', 'yes_or_no': 'NO', 'expected': '{"code": 2,"msg": "该项目不在竞标中状态"}', 'actucal': "{'code': 2, 'msg': '该项目不在竞标中状态', 'data': None, 'copyright': 'Copyright 柠檬班 © 2017-2020 湖南省零檬信息技术有限公司 All Rights Reserved'}", 'test_result': 'PASS'}
[2020-06-21 08:58:57,695]--test_invest.py--129--INFO:======================正在查询原始投资记录条数=======================
[2020-06-21 08:58:57,706]--test_invest.py--133--INFO:账户id为173720的原始投资记录条数为9
[2020-06-21 08:58:57,706]--test_invest.py--136--INFO:======================正在查询原始投资流水记录条数=======================
[2020-06-21 08:58:57,723]--test_invest.py--140--INFO:账户id为173720的原始投资流水条数为9
[2020-06-21 08:58:57,744]--test_invest.py--177--INFO:第6条用例执行结果为PASS
[2020-06-21 08:58:57,745]--test_invest.py--183--INFO:*************开始回写数据***************
[2020-06-21 08:58:58,110]--test_invest.py--185--INFO:正在回写实际结果actual：{'code': 2, 'msg': '该项目不在竞标中状态', 'data': None, 'copyright': 'Copyright 柠檬班 © 2017-2020 湖南省零檬信息技术有限公司 All Rights Reserved'}
[2020-06-21 08:58:58,475]--test_invest.py--187--INFO:正在回写测试结果test_result：PASS
[2020-06-21 08:58:58,475]--test_invest.py--188--INFO:*************结束回写数据***************
[2020-06-21 08:58:58,752]--test_invest.py--42--INFO:******************正在执行invest模块用例******************
[2020-06-21 08:58:58,753]--test_invest.py--43--INFO:正在执行第7条用例:投资项目id校验--输入非投标中状态4(还款完成)的项目id
[2020-06-21 08:58:58,753]--test_invest.py--44--INFO:请求的数据是{'case_id': 7, 'interface': 'invest', 'title': '投资项目id校验--输入非投标中状态4(还款完成)的项目id', 'method': 'POST', 'url': '/member/invest', 'data': '{"member_id":"#member_id#","loan_id":"#hwc#","amount":"100"}', 'headers': '{"X-Lemonban-Media-Type": "lemonban.v2","Authorization":"#token#"}', 'yes_or_no': 'NO', 'expected': '{"code": 2,"msg": "该项目不在竞标中状态"}', 'actucal': "{'code': 2, 'msg': '该项目不在竞标中状态', 'data': None, 'copyright': 'Copyright 柠檬班 © 2017-2020 湖南省零檬信息技术有限公司 All Rights Reserved'}", 'test_result': 'PASS'}
[2020-06-21 08:58:58,770]--test_invest.py--129--INFO:======================正在查询原始投资记录条数=======================
[2020-06-21 08:58:58,780]--test_invest.py--133--INFO:账户id为173720的原始投资记录条数为9
[2020-06-21 08:58:58,780]--test_invest.py--136--INFO:======================正在查询原始投资流水记录条数=======================
[2020-06-21 08:58:58,795]--test_invest.py--140--INFO:账户id为173720的原始投资流水条数为9
[2020-06-21 08:58:58,818]--test_invest.py--177--INFO:第7条用例执行结果为PASS
[2020-06-21 08:58:58,818]--test_invest.py--183--INFO:*************开始回写数据***************
[2020-06-21 08:58:59,322]--test_invest.py--185--INFO:正在回写实际结果actual：{'code': 2, 'msg': '该项目不在竞标中状态', 'data': None, 'copyright': 'Copyright 柠檬班 © 2017-2020 湖南省零檬信息技术有限公司 All Rights Reserved'}
[2020-06-21 08:58:59,796]--test_invest.py--187--INFO:正在回写测试结果test_result：PASS
[2020-06-21 08:58:59,796]--test_invest.py--188--INFO:*************结束回写数据***************
[2020-06-21 08:58:59,952]--test_invest.py--42--INFO:******************正在执行invest模块用例******************
[2020-06-21 08:58:59,952]--test_invest.py--43--INFO:正在执行第8条用例:投资项目id校验--输入非投标中状态5(审核不通过)的项目id
[2020-06-21 08:58:59,952]--test_invest.py--44--INFO:请求的数据是{'case_id': 8, 'interface': 'invest', 'title': '投资项目id校验--输入非投标中状态5(审核不通过)的项目id', 'method': 'POST', 'url': '/member/invest', 'data': '{"member_id":"#member_id#","loan_id":"#btg#","amount":"100"}', 'headers': '{"X-Lemonban-Media-Type": "lemonban.v2","Authorization":"#token#"}', 'yes_or_no': 'NO', 'expected': '{"code": 2,"msg": "该项目不在竞标中状态"}', 'actucal': "{'code': 2, 'msg': '该项目不在竞标中状态', 'data': None, 'copyright': 'Copyright 柠檬班 © 2017-2020 湖南省零檬信息技术有限公司 All Rights Reserved'}", 'test_result': 'PASS'}
[2020-06-21 08:58:59,965]--test_invest.py--129--INFO:======================正在查询原始投资记录条数=======================
[2020-06-21 08:58:59,983]--test_invest.py--133--INFO:账户id为173720的原始投资记录条数为9
[2020-06-21 08:58:59,983]--test_invest.py--136--INFO:======================正在查询原始投资流水记录条数=======================
[2020-06-21 08:59:00,006]--test_invest.py--140--INFO:账户id为173720的原始投资流水条数为9
[2020-06-21 08:59:00,032]--test_invest.py--177--INFO:第8条用例执行结果为PASS
[2020-06-21 08:59:00,032]--test_invest.py--183--INFO:*************开始回写数据***************
[2020-06-21 08:59:00,476]--test_invest.py--185--INFO:正在回写实际结果actual：{'code': 2, 'msg': '该项目不在竞标中状态', 'data': None, 'copyright': 'Copyright 柠檬班 © 2017-2020 湖南省零檬信息技术有限公司 All Rights Reserved'}
[2020-06-21 08:59:00,913]--test_invest.py--187--INFO:正在回写测试结果test_result：PASS
[2020-06-21 08:59:00,914]--test_invest.py--188--INFO:*************结束回写数据***************
[2020-06-21 08:59:01,062]--test_invest.py--42--INFO:******************正在执行invest模块用例******************
[2020-06-21 08:59:01,063]--test_invest.py--43--INFO:正在执行第9条用例:投资项目id校验--输入用户自己创建的项目id
[2020-06-21 08:59:01,064]--test_invest.py--44--INFO:请求的数据是{'case_id': 9, 'interface': 'invest', 'title': '投资项目id校验--输入用户自己创建的项目id', 'method': 'POST', 'url': '/member/invest', 'data': '{"member_id":"#member_id#","loan_id":"#loanid#","amount":"100"}', 'headers': '{"X-Lemonban-Media-Type": "lemonban.v2","Authorization":"#token#"}', 'yes_or_no': 'YES', 'expected': '{"code": 0,"msg": "OK"}', 'actucal': "{'code': 0, 'msg': 'OK', 'data': {'id': 1932, 'member_id': 173720, 'loan_id': 1245761, 'amount': 100.0, 'create_time': '2020-06-21 08:56:13', 'is_valid': 1}, 'copyright': 'Copyright 柠檬班 © 2017-2020 湖南省零檬信息技术有限公司 All Rights Reserved'}", 'test_result': 'PASS'}
[2020-06-21 08:59:01,064]--test_invest.py--94--INFO:======================正在查询原始金额=======================
[2020-06-21 08:59:01,113]--test_invest.py--102--INFO:账户id为173720的账户原始金额是-3100.00
[2020-06-21 08:59:01,113]--test_invest.py--129--INFO:======================正在查询原始投资记录条数=======================
[2020-06-21 08:59:01,128]--test_invest.py--133--INFO:账户id为173720的原始投资记录条数为9
[2020-06-21 08:59:01,128]--test_invest.py--136--INFO:======================正在查询原始投资流水记录条数=======================
[2020-06-21 08:59:01,144]--test_invest.py--140--INFO:账户id为173720的原始投资流水条数为9
[2020-06-21 08:59:01,179]--test_invest.py--177--INFO:第9条用例执行结果为PASS
[2020-06-21 08:59:01,179]--test_invest.py--183--INFO:*************开始回写数据***************
[2020-06-21 08:59:01,706]--test_invest.py--185--INFO:正在回写实际结果actual：{'code': 0, 'msg': 'OK', 'data': {'id': 1938, 'member_id': 173720, 'loan_id': 1245782, 'amount': 100.0, 'create_time': '2020-06-21 08:59:02', 'is_valid': 1}, 'copyright': 'Copyright 柠檬班 © 2017-2020 湖南省零檬信息技术有限公司 All Rights Reserved'}
[2020-06-21 08:59:02,132]--test_invest.py--187--INFO:正在回写测试结果test_result：PASS
[2020-06-21 08:59:02,132]--test_invest.py--188--INFO:*************结束回写数据***************
[2020-06-21 08:59:02,317]--test_invest.py--42--INFO:******************正在执行invest模块用例******************
[2020-06-21 08:59:02,318]--test_invest.py--43--INFO:正在执行第10条用例:投资项目id校验--输入其他用户创建的项目id
[2020-06-21 08:59:02,318]--test_invest.py--44--INFO:请求的数据是{'case_id': 10, 'interface': 'invest', 'title': '投资项目id校验--输入其他用户创建的项目id', 'method': 'POST', 'url': '/member/invest', 'data': '{"member_id":"#member_id#","loan_id":"#other_id#","amount":"600"}', 'headers': '{"X-Lemonban-Media-Type": "lemonban.v2","Authorization":"#token#"}', 'yes_or_no': 'YES', 'expected': '{"code": 0,"msg": "OK"}', 'actucal': "{'code': 0, 'msg': 'OK', 'data': {'id': 1933, 'member_id': 173720, 'loan_id': 14, 'amount': 600.0, 'create_time': '2020-06-21 08:56:14', 'is_valid': 1}, 'copyright': 'Copyright 柠檬班 © 2017-2020 湖南省零檬信息技术有限公司 All Rights Reserved'}", 'test_result': 'PASS'}
[2020-06-21 08:59:02,318]--test_invest.py--94--INFO:======================正在查询原始金额=======================
[2020-06-21 08:59:02,363]--test_invest.py--102--INFO:账户id为173720的账户原始金额是6800.00
[2020-06-21 08:59:02,372]--test_invest.py--129--INFO:======================正在查询原始投资记录条数=======================
[2020-06-21 08:59:02,381]--test_invest.py--133--INFO:账户id为173720的原始投资记录条数为10
[2020-06-21 08:59:02,382]--test_invest.py--136--INFO:======================正在查询原始投资流水记录条数=======================
[2020-06-21 08:59:02,397]--test_invest.py--140--INFO:账户id为173720的原始投资流水条数为10
[2020-06-21 08:59:02,436]--test_invest.py--177--INFO:第10条用例执行结果为PASS
[2020-06-21 08:59:02,436]--test_invest.py--183--INFO:*************开始回写数据***************
[2020-06-21 08:59:02,878]--test_invest.py--185--INFO:正在回写实际结果actual：{'code': 0, 'msg': 'OK', 'data': {'id': 1939, 'member_id': 173720, 'loan_id': 14, 'amount': 600.0, 'create_time': '2020-06-21 08:59:04', 'is_valid': 1}, 'copyright': 'Copyright 柠檬班 © 2017-2020 湖南省零檬信息技术有限公司 All Rights Reserved'}
[2020-06-21 08:59:03,247]--test_invest.py--187--INFO:正在回写测试结果test_result：PASS
[2020-06-21 08:59:03,247]--test_invest.py--188--INFO:*************结束回写数据***************
[2020-06-21 08:59:03,427]--test_invest.py--42--INFO:******************正在执行invest模块用例******************
[2020-06-21 08:59:03,427]--test_invest.py--43--INFO:正在执行第11条用例:投资项目id校验--输入不存在的项目id
[2020-06-21 08:59:03,427]--test_invest.py--44--INFO:请求的数据是{'case_id': 11, 'interface': 'invest', 'title': '投资项目id校验--输入不存在的项目id', 'method': 'POST', 'url': '/member/invest', 'data': '{"member_id":"#member_id#","loan_id":"888888888","amount":"100"}', 'headers': '{"X-Lemonban-Media-Type": "lemonban.v2","Authorization":"#token#"}', 'yes_or_no': 'NO', 'expected': '{"code": 2,"msg": "项目不存在"}', 'actucal': "{'code': 2, 'msg': '项目不存在', 'data': None, 'copyright': 'Copyright 柠檬班 © 2017-2020 湖南省零檬信息技术有限公司 All Rights Reserved'}", 'test_result': 'PASS'}
[2020-06-21 08:59:03,428]--test_invest.py--129--INFO:======================正在查询原始投资记录条数=======================
[2020-06-21 08:59:03,436]--test_invest.py--133--INFO:账户id为173720的原始投资记录条数为11
[2020-06-21 08:59:03,438]--test_invest.py--136--INFO:======================正在查询原始投资流水记录条数=======================
[2020-06-21 08:59:03,453]--test_invest.py--140--INFO:账户id为173720的原始投资流水条数为11
[2020-06-21 08:59:03,472]--test_invest.py--177--INFO:第11条用例执行结果为PASS
[2020-06-21 08:59:03,472]--test_invest.py--183--INFO:*************开始回写数据***************
[2020-06-21 08:59:03,828]--test_invest.py--185--INFO:正在回写实际结果actual：{'code': 2, 'msg': '项目不存在', 'data': None, 'copyright': 'Copyright 柠檬班 © 2017-2020 湖南省零檬信息技术有限公司 All Rights Reserved'}
[2020-06-21 08:59:04,239]--test_invest.py--187--INFO:正在回写测试结果test_result：PASS
[2020-06-21 08:59:04,240]--test_invest.py--188--INFO:*************结束回写数据***************
[2020-06-21 08:59:04,393]--test_invest.py--42--INFO:******************正在执行invest模块用例******************
[2020-06-21 08:59:04,394]--test_invest.py--43--INFO:正在执行第12条用例:投资项目id校验--项目id输入为空
[2020-06-21 08:59:04,394]--test_invest.py--44--INFO:请求的数据是{'case_id': 12, 'interface': 'invest', 'title': '投资项目id校验--项目id输入为空', 'method': 'POST', 'url': '/member/invest', 'data': '{"member_id":"#member_id#","loan_id":"","amount":"100"}', 'headers': '{"X-Lemonban-Media-Type": "lemonban.v2","Authorization":"#token#"}', 'yes_or_no': 'NO', 'expected': '{"code": 2,"msg": "数值参数格式错误"}', 'actucal': "{'code': 2, 'msg': '数值参数格式错误', 'data': None, 'copyright': 'Copyright 柠檬班 © 2017-2020 湖南省零檬信息技术有限公司 All Rights Reserved'}", 'test_result': 'PASS'}
[2020-06-21 08:59:04,394]--test_invest.py--129--INFO:======================正在查询原始投资记录条数=======================
[2020-06-21 08:59:04,405]--test_invest.py--133--INFO:账户id为173720的原始投资记录条数为11
[2020-06-21 08:59:04,406]--test_invest.py--136--INFO:======================正在查询原始投资流水记录条数=======================
[2020-06-21 08:59:04,421]--test_invest.py--140--INFO:账户id为173720的原始投资流水条数为11
[2020-06-21 08:59:04,440]--test_invest.py--177--INFO:第12条用例执行结果为PASS
[2020-06-21 08:59:04,440]--test_invest.py--183--INFO:*************开始回写数据***************
[2020-06-21 08:59:04,787]--test_invest.py--185--INFO:正在回写实际结果actual：{'code': 2, 'msg': '数值参数格式错误', 'data': None, 'copyright': 'Copyright 柠檬班 © 2017-2020 湖南省零檬信息技术有限公司 All Rights Reserved'}
[2020-06-21 08:59:05,143]--test_invest.py--187--INFO:正在回写测试结果test_result：PASS
[2020-06-21 08:59:05,143]--test_invest.py--188--INFO:*************结束回写数据***************
[2020-06-21 08:59:05,295]--test_invest.py--42--INFO:******************正在执行invest模块用例******************
[2020-06-21 08:59:05,296]--test_invest.py--43--INFO:正在执行第13条用例:投资金额校验--投资金额输入为空
[2020-06-21 08:59:05,296]--test_invest.py--44--INFO:请求的数据是{'case_id': 13, 'interface': 'invest', 'title': '投资金额校验--投资金额输入为空', 'method': 'POST', 'url': '/member/invest', 'data': '{"member_id":"#member_id#","loan_id":"#loanid#","amount":""}', 'headers': '{"X-Lemonban-Media-Type": "lemonban.v2","Authorization":"#token#"}', 'yes_or_no': 'NO', 'expected': '{"code": 2,"msg": "数值参数格式错误"}', 'actucal': "{'code': 2, 'msg': '数值参数格式错误', 'data': None, 'copyright': 'Copyright 柠檬班 © 2017-2020 湖南省零檬信息技术有限公司 All Rights Reserved'}", 'test_result': 'PASS'}
[2020-06-21 08:59:05,297]--test_invest.py--129--INFO:======================正在查询原始投资记录条数=======================
[2020-06-21 08:59:05,312]--test_invest.py--133--INFO:账户id为173720的原始投资记录条数为11
[2020-06-21 08:59:05,313]--test_invest.py--136--INFO:======================正在查询原始投资流水记录条数=======================
[2020-06-21 08:59:05,336]--test_invest.py--140--INFO:账户id为173720的原始投资流水条数为11
[2020-06-21 08:59:05,354]--test_invest.py--177--INFO:第13条用例执行结果为PASS
[2020-06-21 08:59:05,354]--test_invest.py--183--INFO:*************开始回写数据***************
[2020-06-21 08:59:05,730]--test_invest.py--185--INFO:正在回写实际结果actual：{'code': 2, 'msg': '数值参数格式错误', 'data': None, 'copyright': 'Copyright 柠檬班 © 2017-2020 湖南省零檬信息技术有限公司 All Rights Reserved'}
[2020-06-21 08:59:06,126]--test_invest.py--187--INFO:正在回写测试结果test_result：PASS
[2020-06-21 08:59:06,127]--test_invest.py--188--INFO:*************结束回写数据***************
[2020-06-21 08:59:06,301]--test_invest.py--42--INFO:******************正在执行invest模块用例******************
[2020-06-21 08:59:06,302]--test_invest.py--43--INFO:正在执行第14条用例:投资金额校验--投资金额输入为能被100整除的正整数
[2020-06-21 08:59:06,302]--test_invest.py--44--INFO:请求的数据是{'case_id': 14, 'interface': 'invest', 'title': '投资金额校验--投资金额输入为能被100整除的正整数', 'method': 'POST', 'url': '/member/invest', 'data': '{"member_id":"#member_id#","loan_id":"#loanid#","amount":"200"}', 'headers': '{"X-Lemonban-Media-Type": "lemonban.v2","Authorization":"#token#"}', 'yes_or_no': 'YES', 'expected': '{"code": 0,"msg": "OK"}', 'actucal': "{'code': 0, 'msg': 'OK', 'data': {'id': 1934, 'member_id': 173720, 'loan_id': 1245766, 'amount': 200.0, 'create_time': '2020-06-21 08:56:18', 'is_valid': 1}, 'copyright': 'Copyright 柠檬班 © 2017-2020 湖南省零檬信息技术有限公司 All Rights Reserved'}", 'test_result': 'PASS'}
[2020-06-21 08:59:06,304]--test_invest.py--94--INFO:======================正在查询原始金额=======================
[2020-06-21 08:59:06,369]--test_invest.py--102--INFO:账户id为173720的账户原始金额是16200.00
[2020-06-21 08:59:06,370]--test_invest.py--129--INFO:======================正在查询原始投资记录条数=======================
[2020-06-21 08:59:06,386]--test_invest.py--133--INFO:账户id为173720的原始投资记录条数为11
[2020-06-21 08:59:06,387]--test_invest.py--136--INFO:======================正在查询原始投资流水记录条数=======================
[2020-06-21 08:59:06,410]--test_invest.py--140--INFO:账户id为173720的原始投资流水条数为11
[2020-06-21 08:59:06,446]--test_invest.py--177--INFO:第14条用例执行结果为PASS
[2020-06-21 08:59:06,447]--test_invest.py--183--INFO:*************开始回写数据***************
[2020-06-21 08:59:06,805]--test_invest.py--185--INFO:正在回写实际结果actual：{'code': 0, 'msg': 'OK', 'data': {'id': 1940, 'member_id': 173720, 'loan_id': 1245787, 'amount': 200.0, 'create_time': '2020-06-21 08:59:08', 'is_valid': 1}, 'copyright': 'Copyright 柠檬班 © 2017-2020 湖南省零檬信息技术有限公司 All Rights Reserved'}
[2020-06-21 08:59:07,150]--test_invest.py--187--INFO:正在回写测试结果test_result：PASS
[2020-06-21 08:59:07,151]--test_invest.py--188--INFO:*************结束回写数据***************
[2020-06-21 08:59:07,337]--test_invest.py--42--INFO:******************正在执行invest模块用例******************
[2020-06-21 08:59:07,338]--test_invest.py--43--INFO:正在执行第15条用例:投资金额校验--投资金额输入为不能被100整除的正整数
[2020-06-21 08:59:07,338]--test_invest.py--44--INFO:请求的数据是{'case_id': 15, 'interface': 'invest', 'title': '投资金额校验--投资金额输入为不能被100整除的正整数', 'method': 'POST', 'url': '/member/invest', 'data': '{"member_id":"#member_id#","loan_id":"#loanid#","amount":"101"}', 'headers': '{"X-Lemonban-Media-Type": "lemonban.v2","Authorization":"#token#"}', 'yes_or_no': 'NO', 'expected': '{"code": 2,"msg": "充值金额必须大于100，并且可以被100整除"}', 'actucal': "{'code': 2, 'msg': '充值金额必须大于100，并且可以被100整除', 'data': None, 'copyright': 'Copyright 柠檬班 © 2017-2020 湖南省零檬信息技术有限公司 All Rights Reserved'}", 'test_result': 'PASS'}
[2020-06-21 08:59:07,338]--test_invest.py--129--INFO:======================正在查询原始投资记录条数=======================
[2020-06-21 08:59:07,353]--test_invest.py--133--INFO:账户id为173720的原始投资记录条数为12
[2020-06-21 08:59:07,353]--test_invest.py--136--INFO:======================正在查询原始投资流水记录条数=======================
[2020-06-21 08:59:07,376]--test_invest.py--140--INFO:账户id为173720的原始投资流水条数为12
[2020-06-21 08:59:07,395]--test_invest.py--177--INFO:第15条用例执行结果为PASS
[2020-06-21 08:59:07,396]--test_invest.py--183--INFO:*************开始回写数据***************
[2020-06-21 08:59:07,751]--test_invest.py--185--INFO:正在回写实际结果actual：{'code': 2, 'msg': '充值金额必须大于100，并且可以被100整除', 'data': None, 'copyright': 'Copyright 柠檬班 © 2017-2020 湖南省零檬信息技术有限公司 All Rights Reserved'}
[2020-06-21 08:59:08,109]--test_invest.py--187--INFO:正在回写测试结果test_result：PASS
[2020-06-21 08:59:08,109]--test_invest.py--188--INFO:*************结束回写数据***************
[2020-06-21 08:59:08,286]--test_invest.py--42--INFO:******************正在执行invest模块用例******************
[2020-06-21 08:59:08,287]--test_invest.py--43--INFO:正在执行第16条用例:投资金额校验--投资金额输入负数
[2020-06-21 08:59:08,287]--test_invest.py--44--INFO:请求的数据是{'case_id': 16, 'interface': 'invest', 'title': '投资金额校验--投资金额输入负数', 'method': 'POST', 'url': '/member/invest', 'data': '{"member_id":"#member_id#","loan_id":"#loanid#","amount":"-100"}', 'headers': '{"X-Lemonban-Media-Type": "lemonban.v2","Authorization":"#token#"}', 'yes_or_no': 'NO', 'expected': '{"code": 2,"msg": "充值金额必须大于100，并且可以被100整除"}', 'actucal': "{'code': 2, 'msg': '充值金额必须大于100，并且可以被100整除', 'data': None, 'copyright': 'Copyright 柠檬班 © 2017-2020 湖南省零檬信息技术有限公司 All Rights Reserved'}", 'test_result': 'PASS'}
[2020-06-21 08:59:08,287]--test_invest.py--129--INFO:======================正在查询原始投资记录条数=======================
[2020-06-21 08:59:08,298]--test_invest.py--133--INFO:账户id为173720的原始投资记录条数为12
[2020-06-21 08:59:08,298]--test_invest.py--136--INFO:======================正在查询原始投资流水记录条数=======================
[2020-06-21 08:59:08,315]--test_invest.py--140--INFO:账户id为173720的原始投资流水条数为12
[2020-06-21 08:59:08,336]--test_invest.py--177--INFO:第16条用例执行结果为PASS
[2020-06-21 08:59:08,337]--test_invest.py--183--INFO:*************开始回写数据***************
[2020-06-21 08:59:08,813]--test_invest.py--185--INFO:正在回写实际结果actual：{'code': 2, 'msg': '充值金额必须大于100，并且可以被100整除', 'data': None, 'copyright': 'Copyright 柠檬班 © 2017-2020 湖南省零檬信息技术有限公司 All Rights Reserved'}
[2020-06-21 08:59:09,291]--test_invest.py--187--INFO:正在回写测试结果test_result：PASS
[2020-06-21 08:59:09,291]--test_invest.py--188--INFO:*************结束回写数据***************
[2020-06-21 08:59:09,421]--test_invest.py--42--INFO:******************正在执行invest模块用例******************
[2020-06-21 08:59:09,421]--test_invest.py--43--INFO:正在执行第17条用例:投资金额校验--投资金额输入小数
[2020-06-21 08:59:09,421]--test_invest.py--44--INFO:请求的数据是{'case_id': 17, 'interface': 'invest', 'title': '投资金额校验--投资金额输入小数', 'method': 'POST', 'url': '/member/invest', 'data': '{"member_id":"#member_id#","loan_id":"#loanid#","amount":"100.88"}', 'headers': '{"X-Lemonban-Media-Type": "lemonban.v2","Authorization":"#token#"}', 'yes_or_no': 'NO', 'expected': '{"code": 2,"msg": "充值金额必须大于100，并且可以被100整除"}', 'actucal': "{'code': 2, 'msg': '充值金额必须大于100，并且可以被100整除', 'data': None, 'copyright': 'Copyright 柠檬班 © 2017-2020 湖南省零檬信息技术有限公司 All Rights Reserved'}", 'test_result': 'PASS'}
[2020-06-21 08:59:09,421]--test_invest.py--129--INFO:======================正在查询原始投资记录条数=======================
[2020-06-21 08:59:09,432]--test_invest.py--133--INFO:账户id为173720的原始投资记录条数为12
[2020-06-21 08:59:09,432]--test_invest.py--136--INFO:======================正在查询原始投资流水记录条数=======================
[2020-06-21 08:59:09,448]--test_invest.py--140--INFO:账户id为173720的原始投资流水条数为12
[2020-06-21 08:59:09,466]--test_invest.py--177--INFO:第17条用例执行结果为PASS
[2020-06-21 08:59:09,467]--test_invest.py--183--INFO:*************开始回写数据***************
[2020-06-21 08:59:09,823]--test_invest.py--185--INFO:正在回写实际结果actual：{'code': 2, 'msg': '充值金额必须大于100，并且可以被100整除', 'data': None, 'copyright': 'Copyright 柠檬班 © 2017-2020 湖南省零檬信息技术有限公司 All Rights Reserved'}
[2020-06-21 08:59:10,213]--test_invest.py--187--INFO:正在回写测试结果test_result：PASS
[2020-06-21 08:59:10,213]--test_invest.py--188--INFO:*************结束回写数据***************
[2020-06-21 08:59:10,342]--test_invest.py--42--INFO:******************正在执行invest模块用例******************
[2020-06-21 08:59:10,343]--test_invest.py--43--INFO:正在执行第18条用例:投资金额校验--投资金额输入非法字符
[2020-06-21 08:59:10,343]--test_invest.py--44--INFO:请求的数据是{'case_id': 18, 'interface': 'invest', 'title': '投资金额校验--投资金额输入非法字符', 'method': 'POST', 'url': '/member/invest', 'data': '{"member_id":"#member_id#","loan_id":"#loanid#","amount":"ddd"}', 'headers': '{"X-Lemonban-Media-Type": "lemonban.v2","Authorization":"#token#"}', 'yes_or_no': 'NO', 'expected': '{"code": 2,"msg": "数值参数格式错误"}', 'actucal': "{'code': 2, 'msg': '数值参数格式错误', 'data': None, 'copyright': 'Copyright 柠檬班 © 2017-2020 湖南省零檬信息技术有限公司 All Rights Reserved'}", 'test_result': 'PASS'}
[2020-06-21 08:59:10,344]--test_invest.py--129--INFO:======================正在查询原始投资记录条数=======================
[2020-06-21 08:59:10,353]--test_invest.py--133--INFO:账户id为173720的原始投资记录条数为12
[2020-06-21 08:59:10,353]--test_invest.py--136--INFO:======================正在查询原始投资流水记录条数=======================
[2020-06-21 08:59:10,370]--test_invest.py--140--INFO:账户id为173720的原始投资流水条数为12
[2020-06-21 08:59:10,389]--test_invest.py--177--INFO:第18条用例执行结果为PASS
[2020-06-21 08:59:10,390]--test_invest.py--183--INFO:*************开始回写数据***************
[2020-06-21 08:59:10,909]--test_invest.py--185--INFO:正在回写实际结果actual：{'code': 2, 'msg': '数值参数格式错误', 'data': None, 'copyright': 'Copyright 柠檬班 © 2017-2020 湖南省零檬信息技术有限公司 All Rights Reserved'}
[2020-06-21 08:59:11,391]--test_invest.py--187--INFO:正在回写测试结果test_result：PASS
[2020-06-21 08:59:11,392]--test_invest.py--188--INFO:*************结束回写数据***************
[2020-06-21 08:59:11,533]--test_invest.py--42--INFO:******************正在执行invest模块用例******************
[2020-06-21 08:59:11,533]--test_invest.py--43--INFO:正在执行第19条用例:投资金额校验--投资金额输入大于可投标金额
[2020-06-21 08:59:11,534]--test_invest.py--44--INFO:请求的数据是{'case_id': 19, 'interface': 'invest', 'title': '投资金额校验--投资金额输入大于可投标金额', 'method': 'POST', 'url': '/member/invest', 'data': '{"member_id":"#member_id#","loan_id":"#otherid#","amount":"#max_amt#"}', 'headers': '{"X-Lemonban-Media-Type": "lemonban.v2","Authorization":"#token#"}', 'yes_or_no': 'NO', 'expected': '{"code": 2,"msg": "该标可投金额不足,可投金额：9800.0"}', 'actucal': "{'code': 2, 'msg': '该标可投金额不足,可投金额：7900.0', 'data': None, 'copyright': 'Copyright 柠檬班 © 2017-2020 湖南省零檬信息技术有限公司 All Rights Reserved'}", 'test_result': 'FAILED'}
[2020-06-21 08:59:11,543]--test_invest.py--129--INFO:======================正在查询原始投资记录条数=======================
[2020-06-21 08:59:11,553]--test_invest.py--133--INFO:账户id为173720的原始投资记录条数为12
[2020-06-21 08:59:11,553]--test_invest.py--136--INFO:======================正在查询原始投资流水记录条数=======================
[2020-06-21 08:59:11,567]--test_invest.py--140--INFO:账户id为173720的原始投资流水条数为12
[2020-06-21 08:59:11,591]--test_invest.py--179--ERROR:执行接口测试出现错误，错误是False is not true
[2020-06-21 08:59:11,591]--test_invest.py--181--ERROR:第19条用例执行结果为FAILED
[2020-06-21 08:59:11,591]--test_invest.py--183--INFO:*************开始回写数据***************
[2020-06-21 08:59:12,071]--test_invest.py--185--INFO:正在回写实际结果actual：{'code': 2, 'msg': '该标可投金额不足,可投金额：7300.0', 'data': None, 'copyright': 'Copyright 柠檬班 © 2017-2020 湖南省零檬信息技术有限公司 All Rights Reserved'}
[2020-06-21 08:59:12,530]--test_invest.py--187--INFO:正在回写测试结果test_result：FAILED
[2020-06-21 08:59:12,531]--test_invest.py--188--INFO:*************结束回写数据***************
[2020-06-21 08:59:12,678]--test_invest.py--42--INFO:******************正在执行invest模块用例******************
[2020-06-21 08:59:12,679]--test_invest.py--43--INFO:正在执行第20条用例:投资金额校验--投资金额输入等于可投标金额,投标完成
[2020-06-21 08:59:12,679]--test_invest.py--44--INFO:请求的数据是{'case_id': 20, 'interface': 'invest', 'title': '投资金额校验--投资金额输入等于可投标金额,投标完成', 'method': 'POST', 'url': '/member/invest', 'data': '{"member_id":"#member_id#","loan_id":"#loanid#","amount":"#amount#"}', 'headers': '{"X-Lemonban-Media-Type": "lemonban.v2","Authorization":"#token#"}', 'yes_or_no': 'YES', 'expected': '{"code": 0,"msg": "OK"}', 'actucal': "{'code': 0, 'msg': 'OK', 'data': {'id': 1935, 'member_id': 173720, 'loan_id': 1245772, 'amount': 80000.0, 'create_time': '2020-06-21 08:56:24', 'is_valid': 1}, 'copyright': 'Copyright 柠檬班 © 2017-2020 湖南省零檬信息技术有限公司 All Rights Reserved'}", 'test_result': 'FAILED'}
[2020-06-21 08:59:12,695]--test_invest.py--94--INFO:======================正在查询原始金额=======================
[2020-06-21 08:59:12,757]--test_invest.py--102--INFO:账户id为173720的账户原始金额是26000.00
[2020-06-21 08:59:12,757]--test_invest.py--129--INFO:======================正在查询原始投资记录条数=======================
[2020-06-21 08:59:12,773]--test_invest.py--133--INFO:账户id为173720的原始投资记录条数为12
[2020-06-21 08:59:12,774]--test_invest.py--136--INFO:======================正在查询原始投资流水记录条数=======================
[2020-06-21 08:59:12,796]--test_invest.py--140--INFO:账户id为173720的原始投资流水条数为12
[2020-06-21 08:59:12,843]--test_invest.py--177--INFO:第20条用例执行结果为PASS
[2020-06-21 08:59:12,843]--test_invest.py--183--INFO:*************开始回写数据***************
[2020-06-21 08:59:13,200]--test_invest.py--185--INFO:正在回写实际结果actual：{'code': 0, 'msg': 'OK', 'data': {'id': 1941, 'member_id': 173720, 'loan_id': 1245793, 'amount': 80000.0, 'create_time': '2020-06-21 08:59:14', 'is_valid': 1}, 'copyright': 'Copyright 柠檬班 © 2017-2020 湖南省零檬信息技术有限公司 All Rights Reserved'}
[2020-06-21 08:59:13,549]--test_invest.py--187--INFO:正在回写测试结果test_result：PASS
[2020-06-21 08:59:13,549]--test_invest.py--188--INFO:*************结束回写数据***************
[2020-06-21 08:59:13,764]--test_invest.py--42--INFO:******************正在执行invest模块用例******************
[2020-06-21 08:59:13,764]--test_invest.py--43--INFO:正在执行第21条用例:投资金额校验--投资金额输入大于用户余额,余额不足
[2020-06-21 08:59:13,765]--test_invest.py--44--INFO:请求的数据是{'case_id': 21, 'interface': 'invest', 'title': '投资金额校验--投资金额输入大于用户余额,余额不足', 'method': 'POST', 'url': '/member/invest', 'data': '{"member_id":"#member_id#","loan_id":"#loanid#","amount":"#min_amt#"}', 'headers': '{"X-Lemonban-Media-Type": "lemonban.v2","Authorization":"#token#"}', 'yes_or_no': 'NO', 'expected': '{"code": 0,"msg": "OK"}', 'actucal': "{'code': 0, 'msg': 'OK', 'data': {'id': 1929, 'member_id': 173720, 'loan_id': 1245750, 'amount': 10000.0, 'create_time': '2020-06-21 08:54:33', 'is_valid': 1}, 'copyright': 'Copyright 柠檬班 © 2017-2020 湖南省零檬信息技术有限公司 All Rights Reserved'}", 'test_result': 'FAILED'}
[2020-06-21 08:59:13,765]--test_invest.py--129--INFO:======================正在查询原始投资记录条数=======================
[2020-06-21 08:59:13,781]--test_invest.py--133--INFO:账户id为173720的原始投资记录条数为13
[2020-06-21 08:59:13,782]--test_invest.py--136--INFO:======================正在查询原始投资流水记录条数=======================
[2020-06-21 08:59:13,805]--test_invest.py--140--INFO:账户id为173720的原始投资流水条数为13
[2020-06-21 08:59:13,839]--test_invest.py--177--INFO:第21条用例执行结果为PASS
[2020-06-21 08:59:13,839]--test_invest.py--183--INFO:*************开始回写数据***************
[2020-06-21 08:59:14,208]--test_invest.py--185--INFO:正在回写实际结果actual：{'code': 0, 'msg': 'OK', 'data': {'id': 1942, 'member_id': 173720, 'loan_id': 1245794, 'amount': 36000.0, 'create_time': '2020-06-21 08:59:15', 'is_valid': 1}, 'copyright': 'Copyright 柠檬班 © 2017-2020 湖南省零檬信息技术有限公司 All Rights Reserved'}
[2020-06-21 08:59:14,619]--test_invest.py--187--INFO:正在回写测试结果test_result：PASS
[2020-06-21 08:59:14,619]--test_invest.py--188--INFO:*************结束回写数据***************
