[2020-06-21 14:52:23,081]--test_invest.py--42--INFO:******************正在执行invest模块用例******************
[2020-06-21 14:52:23,081]--test_invest.py--43--INFO:正在执行第1条用例:用户id校验--输入已注册用户id
[2020-06-21 14:52:23,081]--test_invest.py--44--INFO:请求的数据是{'case_id': 1, 'interface': 'invest', 'title': '用户id校验--输入已注册用户id', 'method': 'POST', 'url': '/member/invest', 'data': '{"member_id":"#member_id#","loan_id":"#loanid#","amount":"1000"}', 'headers': '{"X-Lemonban-Media-Type": "lemonban.v2","Authorization":"#token#"}', 'yes_or_no': 'YES', 'expected': '{"code": 0,"msg": "OK"}', 'actucal': "{'code': 0, 'msg': 'OK', 'data': {'id': 2029, 'member_id': 173720, 'loan_id': 1246415, 'amount': 1000.0, 'create_time': '2020-06-21 14:40:29', 'is_valid': 1}, 'copyright': 'Copyright 柠檬班 © 2017-2020 湖南省零檬信息技术有限公司 All Rights Reserved'}", 'test_result': 'PASS'}
[2020-06-21 14:52:23,081]--test_invest.py--94--INFO:======================正在查询原始金额=======================
[2020-06-21 14:52:23,127]--test_invest.py--102--INFO:账户id为173720的账户原始金额是29400.00
[2020-06-21 14:52:23,127]--test_invest.py--134--INFO:======================正在查询原始投资记录条数=======================
[2020-06-21 14:52:23,143]--test_invest.py--138--INFO:账户id为173720的原始投资记录条数为38
[2020-06-21 14:52:23,143]--test_invest.py--141--INFO:======================正在查询原始投资流水记录条数=======================
[2020-06-21 14:52:23,159]--test_invest.py--145--INFO:账户id为173720的原始投资流水条数为38
[2020-06-21 14:52:23,196]--test_invest.py--182--INFO:第1条用例执行结果为PASS
[2020-06-21 14:52:23,196]--test_invest.py--188--INFO:*************开始回写数据***************
[2020-06-21 14:52:23,512]--test_invest.py--190--INFO:正在回写实际结果actual：{'code': 0, 'msg': 'OK', 'data': {'id': 2035, 'member_id': 173720, 'loan_id': 1246461, 'amount': 1000.0, 'create_time': '2020-06-21 14:52:24', 'is_valid': 1}, 'copyright': 'Copyright 柠檬班 © 2017-2020 湖南省零檬信息技术有限公司 All Rights Reserved'}
[2020-06-21 14:52:23,844]--test_invest.py--192--INFO:正在回写测试结果test_result：PASS
[2020-06-21 14:52:23,844]--test_invest.py--193--INFO:*************结束回写数据***************
[2020-06-21 14:52:24,045]--test_invest.py--42--INFO:******************正在执行invest模块用例******************
[2020-06-21 14:52:24,045]--test_invest.py--43--INFO:正在执行第2条用例:用户id校验--输入不存在的用户id
[2020-06-21 14:52:24,045]--test_invest.py--44--INFO:请求的数据是{'case_id': 2, 'interface': 'invest', 'title': '用户id校验--输入不存在的用户id', 'method': 'POST', 'url': '/member/invest', 'data': '{"member_id":"s13361","loan_id":"#loanid#","amount":"20000"}', 'headers': '{"X-Lemonban-Media-Type": "lemonban.v2","Authorization":"#token#"}', 'yes_or_no': 'NO', 'expected': '{"code": 2,"msg": "数值参数格式错误"}', 'actucal': "{'code': 2, 'msg': '数值参数格式错误', 'data': None, 'copyright': 'Copyright 柠檬班 © 2017-2020 湖南省零檬信息技术有限公司 All Rights Reserved'}", 'test_result': 'PASS'}
[2020-06-21 14:52:24,045]--test_invest.py--134--INFO:======================正在查询原始投资记录条数=======================
[2020-06-21 14:52:24,067]--test_invest.py--138--INFO:账户id为173720的原始投资记录条数为39
[2020-06-21 14:52:24,067]--test_invest.py--141--INFO:======================正在查询原始投资流水记录条数=======================
[2020-06-21 14:52:24,082]--test_invest.py--145--INFO:账户id为173720的原始投资流水条数为39
[2020-06-21 14:52:24,113]--test_invest.py--182--INFO:第2条用例执行结果为PASS
[2020-06-21 14:52:24,113]--test_invest.py--188--INFO:*************开始回写数据***************
[2020-06-21 14:52:24,499]--test_invest.py--190--INFO:正在回写实际结果actual：{'code': 2, 'msg': '数值参数格式错误', 'data': None, 'copyright': 'Copyright 柠檬班 © 2017-2020 湖南省零檬信息技术有限公司 All Rights Reserved'}
[2020-06-21 14:52:24,815]--test_invest.py--192--INFO:正在回写测试结果test_result：PASS
[2020-06-21 14:52:24,815]--test_invest.py--193--INFO:*************结束回写数据***************
[2020-06-21 14:52:24,969]--test_invest.py--42--INFO:******************正在执行invest模块用例******************
[2020-06-21 14:52:24,969]--test_invest.py--43--INFO:正在执行第3条用例:用户id校验--id输入为空
[2020-06-21 14:52:24,969]--test_invest.py--44--INFO:请求的数据是{'case_id': 3, 'interface': 'invest', 'title': '用户id校验--id输入为空', 'method': 'POST', 'url': '/member/invest', 'data': '{"member_id":"","loan_id":"#loanid#","amount":"100"}', 'headers': '{"X-Lemonban-Media-Type": "lemonban.v2","Authorization":"#token#"}', 'yes_or_no': 'NO', 'expected': '{"code": 2,"msg": "数值参数格式错误"}', 'actucal': "{'code': 2, 'msg': '数值参数格式错误', 'data': None, 'copyright': 'Copyright 柠檬班 © 2017-2020 湖南省零檬信息技术有限公司 All Rights Reserved'}", 'test_result': 'PASS'}
[2020-06-21 14:52:24,969]--test_invest.py--134--INFO:======================正在查询原始投资记录条数=======================
[2020-06-21 14:52:24,984]--test_invest.py--138--INFO:账户id为173720的原始投资记录条数为39
[2020-06-21 14:52:24,984]--test_invest.py--141--INFO:======================正在查询原始投资流水记录条数=======================
[2020-06-21 14:52:25,016]--test_invest.py--145--INFO:账户id为173720的原始投资流水条数为39
[2020-06-21 14:52:25,031]--test_invest.py--182--INFO:第3条用例执行结果为PASS
[2020-06-21 14:52:25,031]--test_invest.py--188--INFO:*************开始回写数据***************
[2020-06-21 14:52:25,385]--test_invest.py--190--INFO:正在回写实际结果actual：{'code': 2, 'msg': '数值参数格式错误', 'data': None, 'copyright': 'Copyright 柠檬班 © 2017-2020 湖南省零檬信息技术有限公司 All Rights Reserved'}
[2020-06-21 14:52:25,765]--test_invest.py--192--INFO:正在回写测试结果test_result：PASS
[2020-06-21 14:52:25,765]--test_invest.py--193--INFO:*************结束回写数据***************
[2020-06-21 14:52:25,965]--test_invest.py--42--INFO:******************正在执行invest模块用例******************
[2020-06-21 14:52:25,965]--test_invest.py--43--INFO:正在执行第4条用例:投资项目id校验--输入投标中状态2(竞标中)的项目id
[2020-06-21 14:52:25,965]--test_invest.py--44--INFO:请求的数据是{'case_id': 4, 'interface': 'invest', 'title': '投资项目id校验--输入投标中状态2(竞标中)的项目id', 'method': 'POST', 'url': '/member/invest', 'data': '{"member_id":"#member_id#","loan_id":"#loanid#","amount":"100"}', 'headers': '{"X-Lemonban-Media-Type": "lemonban.v2","Authorization":"#token#"}', 'yes_or_no': 'YES', 'expected': '{"code": 0,"msg": "OK"}', 'actucal': "{'code': 0, 'msg': 'OK', 'data': {'id': 2030, 'member_id': 173720, 'loan_id': 1246418, 'amount': 100.0, 'create_time': '2020-06-21 14:40:34', 'is_valid': 1}, 'copyright': 'Copyright 柠檬班 © 2017-2020 湖南省零檬信息技术有限公司 All Rights Reserved'}", 'test_result': 'PASS'}
[2020-06-21 14:52:25,965]--test_invest.py--94--INFO:======================正在查询原始金额=======================
[2020-06-21 14:52:26,034]--test_invest.py--102--INFO:账户id为173720的账户原始金额是48400.00
[2020-06-21 14:52:26,034]--test_invest.py--134--INFO:======================正在查询原始投资记录条数=======================
[2020-06-21 14:52:26,050]--test_invest.py--138--INFO:账户id为173720的原始投资记录条数为39
[2020-06-21 14:52:26,050]--test_invest.py--141--INFO:======================正在查询原始投资流水记录条数=======================
[2020-06-21 14:52:26,072]--test_invest.py--145--INFO:账户id为173720的原始投资流水条数为39
[2020-06-21 14:52:26,103]--test_invest.py--182--INFO:第4条用例执行结果为PASS
[2020-06-21 14:52:26,103]--test_invest.py--188--INFO:*************开始回写数据***************
[2020-06-21 14:52:26,435]--test_invest.py--190--INFO:正在回写实际结果actual：{'code': 0, 'msg': 'OK', 'data': {'id': 2036, 'member_id': 173720, 'loan_id': 1246465, 'amount': 100.0, 'create_time': '2020-06-21 14:52:27', 'is_valid': 1}, 'copyright': 'Copyright 柠檬班 © 2017-2020 湖南省零檬信息技术有限公司 All Rights Reserved'}
[2020-06-21 14:52:26,752]--test_invest.py--192--INFO:正在回写测试结果test_result：PASS
[2020-06-21 14:52:26,752]--test_invest.py--193--INFO:*************结束回写数据***************
[2020-06-21 14:52:26,968]--test_invest.py--42--INFO:******************正在执行invest模块用例******************
[2020-06-21 14:52:26,968]--test_invest.py--43--INFO:正在执行第5条用例:投资项目id校验--输入非投标中状态为1(审核中)的项目id
[2020-06-21 14:52:26,968]--test_invest.py--44--INFO:请求的数据是{'case_id': 5, 'interface': 'invest', 'title': '投资项目id校验--输入非投标中状态为1(审核中)的项目id', 'method': 'POST', 'url': '/member/invest', 'data': '{"member_id":"#member_id#","loan_id":"#shz#","amount":"100"}', 'headers': '{"X-Lemonban-Media-Type": "lemonban.v2","Authorization":"#token#"}', 'yes_or_no': 'NO', 'expected': '{"code": 2,"msg": "该项目不在竞标中状态"}', 'actucal': "{'code': 2, 'msg': '该项目不在竞标中状态', 'data': None, 'copyright': 'Copyright 柠檬班 © 2017-2020 湖南省零檬信息技术有限公司 All Rights Reserved'}", 'test_result': 'PASS'}
[2020-06-21 14:52:26,975]--test_invest.py--134--INFO:======================正在查询原始投资记录条数=======================
[2020-06-21 14:52:26,990]--test_invest.py--138--INFO:账户id为173720的原始投资记录条数为40
[2020-06-21 14:52:26,990]--test_invest.py--141--INFO:======================正在查询原始投资流水记录条数=======================
[2020-06-21 14:52:27,006]--test_invest.py--145--INFO:账户id为173720的原始投资流水条数为40
[2020-06-21 14:52:27,037]--test_invest.py--182--INFO:第5条用例执行结果为PASS
[2020-06-21 14:52:27,037]--test_invest.py--188--INFO:*************开始回写数据***************
[2020-06-21 14:52:27,376]--test_invest.py--190--INFO:正在回写实际结果actual：{'code': 2, 'msg': '该项目不在竞标中状态', 'data': None, 'copyright': 'Copyright 柠檬班 © 2017-2020 湖南省零檬信息技术有限公司 All Rights Reserved'}
[2020-06-21 14:52:27,639]--test_invest.py--192--INFO:正在回写测试结果test_result：PASS
[2020-06-21 14:52:27,639]--test_invest.py--193--INFO:*************结束回写数据***************
[2020-06-21 14:52:27,777]--test_invest.py--42--INFO:******************正在执行invest模块用例******************
[2020-06-21 14:52:27,792]--test_invest.py--43--INFO:正在执行第6条用例:投资项目id校验--输入非投标中状态3(还款中)的项目id
[2020-06-21 14:52:27,792]--test_invest.py--44--INFO:请求的数据是{'case_id': 6, 'interface': 'invest', 'title': '投资项目id校验--输入非投标中状态3(还款中)的项目id', 'method': 'POST', 'url': '/member/invest', 'data': '{"member_id":"#member_id#","loan_id":"#hkz#","amount":"100"}', 'headers': '{"X-Lemonban-Media-Type": "lemonban.v2","Authorization":"#token#"}', 'yes_or_no': 'NO', 'expected': '{"code": 2,"msg": "该项目不在竞标中状态"}', 'actucal': "{'code': 2, 'msg': '该项目不在竞标中状态', 'data': None, 'copyright': 'Copyright 柠檬班 © 2017-2020 湖南省零檬信息技术有限公司 All Rights Reserved'}", 'test_result': 'PASS'}
[2020-06-21 14:52:27,808]--test_invest.py--134--INFO:======================正在查询原始投资记录条数=======================
[2020-06-21 14:52:27,824]--test_invest.py--138--INFO:账户id为173720的原始投资记录条数为40
[2020-06-21 14:52:27,824]--test_invest.py--141--INFO:======================正在查询原始投资流水记录条数=======================
[2020-06-21 14:52:27,839]--test_invest.py--145--INFO:账户id为173720的原始投资流水条数为40
[2020-06-21 14:52:27,871]--test_invest.py--182--INFO:第6条用例执行结果为PASS
[2020-06-21 14:52:27,871]--test_invest.py--188--INFO:*************开始回写数据***************
[2020-06-21 14:52:28,193]--test_invest.py--190--INFO:正在回写实际结果actual：{'code': 2, 'msg': '该项目不在竞标中状态', 'data': None, 'copyright': 'Copyright 柠檬班 © 2017-2020 湖南省零檬信息技术有限公司 All Rights Reserved'}
[2020-06-21 14:52:28,477]--test_invest.py--192--INFO:正在回写测试结果test_result：PASS
[2020-06-21 14:52:28,477]--test_invest.py--193--INFO:*************结束回写数据***************
[2020-06-21 14:52:28,609]--test_invest.py--42--INFO:******************正在执行invest模块用例******************
[2020-06-21 14:52:28,609]--test_invest.py--43--INFO:正在执行第7条用例:投资项目id校验--输入非投标中状态4(还款完成)的项目id
[2020-06-21 14:52:28,609]--test_invest.py--44--INFO:请求的数据是{'case_id': 7, 'interface': 'invest', 'title': '投资项目id校验--输入非投标中状态4(还款完成)的项目id', 'method': 'POST', 'url': '/member/invest', 'data': '{"member_id":"#member_id#","loan_id":"#hwc#","amount":"100"}', 'headers': '{"X-Lemonban-Media-Type": "lemonban.v2","Authorization":"#token#"}', 'yes_or_no': 'NO', 'expected': '{"code": 2,"msg": "该项目不在竞标中状态"}', 'actucal': "{'code': 2, 'msg': '该项目不在竞标中状态', 'data': None, 'copyright': 'Copyright 柠檬班 © 2017-2020 湖南省零檬信息技术有限公司 All Rights Reserved'}", 'test_result': 'PASS'}
[2020-06-21 14:52:28,624]--test_invest.py--134--INFO:======================正在查询原始投资记录条数=======================
[2020-06-21 14:52:28,624]--test_invest.py--138--INFO:账户id为173720的原始投资记录条数为40
[2020-06-21 14:52:28,624]--test_invest.py--141--INFO:======================正在查询原始投资流水记录条数=======================
[2020-06-21 14:52:28,640]--test_invest.py--145--INFO:账户id为173720的原始投资流水条数为40
[2020-06-21 14:52:28,671]--test_invest.py--182--INFO:第7条用例执行结果为PASS
[2020-06-21 14:52:28,671]--test_invest.py--188--INFO:*************开始回写数据***************
[2020-06-21 14:52:29,057]--test_invest.py--190--INFO:正在回写实际结果actual：{'code': 2, 'msg': '该项目不在竞标中状态', 'data': None, 'copyright': 'Copyright 柠檬班 © 2017-2020 湖南省零檬信息技术有限公司 All Rights Reserved'}
[2020-06-21 14:52:29,342]--test_invest.py--192--INFO:正在回写测试结果test_result：PASS
[2020-06-21 14:52:29,342]--test_invest.py--193--INFO:*************结束回写数据***************
[2020-06-21 14:52:29,480]--test_invest.py--42--INFO:******************正在执行invest模块用例******************
[2020-06-21 14:52:29,480]--test_invest.py--43--INFO:正在执行第8条用例:投资项目id校验--输入非投标中状态5(审核不通过)的项目id
[2020-06-21 14:52:29,480]--test_invest.py--44--INFO:请求的数据是{'case_id': 8, 'interface': 'invest', 'title': '投资项目id校验--输入非投标中状态5(审核不通过)的项目id', 'method': 'POST', 'url': '/member/invest', 'data': '{"member_id":"#member_id#","loan_id":"#btg#","amount":"100"}', 'headers': '{"X-Lemonban-Media-Type": "lemonban.v2","Authorization":"#token#"}', 'yes_or_no': 'NO', 'expected': '{"code": 2,"msg": "该项目不在竞标中状态"}', 'actucal': "{'code': 2, 'msg': '该项目不在竞标中状态', 'data': None, 'copyright': 'Copyright 柠檬班 © 2017-2020 湖南省零檬信息技术有限公司 All Rights Reserved'}", 'test_result': 'PASS'}
[2020-06-21 14:52:29,480]--test_invest.py--134--INFO:======================正在查询原始投资记录条数=======================
[2020-06-21 14:52:29,495]--test_invest.py--138--INFO:账户id为173720的原始投资记录条数为40
[2020-06-21 14:52:29,495]--test_invest.py--141--INFO:======================正在查询原始投资流水记录条数=======================
[2020-06-21 14:52:29,511]--test_invest.py--145--INFO:账户id为173720的原始投资流水条数为40
[2020-06-21 14:52:29,527]--test_invest.py--182--INFO:第8条用例执行结果为PASS
[2020-06-21 14:52:29,527]--test_invest.py--188--INFO:*************开始回写数据***************
[2020-06-21 14:52:29,881]--test_invest.py--190--INFO:正在回写实际结果actual：{'code': 2, 'msg': '该项目不在竞标中状态', 'data': None, 'copyright': 'Copyright 柠檬班 © 2017-2020 湖南省零檬信息技术有限公司 All Rights Reserved'}
[2020-06-21 14:52:30,159]--test_invest.py--192--INFO:正在回写测试结果test_result：PASS
[2020-06-21 14:52:30,159]--test_invest.py--193--INFO:*************结束回写数据***************
[2020-06-21 14:52:30,328]--test_invest.py--42--INFO:******************正在执行invest模块用例******************
[2020-06-21 14:52:30,343]--test_invest.py--43--INFO:正在执行第9条用例:投资项目id校验--输入用户自己创建的项目id
[2020-06-21 14:52:30,343]--test_invest.py--44--INFO:请求的数据是{'case_id': 9, 'interface': 'invest', 'title': '投资项目id校验--输入用户自己创建的项目id', 'method': 'POST', 'url': '/member/invest', 'data': '{"member_id":"#member_id#","loan_id":"#loanid#","amount":"100"}', 'headers': '{"X-Lemonban-Media-Type": "lemonban.v2","Authorization":"#token#"}', 'yes_or_no': 'YES', 'expected': '{"code": 0,"msg": "OK"}', 'actucal': "{'code': 0, 'msg': 'OK', 'data': {'id': 2031, 'member_id': 173720, 'loan_id': 1246423, 'amount': 100.0, 'create_time': '2020-06-21 14:40:38', 'is_valid': 1}, 'copyright': 'Copyright 柠檬班 © 2017-2020 湖南省零檬信息技术有限公司 All Rights Reserved'}", 'test_result': 'PASS'}
[2020-06-21 14:52:30,343]--test_invest.py--94--INFO:======================正在查询原始金额=======================
[2020-06-21 14:52:30,397]--test_invest.py--102--INFO:账户id为173720的账户原始金额是68300.00
[2020-06-21 14:52:30,397]--test_invest.py--134--INFO:======================正在查询原始投资记录条数=======================
[2020-06-21 14:52:30,412]--test_invest.py--138--INFO:账户id为173720的原始投资记录条数为40
[2020-06-21 14:52:30,412]--test_invest.py--141--INFO:======================正在查询原始投资流水记录条数=======================
[2020-06-21 14:52:30,428]--test_invest.py--145--INFO:账户id为173720的原始投资流水条数为40
[2020-06-21 14:52:30,481]--test_invest.py--182--INFO:第9条用例执行结果为PASS
[2020-06-21 14:52:30,481]--test_invest.py--188--INFO:*************开始回写数据***************
[2020-06-21 14:52:30,816]--test_invest.py--190--INFO:正在回写实际结果actual：{'code': 0, 'msg': 'OK', 'data': {'id': 2037, 'member_id': 173720, 'loan_id': 1246470, 'amount': 100.0, 'create_time': '2020-06-21 14:52:31', 'is_valid': 1}, 'copyright': 'Copyright 柠檬班 © 2017-2020 湖南省零檬信息技术有限公司 All Rights Reserved'}
[2020-06-21 14:52:31,101]--test_invest.py--192--INFO:正在回写测试结果test_result：PASS
[2020-06-21 14:52:31,101]--test_invest.py--193--INFO:*************结束回写数据***************
[2020-06-21 14:52:31,286]--test_invest.py--42--INFO:******************正在执行invest模块用例******************
[2020-06-21 14:52:31,286]--test_invest.py--43--INFO:正在执行第10条用例:投资项目id校验--输入其他用户创建的项目id
[2020-06-21 14:52:31,286]--test_invest.py--44--INFO:请求的数据是{'case_id': 10, 'interface': 'invest', 'title': '投资项目id校验--输入其他用户创建的项目id', 'method': 'POST', 'url': '/member/invest', 'data': '{"member_id":"#member_id#","loan_id":"#other_id#","amount":"600"}', 'headers': '{"X-Lemonban-Media-Type": "lemonban.v2","Authorization":"#token#"}', 'yes_or_no': 'YES', 'expected': '{"code": 0,"msg": "OK"}', 'actucal': "{'code': 0, 'msg': 'OK', 'data': {'id': 2032, 'member_id': 173720, 'loan_id': 11, 'amount': 600.0, 'create_time': '2020-06-21 14:40:39', 'is_valid': 1}, 'copyright': 'Copyright 柠檬班 © 2017-2020 湖南省零檬信息技术有限公司 All Rights Reserved'}", 'test_result': 'PASS'}
[2020-06-21 14:52:31,286]--test_invest.py--94--INFO:======================正在查询原始金额=======================
[2020-06-21 14:52:31,333]--test_invest.py--102--INFO:账户id为173720的账户原始金额是88200.00
[2020-06-21 14:52:31,355]--test_invest.py--134--INFO:======================正在查询原始投资记录条数=======================
[2020-06-21 14:52:31,355]--test_invest.py--138--INFO:账户id为173720的原始投资记录条数为41
[2020-06-21 14:52:31,355]--test_invest.py--141--INFO:======================正在查询原始投资流水记录条数=======================
[2020-06-21 14:52:31,370]--test_invest.py--145--INFO:账户id为173720的原始投资流水条数为41
[2020-06-21 14:52:31,433]--test_invest.py--182--INFO:第10条用例执行结果为PASS
[2020-06-21 14:52:31,433]--test_invest.py--188--INFO:*************开始回写数据***************
[2020-06-21 14:52:31,820]--test_invest.py--190--INFO:正在回写实际结果actual：{'code': 0, 'msg': 'OK', 'data': {'id': 2038, 'member_id': 173720, 'loan_id': 11, 'amount': 600.0, 'create_time': '2020-06-21 14:52:32', 'is_valid': 1}, 'copyright': 'Copyright 柠檬班 © 2017-2020 湖南省零檬信息技术有限公司 All Rights Reserved'}
[2020-06-21 14:52:32,123]--test_invest.py--192--INFO:正在回写测试结果test_result：PASS
[2020-06-21 14:52:32,123]--test_invest.py--193--INFO:*************结束回写数据***************
[2020-06-21 14:52:32,323]--test_invest.py--42--INFO:******************正在执行invest模块用例******************
[2020-06-21 14:52:32,323]--test_invest.py--43--INFO:正在执行第11条用例:投资项目id校验--输入不存在的项目id
[2020-06-21 14:52:32,323]--test_invest.py--44--INFO:请求的数据是{'case_id': 11, 'interface': 'invest', 'title': '投资项目id校验--输入不存在的项目id', 'method': 'POST', 'url': '/member/invest', 'data': '{"member_id":"#member_id#","loan_id":"888888888","amount":"100"}', 'headers': '{"X-Lemonban-Media-Type": "lemonban.v2","Authorization":"#token#"}', 'yes_or_no': 'NO', 'expected': '{"code": 2,"msg": "项目不存在"}', 'actucal': "{'code': 2, 'msg': '项目不存在', 'data': None, 'copyright': 'Copyright 柠檬班 © 2017-2020 湖南省零檬信息技术有限公司 All Rights Reserved'}", 'test_result': 'PASS'}
[2020-06-21 14:52:32,323]--test_invest.py--134--INFO:======================正在查询原始投资记录条数=======================
[2020-06-21 14:52:32,339]--test_invest.py--138--INFO:账户id为173720的原始投资记录条数为42
[2020-06-21 14:52:32,339]--test_invest.py--141--INFO:======================正在查询原始投资流水记录条数=======================
[2020-06-21 14:52:32,354]--test_invest.py--145--INFO:账户id为173720的原始投资流水条数为42
[2020-06-21 14:52:32,370]--test_invest.py--182--INFO:第11条用例执行结果为PASS
[2020-06-21 14:52:32,370]--test_invest.py--188--INFO:*************开始回写数据***************
[2020-06-21 14:52:32,686]--test_invest.py--190--INFO:正在回写实际结果actual：{'code': 2, 'msg': '项目不存在', 'data': None, 'copyright': 'Copyright 柠檬班 © 2017-2020 湖南省零檬信息技术有限公司 All Rights Reserved'}
[2020-06-21 14:52:33,040]--test_invest.py--192--INFO:正在回写测试结果test_result：PASS
[2020-06-21 14:52:33,040]--test_invest.py--193--INFO:*************结束回写数据***************
[2020-06-21 14:52:33,171]--test_invest.py--42--INFO:******************正在执行invest模块用例******************
[2020-06-21 14:52:33,171]--test_invest.py--43--INFO:正在执行第12条用例:投资项目id校验--项目id输入为空
[2020-06-21 14:52:33,171]--test_invest.py--44--INFO:请求的数据是{'case_id': 12, 'interface': 'invest', 'title': '投资项目id校验--项目id输入为空', 'method': 'POST', 'url': '/member/invest', 'data': '{"member_id":"#member_id#","loan_id":"","amount":"100"}', 'headers': '{"X-Lemonban-Media-Type": "lemonban.v2","Authorization":"#token#"}', 'yes_or_no': 'NO', 'expected': '{"code": 2,"msg": "数值参数格式错误"}', 'actucal': "{'code': 2, 'msg': '数值参数格式错误', 'data': None, 'copyright': 'Copyright 柠檬班 © 2017-2020 湖南省零檬信息技术有限公司 All Rights Reserved'}", 'test_result': 'PASS'}
[2020-06-21 14:52:33,171]--test_invest.py--134--INFO:======================正在查询原始投资记录条数=======================
[2020-06-21 14:52:33,193]--test_invest.py--138--INFO:账户id为173720的原始投资记录条数为42
[2020-06-21 14:52:33,193]--test_invest.py--141--INFO:======================正在查询原始投资流水记录条数=======================
[2020-06-21 14:52:33,209]--test_invest.py--145--INFO:账户id为173720的原始投资流水条数为42
[2020-06-21 14:52:33,224]--test_invest.py--182--INFO:第12条用例执行结果为PASS
[2020-06-21 14:52:33,224]--test_invest.py--188--INFO:*************开始回写数据***************
[2020-06-21 14:52:33,525]--test_invest.py--190--INFO:正在回写实际结果actual：{'code': 2, 'msg': '数值参数格式错误', 'data': None, 'copyright': 'Copyright 柠檬班 © 2017-2020 湖南省零檬信息技术有限公司 All Rights Reserved'}
[2020-06-21 14:52:33,810]--test_invest.py--192--INFO:正在回写测试结果test_result：PASS
[2020-06-21 14:52:33,810]--test_invest.py--193--INFO:*************结束回写数据***************
[2020-06-21 14:52:33,942]--test_invest.py--42--INFO:******************正在执行invest模块用例******************
[2020-06-21 14:52:33,942]--test_invest.py--43--INFO:正在执行第13条用例:投资金额校验--投资金额输入为空
[2020-06-21 14:52:33,942]--test_invest.py--44--INFO:请求的数据是{'case_id': 13, 'interface': 'invest', 'title': '投资金额校验--投资金额输入为空', 'method': 'POST', 'url': '/member/invest', 'data': '{"member_id":"#member_id#","loan_id":"#loanid#","amount":""}', 'headers': '{"X-Lemonban-Media-Type": "lemonban.v2","Authorization":"#token#"}', 'yes_or_no': 'NO', 'expected': '{"code": 2,"msg": "数值参数格式错误"}', 'actucal': "{'code': 2, 'msg': '数值参数格式错误', 'data': None, 'copyright': 'Copyright 柠檬班 © 2017-2020 湖南省零檬信息技术有限公司 All Rights Reserved'}", 'test_result': 'PASS'}
[2020-06-21 14:52:33,942]--test_invest.py--134--INFO:======================正在查询原始投资记录条数=======================
[2020-06-21 14:52:33,957]--test_invest.py--138--INFO:账户id为173720的原始投资记录条数为42
[2020-06-21 14:52:33,957]--test_invest.py--141--INFO:======================正在查询原始投资流水记录条数=======================
[2020-06-21 14:52:33,989]--test_invest.py--145--INFO:账户id为173720的原始投资流水条数为42
[2020-06-21 14:52:33,995]--test_invest.py--182--INFO:第13条用例执行结果为PASS
[2020-06-21 14:52:33,995]--test_invest.py--188--INFO:*************开始回写数据***************
[2020-06-21 14:52:34,343]--test_invest.py--190--INFO:正在回写实际结果actual：{'code': 2, 'msg': '数值参数格式错误', 'data': None, 'copyright': 'Copyright 柠檬班 © 2017-2020 湖南省零檬信息技术有限公司 All Rights Reserved'}
[2020-06-21 14:52:34,791]--test_invest.py--192--INFO:正在回写测试结果test_result：PASS
[2020-06-21 14:52:34,791]--test_invest.py--193--INFO:*************结束回写数据***************
[2020-06-21 14:52:34,945]--test_invest.py--42--INFO:******************正在执行invest模块用例******************
[2020-06-21 14:52:34,945]--test_invest.py--43--INFO:正在执行第14条用例:投资金额校验--投资金额输入为能被100整除的正整数
[2020-06-21 14:52:34,945]--test_invest.py--44--INFO:请求的数据是{'case_id': 14, 'interface': 'invest', 'title': '投资金额校验--投资金额输入为能被100整除的正整数', 'method': 'POST', 'url': '/member/invest', 'data': '{"member_id":"#member_id#","loan_id":"#loanid#","amount":"200"}', 'headers': '{"X-Lemonban-Media-Type": "lemonban.v2","Authorization":"#token#"}', 'yes_or_no': 'YES', 'expected': '{"code": 0,"msg": "OK"}', 'actucal': "{'code': 0, 'msg': 'OK', 'data': {'id': 2033, 'member_id': 173720, 'loan_id': 1246428, 'amount': 200.0, 'create_time': '2020-06-21 14:40:43', 'is_valid': 1}, 'copyright': 'Copyright 柠檬班 © 2017-2020 湖南省零檬信息技术有限公司 All Rights Reserved'}", 'test_result': 'PASS'}
[2020-06-21 14:52:34,945]--test_invest.py--94--INFO:======================正在查询原始金额=======================
[2020-06-21 14:52:34,960]--test_invest.py--105--INFO:账户id为173720的账户原始金额是87600.00
[2020-06-21 14:52:34,960]--test_invest.py--134--INFO:======================正在查询原始投资记录条数=======================
[2020-06-21 14:52:34,976]--test_invest.py--138--INFO:账户id为173720的原始投资记录条数为42
[2020-06-21 14:52:34,976]--test_invest.py--141--INFO:======================正在查询原始投资流水记录条数=======================
[2020-06-21 14:52:34,998]--test_invest.py--145--INFO:账户id为173720的原始投资流水条数为42
[2020-06-21 14:52:35,045]--test_invest.py--182--INFO:第14条用例执行结果为PASS
[2020-06-21 14:52:35,045]--test_invest.py--188--INFO:*************开始回写数据***************
[2020-06-21 14:52:35,393]--test_invest.py--190--INFO:正在回写实际结果actual：{'code': 0, 'msg': 'OK', 'data': {'id': 2039, 'member_id': 173720, 'loan_id': 1246476, 'amount': 200.0, 'create_time': '2020-06-21 14:52:36', 'is_valid': 1}, 'copyright': 'Copyright 柠檬班 © 2017-2020 湖南省零檬信息技术有限公司 All Rights Reserved'}
[2020-06-21 14:52:35,784]--test_invest.py--192--INFO:正在回写测试结果test_result：PASS
[2020-06-21 14:52:35,784]--test_invest.py--193--INFO:*************结束回写数据***************
[2020-06-21 14:52:36,044]--test_invest.py--42--INFO:******************正在执行invest模块用例******************
[2020-06-21 14:52:36,044]--test_invest.py--43--INFO:正在执行第15条用例:投资金额校验--投资金额输入为不能被100整除的正整数
[2020-06-21 14:52:36,044]--test_invest.py--44--INFO:请求的数据是{'case_id': 15, 'interface': 'invest', 'title': '投资金额校验--投资金额输入为不能被100整除的正整数', 'method': 'POST', 'url': '/member/invest', 'data': '{"member_id":"#member_id#","loan_id":"#loanid#","amount":"101"}', 'headers': '{"X-Lemonban-Media-Type": "lemonban.v2","Authorization":"#token#"}', 'yes_or_no': 'NO', 'expected': '{"code": 2,"msg": "充值金额必须大于100，并且可以被100整除"}', 'actucal': "{'code': 2, 'msg': '充值金额必须大于100，并且可以被100整除', 'data': None, 'copyright': 'Copyright 柠檬班 © 2017-2020 湖南省零檬信息技术有限公司 All Rights Reserved'}", 'test_result': 'PASS'}
[2020-06-21 14:52:36,044]--test_invest.py--134--INFO:======================正在查询原始投资记录条数=======================
[2020-06-21 14:52:36,060]--test_invest.py--138--INFO:账户id为173720的原始投资记录条数为43
[2020-06-21 14:52:36,060]--test_invest.py--141--INFO:======================正在查询原始投资流水记录条数=======================
[2020-06-21 14:52:36,091]--test_invest.py--145--INFO:账户id为173720的原始投资流水条数为43
[2020-06-21 14:52:36,113]--test_invest.py--182--INFO:第15条用例执行结果为PASS
[2020-06-21 14:52:36,113]--test_invest.py--188--INFO:*************开始回写数据***************
[2020-06-21 14:52:36,545]--test_invest.py--190--INFO:正在回写实际结果actual：{'code': 2, 'msg': '充值金额必须大于100，并且可以被100整除', 'data': None, 'copyright': 'Copyright 柠檬班 © 2017-2020 湖南省零檬信息技术有限公司 All Rights Reserved'}
[2020-06-21 14:52:36,862]--test_invest.py--192--INFO:正在回写测试结果test_result：PASS
[2020-06-21 14:52:36,862]--test_invest.py--193--INFO:*************结束回写数据***************
[2020-06-21 14:52:36,994]--test_invest.py--42--INFO:******************正在执行invest模块用例******************
[2020-06-21 14:52:36,994]--test_invest.py--43--INFO:正在执行第16条用例:投资金额校验--投资金额输入负数
[2020-06-21 14:52:36,994]--test_invest.py--44--INFO:请求的数据是{'case_id': 16, 'interface': 'invest', 'title': '投资金额校验--投资金额输入负数', 'method': 'POST', 'url': '/member/invest', 'data': '{"member_id":"#member_id#","loan_id":"#loanid#","amount":"-100"}', 'headers': '{"X-Lemonban-Media-Type": "lemonban.v2","Authorization":"#token#"}', 'yes_or_no': 'NO', 'expected': '{"code": 2,"msg": "充值金额必须大于100，并且可以被100整除"}', 'actucal': "{'code': 2, 'msg': '充值金额必须大于100，并且可以被100整除', 'data': None, 'copyright': 'Copyright 柠檬班 © 2017-2020 湖南省零檬信息技术有限公司 All Rights Reserved'}", 'test_result': 'PASS'}
[2020-06-21 14:52:36,994]--test_invest.py--134--INFO:======================正在查询原始投资记录条数=======================
[2020-06-21 14:52:36,994]--test_invest.py--138--INFO:账户id为173720的原始投资记录条数为43
[2020-06-21 14:52:36,994]--test_invest.py--141--INFO:======================正在查询原始投资流水记录条数=======================
[2020-06-21 14:52:37,015]--test_invest.py--145--INFO:账户id为173720的原始投资流水条数为43
[2020-06-21 14:52:37,031]--test_invest.py--182--INFO:第16条用例执行结果为PASS
[2020-06-21 14:52:37,031]--test_invest.py--188--INFO:*************开始回写数据***************
[2020-06-21 14:52:37,379]--test_invest.py--190--INFO:正在回写实际结果actual：{'code': 2, 'msg': '充值金额必须大于100，并且可以被100整除', 'data': None, 'copyright': 'Copyright 柠檬班 © 2017-2020 湖南省零檬信息技术有限公司 All Rights Reserved'}
[2020-06-21 14:52:37,749]--test_invest.py--192--INFO:正在回写测试结果test_result：PASS
[2020-06-21 14:52:37,749]--test_invest.py--193--INFO:*************结束回写数据***************
[2020-06-21 14:52:37,918]--test_invest.py--42--INFO:******************正在执行invest模块用例******************
[2020-06-21 14:52:37,918]--test_invest.py--43--INFO:正在执行第17条用例:投资金额校验--投资金额输入小数
[2020-06-21 14:52:37,918]--test_invest.py--44--INFO:请求的数据是{'case_id': 17, 'interface': 'invest', 'title': '投资金额校验--投资金额输入小数', 'method': 'POST', 'url': '/member/invest', 'data': '{"member_id":"#member_id#","loan_id":"#loanid#","amount":"100.88"}', 'headers': '{"X-Lemonban-Media-Type": "lemonban.v2","Authorization":"#token#"}', 'yes_or_no': 'NO', 'expected': '{"code": 2,"msg": "充值金额必须大于100，并且可以被100整除"}', 'actucal': "{'code': 2, 'msg': '充值金额必须大于100，并且可以被100整除', 'data': None, 'copyright': 'Copyright 柠檬班 © 2017-2020 湖南省零檬信息技术有限公司 All Rights Reserved'}", 'test_result': 'PASS'}
[2020-06-21 14:52:37,918]--test_invest.py--134--INFO:======================正在查询原始投资记录条数=======================
[2020-06-21 14:52:37,934]--test_invest.py--138--INFO:账户id为173720的原始投资记录条数为43
[2020-06-21 14:52:37,934]--test_invest.py--141--INFO:======================正在查询原始投资流水记录条数=======================
[2020-06-21 14:52:37,949]--test_invest.py--145--INFO:账户id为173720的原始投资流水条数为43
[2020-06-21 14:52:37,965]--test_invest.py--182--INFO:第17条用例执行结果为PASS
[2020-06-21 14:52:37,965]--test_invest.py--188--INFO:*************开始回写数据***************
[2020-06-21 14:52:38,335]--test_invest.py--190--INFO:正在回写实际结果actual：{'code': 2, 'msg': '充值金额必须大于100，并且可以被100整除', 'data': None, 'copyright': 'Copyright 柠檬班 © 2017-2020 湖南省零檬信息技术有限公司 All Rights Reserved'}
[2020-06-21 14:52:38,636]--test_invest.py--192--INFO:正在回写测试结果test_result：PASS
[2020-06-21 14:52:38,636]--test_invest.py--193--INFO:*************结束回写数据***************
[2020-06-21 14:52:38,783]--test_invest.py--42--INFO:******************正在执行invest模块用例******************
[2020-06-21 14:52:38,783]--test_invest.py--43--INFO:正在执行第18条用例:投资金额校验--投资金额输入非法字符
[2020-06-21 14:52:38,783]--test_invest.py--44--INFO:请求的数据是{'case_id': 18, 'interface': 'invest', 'title': '投资金额校验--投资金额输入非法字符', 'method': 'POST', 'url': '/member/invest', 'data': '{"member_id":"#member_id#","loan_id":"#loanid#","amount":"ddd"}', 'headers': '{"X-Lemonban-Media-Type": "lemonban.v2","Authorization":"#token#"}', 'yes_or_no': 'NO', 'expected': '{"code": 2,"msg": "数值参数格式错误"}', 'actucal': "{'code': 2, 'msg': '数值参数格式错误', 'data': None, 'copyright': 'Copyright 柠檬班 © 2017-2020 湖南省零檬信息技术有限公司 All Rights Reserved'}", 'test_result': 'PASS'}
[2020-06-21 14:52:38,783]--test_invest.py--134--INFO:======================正在查询原始投资记录条数=======================
[2020-06-21 14:52:38,814]--test_invest.py--138--INFO:账户id为173720的原始投资记录条数为43
[2020-06-21 14:52:38,814]--test_invest.py--141--INFO:======================正在查询原始投资流水记录条数=======================
[2020-06-21 14:52:38,821]--test_invest.py--145--INFO:账户id为173720的原始投资流水条数为43
[2020-06-21 14:52:38,852]--test_invest.py--182--INFO:第18条用例执行结果为PASS
[2020-06-21 14:52:38,852]--test_invest.py--188--INFO:*************开始回写数据***************
[2020-06-21 14:52:39,184]--test_invest.py--190--INFO:正在回写实际结果actual：{'code': 2, 'msg': '数值参数格式错误', 'data': None, 'copyright': 'Copyright 柠檬班 © 2017-2020 湖南省零檬信息技术有限公司 All Rights Reserved'}
[2020-06-21 14:52:39,501]--test_invest.py--192--INFO:正在回写测试结果test_result：PASS
[2020-06-21 14:52:39,501]--test_invest.py--193--INFO:*************结束回写数据***************
[2020-06-21 14:52:39,870]--test_invest.py--42--INFO:******************正在执行invest模块用例******************
[2020-06-21 14:52:39,870]--test_invest.py--43--INFO:正在执行第19条用例:投资金额校验--投资金额输入大于可投标金额
[2020-06-21 14:52:39,870]--test_invest.py--44--INFO:请求的数据是{'case_id': 19, 'interface': 'invest', 'title': '投资金额校验--投资金额输入大于可投标金额', 'method': 'POST', 'url': '/member/invest', 'data': '{"member_id":"#member_id#","loan_id":"#max_id#","amount":"30000"}', 'headers': '{"X-Lemonban-Media-Type": "lemonban.v2","Authorization":"#token#"}', 'yes_or_no': 'NO', 'expected': '{"code": 2,"msg": "该标可投金额不足,可投金额：7300.0"}', 'actucal': "{'code': 2, 'msg': '该标可投金额不足,可投金额：5100.0', 'data': None, 'copyright': 'Copyright 柠檬班 © 2017-2020 湖南省零檬信息技术有限公司 All Rights Reserved'}", 'test_result': 'FAILED'}
[2020-06-21 14:52:39,886]--test_invest.py--134--INFO:======================正在查询原始投资记录条数=======================
[2020-06-21 14:52:39,902]--test_invest.py--138--INFO:账户id为173720的原始投资记录条数为43
[2020-06-21 14:52:39,902]--test_invest.py--141--INFO:======================正在查询原始投资流水记录条数=======================
[2020-06-21 14:52:39,924]--test_invest.py--145--INFO:账户id为173720的原始投资流水条数为43
[2020-06-21 14:52:39,955]--test_invest.py--184--ERROR:执行接口测试出现错误，错误是False is not true
[2020-06-21 14:52:39,955]--test_invest.py--186--ERROR:第19条用例执行结果为FAILED
[2020-06-21 14:52:39,955]--test_invest.py--188--INFO:*************开始回写数据***************
[2020-06-21 14:52:40,255]--test_invest.py--190--INFO:正在回写实际结果actual：{'code': 2, 'msg': '该标可投金额不足,可投金额：5100.0', 'data': None, 'copyright': 'Copyright 柠檬班 © 2017-2020 湖南省零檬信息技术有限公司 All Rights Reserved'}
[2020-06-21 14:52:40,572]--test_invest.py--192--INFO:正在回写测试结果test_result：FAILED
[2020-06-21 14:52:40,572]--test_invest.py--193--INFO:*************结束回写数据***************
[2020-06-21 14:52:40,725]--test_invest.py--42--INFO:******************正在执行invest模块用例******************
[2020-06-21 14:52:40,725]--test_invest.py--43--INFO:正在执行第20条用例:投资金额校验--投资金额输入等于可投标金额,投标完成
[2020-06-21 14:52:40,725]--test_invest.py--44--INFO:请求的数据是{'case_id': 20, 'interface': 'invest', 'title': '投资金额校验--投资金额输入等于可投标金额,投标完成', 'method': 'POST', 'url': '/member/invest', 'data': '{"member_id":"#member_id#","loan_id":"#loanid#","amount":"#amount#"}', 'headers': '{"X-Lemonban-Media-Type": "lemonban.v2","Authorization":"#token#"}', 'yes_or_no': 'YES', 'expected': '{"code": 0,"msg": "OK"}', 'actucal': "{'code': 0, 'msg': 'OK', 'data': {'id': 2034, 'member_id': 173720, 'loan_id': 1246434, 'amount': 80000.0, 'create_time': '2020-06-21 14:40:53', 'is_valid': 1}, 'copyright': 'Copyright 柠檬班 © 2017-2020 湖南省零檬信息技术有限公司 All Rights Reserved'}", 'test_result': 'PASS'}
[2020-06-21 14:52:40,741]--test_invest.py--94--INFO:======================正在查询原始金额=======================
[2020-06-21 14:52:40,741]--test_invest.py--105--INFO:账户id为173720的账户原始金额是87400.00
[2020-06-21 14:52:40,741]--test_invest.py--134--INFO:======================正在查询原始投资记录条数=======================
[2020-06-21 14:52:40,756]--test_invest.py--138--INFO:账户id为173720的原始投资记录条数为43
[2020-06-21 14:52:40,756]--test_invest.py--141--INFO:======================正在查询原始投资流水记录条数=======================
[2020-06-21 14:52:40,788]--test_invest.py--145--INFO:账户id为173720的原始投资流水条数为43
[2020-06-21 14:52:40,841]--test_invest.py--182--INFO:第20条用例执行结果为PASS
[2020-06-21 14:52:40,841]--test_invest.py--188--INFO:*************开始回写数据***************
[2020-06-21 14:52:41,173]--test_invest.py--190--INFO:正在回写实际结果actual：{'code': 0, 'msg': 'OK', 'data': {'id': 2040, 'member_id': 173720, 'loan_id': 1246482, 'amount': 80000.0, 'create_time': '2020-06-21 14:52:42', 'is_valid': 1}, 'copyright': 'Copyright 柠檬班 © 2017-2020 湖南省零檬信息技术有限公司 All Rights Reserved'}
[2020-06-21 14:52:41,474]--test_invest.py--192--INFO:正在回写测试结果test_result：PASS
[2020-06-21 14:52:41,474]--test_invest.py--193--INFO:*************结束回写数据***************
[2020-06-21 14:52:41,727]--test_invest.py--42--INFO:******************正在执行invest模块用例******************
[2020-06-21 14:52:41,727]--test_invest.py--43--INFO:正在执行第21条用例:投资金额校验--投资金额输入大于用户余额,余额不足
[2020-06-21 14:52:41,727]--test_invest.py--44--INFO:请求的数据是{'case_id': 21, 'interface': 'invest', 'title': '投资金额校验--投资金额输入大于用户余额,余额不足', 'method': 'POST', 'url': '/member/invest', 'data': '{"member_id":"#member_id#","loan_id":"#loanid#","amount":"#min_amt#"}', 'headers': '{"X-Lemonban-Media-Type": "lemonban.v2","Authorization":"#token#"}', 'yes_or_no': 'NO', 'expected': '{"code": 0,"msg": "OK"}', 'actucal': "{'code': 2, 'msg': '该标可投金额不足,可投金额：80000.0', 'data': None, 'copyright': 'Copyright 柠檬班 © 2017-2020 湖南省零檬信息技术有限公司 All Rights Reserved'}", 'test_result': 'FAILED'}
[2020-06-21 14:52:41,727]--test_invest.py--134--INFO:======================正在查询原始投资记录条数=======================
[2020-06-21 14:52:41,743]--test_invest.py--138--INFO:账户id为173720的原始投资记录条数为44
[2020-06-21 14:52:41,743]--test_invest.py--141--INFO:======================正在查询原始投资流水记录条数=======================
[2020-06-21 14:52:41,759]--test_invest.py--145--INFO:账户id为173720的原始投资流水条数为44
[2020-06-21 14:52:41,790]--test_invest.py--184--ERROR:执行接口测试出现错误，错误是False is not true
[2020-06-21 14:52:41,790]--test_invest.py--186--ERROR:第21条用例执行结果为FAILED
[2020-06-21 14:52:41,790]--test_invest.py--188--INFO:*************开始回写数据***************
[2020-06-21 14:52:42,128]--test_invest.py--190--INFO:正在回写实际结果actual：{'code': 2, 'msg': '该标可投金额不足,可投金额：80000.0', 'data': None, 'copyright': 'Copyright 柠檬班 © 2017-2020 湖南省零檬信息技术有限公司 All Rights Reserved'}
[2020-06-21 14:52:42,492]--test_invest.py--192--INFO:正在回写测试结果test_result：FAILED
[2020-06-21 14:52:42,492]--test_invest.py--193--INFO:*************结束回写数据***************
