[2020-06-21 14:53:47,275]--test_invest.py--42--INFO:******************正在执行invest模块用例******************
[2020-06-21 14:53:47,275]--test_invest.py--43--INFO:正在执行第1条用例:用户id校验--输入已注册用户id
[2020-06-21 14:53:47,275]--test_invest.py--44--INFO:请求的数据是{'case_id': 1, 'interface': 'invest', 'title': '用户id校验--输入已注册用户id', 'method': 'POST', 'url': '/member/invest', 'data': '{"member_id":"#member_id#","loan_id":"#loanid#","amount":"1000"}', 'headers': '{"X-Lemonban-Media-Type": "lemonban.v2","Authorization":"#token#"}', 'yes_or_no': 'YES', 'expected': '{"code": 0,"msg": "OK"}', 'actucal': "{'code': 0, 'msg': 'OK', 'data': {'id': 2035, 'member_id': 173720, 'loan_id': 1246461, 'amount': 1000.0, 'create_time': '2020-06-21 14:52:24', 'is_valid': 1}, 'copyright': 'Copyright 柠檬班 © 2017-2020 湖南省零檬信息技术有限公司 All Rights Reserved'}", 'test_result': 'PASS'}
[2020-06-21 14:53:47,275]--test_invest.py--94--INFO:======================正在查询原始金额=======================
[2020-06-21 14:53:47,376]--test_invest.py--102--INFO:账户id为173720的账户原始金额是27400.00
[2020-06-21 14:53:47,376]--test_invest.py--134--INFO:======================正在查询原始投资记录条数=======================
[2020-06-21 14:53:47,391]--test_invest.py--138--INFO:账户id为173720的原始投资记录条数为44
[2020-06-21 14:53:47,391]--test_invest.py--141--INFO:======================正在查询原始投资流水记录条数=======================
[2020-06-21 14:53:47,407]--test_invest.py--145--INFO:账户id为173720的原始投资流水条数为44
[2020-06-21 14:53:47,444]--test_invest.py--182--INFO:第1条用例执行结果为PASS
[2020-06-21 14:53:47,444]--test_invest.py--188--INFO:*************开始回写数据***************
[2020-06-21 14:53:47,761]--test_invest.py--190--INFO:正在回写实际结果actual：{'code': 0, 'msg': 'OK', 'data': {'id': 2041, 'member_id': 173720, 'loan_id': 1246484, 'amount': 1000.0, 'create_time': '2020-06-21 14:53:48', 'is_valid': 1}, 'copyright': 'Copyright 柠檬班 © 2017-2020 湖南省零檬信息技术有限公司 All Rights Reserved'}
[2020-06-21 14:53:48,077]--test_invest.py--192--INFO:正在回写测试结果test_result：PASS
[2020-06-21 14:53:48,077]--test_invest.py--193--INFO:*************结束回写数据***************
[2020-06-21 14:53:48,509]--test_invest.py--42--INFO:******************正在执行invest模块用例******************
[2020-06-21 14:53:48,509]--test_invest.py--43--INFO:正在执行第2条用例:用户id校验--输入不存在的用户id
[2020-06-21 14:53:48,509]--test_invest.py--44--INFO:请求的数据是{'case_id': 2, 'interface': 'invest', 'title': '用户id校验--输入不存在的用户id', 'method': 'POST', 'url': '/member/invest', 'data': '{"member_id":"s13361","loan_id":"#loanid#","amount":"20000"}', 'headers': '{"X-Lemonban-Media-Type": "lemonban.v2","Authorization":"#token#"}', 'yes_or_no': 'NO', 'expected': '{"code": 2,"msg": "数值参数格式错误"}', 'actucal': "{'code': 2, 'msg': '数值参数格式错误', 'data': None, 'copyright': 'Copyright 柠檬班 © 2017-2020 湖南省零檬信息技术有限公司 All Rights Reserved'}", 'test_result': 'PASS'}
[2020-06-21 14:53:48,509]--test_invest.py--134--INFO:======================正在查询原始投资记录条数=======================
[2020-06-21 14:53:48,509]--test_invest.py--138--INFO:账户id为173720的原始投资记录条数为45
[2020-06-21 14:53:48,509]--test_invest.py--141--INFO:======================正在查询原始投资流水记录条数=======================
[2020-06-21 14:53:48,531]--test_invest.py--145--INFO:账户id为173720的原始投资流水条数为45
[2020-06-21 14:53:48,547]--test_invest.py--182--INFO:第2条用例执行结果为PASS
[2020-06-21 14:53:48,547]--test_invest.py--188--INFO:*************开始回写数据***************
[2020-06-21 14:53:48,932]--test_invest.py--190--INFO:正在回写实际结果actual：{'code': 2, 'msg': '数值参数格式错误', 'data': None, 'copyright': 'Copyright 柠檬班 © 2017-2020 湖南省零檬信息技术有限公司 All Rights Reserved'}
[2020-06-21 14:53:49,265]--test_invest.py--192--INFO:正在回写测试结果test_result：PASS
[2020-06-21 14:53:49,265]--test_invest.py--193--INFO:*************结束回写数据***************
[2020-06-21 14:53:49,396]--test_invest.py--42--INFO:******************正在执行invest模块用例******************
[2020-06-21 14:53:49,396]--test_invest.py--43--INFO:正在执行第3条用例:用户id校验--id输入为空
[2020-06-21 14:53:49,396]--test_invest.py--44--INFO:请求的数据是{'case_id': 3, 'interface': 'invest', 'title': '用户id校验--id输入为空', 'method': 'POST', 'url': '/member/invest', 'data': '{"member_id":"","loan_id":"#loanid#","amount":"100"}', 'headers': '{"X-Lemonban-Media-Type": "lemonban.v2","Authorization":"#token#"}', 'yes_or_no': 'NO', 'expected': '{"code": 2,"msg": "数值参数格式错误"}', 'actucal': "{'code': 2, 'msg': '数值参数格式错误', 'data': None, 'copyright': 'Copyright 柠檬班 © 2017-2020 湖南省零檬信息技术有限公司 All Rights Reserved'}", 'test_result': 'PASS'}
[2020-06-21 14:53:49,396]--test_invest.py--134--INFO:======================正在查询原始投资记录条数=======================
[2020-06-21 14:53:49,411]--test_invest.py--138--INFO:账户id为173720的原始投资记录条数为45
[2020-06-21 14:53:49,411]--test_invest.py--141--INFO:======================正在查询原始投资流水记录条数=======================
[2020-06-21 14:53:49,434]--test_invest.py--145--INFO:账户id为173720的原始投资流水条数为45
[2020-06-21 14:53:49,465]--test_invest.py--182--INFO:第3条用例执行结果为PASS
[2020-06-21 14:53:49,465]--test_invest.py--188--INFO:*************开始回写数据***************
[2020-06-21 14:53:49,797]--test_invest.py--190--INFO:正在回写实际结果actual：{'code': 2, 'msg': '数值参数格式错误', 'data': None, 'copyright': 'Copyright 柠檬班 © 2017-2020 湖南省零檬信息技术有限公司 All Rights Reserved'}
[2020-06-21 14:53:50,140]--test_invest.py--192--INFO:正在回写测试结果test_result：PASS
[2020-06-21 14:53:50,140]--test_invest.py--193--INFO:*************结束回写数据***************
[2020-06-21 14:53:50,274]--test_invest.py--42--INFO:******************正在执行invest模块用例******************
[2020-06-21 14:53:50,274]--test_invest.py--43--INFO:正在执行第4条用例:投资项目id校验--输入投标中状态2(竞标中)的项目id
[2020-06-21 14:53:50,274]--test_invest.py--44--INFO:请求的数据是{'case_id': 4, 'interface': 'invest', 'title': '投资项目id校验--输入投标中状态2(竞标中)的项目id', 'method': 'POST', 'url': '/member/invest', 'data': '{"member_id":"#member_id#","loan_id":"#loanid#","amount":"100"}', 'headers': '{"X-Lemonban-Media-Type": "lemonban.v2","Authorization":"#token#"}', 'yes_or_no': 'YES', 'expected': '{"code": 0,"msg": "OK"}', 'actucal': "{'code': 0, 'msg': 'OK', 'data': {'id': 2036, 'member_id': 173720, 'loan_id': 1246465, 'amount': 100.0, 'create_time': '2020-06-21 14:52:27', 'is_valid': 1}, 'copyright': 'Copyright 柠檬班 © 2017-2020 湖南省零檬信息技术有限公司 All Rights Reserved'}", 'test_result': 'PASS'}
[2020-06-21 14:53:50,274]--test_invest.py--94--INFO:======================正在查询原始金额=======================
[2020-06-21 14:53:50,321]--test_invest.py--102--INFO:账户id为173720的账户原始金额是46400.00
[2020-06-21 14:53:50,337]--test_invest.py--134--INFO:======================正在查询原始投资记录条数=======================
[2020-06-21 14:53:50,337]--test_invest.py--138--INFO:账户id为173720的原始投资记录条数为45
[2020-06-21 14:53:50,337]--test_invest.py--141--INFO:======================正在查询原始投资流水记录条数=======================
[2020-06-21 14:53:50,359]--test_invest.py--145--INFO:账户id为173720的原始投资流水条数为45
[2020-06-21 14:53:50,390]--test_invest.py--182--INFO:第4条用例执行结果为PASS
[2020-06-21 14:53:50,390]--test_invest.py--188--INFO:*************开始回写数据***************
[2020-06-21 14:53:50,722]--test_invest.py--190--INFO:正在回写实际结果actual：{'code': 0, 'msg': 'OK', 'data': {'id': 2042, 'member_id': 173720, 'loan_id': 1246487, 'amount': 100.0, 'create_time': '2020-06-21 14:53:51', 'is_valid': 1}, 'copyright': 'Copyright 柠檬班 © 2017-2020 湖南省零檬信息技术有限公司 All Rights Reserved'}
[2020-06-21 14:53:51,061]--test_invest.py--192--INFO:正在回写测试结果test_result：PASS
[2020-06-21 14:53:51,061]--test_invest.py--193--INFO:*************结束回写数据***************
[2020-06-21 14:53:51,255]--test_invest.py--42--INFO:******************正在执行invest模块用例******************
[2020-06-21 14:53:51,255]--test_invest.py--43--INFO:正在执行第5条用例:投资项目id校验--输入非投标中状态为1(审核中)的项目id
[2020-06-21 14:53:51,255]--test_invest.py--44--INFO:请求的数据是{'case_id': 5, 'interface': 'invest', 'title': '投资项目id校验--输入非投标中状态为1(审核中)的项目id', 'method': 'POST', 'url': '/member/invest', 'data': '{"member_id":"#member_id#","loan_id":"#shz#","amount":"100"}', 'headers': '{"X-Lemonban-Media-Type": "lemonban.v2","Authorization":"#token#"}', 'yes_or_no': 'NO', 'expected': '{"code": 2,"msg": "该项目不在竞标中状态"}', 'actucal': "{'code': 2, 'msg': '该项目不在竞标中状态', 'data': None, 'copyright': 'Copyright 柠檬班 © 2017-2020 湖南省零檬信息技术有限公司 All Rights Reserved'}", 'test_result': 'PASS'}
[2020-06-21 14:53:51,277]--test_invest.py--134--INFO:======================正在查询原始投资记录条数=======================
[2020-06-21 14:53:51,293]--test_invest.py--138--INFO:账户id为173720的原始投资记录条数为46
[2020-06-21 14:53:51,293]--test_invest.py--141--INFO:======================正在查询原始投资流水记录条数=======================
[2020-06-21 14:53:51,308]--test_invest.py--145--INFO:账户id为173720的原始投资流水条数为46
[2020-06-21 14:53:51,324]--test_invest.py--182--INFO:第5条用例执行结果为PASS
[2020-06-21 14:53:51,324]--test_invest.py--188--INFO:*************开始回写数据***************
[2020-06-21 14:53:51,687]--test_invest.py--190--INFO:正在回写实际结果actual：{'code': 2, 'msg': '该项目不在竞标中状态', 'data': None, 'copyright': 'Copyright 柠檬班 © 2017-2020 湖南省零檬信息技术有限公司 All Rights Reserved'}
[2020-06-21 14:53:52,033]--test_invest.py--192--INFO:正在回写测试结果test_result：PASS
[2020-06-21 14:53:52,033]--test_invest.py--193--INFO:*************结束回写数据***************
[2020-06-21 14:53:52,151]--test_invest.py--42--INFO:******************正在执行invest模块用例******************
[2020-06-21 14:53:52,151]--test_invest.py--43--INFO:正在执行第6条用例:投资项目id校验--输入非投标中状态3(还款中)的项目id
[2020-06-21 14:53:52,151]--test_invest.py--44--INFO:请求的数据是{'case_id': 6, 'interface': 'invest', 'title': '投资项目id校验--输入非投标中状态3(还款中)的项目id', 'method': 'POST', 'url': '/member/invest', 'data': '{"member_id":"#member_id#","loan_id":"#hkz#","amount":"100"}', 'headers': '{"X-Lemonban-Media-Type": "lemonban.v2","Authorization":"#token#"}', 'yes_or_no': 'NO', 'expected': '{"code": 2,"msg": "该项目不在竞标中状态"}', 'actucal': "{'code': 2, 'msg': '该项目不在竞标中状态', 'data': None, 'copyright': 'Copyright 柠檬班 © 2017-2020 湖南省零檬信息技术有限公司 All Rights Reserved'}", 'test_result': 'PASS'}
[2020-06-21 14:53:52,167]--test_invest.py--134--INFO:======================正在查询原始投资记录条数=======================
[2020-06-21 14:53:52,183]--test_invest.py--138--INFO:账户id为173720的原始投资记录条数为46
[2020-06-21 14:53:52,183]--test_invest.py--141--INFO:======================正在查询原始投资流水记录条数=======================
[2020-06-21 14:53:52,198]--test_invest.py--145--INFO:账户id为173720的原始投资流水条数为46
[2020-06-21 14:53:52,229]--test_invest.py--182--INFO:第6条用例执行结果为PASS
[2020-06-21 14:53:52,229]--test_invest.py--188--INFO:*************开始回写数据***************
[2020-06-21 14:53:52,578]--test_invest.py--190--INFO:正在回写实际结果actual：{'code': 2, 'msg': '该项目不在竞标中状态', 'data': None, 'copyright': 'Copyright 柠檬班 © 2017-2020 湖南省零檬信息技术有限公司 All Rights Reserved'}
[2020-06-21 14:53:52,914]--test_invest.py--192--INFO:正在回写测试结果test_result：PASS
[2020-06-21 14:53:52,914]--test_invest.py--193--INFO:*************结束回写数据***************
[2020-06-21 14:53:53,064]--test_invest.py--42--INFO:******************正在执行invest模块用例******************
[2020-06-21 14:53:53,064]--test_invest.py--43--INFO:正在执行第7条用例:投资项目id校验--输入非投标中状态4(还款完成)的项目id
[2020-06-21 14:53:53,064]--test_invest.py--44--INFO:请求的数据是{'case_id': 7, 'interface': 'invest', 'title': '投资项目id校验--输入非投标中状态4(还款完成)的项目id', 'method': 'POST', 'url': '/member/invest', 'data': '{"member_id":"#member_id#","loan_id":"#hwc#","amount":"100"}', 'headers': '{"X-Lemonban-Media-Type": "lemonban.v2","Authorization":"#token#"}', 'yes_or_no': 'NO', 'expected': '{"code": 2,"msg": "该项目不在竞标中状态"}', 'actucal': "{'code': 2, 'msg': '该项目不在竞标中状态', 'data': None, 'copyright': 'Copyright 柠檬班 © 2017-2020 湖南省零檬信息技术有限公司 All Rights Reserved'}", 'test_result': 'PASS'}
[2020-06-21 14:53:53,079]--test_invest.py--134--INFO:======================正在查询原始投资记录条数=======================
[2020-06-21 14:53:53,095]--test_invest.py--138--INFO:账户id为173720的原始投资记录条数为46
[2020-06-21 14:53:53,095]--test_invest.py--141--INFO:======================正在查询原始投资流水记录条数=======================
[2020-06-21 14:53:53,126]--test_invest.py--145--INFO:账户id为173720的原始投资流水条数为46
[2020-06-21 14:53:53,148]--test_invest.py--182--INFO:第7条用例执行结果为PASS
[2020-06-21 14:53:53,148]--test_invest.py--188--INFO:*************开始回写数据***************
[2020-06-21 14:53:53,549]--test_invest.py--190--INFO:正在回写实际结果actual：{'code': 2, 'msg': '该项目不在竞标中状态', 'data': None, 'copyright': 'Copyright 柠檬班 © 2017-2020 湖南省零檬信息技术有限公司 All Rights Reserved'}
[2020-06-21 14:53:53,849]--test_invest.py--192--INFO:正在回写测试结果test_result：PASS
[2020-06-21 14:53:53,849]--test_invest.py--193--INFO:*************结束回写数据***************
[2020-06-21 14:53:54,012]--test_invest.py--42--INFO:******************正在执行invest模块用例******************
[2020-06-21 14:53:54,012]--test_invest.py--43--INFO:正在执行第8条用例:投资项目id校验--输入非投标中状态5(审核不通过)的项目id
[2020-06-21 14:53:54,012]--test_invest.py--44--INFO:请求的数据是{'case_id': 8, 'interface': 'invest', 'title': '投资项目id校验--输入非投标中状态5(审核不通过)的项目id', 'method': 'POST', 'url': '/member/invest', 'data': '{"member_id":"#member_id#","loan_id":"#btg#","amount":"100"}', 'headers': '{"X-Lemonban-Media-Type": "lemonban.v2","Authorization":"#token#"}', 'yes_or_no': 'NO', 'expected': '{"code": 2,"msg": "该项目不在竞标中状态"}', 'actucal': "{'code': 2, 'msg': '该项目不在竞标中状态', 'data': None, 'copyright': 'Copyright 柠檬班 © 2017-2020 湖南省零檬信息技术有限公司 All Rights Reserved'}", 'test_result': 'PASS'}
[2020-06-21 14:53:54,034]--test_invest.py--134--INFO:======================正在查询原始投资记录条数=======================
[2020-06-21 14:53:54,050]--test_invest.py--138--INFO:账户id为173720的原始投资记录条数为46
[2020-06-21 14:53:54,050]--test_invest.py--141--INFO:======================正在查询原始投资流水记录条数=======================
[2020-06-21 14:53:54,065]--test_invest.py--145--INFO:账户id为173720的原始投资流水条数为46
[2020-06-21 14:53:54,081]--test_invest.py--182--INFO:第8条用例执行结果为PASS
[2020-06-21 14:53:54,081]--test_invest.py--188--INFO:*************开始回写数据***************
[2020-06-21 14:53:54,435]--test_invest.py--190--INFO:正在回写实际结果actual：{'code': 2, 'msg': '该项目不在竞标中状态', 'data': None, 'copyright': 'Copyright 柠檬班 © 2017-2020 湖南省零檬信息技术有限公司 All Rights Reserved'}
[2020-06-21 14:53:54,767]--test_invest.py--192--INFO:正在回写测试结果test_result：PASS
[2020-06-21 14:53:54,767]--test_invest.py--193--INFO:*************结束回写数据***************
[2020-06-21 14:53:54,883]--test_invest.py--42--INFO:******************正在执行invest模块用例******************
[2020-06-21 14:53:54,883]--test_invest.py--43--INFO:正在执行第9条用例:投资项目id校验--输入用户自己创建的项目id
[2020-06-21 14:53:54,883]--test_invest.py--44--INFO:请求的数据是{'case_id': 9, 'interface': 'invest', 'title': '投资项目id校验--输入用户自己创建的项目id', 'method': 'POST', 'url': '/member/invest', 'data': '{"member_id":"#member_id#","loan_id":"#loanid#","amount":"100"}', 'headers': '{"X-Lemonban-Media-Type": "lemonban.v2","Authorization":"#token#"}', 'yes_or_no': 'YES', 'expected': '{"code": 0,"msg": "OK"}', 'actucal': "{'code': 0, 'msg': 'OK', 'data': {'id': 2037, 'member_id': 173720, 'loan_id': 1246470, 'amount': 100.0, 'create_time': '2020-06-21 14:52:31', 'is_valid': 1}, 'copyright': 'Copyright 柠檬班 © 2017-2020 湖南省零檬信息技术有限公司 All Rights Reserved'}", 'test_result': 'PASS'}
[2020-06-21 14:53:54,883]--test_invest.py--94--INFO:======================正在查询原始金额=======================
[2020-06-21 14:53:54,936]--test_invest.py--102--INFO:账户id为173720的账户原始金额是66300.00
[2020-06-21 14:53:54,936]--test_invest.py--134--INFO:======================正在查询原始投资记录条数=======================
[2020-06-21 14:53:54,952]--test_invest.py--138--INFO:账户id为173720的原始投资记录条数为46
[2020-06-21 14:53:54,952]--test_invest.py--141--INFO:======================正在查询原始投资流水记录条数=======================
[2020-06-21 14:53:54,967]--test_invest.py--145--INFO:账户id为173720的原始投资流水条数为46
[2020-06-21 14:53:54,998]--test_invest.py--182--INFO:第9条用例执行结果为PASS
[2020-06-21 14:53:54,998]--test_invest.py--188--INFO:*************开始回写数据***************
[2020-06-21 14:53:55,337]--test_invest.py--190--INFO:正在回写实际结果actual：{'code': 0, 'msg': 'OK', 'data': {'id': 2043, 'member_id': 173720, 'loan_id': 1246492, 'amount': 100.0, 'create_time': '2020-06-21 14:53:56', 'is_valid': 1}, 'copyright': 'Copyright 柠檬班 © 2017-2020 湖南省零檬信息技术有限公司 All Rights Reserved'}
[2020-06-21 14:53:55,689]--test_invest.py--192--INFO:正在回写测试结果test_result：PASS
[2020-06-21 14:53:55,691]--test_invest.py--193--INFO:*************结束回写数据***************
[2020-06-21 14:53:55,872]--test_invest.py--42--INFO:******************正在执行invest模块用例******************
[2020-06-21 14:53:55,888]--test_invest.py--43--INFO:正在执行第10条用例:投资项目id校验--输入其他用户创建的项目id
[2020-06-21 14:53:55,888]--test_invest.py--44--INFO:请求的数据是{'case_id': 10, 'interface': 'invest', 'title': '投资项目id校验--输入其他用户创建的项目id', 'method': 'POST', 'url': '/member/invest', 'data': '{"member_id":"#member_id#","loan_id":"#other_id#","amount":"600"}', 'headers': '{"X-Lemonban-Media-Type": "lemonban.v2","Authorization":"#token#"}', 'yes_or_no': 'YES', 'expected': '{"code": 0,"msg": "OK"}', 'actucal': "{'code': 0, 'msg': 'OK', 'data': {'id': 2038, 'member_id': 173720, 'loan_id': 11, 'amount': 600.0, 'create_time': '2020-06-21 14:52:32', 'is_valid': 1}, 'copyright': 'Copyright 柠檬班 © 2017-2020 湖南省零檬信息技术有限公司 All Rights Reserved'}", 'test_result': 'PASS'}
[2020-06-21 14:53:55,888]--test_invest.py--94--INFO:======================正在查询原始金额=======================
[2020-06-21 14:53:55,941]--test_invest.py--102--INFO:账户id为173720的账户原始金额是86200.00
[2020-06-21 14:53:55,957]--test_invest.py--134--INFO:======================正在查询原始投资记录条数=======================
[2020-06-21 14:53:55,972]--test_invest.py--138--INFO:账户id为173720的原始投资记录条数为47
[2020-06-21 14:53:55,972]--test_invest.py--141--INFO:======================正在查询原始投资流水记录条数=======================
[2020-06-21 14:53:55,988]--test_invest.py--145--INFO:账户id为173720的原始投资流水条数为47
[2020-06-21 14:53:56,026]--test_invest.py--182--INFO:第10条用例执行结果为PASS
[2020-06-21 14:53:56,026]--test_invest.py--188--INFO:*************开始回写数据***************
[2020-06-21 14:53:56,358]--test_invest.py--190--INFO:正在回写实际结果actual：{'code': 0, 'msg': 'OK', 'data': {'id': 2044, 'member_id': 173720, 'loan_id': 11, 'amount': 600.0, 'create_time': '2020-06-21 14:53:57', 'is_valid': 1}, 'copyright': 'Copyright 柠檬班 © 2017-2020 湖南省零檬信息技术有限公司 All Rights Reserved'}
[2020-06-21 14:53:56,674]--test_invest.py--192--INFO:正在回写测试结果test_result：PASS
[2020-06-21 14:53:56,674]--test_invest.py--193--INFO:*************结束回写数据***************
[2020-06-21 14:53:56,890]--test_invest.py--42--INFO:******************正在执行invest模块用例******************
[2020-06-21 14:53:56,890]--test_invest.py--43--INFO:正在执行第11条用例:投资项目id校验--输入不存在的项目id
[2020-06-21 14:53:56,890]--test_invest.py--44--INFO:请求的数据是{'case_id': 11, 'interface': 'invest', 'title': '投资项目id校验--输入不存在的项目id', 'method': 'POST', 'url': '/member/invest', 'data': '{"member_id":"#member_id#","loan_id":"888888888","amount":"100"}', 'headers': '{"X-Lemonban-Media-Type": "lemonban.v2","Authorization":"#token#"}', 'yes_or_no': 'NO', 'expected': '{"code": 2,"msg": "项目不存在"}', 'actucal': "{'code': 2, 'msg': '项目不存在', 'data': None, 'copyright': 'Copyright 柠檬班 © 2017-2020 湖南省零檬信息技术有限公司 All Rights Reserved'}", 'test_result': 'PASS'}
[2020-06-21 14:53:56,890]--test_invest.py--134--INFO:======================正在查询原始投资记录条数=======================
[2020-06-21 14:53:56,913]--test_invest.py--138--INFO:账户id为173720的原始投资记录条数为48
[2020-06-21 14:53:56,913]--test_invest.py--141--INFO:======================正在查询原始投资流水记录条数=======================
[2020-06-21 14:53:56,928]--test_invest.py--145--INFO:账户id为173720的原始投资流水条数为48
[2020-06-21 14:53:56,960]--test_invest.py--182--INFO:第11条用例执行结果为PASS
[2020-06-21 14:53:56,960]--test_invest.py--188--INFO:*************开始回写数据***************
[2020-06-21 14:53:57,292]--test_invest.py--190--INFO:正在回写实际结果actual：{'code': 2, 'msg': '项目不存在', 'data': None, 'copyright': 'Copyright 柠檬班 © 2017-2020 湖南省零檬信息技术有限公司 All Rights Reserved'}
[2020-06-21 14:53:57,676]--test_invest.py--192--INFO:正在回写测试结果test_result：PASS
[2020-06-21 14:53:57,676]--test_invest.py--193--INFO:*************结束回写数据***************
[2020-06-21 14:53:57,830]--test_invest.py--42--INFO:******************正在执行invest模块用例******************
[2020-06-21 14:53:57,830]--test_invest.py--43--INFO:正在执行第12条用例:投资项目id校验--项目id输入为空
[2020-06-21 14:53:57,830]--test_invest.py--44--INFO:请求的数据是{'case_id': 12, 'interface': 'invest', 'title': '投资项目id校验--项目id输入为空', 'method': 'POST', 'url': '/member/invest', 'data': '{"member_id":"#member_id#","loan_id":"","amount":"100"}', 'headers': '{"X-Lemonban-Media-Type": "lemonban.v2","Authorization":"#token#"}', 'yes_or_no': 'NO', 'expected': '{"code": 2,"msg": "数值参数格式错误"}', 'actucal': "{'code': 2, 'msg': '数值参数格式错误', 'data': None, 'copyright': 'Copyright 柠檬班 © 2017-2020 湖南省零檬信息技术有限公司 All Rights Reserved'}", 'test_result': 'PASS'}
[2020-06-21 14:53:57,830]--test_invest.py--134--INFO:======================正在查询原始投资记录条数=======================
[2020-06-21 14:53:57,846]--test_invest.py--138--INFO:账户id为173720的原始投资记录条数为48
[2020-06-21 14:53:57,846]--test_invest.py--141--INFO:======================正在查询原始投资流水记录条数=======================
[2020-06-21 14:53:57,862]--test_invest.py--145--INFO:账户id为173720的原始投资流水条数为48
[2020-06-21 14:53:57,877]--test_invest.py--182--INFO:第12条用例执行结果为PASS
[2020-06-21 14:53:57,877]--test_invest.py--188--INFO:*************开始回写数据***************
[2020-06-21 14:53:58,216]--test_invest.py--190--INFO:正在回写实际结果actual：{'code': 2, 'msg': '数值参数格式错误', 'data': None, 'copyright': 'Copyright 柠檬班 © 2017-2020 湖南省零檬信息技术有限公司 All Rights Reserved'}
[2020-06-21 14:53:58,532]--test_invest.py--192--INFO:正在回写测试结果test_result：PASS
[2020-06-21 14:53:58,532]--test_invest.py--193--INFO:*************结束回写数据***************
[2020-06-21 14:53:58,879]--test_invest.py--42--INFO:******************正在执行invest模块用例******************
[2020-06-21 14:53:58,879]--test_invest.py--43--INFO:正在执行第13条用例:投资金额校验--投资金额输入为空
[2020-06-21 14:53:58,879]--test_invest.py--44--INFO:请求的数据是{'case_id': 13, 'interface': 'invest', 'title': '投资金额校验--投资金额输入为空', 'method': 'POST', 'url': '/member/invest', 'data': '{"member_id":"#member_id#","loan_id":"#loanid#","amount":""}', 'headers': '{"X-Lemonban-Media-Type": "lemonban.v2","Authorization":"#token#"}', 'yes_or_no': 'NO', 'expected': '{"code": 2,"msg": "数值参数格式错误"}', 'actucal': "{'code': 2, 'msg': '数值参数格式错误', 'data': None, 'copyright': 'Copyright 柠檬班 © 2017-2020 湖南省零檬信息技术有限公司 All Rights Reserved'}", 'test_result': 'PASS'}
[2020-06-21 14:53:58,879]--test_invest.py--134--INFO:======================正在查询原始投资记录条数=======================
[2020-06-21 14:53:58,895]--test_invest.py--138--INFO:账户id为173720的原始投资记录条数为48
[2020-06-21 14:53:58,895]--test_invest.py--141--INFO:======================正在查询原始投资流水记录条数=======================
[2020-06-21 14:53:58,917]--test_invest.py--145--INFO:账户id为173720的原始投资流水条数为48
[2020-06-21 14:53:58,933]--test_invest.py--182--INFO:第13条用例执行结果为PASS
[2020-06-21 14:53:58,933]--test_invest.py--188--INFO:*************开始回写数据***************
[2020-06-21 14:53:59,311]--test_invest.py--190--INFO:正在回写实际结果actual：{'code': 2, 'msg': '数值参数格式错误', 'data': None, 'copyright': 'Copyright 柠檬班 © 2017-2020 湖南省零檬信息技术有限公司 All Rights Reserved'}
[2020-06-21 14:53:59,634]--test_invest.py--192--INFO:正在回写测试结果test_result：PASS
[2020-06-21 14:53:59,634]--test_invest.py--193--INFO:*************结束回写数据***************
[2020-06-21 14:53:59,882]--test_invest.py--42--INFO:******************正在执行invest模块用例******************
[2020-06-21 14:53:59,882]--test_invest.py--43--INFO:正在执行第14条用例:投资金额校验--投资金额输入为能被100整除的正整数
[2020-06-21 14:53:59,882]--test_invest.py--44--INFO:请求的数据是{'case_id': 14, 'interface': 'invest', 'title': '投资金额校验--投资金额输入为能被100整除的正整数', 'method': 'POST', 'url': '/member/invest', 'data': '{"member_id":"#member_id#","loan_id":"#loanid#","amount":"200"}', 'headers': '{"X-Lemonban-Media-Type": "lemonban.v2","Authorization":"#token#"}', 'yes_or_no': 'YES', 'expected': '{"code": 0,"msg": "OK"}', 'actucal': "{'code': 0, 'msg': 'OK', 'data': {'id': 2039, 'member_id': 173720, 'loan_id': 1246476, 'amount': 200.0, 'create_time': '2020-06-21 14:52:36', 'is_valid': 1}, 'copyright': 'Copyright 柠檬班 © 2017-2020 湖南省零檬信息技术有限公司 All Rights Reserved'}", 'test_result': 'PASS'}
[2020-06-21 14:53:59,882]--test_invest.py--94--INFO:======================正在查询原始金额=======================
[2020-06-21 14:53:59,898]--test_invest.py--105--INFO:账户id为173720的账户原始金额是85600.00
[2020-06-21 14:53:59,898]--test_invest.py--134--INFO:======================正在查询原始投资记录条数=======================
[2020-06-21 14:53:59,913]--test_invest.py--138--INFO:账户id为173720的原始投资记录条数为48
[2020-06-21 14:53:59,913]--test_invest.py--141--INFO:======================正在查询原始投资流水记录条数=======================
[2020-06-21 14:53:59,935]--test_invest.py--145--INFO:账户id为173720的原始投资流水条数为48
[2020-06-21 14:53:59,966]--test_invest.py--182--INFO:第14条用例执行结果为PASS
[2020-06-21 14:53:59,966]--test_invest.py--188--INFO:*************开始回写数据***************
[2020-06-21 14:54:00,299]--test_invest.py--190--INFO:正在回写实际结果actual：{'code': 0, 'msg': 'OK', 'data': {'id': 2045, 'member_id': 173720, 'loan_id': 1246497, 'amount': 200.0, 'create_time': '2020-06-21 14:54:01', 'is_valid': 1}, 'copyright': 'Copyright 柠檬班 © 2017-2020 湖南省零檬信息技术有限公司 All Rights Reserved'}
[2020-06-21 14:54:00,621]--test_invest.py--192--INFO:正在回写测试结果test_result：PASS
[2020-06-21 14:54:00,621]--test_invest.py--193--INFO:*************结束回写数据***************
[2020-06-21 14:54:00,837]--test_invest.py--42--INFO:******************正在执行invest模块用例******************
[2020-06-21 14:54:00,837]--test_invest.py--43--INFO:正在执行第15条用例:投资金额校验--投资金额输入为不能被100整除的正整数
[2020-06-21 14:54:00,837]--test_invest.py--44--INFO:请求的数据是{'case_id': 15, 'interface': 'invest', 'title': '投资金额校验--投资金额输入为不能被100整除的正整数', 'method': 'POST', 'url': '/member/invest', 'data': '{"member_id":"#member_id#","loan_id":"#loanid#","amount":"101"}', 'headers': '{"X-Lemonban-Media-Type": "lemonban.v2","Authorization":"#token#"}', 'yes_or_no': 'NO', 'expected': '{"code": 2,"msg": "充值金额必须大于100，并且可以被100整除"}', 'actucal': "{'code': 2, 'msg': '充值金额必须大于100，并且可以被100整除', 'data': None, 'copyright': 'Copyright 柠檬班 © 2017-2020 湖南省零檬信息技术有限公司 All Rights Reserved'}", 'test_result': 'PASS'}
[2020-06-21 14:54:00,837]--test_invest.py--134--INFO:======================正在查询原始投资记录条数=======================
[2020-06-21 14:54:00,837]--test_invest.py--138--INFO:账户id为173720的原始投资记录条数为49
[2020-06-21 14:54:00,837]--test_invest.py--141--INFO:======================正在查询原始投资流水记录条数=======================
[2020-06-21 14:54:00,853]--test_invest.py--145--INFO:账户id为173720的原始投资流水条数为49
[2020-06-21 14:54:00,884]--test_invest.py--182--INFO:第15条用例执行结果为PASS
[2020-06-21 14:54:00,884]--test_invest.py--188--INFO:*************开始回写数据***************
[2020-06-21 14:54:01,215]--test_invest.py--190--INFO:正在回写实际结果actual：{'code': 2, 'msg': '充值金额必须大于100，并且可以被100整除', 'data': None, 'copyright': 'Copyright 柠檬班 © 2017-2020 湖南省零檬信息技术有限公司 All Rights Reserved'}
[2020-06-21 14:54:01,523]--test_invest.py--192--INFO:正在回写测试结果test_result：PASS
[2020-06-21 14:54:01,523]--test_invest.py--193--INFO:*************结束回写数据***************
[2020-06-21 14:54:01,670]--test_invest.py--42--INFO:******************正在执行invest模块用例******************
[2020-06-21 14:54:01,670]--test_invest.py--43--INFO:正在执行第16条用例:投资金额校验--投资金额输入负数
[2020-06-21 14:54:01,670]--test_invest.py--44--INFO:请求的数据是{'case_id': 16, 'interface': 'invest', 'title': '投资金额校验--投资金额输入负数', 'method': 'POST', 'url': '/member/invest', 'data': '{"member_id":"#member_id#","loan_id":"#loanid#","amount":"-100"}', 'headers': '{"X-Lemonban-Media-Type": "lemonban.v2","Authorization":"#token#"}', 'yes_or_no': 'NO', 'expected': '{"code": 2,"msg": "充值金额必须大于100，并且可以被100整除"}', 'actucal': "{'code': 2, 'msg': '充值金额必须大于100，并且可以被100整除', 'data': None, 'copyright': 'Copyright 柠檬班 © 2017-2020 湖南省零檬信息技术有限公司 All Rights Reserved'}", 'test_result': 'PASS'}
[2020-06-21 14:54:01,686]--test_invest.py--134--INFO:======================正在查询原始投资记录条数=======================
[2020-06-21 14:54:01,686]--test_invest.py--138--INFO:账户id为173720的原始投资记录条数为49
[2020-06-21 14:54:01,686]--test_invest.py--141--INFO:======================正在查询原始投资流水记录条数=======================
[2020-06-21 14:54:01,701]--test_invest.py--145--INFO:账户id为173720的原始投资流水条数为49
[2020-06-21 14:54:01,755]--test_invest.py--182--INFO:第16条用例执行结果为PASS
[2020-06-21 14:54:01,755]--test_invest.py--188--INFO:*************开始回写数据***************
[2020-06-21 14:54:02,102]--test_invest.py--190--INFO:正在回写实际结果actual：{'code': 2, 'msg': '充值金额必须大于100，并且可以被100整除', 'data': None, 'copyright': 'Copyright 柠檬班 © 2017-2020 湖南省零檬信息技术有限公司 All Rights Reserved'}
[2020-06-21 14:54:02,471]--test_invest.py--192--INFO:正在回写测试结果test_result：PASS
[2020-06-21 14:54:02,471]--test_invest.py--193--INFO:*************结束回写数据***************
[2020-06-21 14:54:02,603]--test_invest.py--42--INFO:******************正在执行invest模块用例******************
[2020-06-21 14:54:02,603]--test_invest.py--43--INFO:正在执行第17条用例:投资金额校验--投资金额输入小数
[2020-06-21 14:54:02,603]--test_invest.py--44--INFO:请求的数据是{'case_id': 17, 'interface': 'invest', 'title': '投资金额校验--投资金额输入小数', 'method': 'POST', 'url': '/member/invest', 'data': '{"member_id":"#member_id#","loan_id":"#loanid#","amount":"100.88"}', 'headers': '{"X-Lemonban-Media-Type": "lemonban.v2","Authorization":"#token#"}', 'yes_or_no': 'NO', 'expected': '{"code": 2,"msg": "充值金额必须大于100，并且可以被100整除"}', 'actucal': "{'code': 2, 'msg': '充值金额必须大于100，并且可以被100整除', 'data': None, 'copyright': 'Copyright 柠檬班 © 2017-2020 湖南省零檬信息技术有限公司 All Rights Reserved'}", 'test_result': 'PASS'}
[2020-06-21 14:54:02,603]--test_invest.py--134--INFO:======================正在查询原始投资记录条数=======================
[2020-06-21 14:54:02,625]--test_invest.py--138--INFO:账户id为173720的原始投资记录条数为49
[2020-06-21 14:54:02,625]--test_invest.py--141--INFO:======================正在查询原始投资流水记录条数=======================
[2020-06-21 14:54:02,641]--test_invest.py--145--INFO:账户id为173720的原始投资流水条数为49
[2020-06-21 14:54:02,657]--test_invest.py--182--INFO:第17条用例执行结果为PASS
[2020-06-21 14:54:02,657]--test_invest.py--188--INFO:*************开始回写数据***************
[2020-06-21 14:54:02,989]--test_invest.py--190--INFO:正在回写实际结果actual：{'code': 2, 'msg': '充值金额必须大于100，并且可以被100整除', 'data': None, 'copyright': 'Copyright 柠檬班 © 2017-2020 湖南省零檬信息技术有限公司 All Rights Reserved'}
[2020-06-21 14:54:03,305]--test_invest.py--192--INFO:正在回写测试结果test_result：PASS
[2020-06-21 14:54:03,305]--test_invest.py--193--INFO:*************结束回写数据***************
[2020-06-21 14:54:03,428]--test_invest.py--42--INFO:******************正在执行invest模块用例******************
[2020-06-21 14:54:03,428]--test_invest.py--43--INFO:正在执行第18条用例:投资金额校验--投资金额输入非法字符
[2020-06-21 14:54:03,428]--test_invest.py--44--INFO:请求的数据是{'case_id': 18, 'interface': 'invest', 'title': '投资金额校验--投资金额输入非法字符', 'method': 'POST', 'url': '/member/invest', 'data': '{"member_id":"#member_id#","loan_id":"#loanid#","amount":"ddd"}', 'headers': '{"X-Lemonban-Media-Type": "lemonban.v2","Authorization":"#token#"}', 'yes_or_no': 'NO', 'expected': '{"code": 2,"msg": "数值参数格式错误"}', 'actucal': "{'code': 2, 'msg': '数值参数格式错误', 'data': None, 'copyright': 'Copyright 柠檬班 © 2017-2020 湖南省零檬信息技术有限公司 All Rights Reserved'}", 'test_result': 'PASS'}
[2020-06-21 14:54:03,428]--test_invest.py--134--INFO:======================正在查询原始投资记录条数=======================
[2020-06-21 14:54:03,428]--test_invest.py--138--INFO:账户id为173720的原始投资记录条数为49
[2020-06-21 14:54:03,428]--test_invest.py--141--INFO:======================正在查询原始投资流水记录条数=======================
[2020-06-21 14:54:03,443]--test_invest.py--145--INFO:账户id为173720的原始投资流水条数为49
[2020-06-21 14:54:03,459]--test_invest.py--182--INFO:第18条用例执行结果为PASS
[2020-06-21 14:54:03,459]--test_invest.py--188--INFO:*************开始回写数据***************
[2020-06-21 14:54:03,791]--test_invest.py--190--INFO:正在回写实际结果actual：{'code': 2, 'msg': '数值参数格式错误', 'data': None, 'copyright': 'Copyright 柠檬班 © 2017-2020 湖南省零檬信息技术有限公司 All Rights Reserved'}
[2020-06-21 14:54:04,123]--test_invest.py--192--INFO:正在回写测试结果test_result：PASS
[2020-06-21 14:54:04,123]--test_invest.py--193--INFO:*************结束回写数据***************
[2020-06-21 14:54:04,261]--test_invest.py--42--INFO:******************正在执行invest模块用例******************
[2020-06-21 14:54:04,261]--test_invest.py--43--INFO:正在执行第19条用例:投资金额校验--投资金额输入大于可投标金额
[2020-06-21 14:54:04,261]--test_invest.py--44--INFO:请求的数据是{'case_id': 19, 'interface': 'invest', 'title': '投资金额校验--投资金额输入大于可投标金额', 'method': 'POST', 'url': '/member/invest', 'data': '{"member_id":"#member_id#","loan_id":"#max_id#","amount":"30000"}', 'headers': '{"X-Lemonban-Media-Type": "lemonban.v2","Authorization":"#token#"}', 'yes_or_no': 'NO', 'expected': '{"code": 2,"msg": "该标可投金额不足,可投金额：5100.0"}', 'actucal': "{'code': 2, 'msg': '该标可投金额不足,可投金额：5100.0', 'data': None, 'copyright': 'Copyright 柠檬班 © 2017-2020 湖南省零檬信息技术有限公司 All Rights Reserved'}", 'test_result': 'FAILED'}
[2020-06-21 14:54:04,277]--test_invest.py--134--INFO:======================正在查询原始投资记录条数=======================
[2020-06-21 14:54:04,292]--test_invest.py--138--INFO:账户id为173720的原始投资记录条数为49
[2020-06-21 14:54:04,292]--test_invest.py--141--INFO:======================正在查询原始投资流水记录条数=======================
[2020-06-21 14:54:04,308]--test_invest.py--145--INFO:账户id为173720的原始投资流水条数为49
[2020-06-21 14:54:04,330]--test_invest.py--182--INFO:第19条用例执行结果为PASS
[2020-06-21 14:54:04,330]--test_invest.py--188--INFO:*************开始回写数据***************
[2020-06-21 14:54:04,647]--test_invest.py--190--INFO:正在回写实际结果actual：{'code': 2, 'msg': '该标可投金额不足,可投金额：5100.0', 'data': None, 'copyright': 'Copyright 柠檬班 © 2017-2020 湖南省零檬信息技术有限公司 All Rights Reserved'}
[2020-06-21 14:54:04,963]--test_invest.py--192--INFO:正在回写测试结果test_result：PASS
[2020-06-21 14:54:04,963]--test_invest.py--193--INFO:*************结束回写数据***************
[2020-06-21 14:54:05,095]--test_invest.py--42--INFO:******************正在执行invest模块用例******************
[2020-06-21 14:54:05,095]--test_invest.py--43--INFO:正在执行第20条用例:投资金额校验--投资金额输入等于可投标金额,投标完成
[2020-06-21 14:54:05,095]--test_invest.py--44--INFO:请求的数据是{'case_id': 20, 'interface': 'invest', 'title': '投资金额校验--投资金额输入等于可投标金额,投标完成', 'method': 'POST', 'url': '/member/invest', 'data': '{"member_id":"#member_id#","loan_id":"#loanid#","amount":"#amount#"}', 'headers': '{"X-Lemonban-Media-Type": "lemonban.v2","Authorization":"#token#"}', 'yes_or_no': 'YES', 'expected': '{"code": 0,"msg": "OK"}', 'actucal': "{'code': 0, 'msg': 'OK', 'data': {'id': 2040, 'member_id': 173720, 'loan_id': 1246482, 'amount': 80000.0, 'create_time': '2020-06-21 14:52:42', 'is_valid': 1}, 'copyright': 'Copyright 柠檬班 © 2017-2020 湖南省零檬信息技术有限公司 All Rights Reserved'}", 'test_result': 'PASS'}
[2020-06-21 14:54:05,110]--test_invest.py--94--INFO:======================正在查询原始金额=======================
[2020-06-21 14:54:05,110]--test_invest.py--105--INFO:账户id为173720的账户原始金额是85400.00
[2020-06-21 14:54:05,110]--test_invest.py--134--INFO:======================正在查询原始投资记录条数=======================
[2020-06-21 14:54:05,133]--test_invest.py--138--INFO:账户id为173720的原始投资记录条数为49
[2020-06-21 14:54:05,133]--test_invest.py--141--INFO:======================正在查询原始投资流水记录条数=======================
[2020-06-21 14:54:05,148]--test_invest.py--145--INFO:账户id为173720的原始投资流水条数为49
[2020-06-21 14:54:05,195]--test_invest.py--182--INFO:第20条用例执行结果为PASS
[2020-06-21 14:54:05,195]--test_invest.py--188--INFO:*************开始回写数据***************
[2020-06-21 14:54:05,528]--test_invest.py--190--INFO:正在回写实际结果actual：{'code': 0, 'msg': 'OK', 'data': {'id': 2046, 'member_id': 173720, 'loan_id': 1246503, 'amount': 80000.0, 'create_time': '2020-06-21 14:54:06', 'is_valid': 1}, 'copyright': 'Copyright 柠檬班 © 2017-2020 湖南省零檬信息技术有限公司 All Rights Reserved'}
[2020-06-21 14:54:05,835]--test_invest.py--192--INFO:正在回写测试结果test_result：PASS
[2020-06-21 14:54:05,835]--test_invest.py--193--INFO:*************结束回写数据***************
[2020-06-21 14:54:06,035]--test_invest.py--42--INFO:******************正在执行invest模块用例******************
[2020-06-21 14:54:06,035]--test_invest.py--43--INFO:正在执行第21条用例:投资金额校验--投资金额输入大于用户余额,余额不足
[2020-06-21 14:54:06,035]--test_invest.py--44--INFO:请求的数据是{'case_id': 21, 'interface': 'invest', 'title': '投资金额校验--投资金额输入大于用户余额,余额不足', 'method': 'POST', 'url': '/member/invest', 'data': '{"member_id":"#member_id#","loan_id":"#loanid#","amount":"#min_amt#"}', 'headers': '{"X-Lemonban-Media-Type": "lemonban.v2","Authorization":"#token#"}', 'yes_or_no': 'NO', 'expected': '{"code": 0,"msg": "OK"}', 'actucal': "{'code': 2, 'msg': '该标可投金额不足,可投金额：80000.0', 'data': None, 'copyright': 'Copyright 柠檬班 © 2017-2020 湖南省零檬信息技术有限公司 All Rights Reserved'}", 'test_result': 'FAILED'}
[2020-06-21 14:54:06,035]--test_invest.py--134--INFO:======================正在查询原始投资记录条数=======================
[2020-06-21 14:54:06,051]--test_invest.py--138--INFO:账户id为173720的原始投资记录条数为50
[2020-06-21 14:54:06,051]--test_invest.py--141--INFO:======================正在查询原始投资流水记录条数=======================
[2020-06-21 14:54:06,067]--test_invest.py--145--INFO:账户id为173720的原始投资流水条数为50
[2020-06-21 14:54:06,082]--test_invest.py--184--ERROR:执行接口测试出现错误，错误是False is not true
[2020-06-21 14:54:06,082]--test_invest.py--186--ERROR:第21条用例执行结果为FAILED
[2020-06-21 14:54:06,082]--test_invest.py--188--INFO:*************开始回写数据***************
[2020-06-21 14:54:06,415]--test_invest.py--190--INFO:正在回写实际结果actual：{'code': 2, 'msg': '该标可投金额不足,可投金额：80000.0', 'data': None, 'copyright': 'Copyright 柠檬班 © 2017-2020 湖南省零檬信息技术有限公司 All Rights Reserved'}
[2020-06-21 14:54:06,784]--test_invest.py--192--INFO:正在回写测试结果test_result：FAILED
[2020-06-21 14:54:06,784]--test_invest.py--193--INFO:*************结束回写数据***************
