[2020-06-21 08:54:14,040]--test_invest.py--42--INFO:******************正在执行invest模块用例******************
[2020-06-21 08:54:14,042]--test_invest.py--43--INFO:正在执行第1条用例:用户id校验--输入已注册用户id
[2020-06-21 08:54:14,051]--test_invest.py--44--INFO:请求的数据是{'case_id': 1, 'interface': 'invest', 'title': '用户id校验--输入已注册用户id', 'method': 'POST', 'url': '/member/invest', 'data': '{"member_id":"#member_id#","loan_id":"#loanid#","amount":"1000"}', 'headers': '{"X-Lemonban-Media-Type": "lemonban.v2","Authorization":"#token#"}', 'yes_or_no': 'YES', 'expected': '{"code": 0,"msg": "OK"}', 'actucal': "{'code': 0, 'msg': 'OK', 'data': {'id': 1918, 'member_id': 13217, 'loan_id': 1245401, 'amount': 1000.0, 'create_time': '2020-06-21 00:45:12', 'is_valid': 1}, 'copyright': 'Copyright 柠檬班 © 2017-2020 湖南省零檬信息技术有限公司 All Rights Reserved'}", 'test_result': 'PASS'}
[2020-06-21 08:54:14,052]--test_invest.py--94--INFO:======================正在查询原始金额=======================
[2020-06-21 08:54:14,302]--test_invest.py--42--INFO:******************正在执行invest模块用例******************
[2020-06-21 08:54:14,302]--test_invest.py--43--INFO:正在执行第2条用例:用户id校验--输入不存在的用户id
[2020-06-21 08:54:14,303]--test_invest.py--44--INFO:请求的数据是{'case_id': 2, 'interface': 'invest', 'title': '用户id校验--输入不存在的用户id', 'method': 'POST', 'url': '/member/invest', 'data': '{"member_id":"s13361","loan_id":"#loanid#","amount":"20000"}', 'headers': '{"X-Lemonban-Media-Type": "lemonban.v2","Authorization":"#token#"}', 'yes_or_no': 'NO', 'expected': '{"code": 2,"msg": "数值参数格式错误"}', 'actucal': "{'code': 2, 'msg': '数值参数格式错误', 'data': None, 'copyright': 'Copyright 柠檬班 © 2017-2020 湖南省零檬信息技术有限公司 All Rights Reserved'}", 'test_result': 'PASS'}
[2020-06-21 08:54:14,303]--test_invest.py--129--INFO:======================正在查询原始投资记录条数=======================
[2020-06-21 08:54:14,328]--test_invest.py--133--INFO:账户id为173720的原始投资记录条数为0
[2020-06-21 08:54:14,328]--test_invest.py--136--INFO:======================正在查询原始投资流水记录条数=======================
[2020-06-21 08:54:14,349]--test_invest.py--140--INFO:账户id为173720的原始投资流水条数为0
[2020-06-21 08:54:14,368]--test_invest.py--177--INFO:第2条用例执行结果为PASS
[2020-06-21 08:54:14,368]--test_invest.py--183--INFO:*************开始回写数据***************
[2020-06-21 08:54:14,846]--test_invest.py--185--INFO:正在回写实际结果actual：{'code': 2, 'msg': '数值参数格式错误', 'data': None, 'copyright': 'Copyright 柠檬班 © 2017-2020 湖南省零檬信息技术有限公司 All Rights Reserved'}
[2020-06-21 08:54:15,189]--test_invest.py--187--INFO:正在回写测试结果test_result：PASS
[2020-06-21 08:54:15,189]--test_invest.py--188--INFO:*************结束回写数据***************
[2020-06-21 08:54:15,325]--test_invest.py--42--INFO:******************正在执行invest模块用例******************
[2020-06-21 08:54:15,326]--test_invest.py--43--INFO:正在执行第3条用例:用户id校验--id输入为空
[2020-06-21 08:54:15,326]--test_invest.py--44--INFO:请求的数据是{'case_id': 3, 'interface': 'invest', 'title': '用户id校验--id输入为空', 'method': 'POST', 'url': '/member/invest', 'data': '{"member_id":"","loan_id":"#loanid#","amount":"100"}', 'headers': '{"X-Lemonban-Media-Type": "lemonban.v2","Authorization":"#token#"}', 'yes_or_no': 'NO', 'expected': '{"code": 2,"msg": "数值参数格式错误"}', 'actucal': "{'code': 2, 'msg': '数值参数格式错误', 'data': None, 'copyright': 'Copyright 柠檬班 © 2017-2020 湖南省零檬信息技术有限公司 All Rights Reserved'}", 'test_result': 'PASS'}
[2020-06-21 08:54:15,326]--test_invest.py--129--INFO:======================正在查询原始投资记录条数=======================
[2020-06-21 08:54:15,335]--test_invest.py--133--INFO:账户id为173720的原始投资记录条数为0
[2020-06-21 08:54:15,336]--test_invest.py--136--INFO:======================正在查询原始投资流水记录条数=======================
[2020-06-21 08:54:15,352]--test_invest.py--140--INFO:账户id为173720的原始投资流水条数为0
[2020-06-21 08:54:16,371]--test_invest.py--177--INFO:第3条用例执行结果为PASS
[2020-06-21 08:54:16,371]--test_invest.py--183--INFO:*************开始回写数据***************
[2020-06-21 08:54:16,786]--test_invest.py--185--INFO:正在回写实际结果actual：{'code': 2, 'msg': '数值参数格式错误', 'data': None, 'copyright': 'Copyright 柠檬班 © 2017-2020 湖南省零檬信息技术有限公司 All Rights Reserved'}
[2020-06-21 08:54:17,176]--test_invest.py--187--INFO:正在回写测试结果test_result：PASS
[2020-06-21 08:54:17,177]--test_invest.py--188--INFO:*************结束回写数据***************
[2020-06-21 08:54:17,302]--test_invest.py--42--INFO:******************正在执行invest模块用例******************
[2020-06-21 08:54:17,302]--test_invest.py--43--INFO:正在执行第4条用例:投资项目id校验--输入投标中状态2(竞标中)的项目id
[2020-06-21 08:54:17,303]--test_invest.py--44--INFO:请求的数据是{'case_id': 4, 'interface': 'invest', 'title': '投资项目id校验--输入投标中状态2(竞标中)的项目id', 'method': 'POST', 'url': '/member/invest', 'data': '{"member_id":"#member_id#","loan_id":"#loanid#","amount":"100"}', 'headers': '{"X-Lemonban-Media-Type": "lemonban.v2","Authorization":"#token#"}', 'yes_or_no': 'YES', 'expected': '{"code": 0,"msg": "OK"}', 'actucal': "{'code': 0, 'msg': 'OK', 'data': {'id': 1919, 'member_id': 13217, 'loan_id': 1245404, 'amount': 100.0, 'create_time': '2020-06-21 00:45:16', 'is_valid': 1}, 'copyright': 'Copyright 柠檬班 © 2017-2020 湖南省零檬信息技术有限公司 All Rights Reserved'}", 'test_result': 'PASS'}
[2020-06-21 08:54:17,303]--test_invest.py--94--INFO:======================正在查询原始金额=======================
[2020-06-21 08:54:17,435]--test_invest.py--42--INFO:******************正在执行invest模块用例******************
[2020-06-21 08:54:17,435]--test_invest.py--43--INFO:正在执行第5条用例:投资项目id校验--输入非投标中状态为1(审核中)的项目id
[2020-06-21 08:54:17,435]--test_invest.py--44--INFO:请求的数据是{'case_id': 5, 'interface': 'invest', 'title': '投资项目id校验--输入非投标中状态为1(审核中)的项目id', 'method': 'POST', 'url': '/member/invest', 'data': '{"member_id":"#member_id#","loan_id":"#shz#","amount":"100"}', 'headers': '{"X-Lemonban-Media-Type": "lemonban.v2","Authorization":"#token#"}', 'yes_or_no': 'NO', 'expected': '{"code": 2,"msg": "该项目不在竞标中状态"}', 'actucal': "{'code': 2, 'msg': '该项目不在竞标中状态', 'data': None, 'copyright': 'Copyright 柠檬班 © 2017-2020 湖南省零檬信息技术有限公司 All Rights Reserved'}", 'test_result': 'PASS'}
[2020-06-21 08:54:17,443]--test_invest.py--129--INFO:======================正在查询原始投资记录条数=======================
[2020-06-21 08:54:17,453]--test_invest.py--133--INFO:账户id为173720的原始投资记录条数为0
[2020-06-21 08:54:17,453]--test_invest.py--136--INFO:======================正在查询原始投资流水记录条数=======================
[2020-06-21 08:54:17,468]--test_invest.py--140--INFO:账户id为173720的原始投资流水条数为0
[2020-06-21 08:54:17,488]--test_invest.py--177--INFO:第5条用例执行结果为PASS
[2020-06-21 08:54:17,488]--test_invest.py--183--INFO:*************开始回写数据***************
[2020-06-21 08:54:17,903]--test_invest.py--185--INFO:正在回写实际结果actual：{'code': 2, 'msg': '该项目不在竞标中状态', 'data': None, 'copyright': 'Copyright 柠檬班 © 2017-2020 湖南省零檬信息技术有限公司 All Rights Reserved'}
[2020-06-21 08:54:18,308]--test_invest.py--187--INFO:正在回写测试结果test_result：PASS
[2020-06-21 08:54:18,310]--test_invest.py--188--INFO:*************结束回写数据***************
[2020-06-21 08:54:18,451]--test_invest.py--42--INFO:******************正在执行invest模块用例******************
[2020-06-21 08:54:18,451]--test_invest.py--43--INFO:正在执行第6条用例:投资项目id校验--输入非投标中状态3(还款中)的项目id
[2020-06-21 08:54:18,452]--test_invest.py--44--INFO:请求的数据是{'case_id': 6, 'interface': 'invest', 'title': '投资项目id校验--输入非投标中状态3(还款中)的项目id', 'method': 'POST', 'url': '/member/invest', 'data': '{"member_id":"#member_id#","loan_id":"#hkz#","amount":"100"}', 'headers': '{"X-Lemonban-Media-Type": "lemonban.v2","Authorization":"#token#"}', 'yes_or_no': 'NO', 'expected': '{"code": 2,"msg": "该项目不在竞标中状态"}', 'actucal': "{'code': 2, 'msg': '该项目不在竞标中状态', 'data': None, 'copyright': 'Copyright 柠檬班 © 2017-2020 湖南省零檬信息技术有限公司 All Rights Reserved'}", 'test_result': 'PASS'}
[2020-06-21 08:54:18,462]--test_invest.py--129--INFO:======================正在查询原始投资记录条数=======================
[2020-06-21 08:54:18,472]--test_invest.py--133--INFO:账户id为173720的原始投资记录条数为0
[2020-06-21 08:54:18,473]--test_invest.py--136--INFO:======================正在查询原始投资流水记录条数=======================
[2020-06-21 08:54:18,489]--test_invest.py--140--INFO:账户id为173720的原始投资流水条数为0
[2020-06-21 08:54:18,510]--test_invest.py--177--INFO:第6条用例执行结果为PASS
[2020-06-21 08:54:18,510]--test_invest.py--183--INFO:*************开始回写数据***************
[2020-06-21 08:54:18,860]--test_invest.py--185--INFO:正在回写实际结果actual：{'code': 2, 'msg': '该项目不在竞标中状态', 'data': None, 'copyright': 'Copyright 柠檬班 © 2017-2020 湖南省零檬信息技术有限公司 All Rights Reserved'}
[2020-06-21 08:54:19,213]--test_invest.py--187--INFO:正在回写测试结果test_result：PASS
[2020-06-21 08:54:19,214]--test_invest.py--188--INFO:*************结束回写数据***************
[2020-06-21 08:54:19,356]--test_invest.py--42--INFO:******************正在执行invest模块用例******************
[2020-06-21 08:54:19,358]--test_invest.py--43--INFO:正在执行第7条用例:投资项目id校验--输入非投标中状态4(还款完成)的项目id
[2020-06-21 08:54:19,358]--test_invest.py--44--INFO:请求的数据是{'case_id': 7, 'interface': 'invest', 'title': '投资项目id校验--输入非投标中状态4(还款完成)的项目id', 'method': 'POST', 'url': '/member/invest', 'data': '{"member_id":"#member_id#","loan_id":"#hwc#","amount":"100"}', 'headers': '{"X-Lemonban-Media-Type": "lemonban.v2","Authorization":"#token#"}', 'yes_or_no': 'NO', 'expected': '{"code": 2,"msg": "该项目不在竞标中状态"}', 'actucal': "{'code': 2, 'msg': '该项目不在竞标中状态', 'data': None, 'copyright': 'Copyright 柠檬班 © 2017-2020 湖南省零檬信息技术有限公司 All Rights Reserved'}", 'test_result': 'PASS'}
[2020-06-21 08:54:19,375]--test_invest.py--129--INFO:======================正在查询原始投资记录条数=======================
[2020-06-21 08:54:19,391]--test_invest.py--133--INFO:账户id为173720的原始投资记录条数为0
[2020-06-21 08:54:19,391]--test_invest.py--136--INFO:======================正在查询原始投资流水记录条数=======================
[2020-06-21 08:54:19,413]--test_invest.py--140--INFO:账户id为173720的原始投资流水条数为0
[2020-06-21 08:54:19,436]--test_invest.py--177--INFO:第7条用例执行结果为PASS
[2020-06-21 08:54:19,437]--test_invest.py--183--INFO:*************开始回写数据***************
[2020-06-21 08:54:19,842]--test_invest.py--185--INFO:正在回写实际结果actual：{'code': 2, 'msg': '该项目不在竞标中状态', 'data': None, 'copyright': 'Copyright 柠檬班 © 2017-2020 湖南省零檬信息技术有限公司 All Rights Reserved'}
[2020-06-21 08:54:20,160]--test_invest.py--187--INFO:正在回写测试结果test_result：PASS
[2020-06-21 08:54:20,160]--test_invest.py--188--INFO:*************结束回写数据***************
[2020-06-21 08:54:20,322]--test_invest.py--42--INFO:******************正在执行invest模块用例******************
[2020-06-21 08:54:20,323]--test_invest.py--43--INFO:正在执行第8条用例:投资项目id校验--输入非投标中状态5(审核不通过)的项目id
[2020-06-21 08:54:20,323]--test_invest.py--44--INFO:请求的数据是{'case_id': 8, 'interface': 'invest', 'title': '投资项目id校验--输入非投标中状态5(审核不通过)的项目id', 'method': 'POST', 'url': '/member/invest', 'data': '{"member_id":"#member_id#","loan_id":"#btg#","amount":"100"}', 'headers': '{"X-Lemonban-Media-Type": "lemonban.v2","Authorization":"#token#"}', 'yes_or_no': 'NO', 'expected': '{"code": 2,"msg": "该项目不在竞标中状态"}', 'actucal': "{'code': 2, 'msg': '该项目不在竞标中状态', 'data': None, 'copyright': 'Copyright 柠檬班 © 2017-2020 湖南省零檬信息技术有限公司 All Rights Reserved'}", 'test_result': 'PASS'}
[2020-06-21 08:54:20,332]--test_invest.py--129--INFO:======================正在查询原始投资记录条数=======================
[2020-06-21 08:54:20,343]--test_invest.py--133--INFO:账户id为173720的原始投资记录条数为0
[2020-06-21 08:54:20,343]--test_invest.py--136--INFO:======================正在查询原始投资流水记录条数=======================
[2020-06-21 08:54:20,359]--test_invest.py--140--INFO:账户id为173720的原始投资流水条数为0
[2020-06-21 08:54:20,385]--test_invest.py--177--INFO:第8条用例执行结果为PASS
[2020-06-21 08:54:20,385]--test_invest.py--183--INFO:*************开始回写数据***************
[2020-06-21 08:54:20,765]--test_invest.py--185--INFO:正在回写实际结果actual：{'code': 2, 'msg': '该项目不在竞标中状态', 'data': None, 'copyright': 'Copyright 柠檬班 © 2017-2020 湖南省零檬信息技术有限公司 All Rights Reserved'}
[2020-06-21 08:54:21,117]--test_invest.py--187--INFO:正在回写测试结果test_result：PASS
[2020-06-21 08:54:21,118]--test_invest.py--188--INFO:*************结束回写数据***************
[2020-06-21 08:54:21,428]--test_invest.py--42--INFO:******************正在执行invest模块用例******************
[2020-06-21 08:54:21,428]--test_invest.py--43--INFO:正在执行第9条用例:投资项目id校验--输入用户自己创建的项目id
[2020-06-21 08:54:21,429]--test_invest.py--44--INFO:请求的数据是{'case_id': 9, 'interface': 'invest', 'title': '投资项目id校验--输入用户自己创建的项目id', 'method': 'POST', 'url': '/member/invest', 'data': '{"member_id":"#member_id#","loan_id":"#loanid#","amount":"100"}', 'headers': '{"X-Lemonban-Media-Type": "lemonban.v2","Authorization":"#token#"}', 'yes_or_no': 'YES', 'expected': '{"code": 0,"msg": "OK"}', 'actucal': "{'code': 0, 'msg': 'OK', 'data': {'id': 1920, 'member_id': 13217, 'loan_id': 1245409, 'amount': 100.0, 'create_time': '2020-06-21 00:45:23', 'is_valid': 1}, 'copyright': 'Copyright 柠檬班 © 2017-2020 湖南省零檬信息技术有限公司 All Rights Reserved'}", 'test_result': 'PASS'}
[2020-06-21 08:54:21,429]--test_invest.py--94--INFO:======================正在查询原始金额=======================
[2020-06-21 08:54:21,622]--test_invest.py--42--INFO:******************正在执行invest模块用例******************
[2020-06-21 08:54:21,622]--test_invest.py--43--INFO:正在执行第10条用例:投资项目id校验--输入其他用户创建的项目id
[2020-06-21 08:54:21,623]--test_invest.py--44--INFO:请求的数据是{'case_id': 10, 'interface': 'invest', 'title': '投资项目id校验--输入其他用户创建的项目id', 'method': 'POST', 'url': '/member/invest', 'data': '{"member_id":"#member_id#","loan_id":"#other_id#","amount":"600"}', 'headers': '{"X-Lemonban-Media-Type": "lemonban.v2","Authorization":"#token#"}', 'yes_or_no': 'YES', 'expected': '{"code": 0,"msg": "OK"}', 'actucal': "{'code': 0, 'msg': 'OK', 'data': {'id': 1921, 'member_id': 13217, 'loan_id': 14, 'amount': 600.0, 'create_time': '2020-06-21 00:45:24', 'is_valid': 1}, 'copyright': 'Copyright 柠檬班 © 2017-2020 湖南省零檬信息技术有限公司 All Rights Reserved'}", 'test_result': 'PASS'}
[2020-06-21 08:54:21,623]--test_invest.py--94--INFO:======================正在查询原始金额=======================
[2020-06-21 08:54:21,813]--test_invest.py--42--INFO:******************正在执行invest模块用例******************
[2020-06-21 08:54:21,813]--test_invest.py--43--INFO:正在执行第11条用例:投资项目id校验--输入不存在的项目id
[2020-06-21 08:54:21,813]--test_invest.py--44--INFO:请求的数据是{'case_id': 11, 'interface': 'invest', 'title': '投资项目id校验--输入不存在的项目id', 'method': 'POST', 'url': '/member/invest', 'data': '{"member_id":"#member_id#","loan_id":"888888888","amount":"100"}', 'headers': '{"X-Lemonban-Media-Type": "lemonban.v2","Authorization":"#token#"}', 'yes_or_no': 'NO', 'expected': '{"code": 2,"msg": "项目不存在"}', 'actucal': "{'code': 2, 'msg': '项目不存在', 'data': None, 'copyright': 'Copyright 柠檬班 © 2017-2020 湖南省零檬信息技术有限公司 All Rights Reserved'}", 'test_result': 'PASS'}
[2020-06-21 08:54:21,813]--test_invest.py--129--INFO:======================正在查询原始投资记录条数=======================
[2020-06-21 08:54:21,825]--test_invest.py--133--INFO:账户id为173720的原始投资记录条数为0
[2020-06-21 08:54:21,826]--test_invest.py--136--INFO:======================正在查询原始投资流水记录条数=======================
[2020-06-21 08:54:21,866]--test_invest.py--140--INFO:账户id为173720的原始投资流水条数为0
[2020-06-21 08:54:21,894]--test_invest.py--177--INFO:第11条用例执行结果为PASS
[2020-06-21 08:54:21,895]--test_invest.py--183--INFO:*************开始回写数据***************
[2020-06-21 08:54:22,462]--test_invest.py--185--INFO:正在回写实际结果actual：{'code': 2, 'msg': '项目不存在', 'data': None, 'copyright': 'Copyright 柠檬班 © 2017-2020 湖南省零檬信息技术有限公司 All Rights Reserved'}
[2020-06-21 08:54:22,837]--test_invest.py--187--INFO:正在回写测试结果test_result：PASS
[2020-06-21 08:54:22,838]--test_invest.py--188--INFO:*************结束回写数据***************
[2020-06-21 08:54:22,979]--test_invest.py--42--INFO:******************正在执行invest模块用例******************
[2020-06-21 08:54:22,979]--test_invest.py--43--INFO:正在执行第12条用例:投资项目id校验--项目id输入为空
[2020-06-21 08:54:22,980]--test_invest.py--44--INFO:请求的数据是{'case_id': 12, 'interface': 'invest', 'title': '投资项目id校验--项目id输入为空', 'method': 'POST', 'url': '/member/invest', 'data': '{"member_id":"#member_id#","loan_id":"","amount":"100"}', 'headers': '{"X-Lemonban-Media-Type": "lemonban.v2","Authorization":"#token#"}', 'yes_or_no': 'NO', 'expected': '{"code": 2,"msg": "数值参数格式错误"}', 'actucal': "{'code': 2, 'msg': '数值参数格式错误', 'data': None, 'copyright': 'Copyright 柠檬班 © 2017-2020 湖南省零檬信息技术有限公司 All Rights Reserved'}", 'test_result': 'PASS'}
[2020-06-21 08:54:22,980]--test_invest.py--129--INFO:======================正在查询原始投资记录条数=======================
[2020-06-21 08:54:22,997]--test_invest.py--133--INFO:账户id为173720的原始投资记录条数为0
[2020-06-21 08:54:22,997]--test_invest.py--136--INFO:======================正在查询原始投资流水记录条数=======================
[2020-06-21 08:54:23,020]--test_invest.py--140--INFO:账户id为173720的原始投资流水条数为0
[2020-06-21 08:54:23,044]--test_invest.py--177--INFO:第12条用例执行结果为PASS
[2020-06-21 08:54:23,044]--test_invest.py--183--INFO:*************开始回写数据***************
[2020-06-21 08:54:23,425]--test_invest.py--185--INFO:正在回写实际结果actual：{'code': 2, 'msg': '数值参数格式错误', 'data': None, 'copyright': 'Copyright 柠檬班 © 2017-2020 湖南省零檬信息技术有限公司 All Rights Reserved'}
[2020-06-21 08:54:23,765]--test_invest.py--187--INFO:正在回写测试结果test_result：PASS
[2020-06-21 08:54:23,765]--test_invest.py--188--INFO:*************结束回写数据***************
[2020-06-21 08:54:24,901]--test_invest.py--42--INFO:******************正在执行invest模块用例******************
[2020-06-21 08:54:24,901]--test_invest.py--43--INFO:正在执行第13条用例:投资金额校验--投资金额输入为空
[2020-06-21 08:54:24,902]--test_invest.py--44--INFO:请求的数据是{'case_id': 13, 'interface': 'invest', 'title': '投资金额校验--投资金额输入为空', 'method': 'POST', 'url': '/member/invest', 'data': '{"member_id":"#member_id#","loan_id":"#loanid#","amount":""}', 'headers': '{"X-Lemonban-Media-Type": "lemonban.v2","Authorization":"#token#"}', 'yes_or_no': 'NO', 'expected': '{"code": 2,"msg": "数值参数格式错误"}', 'actucal': "{'code': 2, 'msg': '数值参数格式错误', 'data': None, 'copyright': 'Copyright 柠檬班 © 2017-2020 湖南省零檬信息技术有限公司 All Rights Reserved'}", 'test_result': 'PASS'}
[2020-06-21 08:54:24,902]--test_invest.py--129--INFO:======================正在查询原始投资记录条数=======================
[2020-06-21 08:54:24,917]--test_invest.py--133--INFO:账户id为173720的原始投资记录条数为0
[2020-06-21 08:54:24,917]--test_invest.py--136--INFO:======================正在查询原始投资流水记录条数=======================
[2020-06-21 08:54:24,939]--test_invest.py--140--INFO:账户id为173720的原始投资流水条数为0
[2020-06-21 08:54:24,957]--test_invest.py--177--INFO:第13条用例执行结果为PASS
[2020-06-21 08:54:24,958]--test_invest.py--183--INFO:*************开始回写数据***************
[2020-06-21 08:54:25,307]--test_invest.py--185--INFO:正在回写实际结果actual：{'code': 2, 'msg': '数值参数格式错误', 'data': None, 'copyright': 'Copyright 柠檬班 © 2017-2020 湖南省零檬信息技术有限公司 All Rights Reserved'}
[2020-06-21 08:54:25,751]--test_invest.py--187--INFO:正在回写测试结果test_result：PASS
[2020-06-21 08:54:25,753]--test_invest.py--188--INFO:*************结束回写数据***************
[2020-06-21 08:54:25,894]--test_invest.py--42--INFO:******************正在执行invest模块用例******************
[2020-06-21 08:54:25,895]--test_invest.py--43--INFO:正在执行第14条用例:投资金额校验--投资金额输入为能被100整除的正整数
[2020-06-21 08:54:25,895]--test_invest.py--44--INFO:请求的数据是{'case_id': 14, 'interface': 'invest', 'title': '投资金额校验--投资金额输入为能被100整除的正整数', 'method': 'POST', 'url': '/member/invest', 'data': '{"member_id":"#member_id#","loan_id":"#loanid#","amount":"200"}', 'headers': '{"X-Lemonban-Media-Type": "lemonban.v2","Authorization":"#token#"}', 'yes_or_no': 'YES', 'expected': '{"code": 0,"msg": "OK"}', 'actucal': "{'code': 0, 'msg': 'OK', 'data': {'id': 1922, 'member_id': 13217, 'loan_id': 1245414, 'amount': 200.0, 'create_time': '2020-06-21 00:45:29', 'is_valid': 1}, 'copyright': 'Copyright 柠檬班 © 2017-2020 湖南省零檬信息技术有限公司 All Rights Reserved'}", 'test_result': 'PASS'}
[2020-06-21 08:54:25,895]--test_invest.py--94--INFO:======================正在查询原始金额=======================
[2020-06-21 08:54:26,057]--test_invest.py--42--INFO:******************正在执行invest模块用例******************
[2020-06-21 08:54:26,058]--test_invest.py--43--INFO:正在执行第15条用例:投资金额校验--投资金额输入为不能被100整除的正整数
[2020-06-21 08:54:26,085]--test_invest.py--44--INFO:请求的数据是{'case_id': 15, 'interface': 'invest', 'title': '投资金额校验--投资金额输入为不能被100整除的正整数', 'method': 'POST', 'url': '/member/invest', 'data': '{"member_id":"#member_id#","loan_id":"#loanid#","amount":"101"}', 'headers': '{"X-Lemonban-Media-Type": "lemonban.v2","Authorization":"#token#"}', 'yes_or_no': 'NO', 'expected': '{"code": 2,"msg": "充值金额必须大于100，并且可以被100整除"}', 'actucal': "{'code': 2, 'msg': '充值金额必须大于100，并且可以被100整除', 'data': None, 'copyright': 'Copyright 柠檬班 © 2017-2020 湖南省零檬信息技术有限公司 All Rights Reserved'}", 'test_result': 'PASS'}
[2020-06-21 08:54:26,086]--test_invest.py--129--INFO:======================正在查询原始投资记录条数=======================
[2020-06-21 08:54:26,103]--test_invest.py--133--INFO:账户id为173720的原始投资记录条数为0
[2020-06-21 08:54:26,104]--test_invest.py--136--INFO:======================正在查询原始投资流水记录条数=======================
[2020-06-21 08:54:26,127]--test_invest.py--140--INFO:账户id为173720的原始投资流水条数为0
[2020-06-21 08:54:26,150]--test_invest.py--177--INFO:第15条用例执行结果为PASS
[2020-06-21 08:54:26,151]--test_invest.py--183--INFO:*************开始回写数据***************
[2020-06-21 08:54:26,554]--test_invest.py--185--INFO:正在回写实际结果actual：{'code': 2, 'msg': '充值金额必须大于100，并且可以被100整除', 'data': None, 'copyright': 'Copyright 柠檬班 © 2017-2020 湖南省零檬信息技术有限公司 All Rights Reserved'}
[2020-06-21 08:54:27,087]--test_invest.py--187--INFO:正在回写测试结果test_result：PASS
[2020-06-21 08:54:27,088]--test_invest.py--188--INFO:*************结束回写数据***************
[2020-06-21 08:54:27,224]--test_invest.py--42--INFO:******************正在执行invest模块用例******************
[2020-06-21 08:54:27,224]--test_invest.py--43--INFO:正在执行第16条用例:投资金额校验--投资金额输入负数
[2020-06-21 08:54:27,224]--test_invest.py--44--INFO:请求的数据是{'case_id': 16, 'interface': 'invest', 'title': '投资金额校验--投资金额输入负数', 'method': 'POST', 'url': '/member/invest', 'data': '{"member_id":"#member_id#","loan_id":"#loanid#","amount":"-100"}', 'headers': '{"X-Lemonban-Media-Type": "lemonban.v2","Authorization":"#token#"}', 'yes_or_no': 'NO', 'expected': '{"code": 2,"msg": "充值金额必须大于100，并且可以被100整除"}', 'actucal': "{'code': 2, 'msg': '充值金额必须大于100，并且可以被100整除', 'data': None, 'copyright': 'Copyright 柠檬班 © 2017-2020 湖南省零檬信息技术有限公司 All Rights Reserved'}", 'test_result': 'PASS'}
[2020-06-21 08:54:27,225]--test_invest.py--129--INFO:======================正在查询原始投资记录条数=======================
[2020-06-21 08:54:27,232]--test_invest.py--133--INFO:账户id为173720的原始投资记录条数为0
[2020-06-21 08:54:27,233]--test_invest.py--136--INFO:======================正在查询原始投资流水记录条数=======================
[2020-06-21 08:54:27,248]--test_invest.py--140--INFO:账户id为173720的原始投资流水条数为0
[2020-06-21 08:54:27,266]--test_invest.py--177--INFO:第16条用例执行结果为PASS
[2020-06-21 08:54:27,267]--test_invest.py--183--INFO:*************开始回写数据***************
[2020-06-21 08:54:27,624]--test_invest.py--185--INFO:正在回写实际结果actual：{'code': 2, 'msg': '充值金额必须大于100，并且可以被100整除', 'data': None, 'copyright': 'Copyright 柠檬班 © 2017-2020 湖南省零檬信息技术有限公司 All Rights Reserved'}
[2020-06-21 08:54:28,049]--test_invest.py--187--INFO:正在回写测试结果test_result：PASS
[2020-06-21 08:54:28,049]--test_invest.py--188--INFO:*************结束回写数据***************
[2020-06-21 08:54:28,194]--test_invest.py--42--INFO:******************正在执行invest模块用例******************
[2020-06-21 08:54:28,195]--test_invest.py--43--INFO:正在执行第17条用例:投资金额校验--投资金额输入小数
[2020-06-21 08:54:28,195]--test_invest.py--44--INFO:请求的数据是{'case_id': 17, 'interface': 'invest', 'title': '投资金额校验--投资金额输入小数', 'method': 'POST', 'url': '/member/invest', 'data': '{"member_id":"#member_id#","loan_id":"#loanid#","amount":"100.88"}', 'headers': '{"X-Lemonban-Media-Type": "lemonban.v2","Authorization":"#token#"}', 'yes_or_no': 'NO', 'expected': '{"code": 2,"msg": "充值金额必须大于100，并且可以被100整除"}', 'actucal': "{'code': 2, 'msg': '充值金额必须大于100，并且可以被100整除', 'data': None, 'copyright': 'Copyright 柠檬班 © 2017-2020 湖南省零檬信息技术有限公司 All Rights Reserved'}", 'test_result': 'PASS'}
[2020-06-21 08:54:28,195]--test_invest.py--129--INFO:======================正在查询原始投资记录条数=======================
[2020-06-21 08:54:28,211]--test_invest.py--133--INFO:账户id为173720的原始投资记录条数为0
[2020-06-21 08:54:28,212]--test_invest.py--136--INFO:======================正在查询原始投资流水记录条数=======================
[2020-06-21 08:54:28,245]--test_invest.py--140--INFO:账户id为173720的原始投资流水条数为0
[2020-06-21 08:54:28,265]--test_invest.py--177--INFO:第17条用例执行结果为PASS
[2020-06-21 08:54:28,265]--test_invest.py--183--INFO:*************开始回写数据***************
[2020-06-21 08:54:28,645]--test_invest.py--185--INFO:正在回写实际结果actual：{'code': 2, 'msg': '充值金额必须大于100，并且可以被100整除', 'data': None, 'copyright': 'Copyright 柠檬班 © 2017-2020 湖南省零檬信息技术有限公司 All Rights Reserved'}
[2020-06-21 08:54:29,027]--test_invest.py--187--INFO:正在回写测试结果test_result：PASS
[2020-06-21 08:54:29,028]--test_invest.py--188--INFO:*************结束回写数据***************
[2020-06-21 08:54:29,225]--test_invest.py--42--INFO:******************正在执行invest模块用例******************
[2020-06-21 08:54:29,225]--test_invest.py--43--INFO:正在执行第18条用例:投资金额校验--投资金额输入非法字符
[2020-06-21 08:54:29,226]--test_invest.py--44--INFO:请求的数据是{'case_id': 18, 'interface': 'invest', 'title': '投资金额校验--投资金额输入非法字符', 'method': 'POST', 'url': '/member/invest', 'data': '{"member_id":"#member_id#","loan_id":"#loanid#","amount":"ddd"}', 'headers': '{"X-Lemonban-Media-Type": "lemonban.v2","Authorization":"#token#"}', 'yes_or_no': 'NO', 'expected': '{"code": 2,"msg": "数值参数格式错误"}', 'actucal': "{'code': 2, 'msg': '数值参数格式错误', 'data': None, 'copyright': 'Copyright 柠檬班 © 2017-2020 湖南省零檬信息技术有限公司 All Rights Reserved'}", 'test_result': 'PASS'}
[2020-06-21 08:54:29,226]--test_invest.py--129--INFO:======================正在查询原始投资记录条数=======================
[2020-06-21 08:54:29,237]--test_invest.py--133--INFO:账户id为173720的原始投资记录条数为0
[2020-06-21 08:54:29,237]--test_invest.py--136--INFO:======================正在查询原始投资流水记录条数=======================
[2020-06-21 08:54:29,252]--test_invest.py--140--INFO:账户id为173720的原始投资流水条数为0
[2020-06-21 08:54:29,274]--test_invest.py--177--INFO:第18条用例执行结果为PASS
[2020-06-21 08:54:29,274]--test_invest.py--183--INFO:*************开始回写数据***************
[2020-06-21 08:54:29,656]--test_invest.py--185--INFO:正在回写实际结果actual：{'code': 2, 'msg': '数值参数格式错误', 'data': None, 'copyright': 'Copyright 柠檬班 © 2017-2020 湖南省零檬信息技术有限公司 All Rights Reserved'}
[2020-06-21 08:54:30,007]--test_invest.py--187--INFO:正在回写测试结果test_result：PASS
[2020-06-21 08:54:30,007]--test_invest.py--188--INFO:*************结束回写数据***************
[2020-06-21 08:54:30,145]--test_invest.py--42--INFO:******************正在执行invest模块用例******************
[2020-06-21 08:54:30,145]--test_invest.py--43--INFO:正在执行第19条用例:投资金额校验--投资金额输入大于可投标金额
[2020-06-21 08:54:30,146]--test_invest.py--44--INFO:请求的数据是{'case_id': 19, 'interface': 'invest', 'title': '投资金额校验--投资金额输入大于可投标金额', 'method': 'POST', 'url': '/member/invest', 'data': '{"member_id":"#member_id#","loan_id":"#otherid#","amount":"#max_amt#"}', 'headers': '{"X-Lemonban-Media-Type": "lemonban.v2","Authorization":"#token#"}', 'yes_or_no': 'NO', 'expected': '{"code": 2,"msg": "该标可投金额不足,可投金额：9800.0"}', 'actucal': "{'code': 2, 'msg': '该标可投金额不足,可投金额：8500.0', 'data': None, 'copyright': 'Copyright 柠檬班 © 2017-2020 湖南省零檬信息技术有限公司 All Rights Reserved'}", 'test_result': 'FAILED'}
[2020-06-21 08:54:30,182]--test_invest.py--129--INFO:======================正在查询原始投资记录条数=======================
[2020-06-21 08:54:30,200]--test_invest.py--133--INFO:账户id为173720的原始投资记录条数为0
[2020-06-21 08:54:30,201]--test_invest.py--136--INFO:======================正在查询原始投资流水记录条数=======================
[2020-06-21 08:54:30,225]--test_invest.py--140--INFO:账户id为173720的原始投资流水条数为0
[2020-06-21 08:54:30,249]--test_invest.py--179--ERROR:执行接口测试出现错误，错误是False is not true
[2020-06-21 08:54:30,249]--test_invest.py--181--ERROR:第19条用例执行结果为FAILED
[2020-06-21 08:54:30,249]--test_invest.py--183--INFO:*************开始回写数据***************
[2020-06-21 08:54:30,630]--test_invest.py--185--INFO:正在回写实际结果actual：{'code': 2, 'msg': '该标可投金额不足,可投金额：8500.0', 'data': None, 'copyright': 'Copyright 柠檬班 © 2017-2020 湖南省零檬信息技术有限公司 All Rights Reserved'}
[2020-06-21 08:54:30,998]--test_invest.py--187--INFO:正在回写测试结果test_result：FAILED
[2020-06-21 08:54:30,998]--test_invest.py--188--INFO:*************结束回写数据***************
[2020-06-21 08:54:31,120]--test_invest.py--42--INFO:******************正在执行invest模块用例******************
[2020-06-21 08:54:31,120]--test_invest.py--43--INFO:正在执行第20条用例:投资金额校验--投资金额输入等于可投标金额,投标完成
[2020-06-21 08:54:31,120]--test_invest.py--44--INFO:请求的数据是{'case_id': 20, 'interface': 'invest', 'title': '投资金额校验--投资金额输入等于可投标金额,投标完成', 'method': 'POST', 'url': '/member/invest', 'data': '{"member_id":"#member_id#","loan_id":"#loanid#","amount":"#amount#"}', 'headers': '{"X-Lemonban-Media-Type": "lemonban.v2","Authorization":"#token#"}', 'yes_or_no': 'YES', 'expected': '{"code": 0,"msg": "OK"}', 'actucal': "{'code': 0, 'msg': 'OK', 'data': {'id': 1923, 'member_id': 13217, 'loan_id': 1245420, 'amount': 80000.0, 'create_time': '2020-06-21 00:45:36', 'is_valid': 1}, 'copyright': 'Copyright 柠檬班 © 2017-2020 湖南省零檬信息技术有限公司 All Rights Reserved'}", 'test_result': 'PASS'}
[2020-06-21 08:54:31,128]--test_invest.py--94--INFO:======================正在查询原始金额=======================
[2020-06-21 08:54:31,271]--test_invest.py--42--INFO:******************正在执行invest模块用例******************
[2020-06-21 08:54:31,271]--test_invest.py--43--INFO:正在执行第21条用例:投资金额校验--投资金额输入大于用户余额,余额不足
[2020-06-21 08:54:31,271]--test_invest.py--44--INFO:请求的数据是{'case_id': 21, 'interface': 'invest', 'title': '投资金额校验--投资金额输入大于用户余额,余额不足', 'method': 'POST', 'url': '/member/invest', 'data': '{"member_id":"#member_id#","loan_id":"#loanid#","amount":"#min_amt#"}', 'headers': '{"X-Lemonban-Media-Type": "lemonban.v2","Authorization":"#token#"}', 'yes_or_no': 'NO', 'expected': '{"code": 0,"msg": "OK"}', 'actucal': "{'code': 2, 'msg': '充值金额必须大于100，并且可以被100整除', 'data': None, 'copyright': 'Copyright 柠檬班 © 2017-2020 湖南省零檬信息技术有限公司 All Rights Reserved'}", 'test_result': 'FAILED'}
[2020-06-21 08:54:31,271]--test_invest.py--129--INFO:======================正在查询原始投资记录条数=======================
[2020-06-21 08:54:31,281]--test_invest.py--133--INFO:账户id为173720的原始投资记录条数为0
[2020-06-21 08:54:31,281]--test_invest.py--136--INFO:======================正在查询原始投资流水记录条数=======================
[2020-06-21 08:54:31,296]--test_invest.py--140--INFO:账户id为173720的原始投资流水条数为0
[2020-06-21 08:54:31,327]--test_invest.py--160--INFO:======================正在查询提现后金额=======================
[2020-06-21 08:54:31,341]--test_invest.py--164--INFO:账户id为173720的账户提现后的金额是-10000.00
[2020-06-21 08:54:31,341]--test_invest.py--165--INFO:账户id为173720的账户原始金额-提现金额后的余额是0
[2020-06-21 08:54:31,341]--test_invest.py--166--INFO:======================正在金额比对=======================
[2020-06-21 08:54:31,342]--test_invest.py--179--ERROR:执行接口测试出现错误，错误是False is not true
[2020-06-21 08:54:31,342]--test_invest.py--181--ERROR:第21条用例执行结果为FAILED
[2020-06-21 08:54:31,342]--test_invest.py--183--INFO:*************开始回写数据***************
[2020-06-21 08:54:31,671]--test_invest.py--185--INFO:正在回写实际结果actual：{'code': 0, 'msg': 'OK', 'data': {'id': 1929, 'member_id': 173720, 'loan_id': 1245750, 'amount': 10000.0, 'create_time': '2020-06-21 08:54:33', 'is_valid': 1}, 'copyright': 'Copyright 柠檬班 © 2017-2020 湖南省零檬信息技术有限公司 All Rights Reserved'}
[2020-06-21 08:54:32,041]--test_invest.py--187--INFO:正在回写测试结果test_result：FAILED
[2020-06-21 08:54:32,041]--test_invest.py--188--INFO:*************结束回写数据***************
